/home/hd/hd_hd/hd_tb381/workspace/libqqc/runs/w_eigen/scan_hybrid
n1605
Do 7. Apr 12:42:53 CEST 2022
#!/bin/bash
#SBATCH -J libqqc_hybrid_9x48
#SBATCH -n9 --cpus-per-task=48 -t12:00:00
#SBATCH --mem=200G
#SBATCH --job-name=libqqc_hybrid_9x48
#SBATCH --output=libqqc_hybrid_9x48_por-%j.out
#SBATCH --error=libqqc_hybrid_9x48_por-%j.err
pwd; hostname; date
cat run_9x48.sh
module load compiler/gnu
module load mpi/openmpi
cd ../../../host_example/.
mpic++ -fopenmp -O3 -ffast-math -march=native main_mpi.cpp ../lib/libqqc.a -o 9x48.out
OMP_NUM_THREADS=48 srun --cpus-per-task=$OMP_NUM_THREADS ./9x48.out
rm 9x48.out
Timing Loader_qmp2_from_file:: loader :CPU: 0 ms ; Wall: 0 ms
Timings AoToMo CGTO: CPU: 6871 ms ; Wall: 2260 ms
    -- Loading in: CPU: 2044 ms ; Wall: 2046 ms
    -- Distribute Batch: CPU: 13 ms ; Wall: 13 ms
    -- Tranforming Batch: CPU: 4178 ms ; Wall: 88 ms
    -- Distribute Batch Results: CPU: 333 ms ; Wall: 58 ms

Timings AoToMo Coulomb Integral: CPU: 2313026 ms ; Wall: 525967 ms
    -- Loading in: CPU: 479889 ms ; Wall: 480422 ms
    -- Distribute Batch: CPU: 2421 ms ; Wall: 2465 ms
    -- Transforming Batch: CPU: 1825640 ms ; Wall: 38198 ms
    -- Distribute Batch Results: CPU: 4545 ms ; Wall: 4347 ms

Timing Vault_qmp2:: vault : CPU: 2322738 ms ; Wall: 528368 ms
Timing Do_qmp2:: qmp2 : CPU: 5263708 ms ; Wall: 110417 ms
 ______________________________________________________________________________ 
|                                                                              |
|                  ** Quadrature Calculation through libqqc **                 |
|                                                                              |
|++++++++++++++++++++++++++++++++++++++++++++++++++++++++++++++++++++++++++++++|
| * Author(s): Benjamin Thomitzni                                              |
|++++++++++++++++++++++++++++++++++++++++++++++++++++++++++++++++++++++++++++++|
|                               Programm Details                               |
|------------------------------------------------------------------------------|
| * library vers.      v0.1                                                    |
|     -- Loader vers.  v0.1                                                    |
|     -- Vault vers.   v0.1                                                    |
|     -- Do_qmp2 vers. v0.1                                                    |
|------------------------------------------------------------------------------|
| * OpenMP enabled                                                             |
|     -- threads:   48                                                         |
| * MPI enabled                                                                |
|     -- processes: 9                                                          |
|++++++++++++++++++++++++++++++++++++++++++++++++++++++++++++++++++++++++++++++|
|                              Calculation Details                             |
|------------------------------------------------------------------------------|
| * Method:             Q-MP(2)                                                |
|------------------------------------------------------------------------------|
| * grid points (3D):   28880                                                  |
| * grid points (1D):   4                                                      |
|------------------------------------------------------------------------------|
| * atomic orbitals:    244                                                    |
| * molecular orbitals: 244                                                    |
|     -- occupied:      81                                                     |
|     -- virtual:       163                                                    |
|------------------------------------------------------------------------------|
|                                    Results                                   |
|------------------------------------------------------------------------------|
| * Ground State Energy Correction (eV): -2.27356                              |
|++++++++++++++++++++++++++++++++++++++++++++++++++++++++++++++++++++++++++++++|
|                              Calculation Timings                             |
|------------------------------------------------------------------------------|
| Timing Qmp2_energy::compute : CPU: 5263448 ms ; Wall: 110398 ms              |
|     -- Setting up calculation: CPU: 3985 ms ; Wall: 85 ms                    |
|     -- Calc. Batch 1/2: CPU: 137192 ms ; Wall: 2881 ms                       |
|     -- Calc. Batch 2/2: CPU: 5122271 ms ; Wall: 107431 ms                    |
| Gather result fr. nodes : CPU: 0 ms ; Wall: 0 ms                             |
|------------------------------------------------------------------------------|
|             if no timings are printed, choose higher print level             |
|______________________________________________________________________________|

