/home/hd/hd_hd/hd_tb381/workspace/libqqc/runs/w_eigen/scan_hybrid
n1801
Do 7. Apr 13:44:31 CEST 2022
#!/bin/bash
#SBATCH -J libqqc_hybrid_15x48
#SBATCH -n15 --cpus-per-task=48 -t12:00:00
#SBATCH --mem=200G
#SBATCH --job-name=libqqc_hybrid_15x48
#SBATCH --output=libqqc_hybrid_15x48_por-%j.out
#SBATCH --error=libqqc_hybrid_15x48_por-%j.err
pwd; hostname; date
cat run_15x48.sh
module load compiler/gnu
module load mpi/openmpi
cd ../../../host_example/.
mpic++ -fopenmp -O3 -ffast-math -march=native main_mpi.cpp ../lib/libqqc.a -o 15x48.out
OMP_NUM_THREADS=48 srun --cpus-per-task=$OMP_NUM_THREADS ./15x48.out
rm 15x48.out
Timing Loader_qmp2_from_file:: loader :CPU: 0 ms ; Wall: 0 ms
Timings AoToMo CGTO: CPU: 3816 ms ; Wall: 2317 ms
    -- Loading in: CPU: 2093 ms ; Wall: 2144 ms
    -- Distribute Batch: CPU: 17 ms ; Wall: 18 ms
    -- Tranforming Batch: CPU: 1027 ms ; Wall: 21 ms
    -- Distribute Batch Results: CPU: 353 ms ; Wall: 81 ms

Timings AoToMo Coulomb Integral: CPU: 1674496 ms ; Wall: 512678 ms
    -- Loading in: CPU: 480052 ms ; Wall: 480883 ms
    -- Distribute Batch: CPU: 2616 ms ; Wall: 2622 ms
    -- Transforming Batch: CPU: 1187313 ms ; Wall: 24885 ms
    -- Distribute Batch Results: CPU: 4105 ms ; Wall: 3874 ms

Timing Vault_qmp2:: vault : CPU: 1682430 ms ; Wall: 515361 ms
Timing Do_qmp2:: qmp2 : CPU: 3047312 ms ; Wall: 66849 ms
 ______________________________________________________________________________ 
|                                                                              |
|                  ** Quadrature Calculation through libqqc **                 |
|                                                                              |
|++++++++++++++++++++++++++++++++++++++++++++++++++++++++++++++++++++++++++++++|
| * Author(s): Benjamin Thomitzni                                              |
|++++++++++++++++++++++++++++++++++++++++++++++++++++++++++++++++++++++++++++++|
|                               Programm Details                               |
|------------------------------------------------------------------------------|
| * library vers.      v0.1                                                    |
|     -- Loader vers.  v0.1                                                    |
|     -- Vault vers.   v0.1                                                    |
|     -- Do_qmp2 vers. v0.1                                                    |
|------------------------------------------------------------------------------|
| * OpenMP enabled                                                             |
|     -- threads:   48                                                         |
| * MPI enabled                                                                |
|     -- processes: 15                                                         |
|++++++++++++++++++++++++++++++++++++++++++++++++++++++++++++++++++++++++++++++|
|                              Calculation Details                             |
|------------------------------------------------------------------------------|
| * Method:             Q-MP(2)                                                |
|------------------------------------------------------------------------------|
| * grid points (3D):   28880                                                  |
| * grid points (1D):   4                                                      |
|------------------------------------------------------------------------------|
| * atomic orbitals:    244                                                    |
| * molecular orbitals: 244                                                    |
|     -- occupied:      81                                                     |
|     -- virtual:       163                                                    |
|------------------------------------------------------------------------------|
|                                    Results                                   |
|------------------------------------------------------------------------------|
| * Ground State Energy Correction (eV): -2.27356                              |
|++++++++++++++++++++++++++++++++++++++++++++++++++++++++++++++++++++++++++++++|
|                              Calculation Timings                             |
|------------------------------------------------------------------------------|
| Timing Qmp2_energy::compute : CPU: 3044044 ms ; Wall: 63960 ms               |
|     -- Setting up calculation: CPU: 3853 ms ; Wall: 83 ms                    |
|     -- Calc. Batch 1/2: CPU: 49575 ms ; Wall: 1051 ms                        |
|     -- Calc. Batch 2/2: CPU: 2990617 ms ; Wall: 62824 ms                     |
| Gather result fr. nodes : CPU: 3109 ms ; Wall: 2870 ms                       |
|------------------------------------------------------------------------------|
|             if no timings are printed, choose higher print level             |
|______________________________________________________________________________|

