/home/hd/hd_hd/hd_tb381/workspace/libqqc/runs/w_eigen/scan_hybrid
n1605
Do 7. Apr 13:04:58 CEST 2022
#!/bin/bash
#SBATCH -J libqqc_hybrid_11x48
#SBATCH -n11 --cpus-per-task=48 -t12:00:00
#SBATCH --mem=200G
#SBATCH --job-name=libqqc_hybrid_11x48
#SBATCH --output=libqqc_hybrid_11x48_por-%j.out
#SBATCH --error=libqqc_hybrid_11x48_por-%j.err
pwd; hostname; date
cat run_11x48.sh
module load compiler/gnu
module load mpi/openmpi
cd ../../../host_example/.
mpic++ -fopenmp -O3 -ffast-math -march=native main_mpi.cpp ../lib/libqqc.a -o 11x48.out
OMP_NUM_THREADS=48 srun --cpus-per-task=$OMP_NUM_THREADS ./11x48.out
rm 11x48.out
Timing Loader_qmp2_from_file:: loader :CPU: 0 ms ; Wall: 0 ms
Timings AoToMo CGTO: CPU: 4481 ms ; Wall: 2223 ms
    -- Loading in: CPU: 2048 ms ; Wall: 2050 ms
    -- Distribute Batch: CPU: 15 ms ; Wall: 15 ms
    -- Tranforming Batch: CPU: 1745 ms ; Wall: 37 ms
    -- Distribute Batch Results: CPU: 363 ms ; Wall: 67 ms

Timings AoToMo Coulomb Integral: CPU: 2021791 ms ; Wall: 518933 ms
    -- Loading in: CPU: 476808 ms ; Wall: 477678 ms
    -- Distribute Batch: CPU: 3650 ms ; Wall: 3661 ms
    -- Transforming Batch: CPU: 1535641 ms ; Wall: 32150 ms
    -- Distribute Batch Results: CPU: 4996 ms ; Wall: 4742 ms

Timing Vault_qmp2:: vault : CPU: 2030550 ms ; Wall: 521323 ms
Timing Do_qmp2:: qmp2 : CPU: 4342727 ms ; Wall: 91225 ms
 ______________________________________________________________________________ 
|                                                                              |
|                  ** Quadrature Calculation through libqqc **                 |
|                                                                              |
|++++++++++++++++++++++++++++++++++++++++++++++++++++++++++++++++++++++++++++++|
| * Author(s): Benjamin Thomitzni                                              |
|++++++++++++++++++++++++++++++++++++++++++++++++++++++++++++++++++++++++++++++|
|                               Programm Details                               |
|------------------------------------------------------------------------------|
| * library vers.      v0.1                                                    |
|     -- Loader vers.  v0.1                                                    |
|     -- Vault vers.   v0.1                                                    |
|     -- Do_qmp2 vers. v0.1                                                    |
|------------------------------------------------------------------------------|
| * OpenMP enabled                                                             |
|     -- threads:   48                                                         |
| * MPI enabled                                                                |
|     -- processes: 11                                                         |
|++++++++++++++++++++++++++++++++++++++++++++++++++++++++++++++++++++++++++++++|
|                              Calculation Details                             |
|------------------------------------------------------------------------------|
| * Method:             Q-MP(2)                                                |
|------------------------------------------------------------------------------|
| * grid points (3D):   28880                                                  |
| * grid points (1D):   4                                                      |
|------------------------------------------------------------------------------|
| * atomic orbitals:    244                                                    |
| * molecular orbitals: 244                                                    |
|     -- occupied:      81                                                     |
|     -- virtual:       163                                                    |
|------------------------------------------------------------------------------|
|                                    Results                                   |
|------------------------------------------------------------------------------|
| * Ground State Energy Correction (eV): -2.27356                              |
|++++++++++++++++++++++++++++++++++++++++++++++++++++++++++++++++++++++++++++++|
|                              Calculation Timings                             |
|------------------------------------------------------------------------------|
| Timing Qmp2_energy::compute : CPU: 4342362 ms ; Wall: 91202 ms               |
|     -- Setting up calculation: CPU: 2884 ms ; Wall: 68 ms                    |
|     -- Calc. Batch 1/2: CPU: 101661 ms ; Wall: 2138 ms                       |
|     -- Calc. Batch 2/2: CPU: 4237817 ms ; Wall: 88995 ms                     |
| Gather result fr. nodes : CPU: 12 ms ; Wall: 0 ms                            |
|------------------------------------------------------------------------------|
|             if no timings are printed, choose higher print level             |
|______________________________________________________________________________|

