/home/hd/hd_hd/hd_tb381/workspace/libqqc/runs/w_eigen/scan_hybrid
n1605
Do 7. Apr 13:36:33 CEST 2022
#!/bin/bash
#SBATCH -J libqqc_hybrid_14x48
#SBATCH -n14 --cpus-per-task=48 -t12:00:00
#SBATCH --mem=200G
#SBATCH --job-name=libqqc_hybrid_14x48
#SBATCH --output=libqqc_hybrid_14x48_por-%j.out
#SBATCH --error=libqqc_hybrid_14x48_por-%j.err
pwd; hostname; date
cat run_14x48.sh
module load compiler/gnu
module load mpi/openmpi
cd ../../../host_example/.
mpic++ -fopenmp -O3 -ffast-math -march=native main_mpi.cpp ../lib/libqqc.a -o 14x48.out
OMP_NUM_THREADS=48 srun --cpus-per-task=$OMP_NUM_THREADS ./14x48.out
rm 14x48.out
Timing Loader_qmp2_from_file:: loader :CPU: 0 ms ; Wall: 0 ms
Timings AoToMo CGTO: CPU: 3820 ms ; Wall: 2223 ms
    -- Loading in: CPU: 2043 ms ; Wall: 2045 ms
    -- Distribute Batch: CPU: 18 ms ; Wall: 18 ms
    -- Tranforming Batch: CPU: 1073 ms ; Wall: 23 ms
    -- Distribute Batch Results: CPU: 376 ms ; Wall: 84 ms

Timings AoToMo Coulomb Integral: CPU: 1780295 ms ; Wall: 515000 ms
    -- Loading in: CPU: 478805 ms ; Wall: 479451 ms
    -- Distribute Batch: CPU: 2596 ms ; Wall: 2599 ms
    -- Transforming Batch: CPU: 1292745 ms ; Wall: 27058 ms
    -- Distribute Batch Results: CPU: 5788 ms ; Wall: 5525 ms

Timing Vault_qmp2:: vault : CPU: 1788396 ms ; Wall: 517395 ms
Timing Do_qmp2:: qmp2 : CPU: 3458254 ms ; Wall: 72747 ms
 ______________________________________________________________________________ 
|                                                                              |
|                  ** Quadrature Calculation through libqqc **                 |
|                                                                              |
|++++++++++++++++++++++++++++++++++++++++++++++++++++++++++++++++++++++++++++++|
| * Author(s): Benjamin Thomitzni                                              |
|++++++++++++++++++++++++++++++++++++++++++++++++++++++++++++++++++++++++++++++|
|                               Programm Details                               |
|------------------------------------------------------------------------------|
| * library vers.      v0.1                                                    |
|     -- Loader vers.  v0.1                                                    |
|     -- Vault vers.   v0.1                                                    |
|     -- Do_qmp2 vers. v0.1                                                    |
|------------------------------------------------------------------------------|
| * OpenMP enabled                                                             |
|     -- threads:   48                                                         |
| * MPI enabled                                                                |
|     -- processes: 14                                                         |
|++++++++++++++++++++++++++++++++++++++++++++++++++++++++++++++++++++++++++++++|
|                              Calculation Details                             |
|------------------------------------------------------------------------------|
| * Method:             Q-MP(2)                                                |
|------------------------------------------------------------------------------|
| * grid points (3D):   28880                                                  |
| * grid points (1D):   4                                                      |
|------------------------------------------------------------------------------|
| * atomic orbitals:    244                                                    |
| * molecular orbitals: 244                                                    |
|     -- occupied:      81                                                     |
|     -- virtual:       163                                                    |
|------------------------------------------------------------------------------|
|                                    Results                                   |
|------------------------------------------------------------------------------|
| * Ground State Energy Correction (eV): -2.27356                              |
|++++++++++++++++++++++++++++++++++++++++++++++++++++++++++++++++++++++++++++++|
|                              Calculation Timings                             |
|------------------------------------------------------------------------------|
| Timing Qmp2_energy::compute : CPU: 3457862 ms ; Wall: 72723 ms               |
|     -- Setting up calculation: CPU: 3543 ms ; Wall: 86 ms                    |
|     -- Calc. Batch 1/2: CPU: 60320 ms ; Wall: 1288 ms                        |
|     -- Calc. Batch 2/2: CPU: 3393999 ms ; Wall: 71348 ms                     |
| Gather result fr. nodes : CPU: 0 ms ; Wall: 0 ms                             |
|------------------------------------------------------------------------------|
|             if no timings are printed, choose higher print level             |
|______________________________________________________________________________|

