/home/hd/hd_hd/hd_tb381/workspace/libqqc/runs/w_eigen/scan_hybrid
n1605
Do 7. Apr 11:36:19 CEST 2022
#!/bin/bash
#SBATCH -J libqqc_hybrid_3x48
#SBATCH -n3 --cpus-per-task=48 -t12:00:00
#SBATCH --mem=200G
#SBATCH --job-name=libqqc_hybrid_3x48
#SBATCH --output=libqqc_hybrid_3x48_por-%j.out
#SBATCH --error=libqqc_hybrid_3x48_por-%j.err
pwd; hostname; date
cat run_3x48.sh
module load compiler/gnu
module load mpi/openmpi
cd ../../../host_example/.
mpic++ -fopenmp -O3 -ffast-math -march=native main_mpi.cpp ../lib/libqqc.a -o 3x48.out
OMP_NUM_THREADS=48 srun --cpus-per-task=$OMP_NUM_THREADS ./3x48.out
rm 3x48.out
Timing Loader_qmp2_from_file:: loader :CPU: 0 ms ; Wall: 0 ms
Timings AoToMo CGTO: CPU: 12391 ms ; Wall: 2630 ms
    -- Loading in: CPU: 2095 ms ; Wall: 2274 ms
    -- Distribute Batch: CPU: 8 ms ; Wall: 8 ms
    -- Tranforming Batch: CPU: 9607 ms ; Wall: 201 ms
    -- Distribute Batch Results: CPU: 347 ms ; Wall: 91 ms

Timings AoToMo Coulomb Integral: CPU: 6080564 ms ; Wall: 603991 ms
    -- Loading in: CPU: 479718 ms ; Wall: 480453 ms
    -- Distribute Batch: CPU: 1785 ms ; Wall: 1788 ms
    -- Transforming Batch: CPU: 5594145 ms ; Wall: 117084 ms
    -- Distribute Batch Results: CPU: 3222 ms ; Wall: 2964 ms

Timing Vault_qmp2:: vault : CPU: 6097337 ms ; Wall: 607176 ms
Timing Do_qmp2:: qmp2 : CPU: 15757927 ms ; Wall: 329937 ms
 ______________________________________________________________________________ 
|                                                                              |
|                  ** Quadrature Calculation through libqqc **                 |
|                                                                              |
|++++++++++++++++++++++++++++++++++++++++++++++++++++++++++++++++++++++++++++++|
| * Author(s): Benjamin Thomitzni                                              |
|++++++++++++++++++++++++++++++++++++++++++++++++++++++++++++++++++++++++++++++|
|                               Programm Details                               |
|------------------------------------------------------------------------------|
| * library vers.      v0.1                                                    |
|     -- Loader vers.  v0.1                                                    |
|     -- Vault vers.   v0.1                                                    |
|     -- Do_qmp2 vers. v0.1                                                    |
|------------------------------------------------------------------------------|
| * OpenMP enabled                                                             |
|     -- threads:   48                                                         |
| * MPI enabled                                                                |
|     -- processes: 3                                                          |
|++++++++++++++++++++++++++++++++++++++++++++++++++++++++++++++++++++++++++++++|
|                              Calculation Details                             |
|------------------------------------------------------------------------------|
| * Method:             Q-MP(2)                                                |
|------------------------------------------------------------------------------|
| * grid points (3D):   28880                                                  |
| * grid points (1D):   4                                                      |
|------------------------------------------------------------------------------|
| * atomic orbitals:    244                                                    |
| * molecular orbitals: 244                                                    |
|     -- occupied:      81                                                     |
|     -- virtual:       163                                                    |
|------------------------------------------------------------------------------|
|                                    Results                                   |
|------------------------------------------------------------------------------|
| * Ground State Energy Correction (eV): -2.27356                              |
|++++++++++++++++++++++++++++++++++++++++++++++++++++++++++++++++++++++++++++++|
|                              Calculation Timings                             |
|------------------------------------------------------------------------------|
| Timing Qmp2_energy::compute : CPU: 15757574 ms ; Wall: 329912 ms             |
|     -- Setting up calculation: CPU: 2419 ms ; Wall: 69 ms                    |
|     -- Calc. Batch 1/2: CPU: 1256945 ms ; Wall: 26347 ms                     |
|     -- Calc. Batch 2/2: CPU: 14498210 ms ; Wall: 303495 ms                   |
| Gather result fr. nodes : CPU: 0 ms ; Wall: 0 ms                             |
|------------------------------------------------------------------------------|
|             if no timings are printed, choose higher print level             |
|______________________________________________________________________________|

