/home/hd/hd_hd/hd_tb381/workspace/libqqc/runs/w_eigen/scan_hybrid
n1605
Do 7. Apr 12:53:56 CEST 2022
#!/bin/bash
#SBATCH -J libqqc_hybrid_10x48
#SBATCH -n10 --cpus-per-task=48 -t12:00:00
#SBATCH --mem=200G
#SBATCH --job-name=libqqc_hybrid_10x48
#SBATCH --output=libqqc_hybrid_10x48_por-%j.out
#SBATCH --error=libqqc_hybrid_10x48_por-%j.err
pwd; hostname; date
cat run_10x48.sh
module load compiler/gnu
module load mpi/openmpi
cd ../../../host_example/.
mpic++ -fopenmp -O3 -ffast-math -march=native main_mpi.cpp ../lib/libqqc.a -o 10x48.out
OMP_NUM_THREADS=48 srun --cpus-per-task=$OMP_NUM_THREADS ./10x48.out
rm 10x48.out
Timing Loader_qmp2_from_file:: loader :CPU: 0 ms ; Wall: 0 ms
Timings AoToMo CGTO: CPU: 5240 ms ; Wall: 2296 ms
    -- Loading in: CPU: 2085 ms ; Wall: 2089 ms
    -- Distribute Batch: CPU: 15 ms ; Wall: 15 ms
    -- Tranforming Batch: CPU: 2474 ms ; Wall: 52 ms
    -- Distribute Batch Results: CPU: 348 ms ; Wall: 86 ms

Timings AoToMo Coulomb Integral: CPU: 2231941 ms ; Wall: 524107 ms
    -- Loading in: CPU: 479312 ms ; Wall: 479967 ms
    -- Distribute Batch: CPU: 2625 ms ; Wall: 2628 ms
    -- Transforming Batch: CPU: 1744751 ms ; Wall: 36484 ms
    -- Distribute Batch Results: CPU: 4775 ms ; Wall: 4545 ms

Timing Vault_qmp2:: vault : CPU: 2241454 ms ; Wall: 526571 ms
Timing Do_qmp2:: qmp2 : CPU: 4817930 ms ; Wall: 101294 ms
 ______________________________________________________________________________ 
|                                                                              |
|                  ** Quadrature Calculation through libqqc **                 |
|                                                                              |
|++++++++++++++++++++++++++++++++++++++++++++++++++++++++++++++++++++++++++++++|
| * Author(s): Benjamin Thomitzni                                              |
|++++++++++++++++++++++++++++++++++++++++++++++++++++++++++++++++++++++++++++++|
|                               Programm Details                               |
|------------------------------------------------------------------------------|
| * library vers.      v0.1                                                    |
|     -- Loader vers.  v0.1                                                    |
|     -- Vault vers.   v0.1                                                    |
|     -- Do_qmp2 vers. v0.1                                                    |
|------------------------------------------------------------------------------|
| * OpenMP enabled                                                             |
|     -- threads:   48                                                         |
| * MPI enabled                                                                |
|     -- processes: 10                                                         |
|++++++++++++++++++++++++++++++++++++++++++++++++++++++++++++++++++++++++++++++|
|                              Calculation Details                             |
|------------------------------------------------------------------------------|
| * Method:             Q-MP(2)                                                |
|------------------------------------------------------------------------------|
| * grid points (3D):   28880                                                  |
| * grid points (1D):   4                                                      |
|------------------------------------------------------------------------------|
| * atomic orbitals:    244                                                    |
| * molecular orbitals: 244                                                    |
|     -- occupied:      81                                                     |
|     -- virtual:       163                                                    |
|------------------------------------------------------------------------------|
|                                    Results                                   |
|------------------------------------------------------------------------------|
| * Ground State Energy Correction (eV): -2.27356                              |
|++++++++++++++++++++++++++++++++++++++++++++++++++++++++++++++++++++++++++++++|
|                              Calculation Timings                             |
|------------------------------------------------------------------------------|
| Timing Qmp2_energy::compute : CPU: 4817475 ms ; Wall: 101269 ms              |
|     -- Setting up calculation: CPU: 4141 ms ; Wall: 105 ms                   |
|     -- Calc. Batch 1/2: CPU: 132529 ms ; Wall: 2787 ms                       |
|     -- Calc. Batch 2/2: CPU: 4680805 ms ; Wall: 98376 ms                     |
| Gather result fr. nodes : CPU: 8 ms ; Wall: 0 ms                             |
|------------------------------------------------------------------------------|
|             if no timings are printed, choose higher print level             |
|______________________________________________________________________________|

