/home/hd/hd_hd/hd_tb381/workspace/libqqc/runs/w_eigen/scan_hybrid
n1812
Do 7. Apr 11:27:55 CEST 2022
#!/bin/bash
#SBATCH -J libqqc_hybrid_1x28
#SBATCH -n1 --cpus-per-task=28 -t12:00:00
#SBATCH --mem=200G
#SBATCH --job-name=libqqc_hybrid_1x28
#SBATCH --output=libqqc_hybrid_1x28_por-%j.out
#SBATCH --error=libqqc_hybrid_1x28_por-%j.err
pwd; hostname; date
cat run_1x28.sh
module load compiler/gnu
module load mpi/openmpi
cd ../../../host_example/.
mpic++ -fopenmp -O3 -ffast-math -march=native main_mpi.cpp ../lib/libqqc.a -o 1x28.out
OMP_NUM_THREADS=28 srun --cpus-per-task=$OMP_NUM_THREADS ./1x28.out
rm 1x28.out
Timing Loader_qmp2_from_file:: loader :CPU: 0 ms ; Wall: 0 ms
Timings AoToMo CGTO: CPU: 23372 ms ; Wall: 2946 ms
    -- Loading in: CPU: 2090 ms ; Wall: 2125 ms
    -- Distribute Batch: CPU: 0 ms ; Wall: 0 ms
    -- Tranforming Batch: CPU: 21050 ms ; Wall: 754 ms
    -- Distribute Batch Results: CPU: 0 ms ; Wall: 0 ms

Timings AoToMo Coulomb Integral: CPU: 17347346 ms ; Wall: 1093405 ms
    -- Loading in: CPU: 478911 ms ; Wall: 479728 ms
    -- Distribute Batch: CPU: 0 ms ; Wall: 0 ms
    -- Transforming Batch: CPU: 16863993 ms ; Wall: 609488 ms
    -- Distribute Batch Results: CPU: 0 ms ; Wall: 0 ms

Timing Vault_qmp2:: vault : CPU: 17373433 ms ; Wall: 1096664 ms
Timing Do_qmp2:: qmp2 : CPU: 44262017 ms ; Wall: 1586679 ms
 ______________________________________________________________________________ 
|                                                                              |
|                  ** Quadrature Calculation through libqqc **                 |
|                                                                              |
|++++++++++++++++++++++++++++++++++++++++++++++++++++++++++++++++++++++++++++++|
| * Author(s): Benjamin Thomitzni                                              |
|++++++++++++++++++++++++++++++++++++++++++++++++++++++++++++++++++++++++++++++|
|                               Programm Details                               |
|------------------------------------------------------------------------------|
| * library vers.      v0.1                                                    |
|     -- Loader vers.  v0.1                                                    |
|     -- Vault vers.   v0.1                                                    |
|     -- Do_qmp2 vers. v0.1                                                    |
|------------------------------------------------------------------------------|
| * OpenMP enabled                                                             |
|     -- threads:   28                                                         |
| * MPI enabled                                                                |
|     -- processes: 1                                                          |
|++++++++++++++++++++++++++++++++++++++++++++++++++++++++++++++++++++++++++++++|
|                              Calculation Details                             |
|------------------------------------------------------------------------------|
| * Method:             Q-MP(2)                                                |
|------------------------------------------------------------------------------|
| * grid points (3D):   28880                                                  |
| * grid points (1D):   4                                                      |
|------------------------------------------------------------------------------|
| * atomic orbitals:    244                                                    |
| * molecular orbitals: 244                                                    |
|     -- occupied:      81                                                     |
|     -- virtual:       163                                                    |
|------------------------------------------------------------------------------|
|                                    Results                                   |
|------------------------------------------------------------------------------|
| * Ground State Energy Correction (eV): -2.27356                              |
|++++++++++++++++++++++++++++++++++++++++++++++++++++++++++++++++++++++++++++++|
|                              Calculation Timings                             |
|------------------------------------------------------------------------------|
| Timing Qmp2_energy::compute : CPU: 44261681 ms ; Wall: 1586652 ms            |
|     -- Setting up calculation: CPU: 1782 ms ; Wall: 71 ms                    |
|     -- Calc. Batch 1/2: CPU: 11057634 ms ; Wall: 396339 ms                   |
|     -- Calc. Batch 2/2: CPU: 33202264 ms ; Wall: 1190241 ms                  |
| Gather result fr. nodes : CPU: 0 ms ; Wall: 0 ms                             |
|------------------------------------------------------------------------------|
|             if no timings are printed, choose higher print level             |
|______________________________________________________________________________|

