/home/hd/hd_hd/hd_tb381/workspace/libqqc/runs/w_eigen/scan_hybrid
n1602
Do 7. Apr 14:04:35 CEST 2022
#!/bin/bash
#SBATCH -J libqqc_hybrid_19x48
#SBATCH -n19 --cpus-per-task=48 -t12:00:00
#SBATCH --mem=200G
#SBATCH --job-name=libqqc_hybrid_19x48
#SBATCH --output=libqqc_hybrid_19x48_por-%j.out
#SBATCH --error=libqqc_hybrid_19x48_por-%j.err
pwd; hostname; date
cat run_19x48.sh
module load compiler/gnu
module load mpi/openmpi
cd ../../../host_example/.
mpic++ -fopenmp -O3 -ffast-math -march=native main_mpi.cpp ../lib/libqqc.a -o 19x48.out
OMP_NUM_THREADS=48 srun --cpus-per-task=$OMP_NUM_THREADS ./19x48.out
rm 19x48.out
Timing Loader_qmp2_from_file:: loader :CPU: 0 ms ; Wall: 0 ms
Timings AoToMo CGTO: CPU: 3811 ms ; Wall: 2234 ms
    -- Loading in: CPU: 2048 ms ; Wall: 2052 ms
    -- Distribute Batch: CPU: 22 ms ; Wall: 23 ms
    -- Tranforming Batch: CPU: 1031 ms ; Wall: 22 ms
    -- Distribute Batch Results: CPU: 383 ms ; Wall: 83 ms

Timings AoToMo Coulomb Integral: CPU: 1442453 ms ; Wall: 507157 ms
    -- Loading in: CPU: 477482 ms ; Wall: 478239 ms
    -- Distribute Batch: CPU: 2628 ms ; Wall: 2633 ms
    -- Transforming Batch: CPU: 955842 ms ; Wall: 20031 ms
    -- Distribute Batch Results: CPU: 6206 ms ; Wall: 5955 ms

Timing Vault_qmp2:: vault : CPU: 1451037 ms ; Wall: 509573 ms
Timing Do_qmp2:: qmp2 : CPU: 2378910 ms ; Wall: 52201 ms
 ______________________________________________________________________________ 
|                                                                              |
|                  ** Quadrature Calculation through libqqc **                 |
|                                                                              |
|++++++++++++++++++++++++++++++++++++++++++++++++++++++++++++++++++++++++++++++|
| * Author(s): Benjamin Thomitzni                                              |
|++++++++++++++++++++++++++++++++++++++++++++++++++++++++++++++++++++++++++++++|
|                               Programm Details                               |
|------------------------------------------------------------------------------|
| * library vers.      v0.1                                                    |
|     -- Loader vers.  v0.1                                                    |
|     -- Vault vers.   v0.1                                                    |
|     -- Do_qmp2 vers. v0.1                                                    |
|------------------------------------------------------------------------------|
| * OpenMP enabled                                                             |
|     -- threads:   48                                                         |
| * MPI enabled                                                                |
|     -- processes: 19                                                         |
|++++++++++++++++++++++++++++++++++++++++++++++++++++++++++++++++++++++++++++++|
|                              Calculation Details                             |
|------------------------------------------------------------------------------|
| * Method:             Q-MP(2)                                                |
|------------------------------------------------------------------------------|
| * grid points (3D):   28880                                                  |
| * grid points (1D):   4                                                      |
|------------------------------------------------------------------------------|
| * atomic orbitals:    244                                                    |
| * molecular orbitals: 244                                                    |
|     -- occupied:      81                                                     |
|     -- virtual:       163                                                    |
|------------------------------------------------------------------------------|
|                                    Results                                   |
|------------------------------------------------------------------------------|
| * Ground State Energy Correction (eV): -2.27356                              |
|++++++++++++++++++++++++++++++++++++++++++++++++++++++++++++++++++++++++++++++|
|                              Calculation Timings                             |
|------------------------------------------------------------------------------|
| Timing Qmp2_energy::compute : CPU: 2376579 ms ; Wall: 50198 ms               |
|     -- Setting up calculation: CPU: 3899 ms ; Wall: 81 ms                    |
|     -- Calc. Batch 1/2: CPU: 29565 ms ; Wall: 624 ms                         |
|     -- Calc. Batch 2/2: CPU: 2343115 ms ; Wall: 49492 ms                     |
| Gather result fr. nodes : CPU: 2078 ms ; Wall: 1983 ms                       |
|------------------------------------------------------------------------------|
|             if no timings are printed, choose higher print level             |
|______________________________________________________________________________|

