/home/hd/hd_hd/hd_tb381/workspace/libqqc/runs/w_eigen/scan_hybrid
n1611
Do 7. Apr 11:46:57 CEST 2022
#!/bin/bash
#SBATCH -J libqqc_hybrid_5x48
#SBATCH -n5 --cpus-per-task=48 -t12:00:00
#SBATCH --mem=200G
#SBATCH --job-name=libqqc_hybrid_5x48
#SBATCH --output=libqqc_hybrid_5x48_por-%j.out
#SBATCH --error=libqqc_hybrid_5x48_por-%j.err
pwd; hostname; date
cat run_5x48.sh
module load compiler/gnu
module load mpi/openmpi
cd ../../../host_example/.
mpic++ -fopenmp -O3 -ffast-math -march=native main_mpi.cpp ../lib/libqqc.a -o 5x48.out
OMP_NUM_THREADS=48 srun --cpus-per-task=$OMP_NUM_THREADS ./5x48.out
rm 5x48.out
Timing Loader_qmp2_from_file:: loader :CPU: 0 ms ; Wall: 0 ms
Timings AoToMo CGTO: CPU: 10815 ms ; Wall: 2462 ms
    -- Loading in: CPU: 2090 ms ; Wall: 2168 ms
    -- Distribute Batch: CPU: 13 ms ; Wall: 12 ms
    -- Tranforming Batch: CPU: 8099 ms ; Wall: 169 ms
    -- Distribute Batch Results: CPU: 310 ms ; Wall: 55 ms

Timings AoToMo Coulomb Integral: CPU: 3757082 ms ; Wall: 560738 ms
    -- Loading in: CPU: 482368 ms ; Wall: 483133 ms
    -- Distribute Batch: CPU: 2407 ms ; Wall: 2412 ms
    -- Transforming Batch: CPU: 3265197 ms ; Wall: 68327 ms
    -- Distribute Batch Results: CPU: 6211 ms ; Wall: 5960 ms

Timing Vault_qmp2:: vault : CPU: 3770707 ms ; Wall: 563493 ms
Timing Do_qmp2:: qmp2 : CPU: 9307219 ms ; Wall: 195108 ms
 ______________________________________________________________________________ 
|                                                                              |
|                  ** Quadrature Calculation through libqqc **                 |
|                                                                              |
|++++++++++++++++++++++++++++++++++++++++++++++++++++++++++++++++++++++++++++++|
| * Author(s): Benjamin Thomitzni                                              |
|++++++++++++++++++++++++++++++++++++++++++++++++++++++++++++++++++++++++++++++|
|                               Programm Details                               |
|------------------------------------------------------------------------------|
| * library vers.      v0.1                                                    |
|     -- Loader vers.  v0.1                                                    |
|     -- Vault vers.   v0.1                                                    |
|     -- Do_qmp2 vers. v0.1                                                    |
|------------------------------------------------------------------------------|
| * OpenMP enabled                                                             |
|     -- threads:   48                                                         |
| * MPI enabled                                                                |
|     -- processes: 5                                                          |
|++++++++++++++++++++++++++++++++++++++++++++++++++++++++++++++++++++++++++++++|
|                              Calculation Details                             |
|------------------------------------------------------------------------------|
| * Method:             Q-MP(2)                                                |
|------------------------------------------------------------------------------|
| * grid points (3D):   28880                                                  |
| * grid points (1D):   4                                                      |
|------------------------------------------------------------------------------|
| * atomic orbitals:    244                                                    |
| * molecular orbitals: 244                                                    |
|     -- occupied:      81                                                     |
|     -- virtual:       163                                                    |
|------------------------------------------------------------------------------|
|                                    Results                                   |
|------------------------------------------------------------------------------|
| * Ground State Energy Correction (eV): -2.27356                              |
|++++++++++++++++++++++++++++++++++++++++++++++++++++++++++++++++++++++++++++++|
|                              Calculation Timings                             |
|------------------------------------------------------------------------------|
| Timing Qmp2_energy::compute : CPU: 9306877 ms ; Wall: 195086 ms              |
|     -- Setting up calculation: CPU: 3582 ms ; Wall: 94 ms                    |
|     -- Calc. Batch 1/2: CPU: 454345 ms ; Wall: 9584 ms                       |
|     -- Calc. Batch 2/2: CPU: 8848951 ms ; Wall: 185407 ms                    |
| Gather result fr. nodes : CPU: 17 ms ; Wall: 0 ms                            |
|------------------------------------------------------------------------------|
|             if no timings are printed, choose higher print level             |
|______________________________________________________________________________|

