/home/hd/hd_hd/hd_tb381/workspace/libqqc/runs/w_eigen/scan_hybrid
n1801
Do 7. Apr 13:54:35 CEST 2022
#!/bin/bash
#SBATCH -J libqqc_hybrid_17x48
#SBATCH -n17 --cpus-per-task=48 -t12:00:00
#SBATCH --mem=200G
#SBATCH --job-name=libqqc_hybrid_17x48
#SBATCH --output=libqqc_hybrid_17x48_por-%j.out
#SBATCH --error=libqqc_hybrid_17x48_por-%j.err
pwd; hostname; date
cat run_17x48.sh
module load compiler/gnu
module load mpi/openmpi
cd ../../../host_example/.
mpic++ -fopenmp -O3 -ffast-math -march=native main_mpi.cpp ../lib/libqqc.a -o 17x48.out
OMP_NUM_THREADS=48 srun --cpus-per-task=$OMP_NUM_THREADS ./17x48.out
rm 17x48.out
Timing Loader_qmp2_from_file:: loader :CPU: 0 ms ; Wall: 0 ms
Timings AoToMo CGTO: CPU: 4495 ms ; Wall: 2216 ms
    -- Loading in: CPU: 2047 ms ; Wall: 2049 ms
    -- Distribute Batch: CPU: 21 ms ; Wall: 21 ms
    -- Tranforming Batch: CPU: 1817 ms ; Wall: 38 ms
    -- Distribute Batch Results: CPU: 326 ms ; Wall: 55 ms

Timings AoToMo Coulomb Integral: CPU: 1555336 ms ; Wall: 508855 ms
    -- Loading in: CPU: 478257 ms ; Wall: 478931 ms
    -- Distribute Batch: CPU: 2599 ms ; Wall: 2602 ms
    -- Transforming Batch: CPU: 1069272 ms ; Wall: 22366 ms
    -- Distribute Batch Results: CPU: 4903 ms ; Wall: 4646 ms

Timing Vault_qmp2:: vault : CPU: 1563721 ms ; Wall: 511233 ms
Timing Do_qmp2:: qmp2 : CPU: 2778217 ms ; Wall: 59606 ms
 ______________________________________________________________________________ 
|                                                                              |
|                  ** Quadrature Calculation through libqqc **                 |
|                                                                              |
|++++++++++++++++++++++++++++++++++++++++++++++++++++++++++++++++++++++++++++++|
| * Author(s): Benjamin Thomitzni                                              |
|++++++++++++++++++++++++++++++++++++++++++++++++++++++++++++++++++++++++++++++|
|                               Programm Details                               |
|------------------------------------------------------------------------------|
| * library vers.      v0.1                                                    |
|     -- Loader vers.  v0.1                                                    |
|     -- Vault vers.   v0.1                                                    |
|     -- Do_qmp2 vers. v0.1                                                    |
|------------------------------------------------------------------------------|
| * OpenMP enabled                                                             |
|     -- threads:   48                                                         |
| * MPI enabled                                                                |
|     -- processes: 17                                                         |
|++++++++++++++++++++++++++++++++++++++++++++++++++++++++++++++++++++++++++++++|
|                              Calculation Details                             |
|------------------------------------------------------------------------------|
| * Method:             Q-MP(2)                                                |
|------------------------------------------------------------------------------|
| * grid points (3D):   28880                                                  |
| * grid points (1D):   4                                                      |
|------------------------------------------------------------------------------|
| * atomic orbitals:    244                                                    |
| * molecular orbitals: 244                                                    |
|     -- occupied:      81                                                     |
|     -- virtual:       163                                                    |
|------------------------------------------------------------------------------|
|                                    Results                                   |
|------------------------------------------------------------------------------|
| * Ground State Energy Correction (eV): -2.27356                              |
|++++++++++++++++++++++++++++++++++++++++++++++++++++++++++++++++++++++++++++++|
|                              Calculation Timings                             |
|------------------------------------------------------------------------------|
| Timing Qmp2_energy::compute : CPU: 2776439 ms ; Wall: 58481 ms               |
|     -- Setting up calculation: CPU: 2870 ms ; Wall: 61 ms                    |
|     -- Calc. Batch 1/2: CPU: 54644 ms ; Wall: 1161 ms                        |
|     -- Calc. Batch 2/2: CPU: 2718925 ms ; Wall: 57258 ms                     |
| Gather result fr. nodes : CPU: 1347 ms ; Wall: 1098 ms                       |
|------------------------------------------------------------------------------|
|             if no timings are printed, choose higher print level             |
|______________________________________________________________________________|

