/home/hd/hd_hd/hd_tb381/workspace/libqqc/runs/w_eigen/scan_hybrid
n1329
Do 14. Apr 17:06:00 CEST 2022
#!/bin/bash
#SBATCH -J libqqc_hybrid_1x1
#SBATCH -n1 --cpus-per-task=1 -t72:00:00
#SBATCH --mem=200G
#SBATCH --job-name=libqqc_hybrid_1x1
#SBATCH --output=libqqc_hybrid_1x1_por-%j.out
#SBATCH --error=libqqc_hybrid_1x1_por-%j.err
pwd; hostname; date
cat run_1x1.sh
module load compiler/gnu
module load mpi/openmpi
cd ../../../host_example/.
mpic++ -fopenmp -O3 -ffast-math -march=native main_mpi.cpp ../lib/libqqc.a -o 1x1.out
OMP_NUM_THREADS=1 srun --cpus-per-task=$OMP_NUM_THREADS ./1x1.out
rm 1x1.out
Timing Loader_qmp2_from_file:: loader :CPU: 0 ms ; Wall: 0 ms
Timings AoToMo CGTO: CPU: 4216 ms ; Wall: 4580 ms
    -- Loading in: CPU: 2123 ms ; Wall: 2484 ms
    -- Distribute Batch: CPU: 0 ms ; Wall: 0 ms
    -- Tranforming Batch: CPU: 2027 ms ; Wall: 2029 ms
    -- Distribute Batch Results: CPU: 0 ms ; Wall: 0 ms

Timings AoToMo Coulomb Integral: CPU: 12179182 ms ; Wall: 12193330 ms
    -- Loading in: CPU: 485827 ms ; Wall: 486910 ms
    -- Distribute Batch: CPU: 0 ms ; Wall: 0 ms
    -- Transforming Batch: CPU: 11689220 ms ; Wall: 11702271 ms
    -- Distribute Batch Results: CPU: 0 ms ; Wall: 2 ms

Timing Vault_qmp2:: vault : CPU: 12185367 ms ; Wall: 12200426 ms
Timing Do_qmp2:: qmp2 : CPU: 45177545 ms ; Wall: 45284783 ms
 ______________________________________________________________________________ 
|                                                                              |
|                  ** Quadrature Calculation through libqqc **                 |
|                                                                              |
|++++++++++++++++++++++++++++++++++++++++++++++++++++++++++++++++++++++++++++++|
| * Author(s): Benjamin Thomitzni                                              |
|++++++++++++++++++++++++++++++++++++++++++++++++++++++++++++++++++++++++++++++|
|                               Programm Details                               |
|------------------------------------------------------------------------------|
| * library vers.      v0.1                                                    |
|     -- Loader vers.  v0.1                                                    |
|     -- Vault vers.   v0.1                                                    |
|     -- Do_qmp2 vers. v0.1                                                    |
|------------------------------------------------------------------------------|
| * OpenMP enabled                                                             |
|     -- threads:   1                                                          |
| * MPI enabled                                                                |
|     -- processes: 1                                                          |
|++++++++++++++++++++++++++++++++++++++++++++++++++++++++++++++++++++++++++++++|
|                              Calculation Details                             |
|------------------------------------------------------------------------------|
| * Method:             Q-MP(2)                                                |
|------------------------------------------------------------------------------|
| * grid points (3D):   28880                                                  |
| * grid points (1D):   4                                                      |
|------------------------------------------------------------------------------|
| * atomic orbitals:    244                                                    |
| * molecular orbitals: 244                                                    |
|     -- occupied:      81                                                     |
|     -- virtual:       163                                                    |
|------------------------------------------------------------------------------|
|                                    Results                                   |
|------------------------------------------------------------------------------|
| * Ground State Energy Correction (eV): -2.27356                              |
|++++++++++++++++++++++++++++++++++++++++++++++++++++++++++++++++++++++++++++++|
|                              Calculation Timings                             |
|------------------------------------------------------------------------------|
| Timing Qmp2_energy::compute : CPU: 45177519 ms ; Wall: 45284680 ms           |
|     -- Setting up calculation: CPU: 248 ms ; Wall: 251 ms                    |
|     -- Calc. Batch 1/2: CPU: 11264283 ms ; Wall: 11290810 ms                 |
|     -- Calc. Batch 2/2: CPU: 33912988 ms ; Wall: 33993616 ms                 |
| Gather result fr. nodes : CPU: 0 ms ; Wall: 0 ms                             |
|------------------------------------------------------------------------------|
|             if no timings are printed, choose higher print level             |
|______________________________________________________________________________|

