/home/hd/hd_hd/hd_tb381/workspace/libqqc/runs/w_eigen/scan_hybrid
n1705
Do 7. Apr 13:57:16 CEST 2022
#!/bin/bash
#SBATCH -J libqqc_hybrid_18x48
#SBATCH -n18 --cpus-per-task=48 -t12:00:00
#SBATCH --mem=200G
#SBATCH --job-name=libqqc_hybrid_18x48
#SBATCH --output=libqqc_hybrid_18x48_por-%j.out
#SBATCH --error=libqqc_hybrid_18x48_por-%j.err
pwd; hostname; date
cat run_18x48.sh
module load compiler/gnu
module load mpi/openmpi
cd ../../../host_example/.
mpic++ -fopenmp -O3 -ffast-math -march=native main_mpi.cpp ../lib/libqqc.a -o 18x48.out
OMP_NUM_THREADS=48 srun --cpus-per-task=$OMP_NUM_THREADS ./18x48.out
rm 18x48.out
Timing Loader_qmp2_from_file:: loader :CPU: 0 ms ; Wall: 0 ms
Timings AoToMo CGTO: CPU: 4783 ms ; Wall: 2376 ms
    -- Loading in: CPU: 2099 ms ; Wall: 2206 ms
    -- Distribute Batch: CPU: 19 ms ; Wall: 19 ms
    -- Tranforming Batch: CPU: 2038 ms ; Wall: 43 ms
    -- Distribute Batch Results: CPU: 310 ms ; Wall: 54 ms

Timings AoToMo Coulomb Integral: CPU: 1458447 ms ; Wall: 507833 ms
    -- Loading in: CPU: 479300 ms ; Wall: 480089 ms
    -- Distribute Batch: CPU: 2634 ms ; Wall: 2639 ms
    -- Transforming Batch: CPU: 971474 ms ; Wall: 20325 ms
    -- Distribute Batch Results: CPU: 4578 ms ; Wall: 4316 ms

Timing Vault_qmp2:: vault : CPU: 1466384 ms ; Wall: 510765 ms
Timing Do_qmp2:: qmp2 : CPU: 2519028 ms ; Wall: 54995 ms
 ______________________________________________________________________________ 
|                                                                              |
|                  ** Quadrature Calculation through libqqc **                 |
|                                                                              |
|++++++++++++++++++++++++++++++++++++++++++++++++++++++++++++++++++++++++++++++|
| * Author(s): Benjamin Thomitzni                                              |
|++++++++++++++++++++++++++++++++++++++++++++++++++++++++++++++++++++++++++++++|
|                               Programm Details                               |
|------------------------------------------------------------------------------|
| * library vers.      v0.1                                                    |
|     -- Loader vers.  v0.1                                                    |
|     -- Vault vers.   v0.1                                                    |
|     -- Do_qmp2 vers. v0.1                                                    |
|------------------------------------------------------------------------------|
| * OpenMP enabled                                                             |
|     -- threads:   48                                                         |
| * MPI enabled                                                                |
|     -- processes: 18                                                         |
|++++++++++++++++++++++++++++++++++++++++++++++++++++++++++++++++++++++++++++++|
|                              Calculation Details                             |
|------------------------------------------------------------------------------|
| * Method:             Q-MP(2)                                                |
|------------------------------------------------------------------------------|
| * grid points (3D):   28880                                                  |
| * grid points (1D):   4                                                      |
|------------------------------------------------------------------------------|
| * atomic orbitals:    244                                                    |
| * molecular orbitals: 244                                                    |
|     -- occupied:      81                                                     |
|     -- virtual:       163                                                    |
|------------------------------------------------------------------------------|
|                                    Results                                   |
|------------------------------------------------------------------------------|
| * Ground State Energy Correction (eV): -2.27356                              |
|++++++++++++++++++++++++++++++++++++++++++++++++++++++++++++++++++++++++++++++|
|                              Calculation Timings                             |
|------------------------------------------------------------------------------|
| Timing Qmp2_energy::compute : CPU: 2516565 ms ; Wall: 53072 ms               |
|     -- Setting up calculation: CPU: 3832 ms ; Wall: 83 ms                    |
|     -- Calc. Batch 1/2: CPU: 34005 ms ; Wall: 719 ms                         |
|     -- Calc. Batch 2/2: CPU: 2478728 ms ; Wall: 52269 ms                     |
| Gather result fr. nodes : CPU: 2163 ms ; Wall: 1902 ms                       |
|------------------------------------------------------------------------------|
|             if no timings are printed, choose higher print level             |
|______________________________________________________________________________|

