/home/hd/hd_hd/hd_tb381/workspace/libqqc/runs/w_eigen/scan_hybrid
n1602
Do 7. Apr 13:47:11 CEST 2022
#!/bin/bash
#SBATCH -J libqqc_hybrid_16x48
#SBATCH -n16 --cpus-per-task=48 -t12:00:00
#SBATCH --mem=200G
#SBATCH --job-name=libqqc_hybrid_16x48
#SBATCH --output=libqqc_hybrid_16x48_por-%j.out
#SBATCH --error=libqqc_hybrid_16x48_por-%j.err
pwd; hostname; date
cat run_16x48.sh
module load compiler/gnu
module load mpi/openmpi
cd ../../../host_example/.
mpic++ -fopenmp -O3 -ffast-math -march=native main_mpi.cpp ../lib/libqqc.a -o 16x48.out
OMP_NUM_THREADS=48 srun --cpus-per-task=$OMP_NUM_THREADS ./16x48.out
rm 16x48.out
Timing Loader_qmp2_from_file:: loader :CPU: 0 ms ; Wall: 0 ms
Timings AoToMo CGTO: CPU: 3892 ms ; Wall: 2329 ms
    -- Loading in: CPU: 2098 ms ; Wall: 2156 ms
    -- Distribute Batch: CPU: 18 ms ; Wall: 19 ms
    -- Tranforming Batch: CPU: 1138 ms ; Wall: 24 ms
    -- Distribute Batch Results: CPU: 349 ms ; Wall: 78 ms

Timings AoToMo Coulomb Integral: CPU: 1655028 ms ; Wall: 510573 ms
    -- Loading in: CPU: 478691 ms ; Wall: 479495 ms
    -- Distribute Batch: CPU: 2621 ms ; Wall: 2626 ms
    -- Transforming Batch: CPU: 1169484 ms ; Wall: 24483 ms
    -- Distribute Batch Results: CPU: 3896 ms ; Wall: 3629 ms

Timing Vault_qmp2:: vault : CPU: 1662959 ms ; Wall: 513259 ms
Timing Do_qmp2:: qmp2 : CPU: 2848065 ms ; Wall: 62751 ms
 ______________________________________________________________________________ 
|                                                                              |
|                  ** Quadrature Calculation through libqqc **                 |
|                                                                              |
|++++++++++++++++++++++++++++++++++++++++++++++++++++++++++++++++++++++++++++++|
| * Author(s): Benjamin Thomitzni                                              |
|++++++++++++++++++++++++++++++++++++++++++++++++++++++++++++++++++++++++++++++|
|                               Programm Details                               |
|------------------------------------------------------------------------------|
| * library vers.      v0.1                                                    |
|     -- Loader vers.  v0.1                                                    |
|     -- Vault vers.   v0.1                                                    |
|     -- Do_qmp2 vers. v0.1                                                    |
|------------------------------------------------------------------------------|
| * OpenMP enabled                                                             |
|     -- threads:   48                                                         |
| * MPI enabled                                                                |
|     -- processes: 16                                                         |
|++++++++++++++++++++++++++++++++++++++++++++++++++++++++++++++++++++++++++++++|
|                              Calculation Details                             |
|------------------------------------------------------------------------------|
| * Method:             Q-MP(2)                                                |
|------------------------------------------------------------------------------|
| * grid points (3D):   28880                                                  |
| * grid points (1D):   4                                                      |
|------------------------------------------------------------------------------|
| * atomic orbitals:    244                                                    |
| * molecular orbitals: 244                                                    |
|     -- occupied:      81                                                     |
|     -- virtual:       163                                                    |
|------------------------------------------------------------------------------|
|                                    Results                                   |
|------------------------------------------------------------------------------|
| * Ground State Energy Correction (eV): -2.27356                              |
|++++++++++++++++++++++++++++++++++++++++++++++++++++++++++++++++++++++++++++++|
|                              Calculation Timings                             |
|------------------------------------------------------------------------------|
| Timing Qmp2_energy::compute : CPU: 2844841 ms ; Wall: 59936 ms               |
|     -- Setting up calculation: CPU: 3540 ms ; Wall: 82 ms                    |
|     -- Calc. Batch 1/2: CPU: 43130 ms ; Wall: 913 ms                         |
|     -- Calc. Batch 2/2: CPU: 2798164 ms ; Wall: 58941 ms                     |
| Gather result fr. nodes : CPU: 3044 ms ; Wall: 2795 ms                       |
|------------------------------------------------------------------------------|
|             if no timings are printed, choose higher print level             |
|______________________________________________________________________________|

