/home/hd/hd_hd/hd_tb381/workspace/libqqc/runs/w_eigen/scan_hybrid
n1611
Do 7. Apr 12:00:11 CEST 2022
#!/bin/bash
#SBATCH -J libqqc_hybrid_6x48
#SBATCH -n6 --cpus-per-task=48 -t12:00:00
#SBATCH --mem=200G
#SBATCH --job-name=libqqc_hybrid_6x48
#SBATCH --output=libqqc_hybrid_6x48_por-%j.out
#SBATCH --error=libqqc_hybrid_6x48_por-%j.err
pwd; hostname; date
cat run_6x48.sh
module load compiler/gnu
module load mpi/openmpi
cd ../../../host_example/.
mpic++ -fopenmp -O3 -ffast-math -march=native main_mpi.cpp ../lib/libqqc.a -o 6x48.out
OMP_NUM_THREADS=48 srun --cpus-per-task=$OMP_NUM_THREADS ./6x48.out
rm 6x48.out
Timing Loader_qmp2_from_file:: loader :CPU: 0 ms ; Wall: 0 ms
Timings AoToMo CGTO: CPU: 7933 ms ; Wall: 2314 ms
    -- Loading in: CPU: 2063 ms ; Wall: 2065 ms
    -- Distribute Batch: CPU: 13 ms ; Wall: 13 ms
    -- Tranforming Batch: CPU: 5231 ms ; Wall: 109 ms
    -- Distribute Batch Results: CPU: 337 ms ; Wall: 70 ms

Timings AoToMo Coulomb Integral: CPU: 3281721 ms ; Wall: 548635 ms
    -- Loading in: CPU: 479633 ms ; Wall: 480190 ms
    -- Distribute Batch: CPU: 2525 ms ; Wall: 2527 ms
    -- Transforming Batch: CPU: 2791822 ms ; Wall: 58426 ms
    -- Distribute Batch Results: CPU: 7006 ms ; Wall: 6751 ms

Timing Vault_qmp2:: vault : CPU: 3293284 ms ; Wall: 551105 ms
Timing Do_qmp2:: qmp2 : CPU: 7907758 ms ; Wall: 165850 ms
 ______________________________________________________________________________ 
|                                                                              |
|                  ** Quadrature Calculation through libqqc **                 |
|                                                                              |
|++++++++++++++++++++++++++++++++++++++++++++++++++++++++++++++++++++++++++++++|
| * Author(s): Benjamin Thomitzni                                              |
|++++++++++++++++++++++++++++++++++++++++++++++++++++++++++++++++++++++++++++++|
|                               Programm Details                               |
|------------------------------------------------------------------------------|
| * library vers.      v0.1                                                    |
|     -- Loader vers.  v0.1                                                    |
|     -- Vault vers.   v0.1                                                    |
|     -- Do_qmp2 vers. v0.1                                                    |
|------------------------------------------------------------------------------|
| * OpenMP enabled                                                             |
|     -- threads:   48                                                         |
| * MPI enabled                                                                |
|     -- processes: 6                                                          |
|++++++++++++++++++++++++++++++++++++++++++++++++++++++++++++++++++++++++++++++|
|                              Calculation Details                             |
|------------------------------------------------------------------------------|
| * Method:             Q-MP(2)                                                |
|------------------------------------------------------------------------------|
| * grid points (3D):   28880                                                  |
| * grid points (1D):   4                                                      |
|------------------------------------------------------------------------------|
| * atomic orbitals:    244                                                    |
| * molecular orbitals: 244                                                    |
|     -- occupied:      81                                                     |
|     -- virtual:       163                                                    |
|------------------------------------------------------------------------------|
|                                    Results                                   |
|------------------------------------------------------------------------------|
| * Ground State Energy Correction (eV): -2.27356                              |
|++++++++++++++++++++++++++++++++++++++++++++++++++++++++++++++++++++++++++++++|
|                              Calculation Timings                             |
|------------------------------------------------------------------------------|
| Timing Qmp2_energy::compute : CPU: 7907449 ms ; Wall: 165828 ms              |
|     -- Setting up calculation: CPU: 3643 ms ; Wall: 83 ms                    |
|     -- Calc. Batch 1/2: CPU: 317700 ms ; Wall: 6672 ms                       |
|     -- Calc. Batch 2/2: CPU: 7586106 ms ; Wall: 159072 ms                    |
| Gather result fr. nodes : CPU: 0 ms ; Wall: 0 ms                             |
|------------------------------------------------------------------------------|
|             if no timings are printed, choose higher print level             |
|______________________________________________________________________________|

