/home/hd/hd_hd/hd_tb381/workspace/libqqc/runs/w_eigen/scan_hybrid
n1705
Do 7. Apr 14:07:20 CEST 2022
#!/bin/bash
#SBATCH -J libqqc_hybrid_20x48
#SBATCH -n20 --cpus-per-task=48 -t12:00:00
#SBATCH --mem=200G
#SBATCH --job-name=libqqc_hybrid_20x48
#SBATCH --output=libqqc_hybrid_20x48_por-%j.out
#SBATCH --error=libqqc_hybrid_20x48_por-%j.err
pwd; hostname; date
cat run_20x48.sh
module load compiler/gnu
module load mpi/openmpi
cd ../../../host_example/.
mpic++ -fopenmp -O3 -ffast-math -march=native main_mpi.cpp ../lib/libqqc.a -o 20x48.out
OMP_NUM_THREADS=48 srun --cpus-per-task=$OMP_NUM_THREADS ./20x48.out
rm 20x48.out
Timing Loader_qmp2_from_file:: loader :CPU: 0 ms ; Wall: 0 ms
Timings AoToMo CGTO: CPU: 4576 ms ; Wall: 2237 ms
    -- Loading in: CPU: 2059 ms ; Wall: 2061 ms
    -- Distribute Batch: CPU: 21 ms ; Wall: 21 ms
    -- Tranforming Batch: CPU: 1906 ms ; Wall: 40 ms
    -- Distribute Batch Results: CPU: 317 ms ; Wall: 63 ms

Timings AoToMo Coulomb Integral: CPU: 1358106 ms ; Wall: 504495 ms
    -- Loading in: CPU: 477732 ms ; Wall: 478294 ms
    -- Distribute Batch: CPU: 2628 ms ; Wall: 2629 ms
    -- Transforming Batch: CPU: 872187 ms ; Wall: 18260 ms
    -- Distribute Batch Results: CPU: 5286 ms ; Wall: 5033 ms

Timing Vault_qmp2:: vault : CPU: 1365520 ms ; Wall: 506878 ms
Timing Do_qmp2:: qmp2 : CPU: 2262369 ms ; Wall: 50997 ms
 ______________________________________________________________________________ 
|                                                                              |
|                  ** Quadrature Calculation through libqqc **                 |
|                                                                              |
|++++++++++++++++++++++++++++++++++++++++++++++++++++++++++++++++++++++++++++++|
| * Author(s): Benjamin Thomitzni                                              |
|++++++++++++++++++++++++++++++++++++++++++++++++++++++++++++++++++++++++++++++|
|                               Programm Details                               |
|------------------------------------------------------------------------------|
| * library vers.      v0.1                                                    |
|     -- Loader vers.  v0.1                                                    |
|     -- Vault vers.   v0.1                                                    |
|     -- Do_qmp2 vers. v0.1                                                    |
|------------------------------------------------------------------------------|
| * OpenMP enabled                                                             |
|     -- threads:   48                                                         |
| * MPI enabled                                                                |
|     -- processes: 20                                                         |
|++++++++++++++++++++++++++++++++++++++++++++++++++++++++++++++++++++++++++++++|
|                              Calculation Details                             |
|------------------------------------------------------------------------------|
| * Method:             Q-MP(2)                                                |
|------------------------------------------------------------------------------|
| * grid points (3D):   28880                                                  |
| * grid points (1D):   4                                                      |
|------------------------------------------------------------------------------|
| * atomic orbitals:    244                                                    |
| * molecular orbitals: 244                                                    |
|     -- occupied:      81                                                     |
|     -- virtual:       163                                                    |
|------------------------------------------------------------------------------|
|                                    Results                                   |
|------------------------------------------------------------------------------|
| * Ground State Energy Correction (eV): -2.27356                              |
|++++++++++++++++++++++++++++++++++++++++++++++++++++++++++++++++++++++++++++++|
|                              Calculation Timings                             |
|------------------------------------------------------------------------------|
| Timing Qmp2_energy::compute : CPU: 2258340 ms ; Wall: 47537 ms               |
|     -- Setting up calculation: CPU: 2991 ms ; Wall: 83 ms                    |
|     -- Calc. Batch 1/2: CPU: 27883 ms ; Wall: 587 ms                         |
|     -- Calc. Batch 2/2: CPU: 2227466 ms ; Wall: 46866 ms                     |
| Gather result fr. nodes : CPU: 3682 ms ; Wall: 3437 ms                       |
|------------------------------------------------------------------------------|
|             if no timings are printed, choose higher print level             |
|______________________________________________________________________________|

