/home/hd/hd_hd/hd_tb381/workspace/libqqc/runs/w_eigen/scan_hybrid
n1636
Do 7. Apr 11:34:16 CEST 2022
#!/bin/bash
#SBATCH -J libqqc_hybrid_1x40
#SBATCH -n1 --cpus-per-task=40 -t12:00:00
#SBATCH --mem=200G
#SBATCH --job-name=libqqc_hybrid_1x40
#SBATCH --output=libqqc_hybrid_1x40_por-%j.out
#SBATCH --error=libqqc_hybrid_1x40_por-%j.err
pwd; hostname; date
cat run_1x40.sh
module load compiler/gnu
module load mpi/openmpi
cd ../../../host_example/.
mpic++ -fopenmp -O3 -ffast-math -march=native main_mpi.cpp ../lib/libqqc.a -o 1x40.out
OMP_NUM_THREADS=40 srun --cpus-per-task=$OMP_NUM_THREADS ./1x40.out
rm 1x40.out
Timing Loader_qmp2_from_file:: loader :CPU: 0 ms ; Wall: 0 ms
Timings AoToMo CGTO: CPU: 27054 ms ; Wall: 2831 ms
    -- Loading in: CPU: 2097 ms ; Wall: 2144 ms
    -- Distribute Batch: CPU: 0 ms ; Wall: 0 ms
    -- Tranforming Batch: CPU: 24654 ms ; Wall: 619 ms
    -- Distribute Batch Results: CPU: 39 ms ; Wall: 0 ms

Timings AoToMo Coulomb Integral: CPU: 17378985 ms ; Wall: 907387 ms
    -- Loading in: CPU: 478004 ms ; Wall: 478777 ms
    -- Distribute Batch: CPU: 0 ms ; Wall: 0 ms
    -- Transforming Batch: CPU: 16896353 ms ; Wall: 424376 ms
    -- Distribute Batch Results: CPU: 0 ms ; Wall: 0 ms

Timing Vault_qmp2:: vault : CPU: 17409449 ms ; Wall: 910699 ms
Timing Do_qmp2:: qmp2 : CPU: 45220205 ms ; Wall: 1135227 ms
 ______________________________________________________________________________ 
|                                                                              |
|                  ** Quadrature Calculation through libqqc **                 |
|                                                                              |
|++++++++++++++++++++++++++++++++++++++++++++++++++++++++++++++++++++++++++++++|
| * Author(s): Benjamin Thomitzni                                              |
|++++++++++++++++++++++++++++++++++++++++++++++++++++++++++++++++++++++++++++++|
|                               Programm Details                               |
|------------------------------------------------------------------------------|
| * library vers.      v0.1                                                    |
|     -- Loader vers.  v0.1                                                    |
|     -- Vault vers.   v0.1                                                    |
|     -- Do_qmp2 vers. v0.1                                                    |
|------------------------------------------------------------------------------|
| * OpenMP enabled                                                             |
|     -- threads:   40                                                         |
| * MPI enabled                                                                |
|     -- processes: 1                                                          |
|++++++++++++++++++++++++++++++++++++++++++++++++++++++++++++++++++++++++++++++|
|                              Calculation Details                             |
|------------------------------------------------------------------------------|
| * Method:             Q-MP(2)                                                |
|------------------------------------------------------------------------------|
| * grid points (3D):   28880                                                  |
| * grid points (1D):   4                                                      |
|------------------------------------------------------------------------------|
| * atomic orbitals:    244                                                    |
| * molecular orbitals: 244                                                    |
|     -- occupied:      81                                                     |
|     -- virtual:       163                                                    |
|------------------------------------------------------------------------------|
|                                    Results                                   |
|------------------------------------------------------------------------------|
| * Ground State Energy Correction (eV): -2.27356                              |
|++++++++++++++++++++++++++++++++++++++++++++++++++++++++++++++++++++++++++++++|
|                              Calculation Timings                             |
|------------------------------------------------------------------------------|
| Timing Qmp2_energy::compute : CPU: 45219949 ms ; Wall: 1135206 ms            |
|     -- Setting up calculation: CPU: 2036 ms ; Wall: 59 ms                    |
|     -- Calc. Batch 1/2: CPU: 11283123 ms ; Wall: 283311 ms                   |
|     -- Calc. Batch 2/2: CPU: 33934790 ms ; Wall: 851835 ms                   |
| Gather result fr. nodes : CPU: 0 ms ; Wall: 0 ms                             |
|------------------------------------------------------------------------------|
|             if no timings are printed, choose higher print level             |
|______________________________________________________________________________|

