/home/hd/hd_hd/hd_tb381/workspace/libqqc/runs/scan_hybrid
n1430
Fr 15. Apr 15:06:25 CEST 2022
#!/bin/bash
#SBATCH -J libqqc_hybrid_1x36
#SBATCH -n1 --cpus-per-task=36 -t12:00:00
#SBATCH --mem=200G
#SBATCH --job-name=libqqc_hybrid_1x36
#SBATCH --output=libqqc_hybrid_1x36_por-%j.out
#SBATCH --error=libqqc_hybrid_1x36_por-%j.err
pwd; hostname; date
cat run_1x36.sh
module load compiler/gnu
module load mpi/openmpi
cd ../../host_example/.
mpic++ -fopenmp -O3 -ffast-math -march=native main_mpi.cpp ../lib/libqqc.a -o 1x36.out
OMP_NUM_THREADS=36 srun --cpus-per-task=$OMP_NUM_THREADS ./1x36.out
rm 1x36.out
Timing Loader_qmp2_from_file:: loader :CPU: 0 ms ; Wall: 0 ms
Timings AoToMo CGTO: CPU: 236 ms ; Wall: 22 ms
    -- Loading in: CPU: 12 ms ; Wall: 14 ms
    -- Distribute Batch: CPU: 0 ms ; Wall: 0 ms
    -- Tranforming Batch: CPU: 47 ms ; Wall: 1 ms
    -- Distribute Batch Results: CPU: 0 ms ; Wall: 0 ms

Timings AoToMo Coulomb Integral: CPU: 621 ms ; Wall: 233 ms
    -- Loading in: CPU: 218 ms ; Wall: 220 ms
    -- Distribute Batch: CPU: 0 ms ; Wall: 0 ms
    -- Transforming Batch: CPU: 207 ms ; Wall: 6 ms
    -- Distribute Batch Results: CPU: 0 ms ; Wall: 0 ms

Timing Vault_qmp2:: vault : CPU: 893 ms ; Wall: 268 ms
Timing Do_qmp2:: qmp2 : CPU: 1148 ms ; Wall: 31 ms
 ______________________________________________________________________________ 
|                                                                              |
|                  ** Quadrature Calculation through libqqc **                 |
|                                                                              |
|++++++++++++++++++++++++++++++++++++++++++++++++++++++++++++++++++++++++++++++|
| * Author(s): Benjamin Thomitzni                                              |
|++++++++++++++++++++++++++++++++++++++++++++++++++++++++++++++++++++++++++++++|
|                               Programm Details                               |
|------------------------------------------------------------------------------|
| * library vers.      v0.1                                                    |
|     -- Loader vers.  v0.1                                                    |
|     -- Vault vers.   v0.1                                                    |
|     -- Do_qmp2 vers. v0.1                                                    |
|------------------------------------------------------------------------------|
| * OpenMP enabled                                                             |
|     -- threads:   36                                                         |
| * MPI enabled                                                                |
|     -- processes: 1                                                          |
|++++++++++++++++++++++++++++++++++++++++++++++++++++++++++++++++++++++++++++++|
|                              Calculation Details                             |
|------------------------------------------------------------------------------|
| * Method:             Q-MP(2)                                                |
|------------------------------------------------------------------------------|
| * grid points (3D):   2280                                                   |
| * grid points (1D):   4                                                      |
|------------------------------------------------------------------------------|
| * atomic orbitals:    13                                                     |
| * molecular orbitals: 13                                                     |
|     -- occupied:      5                                                      |
|     -- virtual:       8                                                      |
|------------------------------------------------------------------------------|
|                                    Results                                   |
|------------------------------------------------------------------------------|
| * Ground State Energy Correction (eV): -0.124222                             |
|++++++++++++++++++++++++++++++++++++++++++++++++++++++++++++++++++++++++++++++|
|                              Calculation Timings                             |
|------------------------------------------------------------------------------|
| Timing Qmp2_energy::compute : CPU: 1147 ms ; Wall: 31 ms                     |
|     -- Setting up calculation: CPU: 0 ms ; Wall: 0 ms                        |
|     -- Calc. Batch 1/2: CPU: 322 ms ; Wall: 8 ms                             |
|     -- Calc. Batch 2/2: CPU: 825 ms ; Wall: 22 ms                            |
| Gather result fr. nodes : CPU: 0 ms ; Wall: 0 ms                             |
|------------------------------------------------------------------------------|
|             if no timings are printed, choose higher print level             |
|______________________________________________________________________________|

