/home/hd/hd_hd/hd_tb381/workspace/libqqc/runs/scan_hybrid
n1536
Fr 15. Apr 15:06:25 CEST 2022
#!/bin/bash
#SBATCH -J libqqc_hybrid_1x4
#SBATCH -n1 --cpus-per-task=4 -t24:00:00
#SBATCH --mem=200G
#SBATCH --job-name=libqqc_hybrid_1x4
#SBATCH --output=libqqc_hybrid_1x4_por-%j.out
#SBATCH --error=libqqc_hybrid_1x4_por-%j.err
pwd; hostname; date
cat run_1x4.sh
module load compiler/gnu
module load mpi/openmpi
cd ../../host_example/.
mpic++ -fopenmp -O3 -ffast-math -march=native main_mpi.cpp ../lib/libqqc.a -o 1x4.out
OMP_NUM_THREADS=4 srun --cpus-per-task=$OMP_NUM_THREADS ./1x4.out
rm 1x4.out
Timing Loader_qmp2_from_file:: loader :CPU: 0 ms ; Wall: 0 ms
Timings AoToMo CGTO: CPU: 37 ms ; Wall: 20 ms
    -- Loading in: CPU: 12 ms ; Wall: 13 ms
    -- Distribute Batch: CPU: 0 ms ; Wall: 0 ms
    -- Tranforming Batch: CPU: 8 ms ; Wall: 2 ms
    -- Distribute Batch Results: CPU: 0 ms ; Wall: 0 ms

Timings AoToMo Coulomb Integral: CPU: 264 ms ; Wall: 234 ms
    -- Loading in: CPU: 220 ms ; Wall: 221 ms
    -- Distribute Batch: CPU: 0 ms ; Wall: 0 ms
    -- Transforming Batch: CPU: 26 ms ; Wall: 7 ms
    -- Distribute Batch Results: CPU: 0 ms ; Wall: 0 ms

Timing Vault_qmp2:: vault : CPU: 307 ms ; Wall: 267 ms
Timing Do_qmp2:: qmp2 : CPU: 795 ms ; Wall: 199 ms
 ______________________________________________________________________________ 
|                                                                              |
|                  ** Quadrature Calculation through libqqc **                 |
|                                                                              |
|++++++++++++++++++++++++++++++++++++++++++++++++++++++++++++++++++++++++++++++|
| * Author(s): Benjamin Thomitzni                                              |
|++++++++++++++++++++++++++++++++++++++++++++++++++++++++++++++++++++++++++++++|
|                               Programm Details                               |
|------------------------------------------------------------------------------|
| * library vers.      v0.1                                                    |
|     -- Loader vers.  v0.1                                                    |
|     -- Vault vers.   v0.1                                                    |
|     -- Do_qmp2 vers. v0.1                                                    |
|------------------------------------------------------------------------------|
| * OpenMP enabled                                                             |
|     -- threads:   4                                                          |
| * MPI enabled                                                                |
|     -- processes: 1                                                          |
|++++++++++++++++++++++++++++++++++++++++++++++++++++++++++++++++++++++++++++++|
|                              Calculation Details                             |
|------------------------------------------------------------------------------|
| * Method:             Q-MP(2)                                                |
|------------------------------------------------------------------------------|
| * grid points (3D):   2280                                                   |
| * grid points (1D):   4                                                      |
|------------------------------------------------------------------------------|
| * atomic orbitals:    13                                                     |
| * molecular orbitals: 13                                                     |
|     -- occupied:      5                                                      |
|     -- virtual:       8                                                      |
|------------------------------------------------------------------------------|
|                                    Results                                   |
|------------------------------------------------------------------------------|
| * Ground State Energy Correction (eV): -0.124222                             |
|++++++++++++++++++++++++++++++++++++++++++++++++++++++++++++++++++++++++++++++|
|                              Calculation Timings                             |
|------------------------------------------------------------------------------|
| Timing Qmp2_energy::compute : CPU: 795 ms ; Wall: 198 ms                     |
|     -- Setting up calculation: CPU: 3 ms ; Wall: 0 ms                        |
|     -- Calc. Batch 1/2: CPU: 196 ms ; Wall: 49 ms                            |
|     -- Calc. Batch 2/2: CPU: 595 ms ; Wall: 149 ms                           |
| Gather result fr. nodes : CPU: 0 ms ; Wall: 0 ms                             |
|------------------------------------------------------------------------------|
|             if no timings are printed, choose higher print level             |
|______________________________________________________________________________|

