/home/hd/hd_hd/hd_tb381/workspace/libqqc/runs/scan_hybrid
n1417
Sa 16. Apr 10:21:24 CEST 2022
#!/bin/bash
#SBATCH -J libqqc_hybrid_17x48
#SBATCH -n17 --cpus-per-task=48 -t12:00:00
#SBATCH --mem=200G
#SBATCH --job-name=libqqc_hybrid_17x48
#SBATCH --output=libqqc_hybrid_17x48_por-%j.out
#SBATCH --error=libqqc_hybrid_17x48_por-%j.err
pwd; hostname; date
cat run_17x48.sh
module load compiler/gnu
module load mpi/openmpi
cd ../../host_example/.
mpic++ -fopenmp -O3 -ffast-math -march=native main_mpi.cpp ../lib/libqqc.a -o 17x48.out
OMP_NUM_THREADS=48 srun --cpus-per-task=$OMP_NUM_THREADS ./17x48.out
rm 17x48.out
Timing Loader_qmp2_from_file:: loader :CPU: 0 ms ; Wall: 0 ms
Timings AoToMo CGTO: CPU: 488 ms ; Wall: 49 ms
    -- Loading in: CPU: 34 ms ; Wall: 34 ms
    -- Distribute Batch: CPU: 1 ms ; Wall: 1 ms
    -- Tranforming Batch: CPU: 1 ms ; Wall: 0 ms
    -- Distribute Batch Results: CPU: 190 ms ; Wall: 4 ms

Timings AoToMo Coulomb Integral: CPU: 1322 ms ; Wall: 829 ms
    -- Loading in: CPU: 783 ms ; Wall: 784 ms
    -- Distribute Batch: CPU: 8 ms ; Wall: 7 ms
    -- Transforming Batch: CPU: 165 ms ; Wall: 3 ms
    -- Distribute Batch Results: CPU: 279 ms ; Wall: 24 ms

Timing Vault_qmp2:: vault : CPU: 1865 ms ; Wall: 905 ms
Timing Do_qmp2:: qmp2 : CPU: 7369 ms ; Wall: 168 ms
 ______________________________________________________________________________ 
|                                                                              |
|                  ** Quadrature Calculation through libqqc **                 |
|                                                                              |
|++++++++++++++++++++++++++++++++++++++++++++++++++++++++++++++++++++++++++++++|
| * Author(s): Benjamin Thomitzni                                              |
|++++++++++++++++++++++++++++++++++++++++++++++++++++++++++++++++++++++++++++++|
|                               Programm Details                               |
|------------------------------------------------------------------------------|
| * library vers.      v0.1                                                    |
|     -- Loader vers.  v0.1                                                    |
|     -- Vault vers.   v0.1                                                    |
|     -- Do_qmp2 vers. v0.1                                                    |
|------------------------------------------------------------------------------|
| * OpenMP enabled                                                             |
|     -- threads:   48                                                         |
| * MPI enabled                                                                |
|     -- processes: 17                                                         |
|++++++++++++++++++++++++++++++++++++++++++++++++++++++++++++++++++++++++++++++|
|                              Calculation Details                             |
|------------------------------------------------------------------------------|
| * Method:             Q-MP(2)                                                |
|------------------------------------------------------------------------------|
| * grid points (3D):   4560                                                   |
| * grid points (1D):   16                                                     |
|------------------------------------------------------------------------------|
| * atomic orbitals:    26                                                     |
| * molecular orbitals: 26                                                     |
|     -- occupied:      9                                                      |
|     -- virtual:       17                                                     |
|------------------------------------------------------------------------------|
|                                    Results                                   |
|------------------------------------------------------------------------------|
| * Ground State Energy Correction (eV): -0.216353                             |
|++++++++++++++++++++++++++++++++++++++++++++++++++++++++++++++++++++++++++++++|
|                              Calculation Timings                             |
|------------------------------------------------------------------------------|
| Timing Qmp2_energy::compute : CPU: 7070 ms ; Wall: 150 ms                    |
|     -- Setting up calculation: CPU: 0 ms ; Wall: 0 ms                        |
|     -- Calc. Batch 1/2: CPU: 97 ms ; Wall: 3 ms                              |
|     -- Calc. Batch 2/2: CPU: 6972 ms ; Wall: 146 ms                          |
| Gather result fr. nodes : CPU: 256 ms ; Wall: 16 ms                          |
|------------------------------------------------------------------------------|
|             if no timings are printed, choose higher print level             |
|______________________________________________________________________________|

