/home/hd/hd_hd/hd_tb381/workspace/libqqc/runs/scan_hybrid
n1401
Sa 16. Apr 10:21:02 CEST 2022
#!/bin/bash
#SBATCH -J libqqc_hybrid_2x48
#SBATCH -n2 --cpus-per-task=48 -t12:00:00
#SBATCH --mem=200G
#SBATCH --job-name=libqqc_hybrid_2x48
#SBATCH --output=libqqc_hybrid_2x48_por-%j.out
#SBATCH --error=libqqc_hybrid_2x48_por-%j.err
pwd; hostname; date
cat run_2x48.sh
module load compiler/gnu
module load mpi/openmpi
cd ../../host_example/.
mpic++ -fopenmp -O3 -ffast-math -march=native main_mpi.cpp ../lib/libqqc.a -o 2x48.out
OMP_NUM_THREADS=48 srun --cpus-per-task=$OMP_NUM_THREADS ./2x48.out
rm 2x48.out
Timing Loader_qmp2_from_file:: loader :CPU: 0 ms ; Wall: 0 ms
Timings AoToMo CGTO: CPU: 749 ms ; Wall: 53 ms
    -- Loading in: CPU: 33 ms ; Wall: 33 ms
    -- Distribute Batch: CPU: 0 ms ; Wall: 0 ms
    -- Tranforming Batch: CPU: 267 ms ; Wall: 6 ms
    -- Distribute Batch Results: CPU: 144 ms ; Wall: 3 ms

Timings AoToMo Coulomb Integral: CPU: 3011 ms ; Wall: 834 ms
    -- Loading in: CPU: 774 ms ; Wall: 775 ms
    -- Distribute Batch: CPU: 3 ms ; Wall: 2 ms
    -- Transforming Batch: CPU: 2050 ms ; Wall: 43 ms
    -- Distribute Batch Results: CPU: 96 ms ; Wall: 2 ms

Timing Vault_qmp2:: vault : CPU: 3864 ms ; Wall: 911 ms
Timing Do_qmp2:: qmp2 : CPU: 49146 ms ; Wall: 1039 ms
 ______________________________________________________________________________ 
|                                                                              |
|                  ** Quadrature Calculation through libqqc **                 |
|                                                                              |
|++++++++++++++++++++++++++++++++++++++++++++++++++++++++++++++++++++++++++++++|
| * Author(s): Benjamin Thomitzni                                              |
|++++++++++++++++++++++++++++++++++++++++++++++++++++++++++++++++++++++++++++++|
|                               Programm Details                               |
|------------------------------------------------------------------------------|
| * library vers.      v0.1                                                    |
|     -- Loader vers.  v0.1                                                    |
|     -- Vault vers.   v0.1                                                    |
|     -- Do_qmp2 vers. v0.1                                                    |
|------------------------------------------------------------------------------|
| * OpenMP enabled                                                             |
|     -- threads:   48                                                         |
| * MPI enabled                                                                |
|     -- processes: 2                                                          |
|++++++++++++++++++++++++++++++++++++++++++++++++++++++++++++++++++++++++++++++|
|                              Calculation Details                             |
|------------------------------------------------------------------------------|
| * Method:             Q-MP(2)                                                |
|------------------------------------------------------------------------------|
| * grid points (3D):   4560                                                   |
| * grid points (1D):   16                                                     |
|------------------------------------------------------------------------------|
| * atomic orbitals:    26                                                     |
| * molecular orbitals: 26                                                     |
|     -- occupied:      9                                                      |
|     -- virtual:       17                                                     |
|------------------------------------------------------------------------------|
|                                    Results                                   |
|------------------------------------------------------------------------------|
| * Ground State Energy Correction (eV): -0.216353                             |
|++++++++++++++++++++++++++++++++++++++++++++++++++++++++++++++++++++++++++++++|
|                              Calculation Timings                             |
|------------------------------------------------------------------------------|
| Timing Qmp2_energy::compute : CPU: 48818 ms ; Wall: 1023 ms                  |
|     -- Setting up calculation: CPU: 0 ms ; Wall: 0 ms                        |
|     -- Calc. Batch 1/2: CPU: 6143 ms ; Wall: 130 ms                          |
|     -- Calc. Batch 2/2: CPU: 42675 ms ; Wall: 892 ms                         |
| Gather result fr. nodes : CPU: 278 ms ; Wall: 14 ms                          |
|------------------------------------------------------------------------------|
|             if no timings are printed, choose higher print level             |
|______________________________________________________________________________|

