/home/hd/hd_hd/hd_tb381/workspace/libqqc/runs/scan_hybrid
n1601
Sa 16. Apr 10:21:34 CEST 2022
#!/bin/bash
#SBATCH -J libqqc_hybrid_20x48
#SBATCH -n20 --cpus-per-task=48 -t12:00:00
#SBATCH --mem=200G
#SBATCH --job-name=libqqc_hybrid_20x48
#SBATCH --output=libqqc_hybrid_20x48_por-%j.out
#SBATCH --error=libqqc_hybrid_20x48_por-%j.err
pwd; hostname; date
cat run_20x48.sh
module load compiler/gnu
module load mpi/openmpi
cd ../../host_example/.
mpic++ -fopenmp -O3 -ffast-math -march=native main_mpi.cpp ../lib/libqqc.a -o 20x48.out
OMP_NUM_THREADS=48 srun --cpus-per-task=$OMP_NUM_THREADS ./20x48.out
rm 20x48.out
Timing Loader_qmp2_from_file:: loader :CPU: 0 ms ; Wall: 0 ms
Timings AoToMo CGTO: CPU: 573 ms ; Wall: 51 ms
    -- Loading in: CPU: 33 ms ; Wall: 33 ms
    -- Distribute Batch: CPU: 2 ms ; Wall: 1 ms
    -- Tranforming Batch: CPU: 1 ms ; Wall: 0 ms
    -- Distribute Batch Results: CPU: 280 ms ; Wall: 5 ms

Timings AoToMo Coulomb Integral: CPU: 1241 ms ; Wall: 810 ms
    -- Loading in: CPU: 779 ms ; Wall: 780 ms
    -- Distribute Batch: CPU: 8 ms ; Wall: 8 ms
    -- Transforming Batch: CPU: 195 ms ; Wall: 4 ms
    -- Distribute Batch Results: CPU: 246 ms ; Wall: 8 ms

Timing Vault_qmp2:: vault : CPU: 1865 ms ; Wall: 886 ms
Timing Do_qmp2:: qmp2 : CPU: 5791 ms ; Wall: 127 ms
 ______________________________________________________________________________ 
|                                                                              |
|                  ** Quadrature Calculation through libqqc **                 |
|                                                                              |
|++++++++++++++++++++++++++++++++++++++++++++++++++++++++++++++++++++++++++++++|
| * Author(s): Benjamin Thomitzni                                              |
|++++++++++++++++++++++++++++++++++++++++++++++++++++++++++++++++++++++++++++++|
|                               Programm Details                               |
|------------------------------------------------------------------------------|
| * library vers.      v0.1                                                    |
|     -- Loader vers.  v0.1                                                    |
|     -- Vault vers.   v0.1                                                    |
|     -- Do_qmp2 vers. v0.1                                                    |
|------------------------------------------------------------------------------|
| * OpenMP enabled                                                             |
|     -- threads:   48                                                         |
| * MPI enabled                                                                |
|     -- processes: 20                                                         |
|++++++++++++++++++++++++++++++++++++++++++++++++++++++++++++++++++++++++++++++|
|                              Calculation Details                             |
|------------------------------------------------------------------------------|
| * Method:             Q-MP(2)                                                |
|------------------------------------------------------------------------------|
| * grid points (3D):   4560                                                   |
| * grid points (1D):   16                                                     |
|------------------------------------------------------------------------------|
| * atomic orbitals:    26                                                     |
| * molecular orbitals: 26                                                     |
|     -- occupied:      9                                                      |
|     -- virtual:       17                                                     |
|------------------------------------------------------------------------------|
|                                    Results                                   |
|------------------------------------------------------------------------------|
| * Ground State Energy Correction (eV): -0.216353                             |
|++++++++++++++++++++++++++++++++++++++++++++++++++++++++++++++++++++++++++++++|
|                              Calculation Timings                             |
|------------------------------------------------------------------------------|
| Timing Qmp2_energy::compute : CPU: 5504 ms ; Wall: 116 ms                    |
|     -- Setting up calculation: CPU: 0 ms ; Wall: 0 ms                        |
|     -- Calc. Batch 1/2: CPU: 84 ms ; Wall: 2 ms                              |
|     -- Calc. Batch 2/2: CPU: 5420 ms ; Wall: 114 ms                          |
| Gather result fr. nodes : CPU: 270 ms ; Wall: 8 ms                           |
|------------------------------------------------------------------------------|
|             if no timings are printed, choose higher print level             |
|______________________________________________________________________________|

