/home/hd/hd_hd/hd_tb381/workspace/libqqc/runs/scan_hybrid
n1601
Sa 16. Apr 10:21:09 CEST 2022
#!/bin/bash
#SBATCH -J libqqc_hybrid_7x48
#SBATCH -n7 --cpus-per-task=48 -t12:00:00
#SBATCH --mem=200G
#SBATCH --job-name=libqqc_hybrid_7x48
#SBATCH --output=libqqc_hybrid_7x48_por-%j.out
#SBATCH --error=libqqc_hybrid_7x48_por-%j.err
pwd; hostname; date
cat run_7x48.sh
module load compiler/gnu
module load mpi/openmpi
cd ../../host_example/.
mpic++ -fopenmp -O3 -ffast-math -march=native main_mpi.cpp ../lib/libqqc.a -o 7x48.out
OMP_NUM_THREADS=48 srun --cpus-per-task=$OMP_NUM_THREADS ./7x48.out
rm 7x48.out
Timing Loader_qmp2_from_file:: loader :CPU: 0 ms ; Wall: 0 ms
Timings AoToMo CGTO: CPU: 548 ms ; Wall: 48 ms
    -- Loading in: CPU: 32 ms ; Wall: 32 ms
    -- Distribute Batch: CPU: 1 ms ; Wall: 0 ms
    -- Tranforming Batch: CPU: 64 ms ; Wall: 1 ms
    -- Distribute Batch Results: CPU: 191 ms ; Wall: 4 ms

Timings AoToMo Coulomb Integral: CPU: 1436 ms ; Wall: 808 ms
    -- Loading in: CPU: 774 ms ; Wall: 775 ms
    -- Distribute Batch: CPU: 6 ms ; Wall: 5 ms
    -- Transforming Batch: CPU: 316 ms ; Wall: 7 ms
    -- Distribute Batch Results: CPU: 279 ms ; Wall: 10 ms

Timing Vault_qmp2:: vault : CPU: 2028 ms ; Wall: 881 ms
Timing Do_qmp2:: qmp2 : CPU: 14850 ms ; Wall: 313 ms
 ______________________________________________________________________________ 
|                                                                              |
|                  ** Quadrature Calculation through libqqc **                 |
|                                                                              |
|++++++++++++++++++++++++++++++++++++++++++++++++++++++++++++++++++++++++++++++|
| * Author(s): Benjamin Thomitzni                                              |
|++++++++++++++++++++++++++++++++++++++++++++++++++++++++++++++++++++++++++++++|
|                               Programm Details                               |
|------------------------------------------------------------------------------|
| * library vers.      v0.1                                                    |
|     -- Loader vers.  v0.1                                                    |
|     -- Vault vers.   v0.1                                                    |
|     -- Do_qmp2 vers. v0.1                                                    |
|------------------------------------------------------------------------------|
| * OpenMP enabled                                                             |
|     -- threads:   48                                                         |
| * MPI enabled                                                                |
|     -- processes: 7                                                          |
|++++++++++++++++++++++++++++++++++++++++++++++++++++++++++++++++++++++++++++++|
|                              Calculation Details                             |
|------------------------------------------------------------------------------|
| * Method:             Q-MP(2)                                                |
|------------------------------------------------------------------------------|
| * grid points (3D):   4560                                                   |
| * grid points (1D):   16                                                     |
|------------------------------------------------------------------------------|
| * atomic orbitals:    26                                                     |
| * molecular orbitals: 26                                                     |
|     -- occupied:      9                                                      |
|     -- virtual:       17                                                     |
|------------------------------------------------------------------------------|
|                                    Results                                   |
|------------------------------------------------------------------------------|
| * Ground State Energy Correction (eV): -0.216353                             |
|++++++++++++++++++++++++++++++++++++++++++++++++++++++++++++++++++++++++++++++|
|                              Calculation Timings                             |
|------------------------------------------------------------------------------|
| Timing Qmp2_energy::compute : CPU: 14794 ms ; Wall: 311 ms                   |
|     -- Setting up calculation: CPU: 0 ms ; Wall: 0 ms                        |
|     -- Calc. Batch 1/2: CPU: 722 ms ; Wall: 15 ms                            |
|     -- Calc. Batch 2/2: CPU: 14072 ms ; Wall: 295 ms                         |
| Gather result fr. nodes : CPU: 47 ms ; Wall: 0 ms                            |
|------------------------------------------------------------------------------|
|             if no timings are printed, choose higher print level             |
|______________________________________________________________________________|

