/home/hd/hd_hd/hd_tb381/workspace/libqqc/runs/scan_hybrid
n1411
Sa 16. Apr 10:21:03 CEST 2022
#!/bin/bash
#SBATCH -J libqqc_hybrid_5x48
#SBATCH -n5 --cpus-per-task=48 -t12:00:00
#SBATCH --mem=200G
#SBATCH --job-name=libqqc_hybrid_5x48
#SBATCH --output=libqqc_hybrid_5x48_por-%j.out
#SBATCH --error=libqqc_hybrid_5x48_por-%j.err
pwd; hostname; date
cat run_5x48.sh
module load compiler/gnu
module load mpi/openmpi
cd ../../host_example/.
mpic++ -fopenmp -O3 -ffast-math -march=native main_mpi.cpp ../lib/libqqc.a -o 5x48.out
OMP_NUM_THREADS=48 srun --cpus-per-task=$OMP_NUM_THREADS ./5x48.out
rm 5x48.out
Timing Loader_qmp2_from_file:: loader :CPU: 0 ms ; Wall: 0 ms
Timings AoToMo CGTO: CPU: 528 ms ; Wall: 49 ms
    -- Loading in: CPU: 33 ms ; Wall: 33 ms
    -- Distribute Batch: CPU: 1 ms ; Wall: 0 ms
    -- Tranforming Batch: CPU: 91 ms ; Wall: 2 ms
    -- Distribute Batch Results: CPU: 144 ms ; Wall: 3 ms

Timings AoToMo Coulomb Integral: CPU: 1811 ms ; Wall: 812 ms
    -- Loading in: CPU: 777 ms ; Wall: 778 ms
    -- Distribute Batch: CPU: 5 ms ; Wall: 4 ms
    -- Transforming Batch: CPU: 716 ms ; Wall: 16 ms
    -- Distribute Batch Results: CPU: 191 ms ; Wall: 3 ms

Timing Vault_qmp2:: vault : CPU: 2387 ms ; Wall: 885 ms
Timing Do_qmp2:: qmp2 : CPU: 20279 ms ; Wall: 426 ms
 ______________________________________________________________________________ 
|                                                                              |
|                  ** Quadrature Calculation through libqqc **                 |
|                                                                              |
|++++++++++++++++++++++++++++++++++++++++++++++++++++++++++++++++++++++++++++++|
| * Author(s): Benjamin Thomitzni                                              |
|++++++++++++++++++++++++++++++++++++++++++++++++++++++++++++++++++++++++++++++|
|                               Programm Details                               |
|------------------------------------------------------------------------------|
| * library vers.      v0.1                                                    |
|     -- Loader vers.  v0.1                                                    |
|     -- Vault vers.   v0.1                                                    |
|     -- Do_qmp2 vers. v0.1                                                    |
|------------------------------------------------------------------------------|
| * OpenMP enabled                                                             |
|     -- threads:   48                                                         |
| * MPI enabled                                                                |
|     -- processes: 5                                                          |
|++++++++++++++++++++++++++++++++++++++++++++++++++++++++++++++++++++++++++++++|
|                              Calculation Details                             |
|------------------------------------------------------------------------------|
| * Method:             Q-MP(2)                                                |
|------------------------------------------------------------------------------|
| * grid points (3D):   4560                                                   |
| * grid points (1D):   16                                                     |
|------------------------------------------------------------------------------|
| * atomic orbitals:    26                                                     |
| * molecular orbitals: 26                                                     |
|     -- occupied:      9                                                      |
|     -- virtual:       17                                                     |
|------------------------------------------------------------------------------|
|                                    Results                                   |
|------------------------------------------------------------------------------|
| * Ground State Energy Correction (eV): -0.216353                             |
|++++++++++++++++++++++++++++++++++++++++++++++++++++++++++++++++++++++++++++++|
|                              Calculation Timings                             |
|------------------------------------------------------------------------------|
| Timing Qmp2_energy::compute : CPU: 19912 ms ; Wall: 418 ms                   |
|     -- Setting up calculation: CPU: 0 ms ; Wall: 0 ms                        |
|     -- Calc. Batch 1/2: CPU: 1107 ms ; Wall: 23 ms                           |
|     -- Calc. Batch 2/2: CPU: 18805 ms ; Wall: 394 ms                         |
| Gather result fr. nodes : CPU: 269 ms ; Wall: 6 ms                           |
|------------------------------------------------------------------------------|
|             if no timings are printed, choose higher print level             |
|______________________________________________________________________________|

