/home/hd/hd_hd/hd_tb381/workspace/libqqc/runs/scan_hybrid
n1533
Sa 16. Apr 10:20:58 CEST 2022
#!/bin/bash
#SBATCH -J libqqc_hybrid_1x36
#SBATCH -n1 --cpus-per-task=36 -t12:00:00
#SBATCH --mem=200G
#SBATCH --job-name=libqqc_hybrid_1x36
#SBATCH --output=libqqc_hybrid_1x36_por-%j.out
#SBATCH --error=libqqc_hybrid_1x36_por-%j.err
pwd; hostname; date
cat run_1x36.sh
module load compiler/gnu
module load mpi/openmpi
cd ../../host_example/.
mpic++ -fopenmp -O3 -ffast-math -march=native main_mpi.cpp ../lib/libqqc.a -o 1x36.out
OMP_NUM_THREADS=36 srun --cpus-per-task=$OMP_NUM_THREADS ./1x36.out
rm 1x36.out
Timing Loader_qmp2_from_file:: loader :CPU: 0 ms ; Wall: 0 ms
Timings AoToMo CGTO: CPU: 435 ms ; Wall: 48 ms
    -- Loading in: CPU: 33 ms ; Wall: 32 ms
    -- Distribute Batch: CPU: 0 ms ; Wall: 0 ms
    -- Tranforming Batch: CPU: 219 ms ; Wall: 6 ms
    -- Distribute Batch Results: CPU: 0 ms ; Wall: 0 ms

Timings AoToMo Coulomb Integral: CPU: 3962 ms ; Wall: 880 ms
    -- Loading in: CPU: 779 ms ; Wall: 780 ms
    -- Distribute Batch: CPU: 0 ms ; Wall: 0 ms
    -- Transforming Batch: CPU: 2969 ms ; Wall: 83 ms
    -- Distribute Batch Results: CPU: 0 ms ; Wall: 0 ms

Timing Vault_qmp2:: vault : CPU: 4433 ms ; Wall: 939 ms
Timing Do_qmp2:: qmp2 : CPU: 95235 ms ; Wall: 2653 ms
 ______________________________________________________________________________ 
|                                                                              |
|                  ** Quadrature Calculation through libqqc **                 |
|                                                                              |
|++++++++++++++++++++++++++++++++++++++++++++++++++++++++++++++++++++++++++++++|
| * Author(s): Benjamin Thomitzni                                              |
|++++++++++++++++++++++++++++++++++++++++++++++++++++++++++++++++++++++++++++++|
|                               Programm Details                               |
|------------------------------------------------------------------------------|
| * library vers.      v0.1                                                    |
|     -- Loader vers.  v0.1                                                    |
|     -- Vault vers.   v0.1                                                    |
|     -- Do_qmp2 vers. v0.1                                                    |
|------------------------------------------------------------------------------|
| * OpenMP enabled                                                             |
|     -- threads:   36                                                         |
| * MPI enabled                                                                |
|     -- processes: 1                                                          |
|++++++++++++++++++++++++++++++++++++++++++++++++++++++++++++++++++++++++++++++|
|                              Calculation Details                             |
|------------------------------------------------------------------------------|
| * Method:             Q-MP(2)                                                |
|------------------------------------------------------------------------------|
| * grid points (3D):   4560                                                   |
| * grid points (1D):   16                                                     |
|------------------------------------------------------------------------------|
| * atomic orbitals:    26                                                     |
| * molecular orbitals: 26                                                     |
|     -- occupied:      9                                                      |
|     -- virtual:       17                                                     |
|------------------------------------------------------------------------------|
|                                    Results                                   |
|------------------------------------------------------------------------------|
| * Ground State Energy Correction (eV): -0.216353                             |
|++++++++++++++++++++++++++++++++++++++++++++++++++++++++++++++++++++++++++++++|
|                              Calculation Timings                             |
|------------------------------------------------------------------------------|
| Timing Qmp2_energy::compute : CPU: 95124 ms ; Wall: 2650 ms                  |
|     -- Setting up calculation: CPU: 17 ms ; Wall: 0 ms                       |
|     -- Calc. Batch 1/2: CPU: 24131 ms ; Wall: 673 ms                         |
|     -- Calc. Batch 2/2: CPU: 70976 ms ; Wall: 1976 ms                        |
| Gather result fr. nodes : CPU: 0 ms ; Wall: 0 ms                             |
|------------------------------------------------------------------------------|
|             if no timings are printed, choose higher print level             |
|______________________________________________________________________________|

