/home/hd/hd_hd/hd_tb381/workspace/libqqc/runs/scan_hybrid
n1403
Sa 16. Apr 10:21:02 CEST 2022
#!/bin/bash
#SBATCH -J libqqc_hybrid_3x48
#SBATCH -n3 --cpus-per-task=48 -t12:00:00
#SBATCH --mem=200G
#SBATCH --job-name=libqqc_hybrid_3x48
#SBATCH --output=libqqc_hybrid_3x48_por-%j.out
#SBATCH --error=libqqc_hybrid_3x48_por-%j.err
pwd; hostname; date
cat run_3x48.sh
module load compiler/gnu
module load mpi/openmpi
cd ../../host_example/.
mpic++ -fopenmp -O3 -ffast-math -march=native main_mpi.cpp ../lib/libqqc.a -o 3x48.out
OMP_NUM_THREADS=48 srun --cpus-per-task=$OMP_NUM_THREADS ./3x48.out
rm 3x48.out
Timing Loader_qmp2_from_file:: loader :CPU: 0 ms ; Wall: 0 ms
Timings AoToMo CGTO: CPU: 569 ms ; Wall: 50 ms
    -- Loading in: CPU: 33 ms ; Wall: 33 ms
    -- Distribute Batch: CPU: 0 ms ; Wall: 0 ms
    -- Tranforming Batch: CPU: 238 ms ; Wall: 5 ms
    -- Distribute Batch Results: CPU: 48 ms ; Wall: 1 ms

Timings AoToMo Coulomb Integral: CPU: 2701 ms ; Wall: 842 ms
    -- Loading in: CPU: 789 ms ; Wall: 790 ms
    -- Distribute Batch: CPU: 4 ms ; Wall: 3 ms
    -- Transforming Batch: CPU: 1517 ms ; Wall: 32 ms
    -- Distribute Batch Results: CPU: 191 ms ; Wall: 4 ms

Timing Vault_qmp2:: vault : CPU: 3324 ms ; Wall: 913 ms
Timing Do_qmp2:: qmp2 : CPU: 33336 ms ; Wall: 698 ms
 ______________________________________________________________________________ 
|                                                                              |
|                  ** Quadrature Calculation through libqqc **                 |
|                                                                              |
|++++++++++++++++++++++++++++++++++++++++++++++++++++++++++++++++++++++++++++++|
| * Author(s): Benjamin Thomitzni                                              |
|++++++++++++++++++++++++++++++++++++++++++++++++++++++++++++++++++++++++++++++|
|                               Programm Details                               |
|------------------------------------------------------------------------------|
| * library vers.      v0.1                                                    |
|     -- Loader vers.  v0.1                                                    |
|     -- Vault vers.   v0.1                                                    |
|     -- Do_qmp2 vers. v0.1                                                    |
|------------------------------------------------------------------------------|
| * OpenMP enabled                                                             |
|     -- threads:   48                                                         |
| * MPI enabled                                                                |
|     -- processes: 3                                                          |
|++++++++++++++++++++++++++++++++++++++++++++++++++++++++++++++++++++++++++++++|
|                              Calculation Details                             |
|------------------------------------------------------------------------------|
| * Method:             Q-MP(2)                                                |
|------------------------------------------------------------------------------|
| * grid points (3D):   4560                                                   |
| * grid points (1D):   16                                                     |
|------------------------------------------------------------------------------|
| * atomic orbitals:    26                                                     |
| * molecular orbitals: 26                                                     |
|     -- occupied:      9                                                      |
|     -- virtual:       17                                                     |
|------------------------------------------------------------------------------|
|                                    Results                                   |
|------------------------------------------------------------------------------|
| * Ground State Energy Correction (eV): -0.216353                             |
|++++++++++++++++++++++++++++++++++++++++++++++++++++++++++++++++++++++++++++++|
|                              Calculation Timings                             |
|------------------------------------------------------------------------------|
| Timing Qmp2_energy::compute : CPU: 33094 ms ; Wall: 693 ms                   |
|     -- Setting up calculation: CPU: 0 ms ; Wall: 0 ms                        |
|     -- Calc. Batch 1/2: CPU: 2763 ms ; Wall: 59 ms                           |
|     -- Calc. Batch 2/2: CPU: 30331 ms ; Wall: 634 ms                         |
| Gather result fr. nodes : CPU: 143 ms ; Wall: 2 ms                           |
|------------------------------------------------------------------------------|
|             if no timings are printed, choose higher print level             |
|______________________________________________________________________________|

