/home/hd/hd_hd/hd_tb381/workspace/libqqc/runs/scan_hybrid
n1507
Sa 16. Apr 10:20:58 CEST 2022
#!/bin/bash
#SBATCH -J libqqc_hybrid_1x32
#SBATCH -n1 --cpus-per-task=32 -t12:00:00
#SBATCH --mem=200G
#SBATCH --job-name=libqqc_hybrid_1x32
#SBATCH --output=libqqc_hybrid_1x32_por-%j.out
#SBATCH --error=libqqc_hybrid_1x32_por-%j.err
pwd; hostname; date
cat run_1x32.sh
module load compiler/gnu
module load mpi/openmpi
cd ../../host_example/.
mpic++ -fopenmp -O3 -ffast-math -march=native main_mpi.cpp ../lib/libqqc.a -o 1x32.out
OMP_NUM_THREADS=32 srun --cpus-per-task=$OMP_NUM_THREADS ./1x32.out
rm 1x32.out
Timing Loader_qmp2_from_file:: loader :CPU: 0 ms ; Wall: 0 ms
Timings AoToMo CGTO: CPU: 487 ms ; Wall: 53 ms
    -- Loading in: CPU: 33 ms ; Wall: 32 ms
    -- Distribute Batch: CPU: 0 ms ; Wall: 0 ms
    -- Tranforming Batch: CPU: 288 ms ; Wall: 9 ms
    -- Distribute Batch Results: CPU: 0 ms ; Wall: 0 ms

Timings AoToMo Coulomb Integral: CPU: 3363 ms ; Wall: 871 ms
    -- Loading in: CPU: 779 ms ; Wall: 780 ms
    -- Distribute Batch: CPU: 0 ms ; Wall: 0 ms
    -- Transforming Batch: CPU: 2418 ms ; Wall: 76 ms
    -- Distribute Batch Results: CPU: 0 ms ; Wall: 0 ms

Timing Vault_qmp2:: vault : CPU: 4097 ms ; Wall: 944 ms
Timing Do_qmp2:: qmp2 : CPU: 95645 ms ; Wall: 2998 ms
 ______________________________________________________________________________ 
|                                                                              |
|                  ** Quadrature Calculation through libqqc **                 |
|                                                                              |
|++++++++++++++++++++++++++++++++++++++++++++++++++++++++++++++++++++++++++++++|
| * Author(s): Benjamin Thomitzni                                              |
|++++++++++++++++++++++++++++++++++++++++++++++++++++++++++++++++++++++++++++++|
|                               Programm Details                               |
|------------------------------------------------------------------------------|
| * library vers.      v0.1                                                    |
|     -- Loader vers.  v0.1                                                    |
|     -- Vault vers.   v0.1                                                    |
|     -- Do_qmp2 vers. v0.1                                                    |
|------------------------------------------------------------------------------|
| * OpenMP enabled                                                             |
|     -- threads:   32                                                         |
| * MPI enabled                                                                |
|     -- processes: 1                                                          |
|++++++++++++++++++++++++++++++++++++++++++++++++++++++++++++++++++++++++++++++|
|                              Calculation Details                             |
|------------------------------------------------------------------------------|
| * Method:             Q-MP(2)                                                |
|------------------------------------------------------------------------------|
| * grid points (3D):   4560                                                   |
| * grid points (1D):   16                                                     |
|------------------------------------------------------------------------------|
| * atomic orbitals:    26                                                     |
| * molecular orbitals: 26                                                     |
|     -- occupied:      9                                                      |
|     -- virtual:       17                                                     |
|------------------------------------------------------------------------------|
|                                    Results                                   |
|------------------------------------------------------------------------------|
| * Ground State Energy Correction (eV): -0.216353                             |
|++++++++++++++++++++++++++++++++++++++++++++++++++++++++++++++++++++++++++++++|
|                              Calculation Timings                             |
|------------------------------------------------------------------------------|
| Timing Qmp2_energy::compute : CPU: 95523 ms ; Wall: 2994 ms                  |
|     -- Setting up calculation: CPU: 53 ms ; Wall: 2 ms                       |
|     -- Calc. Batch 1/2: CPU: 23114 ms ; Wall: 724 ms                         |
|     -- Calc. Batch 2/2: CPU: 72356 ms ; Wall: 2268 ms                        |
| Gather result fr. nodes : CPU: 0 ms ; Wall: 0 ms                             |
|------------------------------------------------------------------------------|
|             if no timings are printed, choose higher print level             |
|______________________________________________________________________________|

