/home/hd/hd_hd/hd_tb381/workspace/libqqc/runs/scan_hybrid
n1416
Sa 16. Apr 10:21:11 CEST 2022
#!/bin/bash
#SBATCH -J libqqc_hybrid_9x48
#SBATCH -n9 --cpus-per-task=48 -t12:00:00
#SBATCH --mem=200G
#SBATCH --job-name=libqqc_hybrid_9x48
#SBATCH --output=libqqc_hybrid_9x48_por-%j.out
#SBATCH --error=libqqc_hybrid_9x48_por-%j.err
pwd; hostname; date
cat run_9x48.sh
module load compiler/gnu
module load mpi/openmpi
cd ../../host_example/.
mpic++ -fopenmp -O3 -ffast-math -march=native main_mpi.cpp ../lib/libqqc.a -o 9x48.out
OMP_NUM_THREADS=48 srun --cpus-per-task=$OMP_NUM_THREADS ./9x48.out
rm 9x48.out
Timing Loader_qmp2_from_file:: loader :CPU: 0 ms ; Wall: 0 ms
Timings AoToMo CGTO: CPU: 552 ms ; Wall: 49 ms
    -- Loading in: CPU: 33 ms ; Wall: 33 ms
    -- Distribute Batch: CPU: 1 ms ; Wall: 1 ms
    -- Tranforming Batch: CPU: 15 ms ; Wall: 1 ms
    -- Distribute Batch Results: CPU: 237 ms ; Wall: 4 ms

Timings AoToMo Coulomb Integral: CPU: 1518 ms ; Wall: 832 ms
    -- Loading in: CPU: 803 ms ; Wall: 803 ms
    -- Distribute Batch: CPU: 6 ms ; Wall: 6 ms
    -- Transforming Batch: CPU: 391 ms ; Wall: 8 ms
    -- Distribute Batch Results: CPU: 254 ms ; Wall: 5 ms

Timing Vault_qmp2:: vault : CPU: 2100 ms ; Wall: 904 ms
Timing Do_qmp2:: qmp2 : CPU: 11689 ms ; Wall: 247 ms
 ______________________________________________________________________________ 
|                                                                              |
|                  ** Quadrature Calculation through libqqc **                 |
|                                                                              |
|++++++++++++++++++++++++++++++++++++++++++++++++++++++++++++++++++++++++++++++|
| * Author(s): Benjamin Thomitzni                                              |
|++++++++++++++++++++++++++++++++++++++++++++++++++++++++++++++++++++++++++++++|
|                               Programm Details                               |
|------------------------------------------------------------------------------|
| * library vers.      v0.1                                                    |
|     -- Loader vers.  v0.1                                                    |
|     -- Vault vers.   v0.1                                                    |
|     -- Do_qmp2 vers. v0.1                                                    |
|------------------------------------------------------------------------------|
| * OpenMP enabled                                                             |
|     -- threads:   48                                                         |
| * MPI enabled                                                                |
|     -- processes: 9                                                          |
|++++++++++++++++++++++++++++++++++++++++++++++++++++++++++++++++++++++++++++++|
|                              Calculation Details                             |
|------------------------------------------------------------------------------|
| * Method:             Q-MP(2)                                                |
|------------------------------------------------------------------------------|
| * grid points (3D):   4560                                                   |
| * grid points (1D):   16                                                     |
|------------------------------------------------------------------------------|
| * atomic orbitals:    26                                                     |
| * molecular orbitals: 26                                                     |
|     -- occupied:      9                                                      |
|     -- virtual:       17                                                     |
|------------------------------------------------------------------------------|
|                                    Results                                   |
|------------------------------------------------------------------------------|
| * Ground State Energy Correction (eV): -0.216353                             |
|++++++++++++++++++++++++++++++++++++++++++++++++++++++++++++++++++++++++++++++|
|                              Calculation Timings                             |
|------------------------------------------------------------------------------|
| Timing Qmp2_energy::compute : CPU: 11636 ms ; Wall: 245 ms                   |
|     -- Setting up calculation: CPU: 30 ms ; Wall: 0 ms                       |
|     -- Calc. Batch 1/2: CPU: 304 ms ; Wall: 8 ms                             |
|     -- Calc. Batch 2/2: CPU: 11302 ms ; Wall: 236 ms                         |
| Gather result fr. nodes : CPU: 0 ms ; Wall: 0 ms                             |
|------------------------------------------------------------------------------|
|             if no timings are printed, choose higher print level             |
|______________________________________________________________________________|

