/home/hd/hd_hd/hd_tb381/workspace/libqqc/runs/scan_hybrid
n1410
Sa 16. Apr 10:21:02 CEST 2022
#!/bin/bash
#SBATCH -J libqqc_hybrid_13x48
#SBATCH -n13 --cpus-per-task=48 -t12:00:00
#SBATCH --mem=200G
#SBATCH --job-name=libqqc_hybrid_13x48
#SBATCH --output=libqqc_hybrid_13x48_por-%j.out
#SBATCH --error=libqqc_hybrid_13x48_por-%j.err
pwd; hostname; date
cat run_13x48.sh
module load compiler/gnu
module load mpi/openmpi
cd ../../host_example/.
mpic++ -fopenmp -O3 -ffast-math -march=native main_mpi.cpp ../lib/libqqc.a -o 13x48.out
OMP_NUM_THREADS=48 srun --cpus-per-task=$OMP_NUM_THREADS ./13x48.out
rm 13x48.out
Timing Loader_qmp2_from_file:: loader :CPU: 0 ms ; Wall: 0 ms
Timings AoToMo CGTO: CPU: 595 ms ; Wall: 71 ms
    -- Loading in: CPU: 47 ms ; Wall: 54 ms
    -- Distribute Batch: CPU: 1 ms ; Wall: 1 ms
    -- Tranforming Batch: CPU: 15 ms ; Wall: 1 ms
    -- Distribute Batch Results: CPU: 275 ms ; Wall: 5 ms

Timings AoToMo Coulomb Integral: CPU: 1411 ms ; Wall: 872 ms
    -- Loading in: CPU: 798 ms ; Wall: 822 ms
    -- Distribute Batch: CPU: 9 ms ; Wall: 9 ms
    -- Transforming Batch: CPU: 331 ms ; Wall: 7 ms
    -- Distribute Batch Results: CPU: 265 ms ; Wall: 24 ms

Timing Vault_qmp2:: vault : CPU: 2051 ms ; Wall: 974 ms
Timing Do_qmp2:: qmp2 : CPU: 7997 ms ; Wall: 216 ms
 ______________________________________________________________________________ 
|                                                                              |
|                  ** Quadrature Calculation through libqqc **                 |
|                                                                              |
|++++++++++++++++++++++++++++++++++++++++++++++++++++++++++++++++++++++++++++++|
| * Author(s): Benjamin Thomitzni                                              |
|++++++++++++++++++++++++++++++++++++++++++++++++++++++++++++++++++++++++++++++|
|                               Programm Details                               |
|------------------------------------------------------------------------------|
| * library vers.      v0.1                                                    |
|     -- Loader vers.  v0.1                                                    |
|     -- Vault vers.   v0.1                                                    |
|     -- Do_qmp2 vers. v0.1                                                    |
|------------------------------------------------------------------------------|
| * OpenMP enabled                                                             |
|     -- threads:   48                                                         |
| * MPI enabled                                                                |
|     -- processes: 13                                                         |
|++++++++++++++++++++++++++++++++++++++++++++++++++++++++++++++++++++++++++++++|
|                              Calculation Details                             |
|------------------------------------------------------------------------------|
| * Method:             Q-MP(2)                                                |
|------------------------------------------------------------------------------|
| * grid points (3D):   4560                                                   |
| * grid points (1D):   16                                                     |
|------------------------------------------------------------------------------|
| * atomic orbitals:    26                                                     |
| * molecular orbitals: 26                                                     |
|     -- occupied:      9                                                      |
|     -- virtual:       17                                                     |
|------------------------------------------------------------------------------|
|                                    Results                                   |
|------------------------------------------------------------------------------|
| * Ground State Energy Correction (eV): -0.216353                             |
|++++++++++++++++++++++++++++++++++++++++++++++++++++++++++++++++++++++++++++++|
|                              Calculation Timings                             |
|------------------------------------------------------------------------------|
| Timing Qmp2_energy::compute : CPU: 7547 ms ; Wall: 159 ms                    |
|     -- Setting up calculation: CPU: 32 ms ; Wall: 0 ms                       |
|     -- Calc. Batch 1/2: CPU: 155 ms ; Wall: 4 ms                             |
|     -- Calc. Batch 2/2: CPU: 7360 ms ; Wall: 154 ms                          |
| Gather result fr. nodes : CPU: 331 ms ; Wall: 52 ms                          |
|------------------------------------------------------------------------------|
|             if no timings are printed, choose higher print level             |
|______________________________________________________________________________|

