/home/hd/hd_hd/hd_tb381/workspace/libqqc/runs/scan_hybrid
n1406
Sa 16. Apr 10:21:02 CEST 2022
#!/bin/bash
#SBATCH -J libqqc_hybrid_4x48
#SBATCH -n4 --cpus-per-task=48 -t12:00:00
#SBATCH --mem=200G
#SBATCH --job-name=libqqc_hybrid_4x48
#SBATCH --output=libqqc_hybrid_4x48_por-%j.out
#SBATCH --error=libqqc_hybrid_4x48_por-%j.err
pwd; hostname; date
cat run_4x48.sh
module load compiler/gnu
module load mpi/openmpi
cd ../../host_example/.
mpic++ -fopenmp -O3 -ffast-math -march=native main_mpi.cpp ../lib/libqqc.a -o 4x48.out
OMP_NUM_THREADS=48 srun --cpus-per-task=$OMP_NUM_THREADS ./4x48.out
rm 4x48.out
Timing Loader_qmp2_from_file:: loader :CPU: 0 ms ; Wall: 0 ms
Timings AoToMo CGTO: CPU: 550 ms ; Wall: 47 ms
    -- Loading in: CPU: 32 ms ; Wall: 32 ms
    -- Distribute Batch: CPU: 0 ms ; Wall: 0 ms
    -- Tranforming Batch: CPU: 118 ms ; Wall: 3 ms
    -- Distribute Batch Results: CPU: 143 ms ; Wall: 3 ms

Timings AoToMo Coulomb Integral: CPU: 2021 ms ; Wall: 820 ms
    -- Loading in: CPU: 782 ms ; Wall: 782 ms
    -- Distribute Batch: CPU: 4 ms ; Wall: 4 ms
    -- Transforming Batch: CPU: 868 ms ; Wall: 19 ms
    -- Distribute Batch Results: CPU: 238 ms ; Wall: 4 ms

Timing Vault_qmp2:: vault : CPU: 2618 ms ; Wall: 891 ms
Timing Do_qmp2:: qmp2 : CPU: 25009 ms ; Wall: 527 ms
 ______________________________________________________________________________ 
|                                                                              |
|                  ** Quadrature Calculation through libqqc **                 |
|                                                                              |
|++++++++++++++++++++++++++++++++++++++++++++++++++++++++++++++++++++++++++++++|
| * Author(s): Benjamin Thomitzni                                              |
|++++++++++++++++++++++++++++++++++++++++++++++++++++++++++++++++++++++++++++++|
|                               Programm Details                               |
|------------------------------------------------------------------------------|
| * library vers.      v0.1                                                    |
|     -- Loader vers.  v0.1                                                    |
|     -- Vault vers.   v0.1                                                    |
|     -- Do_qmp2 vers. v0.1                                                    |
|------------------------------------------------------------------------------|
| * OpenMP enabled                                                             |
|     -- threads:   48                                                         |
| * MPI enabled                                                                |
|     -- processes: 4                                                          |
|++++++++++++++++++++++++++++++++++++++++++++++++++++++++++++++++++++++++++++++|
|                              Calculation Details                             |
|------------------------------------------------------------------------------|
| * Method:             Q-MP(2)                                                |
|------------------------------------------------------------------------------|
| * grid points (3D):   4560                                                   |
| * grid points (1D):   16                                                     |
|------------------------------------------------------------------------------|
| * atomic orbitals:    26                                                     |
| * molecular orbitals: 26                                                     |
|     -- occupied:      9                                                      |
|     -- virtual:       17                                                     |
|------------------------------------------------------------------------------|
|                                    Results                                   |
|------------------------------------------------------------------------------|
| * Ground State Energy Correction (eV): -0.216353                             |
|++++++++++++++++++++++++++++++++++++++++++++++++++++++++++++++++++++++++++++++|
|                              Calculation Timings                             |
|------------------------------------------------------------------------------|
| Timing Qmp2_energy::compute : CPU: 24696 ms ; Wall: 517 ms                   |
|     -- Setting up calculation: CPU: 0 ms ; Wall: 0 ms                        |
|     -- Calc. Batch 1/2: CPU: 1570 ms ; Wall: 33 ms                           |
|     -- Calc. Batch 2/2: CPU: 23126 ms ; Wall: 483 ms                         |
| Gather result fr. nodes : CPU: 255 ms ; Wall: 8 ms                           |
|------------------------------------------------------------------------------|
|             if no timings are printed, choose higher print level             |
|______________________________________________________________________________|

