/home/hd/hd_hd/hd_tb381/workspace/libqqc/runs/folder/scan_mpionly
n1414
Sa 16. Apr 00:13:06 CEST 2022
#!/bin/bash
#SBATCH -J libqqc_mpionly_624x1
#SBATCH -n624 --cpus-per-task=1 -t12:00:00
#SBATCH --mem=200G
#SBATCH --job-name=libqqc_mpionly_624x1
#SBATCH --output=libqqc_mpionly_624x1_por-%j.out
#SBATCH --error=libqqc_mpionly_624x1_por-%j.err
pwd; hostname; date
cat run_624x1.sh
module load compiler/gnu
module load mpi/openmpi
cd ../../../host_example/.
mpic++ -fopenmp -O3 -ffast-math -march=native main_mpi.cpp ../lib/libqqc.a -o 624x1.out
OMP_NUM_THREADS=1 srun --cpus-per-task=$OMP_NUM_THREADS ./624x1.out
rm 624x1.out
Timing Loader_qmp2_from_file:: loader :CPU: 0 ms ; Wall: 1 ms
Timings AoToMo CGTO: CPU: 1308 ms ; Wall: 1396 ms
    -- Loading in: CPU: 962 ms ; Wall: 965 ms
    -- Distribute Batch: CPU: 106 ms ; Wall: 186 ms
    -- Tranforming Batch: CPU: 6 ms ; Wall: 6 ms
    -- Distribute Batch Results: CPU: 193 ms ; Wall: 193 ms

Timings AoToMo Coulomb Integral: CPU: 152544 ms ; Wall: 153144 ms
    -- Loading in: CPU: 137003 ms ; Wall: 137543 ms
    -- Distribute Batch: CPU: 949 ms ; Wall: 952 ms
    -- Transforming Batch: CPU: 10049 ms ; Wall: 10085 ms
    -- Distribute Batch Results: CPU: 4483 ms ; Wall: 4499 ms

Timing Vault_qmp2:: vault : CPU: 154218 ms ; Wall: 154938 ms
Timing Do_qmp2:: qmp2 : CPU: 85597 ms ; Wall: 85870 ms
 ______________________________________________________________________________ 
|                                                                              |
|                  ** Quadrature Calculation through libqqc **                 |
|                                                                              |
|++++++++++++++++++++++++++++++++++++++++++++++++++++++++++++++++++++++++++++++|
| * Author(s): Benjamin Thomitzni                                              |
|++++++++++++++++++++++++++++++++++++++++++++++++++++++++++++++++++++++++++++++|
|                               Programm Details                               |
|------------------------------------------------------------------------------|
| * library vers.      v0.1                                                    |
|     -- Loader vers.  v0.1                                                    |
|     -- Vault vers.   v0.1                                                    |
|     -- Do_qmp2 vers. v0.1                                                    |
|------------------------------------------------------------------------------|
| * OpenMP enabled                                                             |
|     -- threads:   1                                                          |
| * MPI enabled                                                                |
|     -- processes: 624                                                        |
|++++++++++++++++++++++++++++++++++++++++++++++++++++++++++++++++++++++++++++++|
|                              Calculation Details                             |
|------------------------------------------------------------------------------|
| * Method:             Q-MP(2)                                                |
|------------------------------------------------------------------------------|
| * grid points (3D):   18240                                                  |
| * grid points (1D):   16                                                     |
|------------------------------------------------------------------------------|
| * atomic orbitals:    146                                                    |
| * molecular orbitals: 146                                                    |
|     -- occupied:      47                                                     |
|     -- virtual:       99                                                     |
|------------------------------------------------------------------------------|
|                                    Results                                   |
|------------------------------------------------------------------------------|
| * Ground State Energy Correction (eV): -1.24223                              |
|++++++++++++++++++++++++++++++++++++++++++++++++++++++++++++++++++++++++++++++|
|                              Calculation Timings                             |
|------------------------------------------------------------------------------|
| Timing Qmp2_energy::compute : CPU: 64312 ms ; Wall: 64552 ms                 |
|     -- Setting up calculation: CPU: 317 ms ; Wall: 319 ms                    |
|     -- Calc. Batch 1/2: CPU: 22 ms ; Wall: 21 ms                             |
|     -- Calc. Batch 2/2: CPU: 63973 ms ; Wall: 64209 ms                       |
| Gather result fr. nodes : CPU: 21269 ms ; Wall: 21300 ms                     |
|------------------------------------------------------------------------------|
|             if no timings are printed, choose higher print level             |
|______________________________________________________________________________|

