/home/hd/hd_hd/hd_tb381/workspace/libqqc/runs/folder/scan_mpionly
n1601
Sa 16. Apr 00:24:53 CEST 2022
#!/bin/bash
#SBATCH -J libqqc_mpionly_816x1
#SBATCH -n816 --cpus-per-task=1 -t12:00:00
#SBATCH --mem=200G
#SBATCH --job-name=libqqc_mpionly_816x1
#SBATCH --output=libqqc_mpionly_816x1_por-%j.out
#SBATCH --error=libqqc_mpionly_816x1_por-%j.err
pwd; hostname; date
cat run_816x1.sh
module load compiler/gnu
module load mpi/openmpi
cd ../../../host_example/.
mpic++ -fopenmp -O3 -ffast-math -march=native main_mpi.cpp ../lib/libqqc.a -o 816x1.out
OMP_NUM_THREADS=1 srun --cpus-per-task=$OMP_NUM_THREADS ./816x1.out
rm 816x1.out
Timing Loader_qmp2_from_file:: loader :CPU: 0 ms ; Wall: 0 ms
Timings AoToMo CGTO: CPU: 1467 ms ; Wall: 1586 ms
    -- Loading in: CPU: 970 ms ; Wall: 974 ms
    -- Distribute Batch: CPU: 138 ms ; Wall: 250 ms
    -- Tranforming Batch: CPU: 11 ms ; Wall: 10 ms
    -- Distribute Batch Results: CPU: 304 ms ; Wall: 305 ms

Timings AoToMo Coulomb Integral: CPU: 166684 ms ; Wall: 167329 ms
    -- Loading in: CPU: 143670 ms ; Wall: 144211 ms
    -- Distribute Batch: CPU: 1039 ms ; Wall: 1043 ms
    -- Transforming Batch: CPU: 18483 ms ; Wall: 18566 ms
    -- Distribute Batch Results: CPU: 3418 ms ; Wall: 3431 ms

Timing Vault_qmp2:: vault : CPU: 168547 ms ; Wall: 169342 ms
Timing Do_qmp2:: qmp2 : CPU: 52416 ms ; Wall: 52631 ms
 ______________________________________________________________________________ 
|                                                                              |
|                  ** Quadrature Calculation through libqqc **                 |
|                                                                              |
|++++++++++++++++++++++++++++++++++++++++++++++++++++++++++++++++++++++++++++++|
| * Author(s): Benjamin Thomitzni                                              |
|++++++++++++++++++++++++++++++++++++++++++++++++++++++++++++++++++++++++++++++|
|                               Programm Details                               |
|------------------------------------------------------------------------------|
| * library vers.      v0.1                                                    |
|     -- Loader vers.  v0.1                                                    |
|     -- Vault vers.   v0.1                                                    |
|     -- Do_qmp2 vers. v0.1                                                    |
|------------------------------------------------------------------------------|
| * OpenMP enabled                                                             |
|     -- threads:   1                                                          |
| * MPI enabled                                                                |
|     -- processes: 816                                                        |
|++++++++++++++++++++++++++++++++++++++++++++++++++++++++++++++++++++++++++++++|
|                              Calculation Details                             |
|------------------------------------------------------------------------------|
| * Method:             Q-MP(2)                                                |
|------------------------------------------------------------------------------|
| * grid points (3D):   18240                                                  |
| * grid points (1D):   16                                                     |
|------------------------------------------------------------------------------|
| * atomic orbitals:    146                                                    |
| * molecular orbitals: 146                                                    |
|     -- occupied:      47                                                     |
|     -- virtual:       99                                                     |
|------------------------------------------------------------------------------|
|                                    Results                                   |
|------------------------------------------------------------------------------|
| * Ground State Energy Correction (eV): -1.24223                              |
|++++++++++++++++++++++++++++++++++++++++++++++++++++++++++++++++++++++++++++++|
|                              Calculation Timings                             |
|------------------------------------------------------------------------------|
| Timing Qmp2_energy::compute : CPU: 51115 ms ; Wall: 51324 ms                 |
|     -- Setting up calculation: CPU: 324 ms ; Wall: 326 ms                    |
|     -- Calc. Batch 1/2: CPU: 12 ms ; Wall: 12 ms                             |
|     -- Calc. Batch 2/2: CPU: 50779 ms ; Wall: 50985 ms                       |
| Gather result fr. nodes : CPU: 1280 ms ; Wall: 1284 ms                       |
|------------------------------------------------------------------------------|
|             if no timings are printed, choose higher print level             |
|______________________________________________________________________________|

