/home/hd/hd_hd/hd_tb381/workspace/libqqc/runs/folder/scan_mpionly
n1405
Sa 16. Apr 00:05:56 CEST 2022
#!/bin/bash
#SBATCH -J libqqc_mpionly_432x1
#SBATCH -n432 --cpus-per-task=1 -t12:00:00
#SBATCH --mem=200G
#SBATCH --job-name=libqqc_mpionly_432x1
#SBATCH --output=libqqc_mpionly_432x1_por-%j.out
#SBATCH --error=libqqc_mpionly_432x1_por-%j.err
pwd; hostname; date
cat run_432x1.sh
module load compiler/gnu
module load mpi/openmpi
cd ../../../host_example/.
mpic++ -fopenmp -O3 -ffast-math -march=native main_mpi.cpp ../lib/libqqc.a -o 432x1.out
OMP_NUM_THREADS=1 srun --cpus-per-task=$OMP_NUM_THREADS ./432x1.out
rm 432x1.out
Timing Loader_qmp2_from_file:: loader :CPU: 0 ms ; Wall: 0 ms
Timings AoToMo CGTO: CPU: 1277 ms ; Wall: 1335 ms
    -- Loading in: CPU: 977 ms ; Wall: 980 ms
    -- Distribute Batch: CPU: 76 ms ; Wall: 129 ms
    -- Tranforming Batch: CPU: 5 ms ; Wall: 4 ms
    -- Distribute Batch Results: CPU: 179 ms ; Wall: 179 ms

Timings AoToMo Coulomb Integral: CPU: 151924 ms ; Wall: 152412 ms
    -- Loading in: CPU: 137556 ms ; Wall: 137993 ms
    -- Distribute Batch: CPU: 908 ms ; Wall: 910 ms
    -- Transforming Batch: CPU: 8088 ms ; Wall: 8115 ms
    -- Distribute Batch Results: CPU: 5319 ms ; Wall: 5336 ms

Timing Vault_qmp2:: vault : CPU: 153555 ms ; Wall: 154127 ms
Timing Do_qmp2:: qmp2 : CPU: 97414 ms ; Wall: 97752 ms
 ______________________________________________________________________________ 
|                                                                              |
|                  ** Quadrature Calculation through libqqc **                 |
|                                                                              |
|++++++++++++++++++++++++++++++++++++++++++++++++++++++++++++++++++++++++++++++|
| * Author(s): Benjamin Thomitzni                                              |
|++++++++++++++++++++++++++++++++++++++++++++++++++++++++++++++++++++++++++++++|
|                               Programm Details                               |
|------------------------------------------------------------------------------|
| * library vers.      v0.1                                                    |
|     -- Loader vers.  v0.1                                                    |
|     -- Vault vers.   v0.1                                                    |
|     -- Do_qmp2 vers. v0.1                                                    |
|------------------------------------------------------------------------------|
| * OpenMP enabled                                                             |
|     -- threads:   1                                                          |
| * MPI enabled                                                                |
|     -- processes: 432                                                        |
|++++++++++++++++++++++++++++++++++++++++++++++++++++++++++++++++++++++++++++++|
|                              Calculation Details                             |
|------------------------------------------------------------------------------|
| * Method:             Q-MP(2)                                                |
|------------------------------------------------------------------------------|
| * grid points (3D):   18240                                                  |
| * grid points (1D):   16                                                     |
|------------------------------------------------------------------------------|
| * atomic orbitals:    146                                                    |
| * molecular orbitals: 146                                                    |
|     -- occupied:      47                                                     |
|     -- virtual:       99                                                     |
|------------------------------------------------------------------------------|
|                                    Results                                   |
|------------------------------------------------------------------------------|
| * Ground State Energy Correction (eV): -1.24223                              |
|++++++++++++++++++++++++++++++++++++++++++++++++++++++++++++++++++++++++++++++|
|                              Calculation Timings                             |
|------------------------------------------------------------------------------|
| Timing Qmp2_energy::compute : CPU: 96659 ms ; Wall: 96996 ms                 |
|     -- Setting up calculation: CPU: 272 ms ; Wall: 274 ms                    |
|     -- Calc. Batch 1/2: CPU: 49 ms ; Wall: 49 ms                             |
|     -- Calc. Batch 2/2: CPU: 96337 ms ; Wall: 96672 ms                       |
| Gather result fr. nodes : CPU: 739 ms ; Wall: 740 ms                         |
|------------------------------------------------------------------------------|
|             if no timings are printed, choose higher print level             |
|______________________________________________________________________________|

