/home/hd/hd_hd/hd_tb381/workspace/libqqc/runs/folder/scan_mpionly
n1607
Sa 16. Apr 00:00:19 CEST 2022
#!/bin/bash
#SBATCH -J libqqc_mpionly_288x1
#SBATCH -n288 --cpus-per-task=1 -t12:00:00
#SBATCH --mem=200G
#SBATCH --job-name=libqqc_mpionly_288x1
#SBATCH --output=libqqc_mpionly_288x1_por-%j.out
#SBATCH --error=libqqc_mpionly_288x1_por-%j.err
pwd; hostname; date
cat run_288x1.sh
module load compiler/gnu
module load mpi/openmpi
cd ../../../host_example/.
mpic++ -fopenmp -O3 -ffast-math -march=native main_mpi.cpp ../lib/libqqc.a -o 288x1.out
OMP_NUM_THREADS=1 srun --cpus-per-task=$OMP_NUM_THREADS ./288x1.out
rm 288x1.out
Timing Loader_qmp2_from_file:: loader :CPU: 0 ms ; Wall: 1 ms
Timings AoToMo CGTO: CPU: 5813 ms ; Wall: 5884 ms
    -- Loading in: CPU: 5575 ms ; Wall: 5606 ms
    -- Distribute Batch: CPU: 61 ms ; Wall: 96 ms
    -- Tranforming Batch: CPU: 6 ms ; Wall: 5 ms
    -- Distribute Batch Results: CPU: 133 ms ; Wall: 134 ms

Timings AoToMo Coulomb Integral: CPU: 164169 ms ; Wall: 164877 ms
    -- Loading in: CPU: 141185 ms ; Wall: 141798 ms
    -- Distribute Batch: CPU: 915 ms ; Wall: 919 ms
    -- Transforming Batch: CPU: 9499 ms ; Wall: 9539 ms
    -- Distribute Batch Results: CPU: 12512 ms ; Wall: 12556 ms

Timing Vault_qmp2:: vault : CPU: 170321 ms ; Wall: 171135 ms
Timing Do_qmp2:: qmp2 : CPU: 147703 ms ; Wall: 148256 ms
 ______________________________________________________________________________ 
|                                                                              |
|                  ** Quadrature Calculation through libqqc **                 |
|                                                                              |
|++++++++++++++++++++++++++++++++++++++++++++++++++++++++++++++++++++++++++++++|
| * Author(s): Benjamin Thomitzni                                              |
|++++++++++++++++++++++++++++++++++++++++++++++++++++++++++++++++++++++++++++++|
|                               Programm Details                               |
|------------------------------------------------------------------------------|
| * library vers.      v0.1                                                    |
|     -- Loader vers.  v0.1                                                    |
|     -- Vault vers.   v0.1                                                    |
|     -- Do_qmp2 vers. v0.1                                                    |
|------------------------------------------------------------------------------|
| * OpenMP enabled                                                             |
|     -- threads:   1                                                          |
| * MPI enabled                                                                |
|     -- processes: 288                                                        |
|++++++++++++++++++++++++++++++++++++++++++++++++++++++++++++++++++++++++++++++|
|                              Calculation Details                             |
|------------------------------------------------------------------------------|
| * Method:             Q-MP(2)                                                |
|------------------------------------------------------------------------------|
| * grid points (3D):   18240                                                  |
| * grid points (1D):   16                                                     |
|------------------------------------------------------------------------------|
| * atomic orbitals:    146                                                    |
| * molecular orbitals: 146                                                    |
|     -- occupied:      47                                                     |
|     -- virtual:       99                                                     |
|------------------------------------------------------------------------------|
|                                    Results                                   |
|------------------------------------------------------------------------------|
| * Ground State Energy Correction (eV): -1.24223                              |
|++++++++++++++++++++++++++++++++++++++++++++++++++++++++++++++++++++++++++++++|
|                              Calculation Timings                             |
|------------------------------------------------------------------------------|
| Timing Qmp2_energy::compute : CPU: 142958 ms ; Wall: 143503 ms               |
|     -- Setting up calculation: CPU: 88 ms ; Wall: 88 ms                      |
|     -- Calc. Batch 1/2: CPU: 134 ms ; Wall: 136 ms                           |
|     -- Calc. Batch 2/2: CPU: 142735 ms ; Wall: 143277 ms                     |
| Gather result fr. nodes : CPU: 4730 ms ; Wall: 4736 ms                       |
|------------------------------------------------------------------------------|
|             if no timings are printed, choose higher print level             |
|______________________________________________________________________________|

