/home/hd/hd_hd/hd_tb381/workspace/libqqc/runs/folder/scan_mpionly
n1425
Fr 15. Apr 23:51:37 CEST 2022
#!/bin/bash
#SBATCH -J libqqc_mpionly_40x1
#SBATCH -n40 --cpus-per-task=1 -t12:00:00
#SBATCH --mem=200G
#SBATCH --job-name=libqqc_mpionly_40x1
#SBATCH --output=libqqc_mpionly_40x1_por-%j.out
#SBATCH --error=libqqc_mpionly_40x1_por-%j.err
pwd; hostname; date
cat run_40x1.sh
module load compiler/gnu
module load mpi/openmpi
cd ../../../host_example/.
mpic++ -fopenmp -O3 -ffast-math -march=native main_mpi.cpp ../lib/libqqc.a -o 40x1.out
OMP_NUM_THREADS=1 srun --cpus-per-task=$OMP_NUM_THREADS ./40x1.out
rm 40x1.out
Timing Loader_qmp2_from_file:: loader :CPU: 0 ms ; Wall: 0 ms
Timings AoToMo CGTO: CPU: 5239 ms ; Wall: 5270 ms
    -- Loading in: CPU: 5070 ms ; Wall: 5098 ms
    -- Distribute Batch: CPU: 16 ms ; Wall: 16 ms
    -- Tranforming Batch: CPU: 15 ms ; Wall: 15 ms
    -- Distribute Batch Results: CPU: 103 ms ; Wall: 103 ms

Timings AoToMo Coulomb Integral: CPU: 161754 ms ; Wall: 162328 ms
    -- Loading in: CPU: 132650 ms ; Wall: 133114 ms
    -- Distribute Batch: CPU: 1288 ms ; Wall: 1291 ms
    -- Transforming Batch: CPU: 25926 ms ; Wall: 26023 ms
    -- Distribute Batch Results: CPU: 1824 ms ; Wall: 1830 ms

Timing Vault_qmp2:: vault : CPU: 167296 ms ; Wall: 167918 ms
Timing Do_qmp2:: qmp2 : CPU: 998152 ms ; Wall: 1001492 ms
 ______________________________________________________________________________ 
|                                                                              |
|                  ** Quadrature Calculation through libqqc **                 |
|                                                                              |
|++++++++++++++++++++++++++++++++++++++++++++++++++++++++++++++++++++++++++++++|
| * Author(s): Benjamin Thomitzni                                              |
|++++++++++++++++++++++++++++++++++++++++++++++++++++++++++++++++++++++++++++++|
|                               Programm Details                               |
|------------------------------------------------------------------------------|
| * library vers.      v0.1                                                    |
|     -- Loader vers.  v0.1                                                    |
|     -- Vault vers.   v0.1                                                    |
|     -- Do_qmp2 vers. v0.1                                                    |
|------------------------------------------------------------------------------|
| * OpenMP enabled                                                             |
|     -- threads:   1                                                          |
| * MPI enabled                                                                |
|     -- processes: 40                                                         |
|++++++++++++++++++++++++++++++++++++++++++++++++++++++++++++++++++++++++++++++|
|                              Calculation Details                             |
|------------------------------------------------------------------------------|
| * Method:             Q-MP(2)                                                |
|------------------------------------------------------------------------------|
| * grid points (3D):   18240                                                  |
| * grid points (1D):   16                                                     |
|------------------------------------------------------------------------------|
| * atomic orbitals:    146                                                    |
| * molecular orbitals: 146                                                    |
|     -- occupied:      47                                                     |
|     -- virtual:       99                                                     |
|------------------------------------------------------------------------------|
|                                    Results                                   |
|------------------------------------------------------------------------------|
| * Ground State Energy Correction (eV): -1.24223                              |
|++++++++++++++++++++++++++++++++++++++++++++++++++++++++++++++++++++++++++++++|
|                              Calculation Timings                             |
|------------------------------------------------------------------------------|
| Timing Qmp2_energy::compute : CPU: 998132 ms ; Wall: 1001472 ms              |
|     -- Setting up calculation: CPU: 424 ms ; Wall: 427 ms                    |
|     -- Calc. Batch 1/2: CPU: 4348 ms ; Wall: 4362 ms                         |
|     -- Calc. Batch 2/2: CPU: 993360 ms ; Wall: 996683 ms                     |
| Gather result fr. nodes : CPU: 0 ms ; Wall: 0 ms                             |
|------------------------------------------------------------------------------|
|             if no timings are printed, choose higher print level             |
|______________________________________________________________________________|

