/home/hd/hd_hd/hd_tb381/workspace/libqqc/runs/folder/scan_mpionly
n1414
Sa 16. Apr 00:02:52 CEST 2022
#!/bin/bash
#SBATCH -J libqqc_mpionly_336x1
#SBATCH -n336 --cpus-per-task=1 -t12:00:00
#SBATCH --mem=200G
#SBATCH --job-name=libqqc_mpionly_336x1
#SBATCH --output=libqqc_mpionly_336x1_por-%j.out
#SBATCH --error=libqqc_mpionly_336x1_por-%j.err
pwd; hostname; date
cat run_336x1.sh
module load compiler/gnu
module load mpi/openmpi
cd ../../../host_example/.
mpic++ -fopenmp -O3 -ffast-math -march=native main_mpi.cpp ../lib/libqqc.a -o 336x1.out
OMP_NUM_THREADS=1 srun --cpus-per-task=$OMP_NUM_THREADS ./336x1.out
rm 336x1.out
Timing Loader_qmp2_from_file:: loader :CPU: 0 ms ; Wall: 1 ms
Timings AoToMo CGTO: CPU: 5603 ms ; Wall: 5675 ms
    -- Loading in: CPU: 5366 ms ; Wall: 5395 ms
    -- Distribute Batch: CPU: 65 ms ; Wall: 105 ms
    -- Tranforming Batch: CPU: 5 ms ; Wall: 5 ms
    -- Distribute Batch Results: CPU: 128 ms ; Wall: 128 ms

Timings AoToMo Coulomb Integral: CPU: 160413 ms ; Wall: 161002 ms
    -- Loading in: CPU: 140148 ms ; Wall: 140664 ms
    -- Distribute Batch: CPU: 893 ms ; Wall: 895 ms
    -- Transforming Batch: CPU: 8744 ms ; Wall: 8774 ms
    -- Distribute Batch Results: CPU: 10574 ms ; Wall: 10609 ms

Timing Vault_qmp2:: vault : CPU: 166361 ms ; Wall: 167057 ms
Timing Do_qmp2:: qmp2 : CPU: 125404 ms ; Wall: 125912 ms
 ______________________________________________________________________________ 
|                                                                              |
|                  ** Quadrature Calculation through libqqc **                 |
|                                                                              |
|++++++++++++++++++++++++++++++++++++++++++++++++++++++++++++++++++++++++++++++|
| * Author(s): Benjamin Thomitzni                                              |
|++++++++++++++++++++++++++++++++++++++++++++++++++++++++++++++++++++++++++++++|
|                               Programm Details                               |
|------------------------------------------------------------------------------|
| * library vers.      v0.1                                                    |
|     -- Loader vers.  v0.1                                                    |
|     -- Vault vers.   v0.1                                                    |
|     -- Do_qmp2 vers. v0.1                                                    |
|------------------------------------------------------------------------------|
| * OpenMP enabled                                                             |
|     -- threads:   1                                                          |
| * MPI enabled                                                                |
|     -- processes: 336                                                        |
|++++++++++++++++++++++++++++++++++++++++++++++++++++++++++++++++++++++++++++++|
|                              Calculation Details                             |
|------------------------------------------------------------------------------|
| * Method:             Q-MP(2)                                                |
|------------------------------------------------------------------------------|
| * grid points (3D):   18240                                                  |
| * grid points (1D):   16                                                     |
|------------------------------------------------------------------------------|
| * atomic orbitals:    146                                                    |
| * molecular orbitals: 146                                                    |
|     -- occupied:      47                                                     |
|     -- virtual:       99                                                     |
|------------------------------------------------------------------------------|
|                                    Results                                   |
|------------------------------------------------------------------------------|
| * Ground State Energy Correction (eV): -1.24223                              |
|++++++++++++++++++++++++++++++++++++++++++++++++++++++++++++++++++++++++++++++|
|                              Calculation Timings                             |
|------------------------------------------------------------------------------|
| Timing Qmp2_energy::compute : CPU: 123342 ms ; Wall: 123843 ms               |
|     -- Setting up calculation: CPU: 82 ms ; Wall: 82 ms                      |
|     -- Calc. Batch 1/2: CPU: 84 ms ; Wall: 86 ms                             |
|     -- Calc. Batch 2/2: CPU: 123177 ms ; Wall: 123673 ms                     |
| Gather result fr. nodes : CPU: 2048 ms ; Wall: 2052 ms                       |
|------------------------------------------------------------------------------|
|             if no timings are printed, choose higher print level             |
|______________________________________________________________________________|

