/home/hd/hd_hd/hd_tb381/workspace/libqqc/runs/folder/scan_mpionly
n1405
Sa 16. Apr 00:26:25 CEST 2022
#!/bin/bash
#SBATCH -J libqqc_mpionly_864x1
#SBATCH -n864 --cpus-per-task=1 -t12:00:00
#SBATCH --mem=200G
#SBATCH --job-name=libqqc_mpionly_864x1
#SBATCH --output=libqqc_mpionly_864x1_por-%j.out
#SBATCH --error=libqqc_mpionly_864x1_por-%j.err
pwd; hostname; date
cat run_864x1.sh
module load compiler/gnu
module load mpi/openmpi
cd ../../../host_example/.
mpic++ -fopenmp -O3 -ffast-math -march=native main_mpi.cpp ../lib/libqqc.a -o 864x1.out
OMP_NUM_THREADS=1 srun --cpus-per-task=$OMP_NUM_THREADS ./864x1.out
rm 864x1.out
Timing Loader_qmp2_from_file:: loader :CPU: 0 ms ; Wall: 0 ms
Timings AoToMo CGTO: CPU: 1443 ms ; Wall: 1541 ms
    -- Loading in: CPU: 969 ms ; Wall: 972 ms
    -- Distribute Batch: CPU: 149 ms ; Wall: 240 ms
    -- Tranforming Batch: CPU: 4 ms ; Wall: 4 ms
    -- Distribute Batch Results: CPU: 279 ms ; Wall: 279 ms

Timings AoToMo Coulomb Integral: CPU: 147813 ms ; Wall: 148334 ms
    -- Loading in: CPU: 136842 ms ; Wall: 137323 ms
    -- Distribute Batch: CPU: 1044 ms ; Wall: 1047 ms
    -- Transforming Batch: CPU: 6803 ms ; Wall: 6825 ms
    -- Distribute Batch Results: CPU: 3068 ms ; Wall: 3078 ms

Timing Vault_qmp2:: vault : CPU: 149650 ms ; Wall: 150301 ms
Timing Do_qmp2:: qmp2 : CPU: 64554 ms ; Wall: 64790 ms
 ______________________________________________________________________________ 
|                                                                              |
|                  ** Quadrature Calculation through libqqc **                 |
|                                                                              |
|++++++++++++++++++++++++++++++++++++++++++++++++++++++++++++++++++++++++++++++|
| * Author(s): Benjamin Thomitzni                                              |
|++++++++++++++++++++++++++++++++++++++++++++++++++++++++++++++++++++++++++++++|
|                               Programm Details                               |
|------------------------------------------------------------------------------|
| * library vers.      v0.1                                                    |
|     -- Loader vers.  v0.1                                                    |
|     -- Vault vers.   v0.1                                                    |
|     -- Do_qmp2 vers. v0.1                                                    |
|------------------------------------------------------------------------------|
| * OpenMP enabled                                                             |
|     -- threads:   1                                                          |
| * MPI enabled                                                                |
|     -- processes: 864                                                        |
|++++++++++++++++++++++++++++++++++++++++++++++++++++++++++++++++++++++++++++++|
|                              Calculation Details                             |
|------------------------------------------------------------------------------|
| * Method:             Q-MP(2)                                                |
|------------------------------------------------------------------------------|
| * grid points (3D):   18240                                                  |
| * grid points (1D):   16                                                     |
|------------------------------------------------------------------------------|
| * atomic orbitals:    146                                                    |
| * molecular orbitals: 146                                                    |
|     -- occupied:      47                                                     |
|     -- virtual:       99                                                     |
|------------------------------------------------------------------------------|
|                                    Results                                   |
|------------------------------------------------------------------------------|
| * Ground State Energy Correction (eV): -1.24223                              |
|++++++++++++++++++++++++++++++++++++++++++++++++++++++++++++++++++++++++++++++|
|                              Calculation Timings                             |
|------------------------------------------------------------------------------|
| Timing Qmp2_energy::compute : CPU: 45637 ms ; Wall: 45800 ms                 |
|     -- Setting up calculation: CPU: 315 ms ; Wall: 317 ms                    |
|     -- Calc. Batch 1/2: CPU: 13 ms ; Wall: 12 ms                             |
|     -- Calc. Batch 2/2: CPU: 45309 ms ; Wall: 45470 ms                       |
| Gather result fr. nodes : CPU: 18905 ms ; Wall: 18977 ms                     |
|------------------------------------------------------------------------------|
|             if no timings are printed, choose higher print level             |
|______________________________________________________________________________|

