/home/hd/hd_hd/hd_tb381/workspace/libqqc/runs/folder/scan_mpionly
n1610
Fr 15. Apr 23:53:40 CEST 2022
#!/bin/bash
#SBATCH -J libqqc_mpionly_192x1
#SBATCH -n192 --cpus-per-task=1 -t12:00:00
#SBATCH --mem=200G
#SBATCH --job-name=libqqc_mpionly_192x1
#SBATCH --output=libqqc_mpionly_192x1_por-%j.out
#SBATCH --error=libqqc_mpionly_192x1_por-%j.err
pwd; hostname; date
cat run_192x1.sh
module load compiler/gnu
module load mpi/openmpi
cd ../../../host_example/.
mpic++ -fopenmp -O3 -ffast-math -march=native main_mpi.cpp ../lib/libqqc.a -o 192x1.out
OMP_NUM_THREADS=1 srun --cpus-per-task=$OMP_NUM_THREADS ./192x1.out
rm 192x1.out
Timing Loader_qmp2_from_file:: loader :CPU: 0 ms ; Wall: 1 ms
Timings AoToMo CGTO: CPU: 5648 ms ; Wall: 5712 ms
    -- Loading in: CPU: 5464 ms ; Wall: 5498 ms
    -- Distribute Batch: CPU: 41 ms ; Wall: 66 ms
    -- Tranforming Batch: CPU: 3 ms ; Wall: 3 ms
    -- Distribute Batch Results: CPU: 104 ms ; Wall: 103 ms

Timings AoToMo Coulomb Integral: CPU: 157815 ms ; Wall: 158453 ms
    -- Loading in: CPU: 140266 ms ; Wall: 140832 ms
    -- Distribute Batch: CPU: 944 ms ; Wall: 948 ms
    -- Transforming Batch: CPU: 5802 ms ; Wall: 5826 ms
    -- Distribute Batch Results: CPU: 10753 ms ; Wall: 10790 ms

Timing Vault_qmp2:: vault : CPU: 163797 ms ; Wall: 164527 ms
Timing Do_qmp2:: qmp2 : CPU: 222138 ms ; Wall: 222942 ms
 ______________________________________________________________________________ 
|                                                                              |
|                  ** Quadrature Calculation through libqqc **                 |
|                                                                              |
|++++++++++++++++++++++++++++++++++++++++++++++++++++++++++++++++++++++++++++++|
| * Author(s): Benjamin Thomitzni                                              |
|++++++++++++++++++++++++++++++++++++++++++++++++++++++++++++++++++++++++++++++|
|                               Programm Details                               |
|------------------------------------------------------------------------------|
| * library vers.      v0.1                                                    |
|     -- Loader vers.  v0.1                                                    |
|     -- Vault vers.   v0.1                                                    |
|     -- Do_qmp2 vers. v0.1                                                    |
|------------------------------------------------------------------------------|
| * OpenMP enabled                                                             |
|     -- threads:   1                                                          |
| * MPI enabled                                                                |
|     -- processes: 192                                                        |
|++++++++++++++++++++++++++++++++++++++++++++++++++++++++++++++++++++++++++++++|
|                              Calculation Details                             |
|------------------------------------------------------------------------------|
| * Method:             Q-MP(2)                                                |
|------------------------------------------------------------------------------|
| * grid points (3D):   18240                                                  |
| * grid points (1D):   16                                                     |
|------------------------------------------------------------------------------|
| * atomic orbitals:    146                                                    |
| * molecular orbitals: 146                                                    |
|     -- occupied:      47                                                     |
|     -- virtual:       99                                                     |
|------------------------------------------------------------------------------|
|                                    Results                                   |
|------------------------------------------------------------------------------|
| * Ground State Energy Correction (eV): -1.24223                              |
|++++++++++++++++++++++++++++++++++++++++++++++++++++++++++++++++++++++++++++++|
|                              Calculation Timings                             |
|------------------------------------------------------------------------------|
| Timing Qmp2_energy::compute : CPU: 213219 ms ; Wall: 214007 ms               |
|     -- Setting up calculation: CPU: 261 ms ; Wall: 262 ms                    |
|     -- Calc. Batch 1/2: CPU: 227 ms ; Wall: 230 ms                           |
|     -- Calc. Batch 2/2: CPU: 212732 ms ; Wall: 213513 ms                     |
| Gather result fr. nodes : CPU: 8901 ms ; Wall: 8915 ms                       |
|------------------------------------------------------------------------------|
|             if no timings are printed, choose higher print level             |
|______________________________________________________________________________|

