/home/hd/hd_hd/hd_tb381/workspace/libqqc/runs/folder/scan_mpionly
n1424
Fr 15. Apr 23:51:37 CEST 2022
#!/bin/bash
#SBATCH -J libqqc_mpionly_36x1
#SBATCH -n36 --cpus-per-task=1 -t12:00:00
#SBATCH --mem=200G
#SBATCH --job-name=libqqc_mpionly_36x1
#SBATCH --output=libqqc_mpionly_36x1_por-%j.out
#SBATCH --error=libqqc_mpionly_36x1_por-%j.err
pwd; hostname; date
cat run_36x1.sh
module load compiler/gnu
module load mpi/openmpi
cd ../../../host_example/.
mpic++ -fopenmp -O3 -ffast-math -march=native main_mpi.cpp ../lib/libqqc.a -o 36x1.out
OMP_NUM_THREADS=1 srun --cpus-per-task=$OMP_NUM_THREADS ./36x1.out
rm 36x1.out
Timing Loader_qmp2_from_file:: loader :CPU: 0 ms ; Wall: 0 ms
Timings AoToMo CGTO: CPU: 5278 ms ; Wall: 5305 ms
    -- Loading in: CPU: 5091 ms ; Wall: 5114 ms
    -- Distribute Batch: CPU: 14 ms ; Wall: 14 ms
    -- Tranforming Batch: CPU: 17 ms ; Wall: 17 ms
    -- Distribute Batch Results: CPU: 123 ms ; Wall: 123 ms

Timings AoToMo Coulomb Integral: CPU: 163172 ms ; Wall: 163724 ms
    -- Loading in: CPU: 131650 ms ; Wall: 132103 ms
    -- Distribute Batch: CPU: 1232 ms ; Wall: 1236 ms
    -- Transforming Batch: CPU: 28910 ms ; Wall: 28998 ms
    -- Distribute Batch Results: CPU: 1310 ms ; Wall: 1314 ms

Timing Vault_qmp2:: vault : CPU: 168751 ms ; Wall: 169348 ms
Timing Do_qmp2:: qmp2 : CPU: 1100888 ms ; Wall: 1104660 ms
 ______________________________________________________________________________ 
|                                                                              |
|                  ** Quadrature Calculation through libqqc **                 |
|                                                                              |
|++++++++++++++++++++++++++++++++++++++++++++++++++++++++++++++++++++++++++++++|
| * Author(s): Benjamin Thomitzni                                              |
|++++++++++++++++++++++++++++++++++++++++++++++++++++++++++++++++++++++++++++++|
|                               Programm Details                               |
|------------------------------------------------------------------------------|
| * library vers.      v0.1                                                    |
|     -- Loader vers.  v0.1                                                    |
|     -- Vault vers.   v0.1                                                    |
|     -- Do_qmp2 vers. v0.1                                                    |
|------------------------------------------------------------------------------|
| * OpenMP enabled                                                             |
|     -- threads:   1                                                          |
| * MPI enabled                                                                |
|     -- processes: 36                                                         |
|++++++++++++++++++++++++++++++++++++++++++++++++++++++++++++++++++++++++++++++|
|                              Calculation Details                             |
|------------------------------------------------------------------------------|
| * Method:             Q-MP(2)                                                |
|------------------------------------------------------------------------------|
| * grid points (3D):   18240                                                  |
| * grid points (1D):   16                                                     |
|------------------------------------------------------------------------------|
| * atomic orbitals:    146                                                    |
| * molecular orbitals: 146                                                    |
|     -- occupied:      47                                                     |
|     -- virtual:       99                                                     |
|------------------------------------------------------------------------------|
|                                    Results                                   |
|------------------------------------------------------------------------------|
| * Ground State Energy Correction (eV): -1.24223                              |
|++++++++++++++++++++++++++++++++++++++++++++++++++++++++++++++++++++++++++++++|
|                              Calculation Timings                             |
|------------------------------------------------------------------------------|
| Timing Qmp2_energy::compute : CPU: 1100869 ms ; Wall: 1104641 ms             |
|     -- Setting up calculation: CPU: 377 ms ; Wall: 379 ms                    |
|     -- Calc. Batch 1/2: CPU: 5281 ms ; Wall: 5298 ms                         |
|     -- Calc. Batch 2/2: CPU: 1095211 ms ; Wall: 1098963 ms                   |
| Gather result fr. nodes : CPU: 0 ms ; Wall: 0 ms                             |
|------------------------------------------------------------------------------|
|             if no timings are printed, choose higher print level             |
|______________________________________________________________________________|

