/home/hd/hd_hd/hd_tb381/workspace/libqqc/runs/folder/scan_mpionly
n1601
Sa 16. Apr 00:03:54 CEST 2022
#!/bin/bash
#SBATCH -J libqqc_mpionly_384x1
#SBATCH -n384 --cpus-per-task=1 -t12:00:00
#SBATCH --mem=200G
#SBATCH --job-name=libqqc_mpionly_384x1
#SBATCH --output=libqqc_mpionly_384x1_por-%j.out
#SBATCH --error=libqqc_mpionly_384x1_por-%j.err
pwd; hostname; date
cat run_384x1.sh
module load compiler/gnu
module load mpi/openmpi
cd ../../../host_example/.
mpic++ -fopenmp -O3 -ffast-math -march=native main_mpi.cpp ../lib/libqqc.a -o 384x1.out
OMP_NUM_THREADS=1 srun --cpus-per-task=$OMP_NUM_THREADS ./384x1.out
rm 384x1.out
Timing Loader_qmp2_from_file:: loader :CPU: 0 ms ; Wall: 1 ms
Timings AoToMo CGTO: CPU: 1283 ms ; Wall: 1338 ms
    -- Loading in: CPU: 987 ms ; Wall: 990 ms
    -- Distribute Batch: CPU: 68 ms ; Wall: 116 ms
    -- Tranforming Batch: CPU: 8 ms ; Wall: 8 ms
    -- Distribute Batch Results: CPU: 180 ms ; Wall: 180 ms

Timings AoToMo Coulomb Integral: CPU: 162585 ms ; Wall: 163262 ms
    -- Loading in: CPU: 139506 ms ; Wall: 140089 ms
    -- Distribute Batch: CPU: 931 ms ; Wall: 934 ms
    -- Transforming Batch: CPU: 14336 ms ; Wall: 14396 ms
    -- Distribute Batch Results: CPU: 7749 ms ; Wall: 7775 ms

Timing Vault_qmp2:: vault : CPU: 164216 ms ; Wall: 164974 ms
Timing Do_qmp2:: qmp2 : CPU: 111150 ms ; Wall: 111563 ms
 ______________________________________________________________________________ 
|                                                                              |
|                  ** Quadrature Calculation through libqqc **                 |
|                                                                              |
|++++++++++++++++++++++++++++++++++++++++++++++++++++++++++++++++++++++++++++++|
| * Author(s): Benjamin Thomitzni                                              |
|++++++++++++++++++++++++++++++++++++++++++++++++++++++++++++++++++++++++++++++|
|                               Programm Details                               |
|------------------------------------------------------------------------------|
| * library vers.      v0.1                                                    |
|     -- Loader vers.  v0.1                                                    |
|     -- Vault vers.   v0.1                                                    |
|     -- Do_qmp2 vers. v0.1                                                    |
|------------------------------------------------------------------------------|
| * OpenMP enabled                                                             |
|     -- threads:   1                                                          |
| * MPI enabled                                                                |
|     -- processes: 384                                                        |
|++++++++++++++++++++++++++++++++++++++++++++++++++++++++++++++++++++++++++++++|
|                              Calculation Details                             |
|------------------------------------------------------------------------------|
| * Method:             Q-MP(2)                                                |
|------------------------------------------------------------------------------|
| * grid points (3D):   18240                                                  |
| * grid points (1D):   16                                                     |
|------------------------------------------------------------------------------|
| * atomic orbitals:    146                                                    |
| * molecular orbitals: 146                                                    |
|     -- occupied:      47                                                     |
|     -- virtual:       99                                                     |
|------------------------------------------------------------------------------|
|                                    Results                                   |
|------------------------------------------------------------------------------|
| * Ground State Energy Correction (eV): -1.24223                              |
|++++++++++++++++++++++++++++++++++++++++++++++++++++++++++++++++++++++++++++++|
|                              Calculation Timings                             |
|------------------------------------------------------------------------------|
| Timing Qmp2_energy::compute : CPU: 106636 ms ; Wall: 107039 ms               |
|     -- Setting up calculation: CPU: 290 ms ; Wall: 292 ms                    |
|     -- Calc. Batch 1/2: CPU: 62 ms ; Wall: 64 ms                             |
|     -- Calc. Batch 2/2: CPU: 106284 ms ; Wall: 106681 ms                     |
| Gather result fr. nodes : CPU: 4495 ms ; Wall: 4503 ms                       |
|------------------------------------------------------------------------------|
|             if no timings are printed, choose higher print level             |
|______________________________________________________________________________|

