/home/hd/hd_hd/hd_tb381/workspace/libqqc/runs/folder/scan_mpionly
n1414
Sa 16. Apr 00:07:59 CEST 2022
#!/bin/bash
#SBATCH -J libqqc_mpionly_480x1
#SBATCH -n480 --cpus-per-task=1 -t12:00:00
#SBATCH --mem=200G
#SBATCH --job-name=libqqc_mpionly_480x1
#SBATCH --output=libqqc_mpionly_480x1_por-%j.out
#SBATCH --error=libqqc_mpionly_480x1_por-%j.err
pwd; hostname; date
cat run_480x1.sh
module load compiler/gnu
module load mpi/openmpi
cd ../../../host_example/.
mpic++ -fopenmp -O3 -ffast-math -march=native main_mpi.cpp ../lib/libqqc.a -o 480x1.out
OMP_NUM_THREADS=1 srun --cpus-per-task=$OMP_NUM_THREADS ./480x1.out
rm 480x1.out
Timing Loader_qmp2_from_file:: loader :CPU: 0 ms ; Wall: 1 ms
Timings AoToMo CGTO: CPU: 1275 ms ; Wall: 1343 ms
    -- Loading in: CPU: 972 ms ; Wall: 975 ms
    -- Distribute Batch: CPU: 86 ms ; Wall: 146 ms
    -- Tranforming Batch: CPU: 1 ms ; Wall: 1 ms
    -- Distribute Batch Results: CPU: 175 ms ; Wall: 175 ms

Timings AoToMo Coulomb Integral: CPU: 156195 ms ; Wall: 156771 ms
    -- Loading in: CPU: 137042 ms ; Wall: 137543 ms
    -- Distribute Batch: CPU: 914 ms ; Wall: 917 ms
    -- Transforming Batch: CPU: 2246 ms ; Wall: 2254 ms
    -- Distribute Batch Results: CPU: 15943 ms ; Wall: 16004 ms

Timing Vault_qmp2:: vault : CPU: 157818 ms ; Wall: 158488 ms
Timing Do_qmp2:: qmp2 : CPU: 110540 ms ; Wall: 110921 ms
 ______________________________________________________________________________ 
|                                                                              |
|                  ** Quadrature Calculation through libqqc **                 |
|                                                                              |
|++++++++++++++++++++++++++++++++++++++++++++++++++++++++++++++++++++++++++++++|
| * Author(s): Benjamin Thomitzni                                              |
|++++++++++++++++++++++++++++++++++++++++++++++++++++++++++++++++++++++++++++++|
|                               Programm Details                               |
|------------------------------------------------------------------------------|
| * library vers.      v0.1                                                    |
|     -- Loader vers.  v0.1                                                    |
|     -- Vault vers.   v0.1                                                    |
|     -- Do_qmp2 vers. v0.1                                                    |
|------------------------------------------------------------------------------|
| * OpenMP enabled                                                             |
|     -- threads:   1                                                          |
| * MPI enabled                                                                |
|     -- processes: 480                                                        |
|++++++++++++++++++++++++++++++++++++++++++++++++++++++++++++++++++++++++++++++|
|                              Calculation Details                             |
|------------------------------------------------------------------------------|
| * Method:             Q-MP(2)                                                |
|------------------------------------------------------------------------------|
| * grid points (3D):   18240                                                  |
| * grid points (1D):   16                                                     |
|------------------------------------------------------------------------------|
| * atomic orbitals:    146                                                    |
| * molecular orbitals: 146                                                    |
|     -- occupied:      47                                                     |
|     -- virtual:       99                                                     |
|------------------------------------------------------------------------------|
|                                    Results                                   |
|------------------------------------------------------------------------------|
| * Ground State Energy Correction (eV): -1.24223                              |
|++++++++++++++++++++++++++++++++++++++++++++++++++++++++++++++++++++++++++++++|
|                              Calculation Timings                             |
|------------------------------------------------------------------------------|
| Timing Qmp2_energy::compute : CPU: 87045 ms ; Wall: 87387 ms                 |
|     -- Setting up calculation: CPU: 325 ms ; Wall: 327 ms                    |
|     -- Calc. Batch 1/2: CPU: 28 ms ; Wall: 28 ms                             |
|     -- Calc. Batch 2/2: CPU: 86693 ms ; Wall: 87031 ms                       |
| Gather result fr. nodes : CPU: 23477 ms ; Wall: 23513 ms                     |
|------------------------------------------------------------------------------|
|             if no timings are printed, choose higher print level             |
|______________________________________________________________________________|

