/home/hd/hd_hd/hd_tb381/workspace/libqqc/runs/folder/scan_mpionly
n1613
Fr 15. Apr 23:48:33 CEST 2022
#!/bin/bash
#SBATCH -J libqqc_mpionly_28x1
#SBATCH -n28 --cpus-per-task=1 -t12:00:00
#SBATCH --mem=200G
#SBATCH --job-name=libqqc_mpionly_28x1
#SBATCH --output=libqqc_mpionly_28x1_por-%j.out
#SBATCH --error=libqqc_mpionly_28x1_por-%j.err
pwd; hostname; date
cat run_28x1.sh
module load compiler/gnu
module load mpi/openmpi
cd ../../../host_example/.
mpic++ -fopenmp -O3 -ffast-math -march=native main_mpi.cpp ../lib/libqqc.a -o 28x1.out
OMP_NUM_THREADS=1 srun --cpus-per-task=$OMP_NUM_THREADS ./28x1.out
rm 28x1.out
Timing Loader_qmp2_from_file:: loader :CPU: 0 ms ; Wall: 0 ms
Timings AoToMo CGTO: CPU: 4958 ms ; Wall: 4984 ms
    -- Loading in: CPU: 4764 ms ; Wall: 4787 ms
    -- Distribute Batch: CPU: 13 ms ; Wall: 12 ms
    -- Tranforming Batch: CPU: 21 ms ; Wall: 20 ms
    -- Distribute Batch Results: CPU: 129 ms ; Wall: 128 ms

Timings AoToMo Coulomb Integral: CPU: 158921 ms ; Wall: 159380 ms
    -- Loading in: CPU: 122882 ms ; Wall: 123234 ms
    -- Distribute Batch: CPU: 1231 ms ; Wall: 1234 ms
    -- Transforming Batch: CPU: 33840 ms ; Wall: 33938 ms
    -- Distribute Batch Results: CPU: 885 ms ; Wall: 887 ms

Timing Vault_qmp2:: vault : CPU: 164161 ms ; Wall: 164665 ms
Timing Do_qmp2:: qmp2 : CPU: 1309939 ms ; Wall: 1313773 ms
 ______________________________________________________________________________ 
|                                                                              |
|                  ** Quadrature Calculation through libqqc **                 |
|                                                                              |
|++++++++++++++++++++++++++++++++++++++++++++++++++++++++++++++++++++++++++++++|
| * Author(s): Benjamin Thomitzni                                              |
|++++++++++++++++++++++++++++++++++++++++++++++++++++++++++++++++++++++++++++++|
|                               Programm Details                               |
|------------------------------------------------------------------------------|
| * library vers.      v0.1                                                    |
|     -- Loader vers.  v0.1                                                    |
|     -- Vault vers.   v0.1                                                    |
|     -- Do_qmp2 vers. v0.1                                                    |
|------------------------------------------------------------------------------|
| * OpenMP enabled                                                             |
|     -- threads:   1                                                          |
| * MPI enabled                                                                |
|     -- processes: 28                                                         |
|++++++++++++++++++++++++++++++++++++++++++++++++++++++++++++++++++++++++++++++|
|                              Calculation Details                             |
|------------------------------------------------------------------------------|
| * Method:             Q-MP(2)                                                |
|------------------------------------------------------------------------------|
| * grid points (3D):   18240                                                  |
| * grid points (1D):   16                                                     |
|------------------------------------------------------------------------------|
| * atomic orbitals:    146                                                    |
| * molecular orbitals: 146                                                    |
|     -- occupied:      47                                                     |
|     -- virtual:       99                                                     |
|------------------------------------------------------------------------------|
|                                    Results                                   |
|------------------------------------------------------------------------------|
| * Ground State Energy Correction (eV): -1.24223                              |
|++++++++++++++++++++++++++++++++++++++++++++++++++++++++++++++++++++++++++++++|
|                              Calculation Timings                             |
|------------------------------------------------------------------------------|
| Timing Qmp2_energy::compute : CPU: 1309925 ms ; Wall: 1313760 ms             |
|     -- Setting up calculation: CPU: 299 ms ; Wall: 300 ms                    |
|     -- Calc. Batch 1/2: CPU: 8226 ms ; Wall: 8250 ms                         |
|     -- Calc. Batch 2/2: CPU: 1301400 ms ; Wall: 1305209 ms                   |
| Gather result fr. nodes : CPU: 0 ms ; Wall: 0 ms                             |
|------------------------------------------------------------------------------|
|             if no timings are printed, choose higher print level             |
|______________________________________________________________________________|

