/home/hd/hd_hd/hd_tb381/workspace/libqqc/runs/folder/scan_mpionly
n1537
Fr 15. Apr 23:42:56 CEST 2022
#!/bin/bash
#SBATCH -J libqqc_mpionly_12x1
#SBATCH -n12 --cpus-per-task=1 -t12:00:00
#SBATCH --mem=200G
#SBATCH --job-name=libqqc_mpionly_12x1
#SBATCH --output=libqqc_mpionly_12x1_por-%j.out
#SBATCH --error=libqqc_mpionly_12x1_por-%j.err
pwd; hostname; date
cat run_12x1.sh
module load compiler/gnu
module load mpi/openmpi
cd ../../../host_example/.
mpic++ -fopenmp -O3 -ffast-math -march=native main_mpi.cpp ../lib/libqqc.a -o 12x1.out
OMP_NUM_THREADS=1 srun --cpus-per-task=$OMP_NUM_THREADS ./12x1.out
rm 12x1.out
Timing Loader_qmp2_from_file:: loader :CPU: 0 ms ; Wall: 0 ms
Timings AoToMo CGTO: CPU: 4742 ms ; Wall: 4767 ms
    -- Loading in: CPU: 4639 ms ; Wall: 4661 ms
    -- Distribute Batch: CPU: 11 ms ; Wall: 11 ms
    -- Tranforming Batch: CPU: 44 ms ; Wall: 43 ms
    -- Distribute Batch Results: CPU: 20 ms ; Wall: 19 ms

Timings AoToMo Coulomb Integral: CPU: 190733 ms ; Wall: 191191 ms
    -- Loading in: CPU: 115835 ms ; Wall: 116134 ms
    -- Distribute Batch: CPU: 1106 ms ; Wall: 1108 ms
    -- Transforming Batch: CPU: 72864 ms ; Wall: 73015 ms
    -- Distribute Batch Results: CPU: 816 ms ; Wall: 819 ms

Timing Vault_qmp2:: vault : CPU: 195741 ms ; Wall: 196237 ms
Timing Do_qmp2:: qmp2 : CPU: 2696892 ms ; Wall: 2703809 ms
 ______________________________________________________________________________ 
|                                                                              |
|                  ** Quadrature Calculation through libqqc **                 |
|                                                                              |
|++++++++++++++++++++++++++++++++++++++++++++++++++++++++++++++++++++++++++++++|
| * Author(s): Benjamin Thomitzni                                              |
|++++++++++++++++++++++++++++++++++++++++++++++++++++++++++++++++++++++++++++++|
|                               Programm Details                               |
|------------------------------------------------------------------------------|
| * library vers.      v0.1                                                    |
|     -- Loader vers.  v0.1                                                    |
|     -- Vault vers.   v0.1                                                    |
|     -- Do_qmp2 vers. v0.1                                                    |
|------------------------------------------------------------------------------|
| * OpenMP enabled                                                             |
|     -- threads:   1                                                          |
| * MPI enabled                                                                |
|     -- processes: 12                                                         |
|++++++++++++++++++++++++++++++++++++++++++++++++++++++++++++++++++++++++++++++|
|                              Calculation Details                             |
|------------------------------------------------------------------------------|
| * Method:             Q-MP(2)                                                |
|------------------------------------------------------------------------------|
| * grid points (3D):   18240                                                  |
| * grid points (1D):   16                                                     |
|------------------------------------------------------------------------------|
| * atomic orbitals:    146                                                    |
| * molecular orbitals: 146                                                    |
|     -- occupied:      47                                                     |
|     -- virtual:       99                                                     |
|------------------------------------------------------------------------------|
|                                    Results                                   |
|------------------------------------------------------------------------------|
| * Ground State Energy Correction (eV): -1.24223                              |
|++++++++++++++++++++++++++++++++++++++++++++++++++++++++++++++++++++++++++++++|
|                              Calculation Timings                             |
|------------------------------------------------------------------------------|
| Timing Qmp2_energy::compute : CPU: 2696881 ms ; Wall: 2703797 ms             |
|     -- Setting up calculation: CPU: 131 ms ; Wall: 131 ms                    |
|     -- Calc. Batch 1/2: CPU: 40400 ms ; Wall: 40511 ms                       |
|     -- Calc. Batch 2/2: CPU: 2656350 ms ; Wall: 2663154 ms                   |
| Gather result fr. nodes : CPU: 0 ms ; Wall: 0 ms                             |
|------------------------------------------------------------------------------|
|             if no timings are printed, choose higher print level             |
|______________________________________________________________________________|

