/home/hd/hd_hd/hd_tb381/workspace/libqqc/runs/folder/scan_mpionly
n1612
Fr 15. Apr 23:48:33 CEST 2022
#!/bin/bash
#SBATCH -J libqqc_mpionly_24x1
#SBATCH -n24 --cpus-per-task=1 -t12:00:00
#SBATCH --mem=200G
#SBATCH --job-name=libqqc_mpionly_24x1
#SBATCH --output=libqqc_mpionly_24x1_por-%j.out
#SBATCH --error=libqqc_mpionly_24x1_por-%j.err
pwd; hostname; date
cat run_24x1.sh
module load compiler/gnu
module load mpi/openmpi
cd ../../../host_example/.
mpic++ -fopenmp -O3 -ffast-math -march=native main_mpi.cpp ../lib/libqqc.a -o 24x1.out
OMP_NUM_THREADS=1 srun --cpus-per-task=$OMP_NUM_THREADS ./24x1.out
rm 24x1.out
Timing Loader_qmp2_from_file:: loader :CPU: 0 ms ; Wall: 0 ms
Timings AoToMo CGTO: CPU: 4883 ms ; Wall: 4908 ms
    -- Loading in: CPU: 4736 ms ; Wall: 4757 ms
    -- Distribute Batch: CPU: 12 ms ; Wall: 11 ms
    -- Tranforming Batch: CPU: 23 ms ; Wall: 23 ms
    -- Distribute Batch Results: CPU: 83 ms ; Wall: 83 ms

Timings AoToMo Coulomb Integral: CPU: 156165 ms ; Wall: 156578 ms
    -- Loading in: CPU: 117150 ms ; Wall: 117465 ms
    -- Distribute Batch: CPU: 1187 ms ; Wall: 1189 ms
    -- Transforming Batch: CPU: 36769 ms ; Wall: 36858 ms
    -- Distribute Batch Results: CPU: 983 ms ; Wall: 985 ms

Timing Vault_qmp2:: vault : CPU: 161319 ms ; Wall: 161772 ms
Timing Do_qmp2:: qmp2 : CPU: 1463239 ms ; Wall: 1467454 ms
 ______________________________________________________________________________ 
|                                                                              |
|                  ** Quadrature Calculation through libqqc **                 |
|                                                                              |
|++++++++++++++++++++++++++++++++++++++++++++++++++++++++++++++++++++++++++++++|
| * Author(s): Benjamin Thomitzni                                              |
|++++++++++++++++++++++++++++++++++++++++++++++++++++++++++++++++++++++++++++++|
|                               Programm Details                               |
|------------------------------------------------------------------------------|
| * library vers.      v0.1                                                    |
|     -- Loader vers.  v0.1                                                    |
|     -- Vault vers.   v0.1                                                    |
|     -- Do_qmp2 vers. v0.1                                                    |
|------------------------------------------------------------------------------|
| * OpenMP enabled                                                             |
|     -- threads:   1                                                          |
| * MPI enabled                                                                |
|     -- processes: 24                                                         |
|++++++++++++++++++++++++++++++++++++++++++++++++++++++++++++++++++++++++++++++|
|                              Calculation Details                             |
|------------------------------------------------------------------------------|
| * Method:             Q-MP(2)                                                |
|------------------------------------------------------------------------------|
| * grid points (3D):   18240                                                  |
| * grid points (1D):   16                                                     |
|------------------------------------------------------------------------------|
| * atomic orbitals:    146                                                    |
| * molecular orbitals: 146                                                    |
|     -- occupied:      47                                                     |
|     -- virtual:       99                                                     |
|------------------------------------------------------------------------------|
|                                    Results                                   |
|------------------------------------------------------------------------------|
| * Ground State Energy Correction (eV): -1.24223                              |
|++++++++++++++++++++++++++++++++++++++++++++++++++++++++++++++++++++++++++++++|
|                              Calculation Timings                             |
|------------------------------------------------------------------------------|
| Timing Qmp2_energy::compute : CPU: 1463225 ms ; Wall: 1467440 ms             |
|     -- Setting up calculation: CPU: 252 ms ; Wall: 252 ms                    |
|     -- Calc. Batch 1/2: CPU: 10097 ms ; Wall: 10125 ms                       |
|     -- Calc. Batch 2/2: CPU: 1452876 ms ; Wall: 1457062 ms                   |
| Gather result fr. nodes : CPU: 0 ms ; Wall: 0 ms                             |
|------------------------------------------------------------------------------|
|             if no timings are printed, choose higher print level             |
|______________________________________________________________________________|

