/home/hd/hd_hd/hd_tb381/workspace/libqqc/runs/folder/scan_mpionly
n1405
Sa 16. Apr 00:30:31 CEST 2022
#!/bin/bash
#SBATCH -J libqqc_mpionly_960x1
#SBATCH -n960 --cpus-per-task=1 -t12:00:00
#SBATCH --mem=200G
#SBATCH --job-name=libqqc_mpionly_960x1
#SBATCH --output=libqqc_mpionly_960x1_por-%j.out
#SBATCH --error=libqqc_mpionly_960x1_por-%j.err
pwd; hostname; date
cat run_960x1.sh
module load compiler/gnu
module load mpi/openmpi
cd ../../../host_example/.
mpic++ -fopenmp -O3 -ffast-math -march=native main_mpi.cpp ../lib/libqqc.a -o 960x1.out
OMP_NUM_THREADS=1 srun --cpus-per-task=$OMP_NUM_THREADS ./960x1.out
rm 960x1.out
Timing Loader_qmp2_from_file:: loader :CPU: 0 ms ; Wall: 0 ms
Timings AoToMo CGTO: CPU: 1462 ms ; Wall: 1601 ms
    -- Loading in: CPU: 973 ms ; Wall: 976 ms
    -- Distribute Batch: CPU: 158 ms ; Wall: 289 ms
    -- Tranforming Batch: CPU: 1 ms ; Wall: 0 ms
    -- Distribute Batch Results: CPU: 286 ms ; Wall: 286 ms

Timings AoToMo Coulomb Integral: CPU: 161036 ms ; Wall: 161566 ms
    -- Loading in: CPU: 136975 ms ; Wall: 137425 ms
    -- Distribute Batch: CPU: 1060 ms ; Wall: 1063 ms
    -- Transforming Batch: CPU: 1111 ms ; Wall: 1114 ms
    -- Distribute Batch Results: CPU: 21838 ms ; Wall: 21907 ms

Timing Vault_qmp2:: vault : CPU: 162893 ms ; Wall: 163593 ms
Timing Do_qmp2:: qmp2 : CPU: 57103 ms ; Wall: 57297 ms
 ______________________________________________________________________________ 
|                                                                              |
|                  ** Quadrature Calculation through libqqc **                 |
|                                                                              |
|++++++++++++++++++++++++++++++++++++++++++++++++++++++++++++++++++++++++++++++|
| * Author(s): Benjamin Thomitzni                                              |
|++++++++++++++++++++++++++++++++++++++++++++++++++++++++++++++++++++++++++++++|
|                               Programm Details                               |
|------------------------------------------------------------------------------|
| * library vers.      v0.1                                                    |
|     -- Loader vers.  v0.1                                                    |
|     -- Vault vers.   v0.1                                                    |
|     -- Do_qmp2 vers. v0.1                                                    |
|------------------------------------------------------------------------------|
| * OpenMP enabled                                                             |
|     -- threads:   1                                                          |
| * MPI enabled                                                                |
|     -- processes: 960                                                        |
|++++++++++++++++++++++++++++++++++++++++++++++++++++++++++++++++++++++++++++++|
|                              Calculation Details                             |
|------------------------------------------------------------------------------|
| * Method:             Q-MP(2)                                                |
|------------------------------------------------------------------------------|
| * grid points (3D):   18240                                                  |
| * grid points (1D):   16                                                     |
|------------------------------------------------------------------------------|
| * atomic orbitals:    146                                                    |
| * molecular orbitals: 146                                                    |
|     -- occupied:      47                                                     |
|     -- virtual:       99                                                     |
|------------------------------------------------------------------------------|
|                                    Results                                   |
|------------------------------------------------------------------------------|
| * Ground State Energy Correction (eV): -1.24223                              |
|++++++++++++++++++++++++++++++++++++++++++++++++++++++++++++++++++++++++++++++|
|                              Calculation Timings                             |
|------------------------------------------------------------------------------|
| Timing Qmp2_energy::compute : CPU: 41544 ms ; Wall: 41693 ms                 |
|     -- Setting up calculation: CPU: 313 ms ; Wall: 315 ms                    |
|     -- Calc. Batch 1/2: CPU: 9 ms ; Wall: 9 ms                               |
|     -- Calc. Batch 2/2: CPU: 41222 ms ; Wall: 41368 ms                       |
| Gather result fr. nodes : CPU: 15542 ms ; Wall: 15587 ms                     |
|------------------------------------------------------------------------------|
|             if no timings are printed, choose higher print level             |
|______________________________________________________________________________|

