/home/hd/hd_hd/hd_tb381/workspace/libqqc/runs/folder/scan_mpionly
n1611
Fr 15. Apr 23:48:33 CEST 2022
#!/bin/bash
#SBATCH -J libqqc_mpionly_20x1
#SBATCH -n20 --cpus-per-task=1 -t12:00:00
#SBATCH --mem=200G
#SBATCH --job-name=libqqc_mpionly_20x1
#SBATCH --output=libqqc_mpionly_20x1_por-%j.out
#SBATCH --error=libqqc_mpionly_20x1_por-%j.err
pwd; hostname; date
cat run_20x1.sh
module load compiler/gnu
module load mpi/openmpi
cd ../../../host_example/.
mpic++ -fopenmp -O3 -ffast-math -march=native main_mpi.cpp ../lib/libqqc.a -o 20x1.out
OMP_NUM_THREADS=1 srun --cpus-per-task=$OMP_NUM_THREADS ./20x1.out
rm 20x1.out
Timing Loader_qmp2_from_file:: loader :CPU: 0 ms ; Wall: 0 ms
Timings AoToMo CGTO: CPU: 4750 ms ; Wall: 4775 ms
    -- Loading in: CPU: 4576 ms ; Wall: 4598 ms
    -- Distribute Batch: CPU: 11 ms ; Wall: 10 ms
    -- Tranforming Batch: CPU: 27 ms ; Wall: 26 ms
    -- Distribute Batch Results: CPU: 108 ms ; Wall: 107 ms

Timings AoToMo Coulomb Integral: CPU: 161607 ms ; Wall: 162013 ms
    -- Loading in: CPU: 115888 ms ; Wall: 116191 ms
    -- Distribute Batch: CPU: 1134 ms ; Wall: 1136 ms
    -- Transforming Batch: CPU: 43716 ms ; Wall: 43811 ms
    -- Distribute Batch Results: CPU: 777 ms ; Wall: 779 ms

Timing Vault_qmp2:: vault : CPU: 166626 ms ; Wall: 167071 ms
Timing Do_qmp2:: qmp2 : CPU: 1707452 ms ; Wall: 1712128 ms
 ______________________________________________________________________________ 
|                                                                              |
|                  ** Quadrature Calculation through libqqc **                 |
|                                                                              |
|++++++++++++++++++++++++++++++++++++++++++++++++++++++++++++++++++++++++++++++|
| * Author(s): Benjamin Thomitzni                                              |
|++++++++++++++++++++++++++++++++++++++++++++++++++++++++++++++++++++++++++++++|
|                               Programm Details                               |
|------------------------------------------------------------------------------|
| * library vers.      v0.1                                                    |
|     -- Loader vers.  v0.1                                                    |
|     -- Vault vers.   v0.1                                                    |
|     -- Do_qmp2 vers. v0.1                                                    |
|------------------------------------------------------------------------------|
| * OpenMP enabled                                                             |
|     -- threads:   1                                                          |
| * MPI enabled                                                                |
|     -- processes: 20                                                         |
|++++++++++++++++++++++++++++++++++++++++++++++++++++++++++++++++++++++++++++++|
|                              Calculation Details                             |
|------------------------------------------------------------------------------|
| * Method:             Q-MP(2)                                                |
|------------------------------------------------------------------------------|
| * grid points (3D):   18240                                                  |
| * grid points (1D):   16                                                     |
|------------------------------------------------------------------------------|
| * atomic orbitals:    146                                                    |
| * molecular orbitals: 146                                                    |
|     -- occupied:      47                                                     |
|     -- virtual:       99                                                     |
|------------------------------------------------------------------------------|
|                                    Results                                   |
|------------------------------------------------------------------------------|
| * Ground State Energy Correction (eV): -1.24223                              |
|++++++++++++++++++++++++++++++++++++++++++++++++++++++++++++++++++++++++++++++|
|                              Calculation Timings                             |
|------------------------------------------------------------------------------|
| Timing Qmp2_energy::compute : CPU: 1707439 ms ; Wall: 1712115 ms             |
|     -- Setting up calculation: CPU: 206 ms ; Wall: 206 ms                    |
|     -- Calc. Batch 1/2: CPU: 14532 ms ; Wall: 14572 ms                       |
|     -- Calc. Batch 2/2: CPU: 1692701 ms ; Wall: 1697336 ms                   |
| Gather result fr. nodes : CPU: 0 ms ; Wall: 0 ms                             |
|------------------------------------------------------------------------------|
|             if no timings are printed, choose higher print level             |
|______________________________________________________________________________|

