/home/hd/hd_hd/hd_tb381/workspace/libqqc/runs/folder/scan_mpionly
n1405
Sa 16. Apr 00:17:43 CEST 2022
#!/bin/bash
#SBATCH -J libqqc_mpionly_672x1
#SBATCH -n672 --cpus-per-task=1 -t12:00:00
#SBATCH --mem=200G
#SBATCH --job-name=libqqc_mpionly_672x1
#SBATCH --output=libqqc_mpionly_672x1_por-%j.out
#SBATCH --error=libqqc_mpionly_672x1_por-%j.err
pwd; hostname; date
cat run_672x1.sh
module load compiler/gnu
module load mpi/openmpi
cd ../../../host_example/.
mpic++ -fopenmp -O3 -ffast-math -march=native main_mpi.cpp ../lib/libqqc.a -o 672x1.out
OMP_NUM_THREADS=1 srun --cpus-per-task=$OMP_NUM_THREADS ./672x1.out
rm 672x1.out
Timing Loader_qmp2_from_file:: loader :CPU: 0 ms ; Wall: 0 ms
Timings AoToMo CGTO: CPU: 1317 ms ; Wall: 1410 ms
    -- Loading in: CPU: 970 ms ; Wall: 973 ms
    -- Distribute Batch: CPU: 113 ms ; Wall: 198 ms
    -- Tranforming Batch: CPU: 4 ms ; Wall: 4 ms
    -- Distribute Batch Results: CPU: 189 ms ; Wall: 189 ms

Timings AoToMo Coulomb Integral: CPU: 148531 ms ; Wall: 149033 ms
    -- Loading in: CPU: 136870 ms ; Wall: 137323 ms
    -- Distribute Batch: CPU: 967 ms ; Wall: 972 ms
    -- Transforming Batch: CPU: 7155 ms ; Wall: 7180 ms
    -- Distribute Batch Results: CPU: 3484 ms ; Wall: 3498 ms

Timing Vault_qmp2:: vault : CPU: 150223 ms ; Wall: 150849 ms
Timing Do_qmp2:: qmp2 : CPU: 64715 ms ; Wall: 64958 ms
 ______________________________________________________________________________ 
|                                                                              |
|                  ** Quadrature Calculation through libqqc **                 |
|                                                                              |
|++++++++++++++++++++++++++++++++++++++++++++++++++++++++++++++++++++++++++++++|
| * Author(s): Benjamin Thomitzni                                              |
|++++++++++++++++++++++++++++++++++++++++++++++++++++++++++++++++++++++++++++++|
|                               Programm Details                               |
|------------------------------------------------------------------------------|
| * library vers.      v0.1                                                    |
|     -- Loader vers.  v0.1                                                    |
|     -- Vault vers.   v0.1                                                    |
|     -- Do_qmp2 vers. v0.1                                                    |
|------------------------------------------------------------------------------|
| * OpenMP enabled                                                             |
|     -- threads:   1                                                          |
| * MPI enabled                                                                |
|     -- processes: 672                                                        |
|++++++++++++++++++++++++++++++++++++++++++++++++++++++++++++++++++++++++++++++|
|                              Calculation Details                             |
|------------------------------------------------------------------------------|
| * Method:             Q-MP(2)                                                |
|------------------------------------------------------------------------------|
| * grid points (3D):   18240                                                  |
| * grid points (1D):   16                                                     |
|------------------------------------------------------------------------------|
| * atomic orbitals:    146                                                    |
| * molecular orbitals: 146                                                    |
|     -- occupied:      47                                                     |
|     -- virtual:       99                                                     |
|------------------------------------------------------------------------------|
|                                    Results                                   |
|------------------------------------------------------------------------------|
| * Ground State Energy Correction (eV): -1.24223                              |
|++++++++++++++++++++++++++++++++++++++++++++++++++++++++++++++++++++++++++++++|
|                              Calculation Timings                             |
|------------------------------------------------------------------------------|
| Timing Qmp2_energy::compute : CPU: 59827 ms ; Wall: 60057 ms                 |
|     -- Setting up calculation: CPU: 305 ms ; Wall: 307 ms                    |
|     -- Calc. Batch 1/2: CPU: 20 ms ; Wall: 19 ms                             |
|     -- Calc. Batch 2/2: CPU: 59502 ms ; Wall: 59729 ms                       |
| Gather result fr. nodes : CPU: 4878 ms ; Wall: 4890 ms                       |
|------------------------------------------------------------------------------|
|             if no timings are printed, choose higher print level             |
|______________________________________________________________________________|

