/home/hd/hd_hd/hd_tb381/workspace/libqqc/runs/folder/scan_mpionly
n1609
Fr 15. Apr 23:53:09 CEST 2022
#!/bin/bash
#SBATCH -J libqqc_mpionly_48x1
#SBATCH -n48 --cpus-per-task=1 -t12:00:00
#SBATCH --mem=200G
#SBATCH --job-name=libqqc_mpionly_48x1
#SBATCH --output=libqqc_mpionly_48x1_por-%j.out
#SBATCH --error=libqqc_mpionly_48x1_por-%j.err
pwd; hostname; date
cat run_48x1.sh
module load compiler/gnu
module load mpi/openmpi
cd ../../../host_example/.
mpic++ -fopenmp -O3 -ffast-math -march=native main_mpi.cpp ../lib/libqqc.a -o 48x1.out
OMP_NUM_THREADS=1 srun --cpus-per-task=$OMP_NUM_THREADS ./48x1.out
rm 48x1.out
Timing Loader_qmp2_from_file:: loader :CPU: 0 ms ; Wall: 0 ms
Timings AoToMo CGTO: CPU: 5570 ms ; Wall: 5599 ms
    -- Loading in: CPU: 5393 ms ; Wall: 5419 ms
    -- Distribute Batch: CPU: 14 ms ; Wall: 14 ms
    -- Tranforming Batch: CPU: 13 ms ; Wall: 13 ms
    -- Distribute Batch Results: CPU: 114 ms ; Wall: 114 ms

Timings AoToMo Coulomb Integral: CPU: 167103 ms ; Wall: 167735 ms
    -- Loading in: CPU: 139891 ms ; Wall: 140399 ms
    -- Distribute Batch: CPU: 1359 ms ; Wall: 1363 ms
    -- Transforming Batch: CPU: 22077 ms ; Wall: 22176 ms
    -- Distribute Batch Results: CPU: 3708 ms ; Wall: 3726 ms

Timing Vault_qmp2:: vault : CPU: 172997 ms ; Wall: 173673 ms
Timing Do_qmp2:: qmp2 : CPU: 861269 ms ; Wall: 864645 ms
 ______________________________________________________________________________ 
|                                                                              |
|                  ** Quadrature Calculation through libqqc **                 |
|                                                                              |
|++++++++++++++++++++++++++++++++++++++++++++++++++++++++++++++++++++++++++++++|
| * Author(s): Benjamin Thomitzni                                              |
|++++++++++++++++++++++++++++++++++++++++++++++++++++++++++++++++++++++++++++++|
|                               Programm Details                               |
|------------------------------------------------------------------------------|
| * library vers.      v0.1                                                    |
|     -- Loader vers.  v0.1                                                    |
|     -- Vault vers.   v0.1                                                    |
|     -- Do_qmp2 vers. v0.1                                                    |
|------------------------------------------------------------------------------|
| * OpenMP enabled                                                             |
|     -- threads:   1                                                          |
| * MPI enabled                                                                |
|     -- processes: 48                                                         |
|++++++++++++++++++++++++++++++++++++++++++++++++++++++++++++++++++++++++++++++|
|                              Calculation Details                             |
|------------------------------------------------------------------------------|
| * Method:             Q-MP(2)                                                |
|------------------------------------------------------------------------------|
| * grid points (3D):   18240                                                  |
| * grid points (1D):   16                                                     |
|------------------------------------------------------------------------------|
| * atomic orbitals:    146                                                    |
| * molecular orbitals: 146                                                    |
|     -- occupied:      47                                                     |
|     -- virtual:       99                                                     |
|------------------------------------------------------------------------------|
|                                    Results                                   |
|------------------------------------------------------------------------------|
| * Ground State Energy Correction (eV): -1.24223                              |
|++++++++++++++++++++++++++++++++++++++++++++++++++++++++++++++++++++++++++++++|
|                              Calculation Timings                             |
|------------------------------------------------------------------------------|
| Timing Qmp2_energy::compute : CPU: 861245 ms ; Wall: 864621 ms               |
|     -- Setting up calculation: CPU: 508 ms ; Wall: 513 ms                    |
|     -- Calc. Batch 1/2: CPU: 3214 ms ; Wall: 3227 ms                         |
|     -- Calc. Batch 2/2: CPU: 857523 ms ; Wall: 860880 ms                     |
| Gather result fr. nodes : CPU: 0 ms ; Wall: 0 ms                             |
|------------------------------------------------------------------------------|
|             if no timings are printed, choose higher print level             |
|______________________________________________________________________________|

