/home/hd/hd_hd/hd_tb381/workspace/libqqc/runs/folder/scan_mpionly
n1539
Fr 15. Apr 23:42:56 CEST 2022
#!/bin/bash
#SBATCH -J libqqc_mpionly_4x1
#SBATCH -n4 --cpus-per-task=1 -t12:00:00
#SBATCH --mem=200G
#SBATCH --job-name=libqqc_mpionly_4x1
#SBATCH --output=libqqc_mpionly_4x1_por-%j.out
#SBATCH --error=libqqc_mpionly_4x1_por-%j.err
pwd; hostname; date
cat run_4x1.sh
module load compiler/gnu
module load mpi/openmpi
cd ../../../host_example/.
mpic++ -fopenmp -O3 -ffast-math -march=native main_mpi.cpp ../lib/libqqc.a -o 4x1.out
OMP_NUM_THREADS=1 srun --cpus-per-task=$OMP_NUM_THREADS ./4x1.out
rm 4x1.out
Timing Loader_qmp2_from_file:: loader :CPU: 0 ms ; Wall: 0 ms
Timings AoToMo CGTO: CPU: 4496 ms ; Wall: 4514 ms
    -- Loading in: CPU: 4323 ms ; Wall: 4339 ms
    -- Distribute Batch: CPU: 7 ms ; Wall: 6 ms
    -- Tranforming Batch: CPU: 121 ms ; Wall: 120 ms
    -- Distribute Batch Results: CPU: 17 ms ; Wall: 17 ms

Timings AoToMo Coulomb Integral: CPU: 312176 ms ; Wall: 312738 ms
    -- Loading in: CPU: 107425 ms ; Wall: 107642 ms
    -- Distribute Batch: CPU: 960 ms ; Wall: 961 ms
    -- Transforming Batch: CPU: 202435 ms ; Wall: 202772 ms
    -- Distribute Batch Results: CPU: 1089 ms ; Wall: 1091 ms

Timing Vault_qmp2:: vault : CPU: 316919 ms ; Wall: 317513 ms
Timing Do_qmp2:: qmp2 : CPU: 7527372 ms ; Wall: 7545467 ms
 ______________________________________________________________________________ 
|                                                                              |
|                  ** Quadrature Calculation through libqqc **                 |
|                                                                              |
|++++++++++++++++++++++++++++++++++++++++++++++++++++++++++++++++++++++++++++++|
| * Author(s): Benjamin Thomitzni                                              |
|++++++++++++++++++++++++++++++++++++++++++++++++++++++++++++++++++++++++++++++|
|                               Programm Details                               |
|------------------------------------------------------------------------------|
| * library vers.      v0.1                                                    |
|     -- Loader vers.  v0.1                                                    |
|     -- Vault vers.   v0.1                                                    |
|     -- Do_qmp2 vers. v0.1                                                    |
|------------------------------------------------------------------------------|
| * OpenMP enabled                                                             |
|     -- threads:   1                                                          |
| * MPI enabled                                                                |
|     -- processes: 4                                                          |
|++++++++++++++++++++++++++++++++++++++++++++++++++++++++++++++++++++++++++++++|
|                              Calculation Details                             |
|------------------------------------------------------------------------------|
| * Method:             Q-MP(2)                                                |
|------------------------------------------------------------------------------|
| * grid points (3D):   18240                                                  |
| * grid points (1D):   16                                                     |
|------------------------------------------------------------------------------|
| * atomic orbitals:    146                                                    |
| * molecular orbitals: 146                                                    |
|     -- occupied:      47                                                     |
|     -- virtual:       99                                                     |
|------------------------------------------------------------------------------|
|                                    Results                                   |
|------------------------------------------------------------------------------|
| * Ground State Energy Correction (eV): -1.24223                              |
|++++++++++++++++++++++++++++++++++++++++++++++++++++++++++++++++++++++++++++++|
|                              Calculation Timings                             |
|------------------------------------------------------------------------------|
| Timing Qmp2_energy::compute : CPU: 7527360 ms ; Wall: 7545436 ms             |
|     -- Setting up calculation: CPU: 88 ms ; Wall: 88 ms                      |
|     -- Calc. Batch 1/2: CPU: 400777 ms ; Wall: 401679 ms                     |
|     -- Calc. Batch 2/2: CPU: 7126495 ms ; Wall: 7143668 ms                   |
| Gather result fr. nodes : CPU: 0 ms ; Wall: 1 ms                             |
|------------------------------------------------------------------------------|
|             if no timings are printed, choose higher print level             |
|______________________________________________________________________________|

