/home/hd/hd_hd/hd_tb381/workspace/libqqc/runs/folder/scan_mpionly
n1601
Sa 16. Apr 00:20:47 CEST 2022
#!/bin/bash
#SBATCH -J libqqc_mpionly_720x1
#SBATCH -n720 --cpus-per-task=1 -t12:00:00
#SBATCH --mem=200G
#SBATCH --job-name=libqqc_mpionly_720x1
#SBATCH --output=libqqc_mpionly_720x1_por-%j.out
#SBATCH --error=libqqc_mpionly_720x1_por-%j.err
pwd; hostname; date
cat run_720x1.sh
module load compiler/gnu
module load mpi/openmpi
cd ../../../host_example/.
mpic++ -fopenmp -O3 -ffast-math -march=native main_mpi.cpp ../lib/libqqc.a -o 720x1.out
OMP_NUM_THREADS=1 srun --cpus-per-task=$OMP_NUM_THREADS ./720x1.out
rm 720x1.out
Timing Loader_qmp2_from_file:: loader :CPU: 0 ms ; Wall: 1 ms
Timings AoToMo CGTO: CPU: 1337 ms ; Wall: 1433 ms
    -- Loading in: CPU: 968 ms ; Wall: 972 ms
    -- Distribute Batch: CPU: 123 ms ; Wall: 211 ms
    -- Tranforming Batch: CPU: 9 ms ; Wall: 9 ms
    -- Distribute Batch Results: CPU: 195 ms ; Wall: 195 ms

Timings AoToMo Coulomb Integral: CPU: 165030 ms ; Wall: 165666 ms
    -- Loading in: CPU: 144179 ms ; Wall: 144724 ms
    -- Distribute Batch: CPU: 983 ms ; Wall: 987 ms
    -- Transforming Batch: CPU: 15822 ms ; Wall: 15890 ms
    -- Distribute Batch Results: CPU: 3977 ms ; Wall: 3992 ms

Timing Vault_qmp2:: vault : CPU: 166751 ms ; Wall: 167514 ms
Timing Do_qmp2:: qmp2 : CPU: 61568 ms ; Wall: 61792 ms
 ______________________________________________________________________________ 
|                                                                              |
|                  ** Quadrature Calculation through libqqc **                 |
|                                                                              |
|++++++++++++++++++++++++++++++++++++++++++++++++++++++++++++++++++++++++++++++|
| * Author(s): Benjamin Thomitzni                                              |
|++++++++++++++++++++++++++++++++++++++++++++++++++++++++++++++++++++++++++++++|
|                               Programm Details                               |
|------------------------------------------------------------------------------|
| * library vers.      v0.1                                                    |
|     -- Loader vers.  v0.1                                                    |
|     -- Vault vers.   v0.1                                                    |
|     -- Do_qmp2 vers. v0.1                                                    |
|------------------------------------------------------------------------------|
| * OpenMP enabled                                                             |
|     -- threads:   1                                                          |
| * MPI enabled                                                                |
|     -- processes: 720                                                        |
|++++++++++++++++++++++++++++++++++++++++++++++++++++++++++++++++++++++++++++++|
|                              Calculation Details                             |
|------------------------------------------------------------------------------|
| * Method:             Q-MP(2)                                                |
|------------------------------------------------------------------------------|
| * grid points (3D):   18240                                                  |
| * grid points (1D):   16                                                     |
|------------------------------------------------------------------------------|
| * atomic orbitals:    146                                                    |
| * molecular orbitals: 146                                                    |
|     -- occupied:      47                                                     |
|     -- virtual:       99                                                     |
|------------------------------------------------------------------------------|
|                                    Results                                   |
|------------------------------------------------------------------------------|
| * Ground State Energy Correction (eV): -1.24223                              |
|++++++++++++++++++++++++++++++++++++++++++++++++++++++++++++++++++++++++++++++|
|                              Calculation Timings                             |
|------------------------------------------------------------------------------|
| Timing Qmp2_energy::compute : CPU: 55182 ms ; Wall: 55394 ms                 |
|     -- Setting up calculation: CPU: 311 ms ; Wall: 314 ms                    |
|     -- Calc. Batch 1/2: CPU: 17 ms ; Wall: 17 ms                             |
|     -- Calc. Batch 2/2: CPU: 54853 ms ; Wall: 55063 ms                       |
| Gather result fr. nodes : CPU: 6371 ms ; Wall: 6382 ms                       |
|------------------------------------------------------------------------------|
|             if no timings are printed, choose higher print level             |
|______________________________________________________________________________|

