/home/hd/hd_hd/hd_tb381/workspace/libqqc/runs/folder/scan_mpionly
n1405
Sa 16. Apr 00:11:04 CEST 2022
#!/bin/bash
#SBATCH -J libqqc_mpionly_576x1
#SBATCH -n576 --cpus-per-task=1 -t12:00:00
#SBATCH --mem=200G
#SBATCH --job-name=libqqc_mpionly_576x1
#SBATCH --output=libqqc_mpionly_576x1_por-%j.out
#SBATCH --error=libqqc_mpionly_576x1_por-%j.err
pwd; hostname; date
cat run_576x1.sh
module load compiler/gnu
module load mpi/openmpi
cd ../../../host_example/.
mpic++ -fopenmp -O3 -ffast-math -march=native main_mpi.cpp ../lib/libqqc.a -o 576x1.out
OMP_NUM_THREADS=1 srun --cpus-per-task=$OMP_NUM_THREADS ./576x1.out
rm 576x1.out
Timing Loader_qmp2_from_file:: loader :CPU: 0 ms ; Wall: 0 ms
Timings AoToMo CGTO: CPU: 1335 ms ; Wall: 1395 ms
    -- Loading in: CPU: 970 ms ; Wall: 973 ms
    -- Distribute Batch: CPU: 106 ms ; Wall: 159 ms
    -- Tranforming Batch: CPU: 15 ms ; Wall: 14 ms
    -- Distribute Batch Results: CPU: 202 ms ; Wall: 203 ms

Timings AoToMo Coulomb Integral: CPU: 166052 ms ; Wall: 166586 ms
    -- Loading in: CPU: 136957 ms ; Wall: 137392 ms
    -- Distribute Batch: CPU: 927 ms ; Wall: 930 ms
    -- Transforming Batch: CPU: 24134 ms ; Wall: 24212 ms
    -- Distribute Batch Results: CPU: 3962 ms ; Wall: 3975 ms

Timing Vault_qmp2:: vault : CPU: 167750 ms ; Wall: 168373 ms
Timing Do_qmp2:: qmp2 : CPU: 74980 ms ; Wall: 75232 ms
 ______________________________________________________________________________ 
|                                                                              |
|                  ** Quadrature Calculation through libqqc **                 |
|                                                                              |
|++++++++++++++++++++++++++++++++++++++++++++++++++++++++++++++++++++++++++++++|
| * Author(s): Benjamin Thomitzni                                              |
|++++++++++++++++++++++++++++++++++++++++++++++++++++++++++++++++++++++++++++++|
|                               Programm Details                               |
|------------------------------------------------------------------------------|
| * library vers.      v0.1                                                    |
|     -- Loader vers.  v0.1                                                    |
|     -- Vault vers.   v0.1                                                    |
|     -- Do_qmp2 vers. v0.1                                                    |
|------------------------------------------------------------------------------|
| * OpenMP enabled                                                             |
|     -- threads:   1                                                          |
| * MPI enabled                                                                |
|     -- processes: 576                                                        |
|++++++++++++++++++++++++++++++++++++++++++++++++++++++++++++++++++++++++++++++|
|                              Calculation Details                             |
|------------------------------------------------------------------------------|
| * Method:             Q-MP(2)                                                |
|------------------------------------------------------------------------------|
| * grid points (3D):   18240                                                  |
| * grid points (1D):   16                                                     |
|------------------------------------------------------------------------------|
| * atomic orbitals:    146                                                    |
| * molecular orbitals: 146                                                    |
|     -- occupied:      47                                                     |
|     -- virtual:       99                                                     |
|------------------------------------------------------------------------------|
|                                    Results                                   |
|------------------------------------------------------------------------------|
| * Ground State Energy Correction (eV): -1.24223                              |
|++++++++++++++++++++++++++++++++++++++++++++++++++++++++++++++++++++++++++++++|
|                              Calculation Timings                             |
|------------------------------------------------------------------------------|
| Timing Qmp2_energy::compute : CPU: 68381 ms ; Wall: 68622 ms                 |
|     -- Setting up calculation: CPU: 314 ms ; Wall: 316 ms                    |
|     -- Calc. Batch 1/2: CPU: 24 ms ; Wall: 23 ms                             |
|     -- Calc. Batch 2/2: CPU: 68043 ms ; Wall: 68282 ms                       |
| Gather result fr. nodes : CPU: 6583 ms ; Wall: 6594 ms                       |
|------------------------------------------------------------------------------|
|             if no timings are printed, choose higher print level             |
|______________________________________________________________________________|

