/home/hd/hd_hd/hd_tb381/workspace/libqqc/runs/folder/scan_mpionly
n1540
Fr 15. Apr 23:48:33 CEST 2022
#!/bin/bash
#SBATCH -J libqqc_mpionly_16x1
#SBATCH -n16 --cpus-per-task=1 -t12:00:00
#SBATCH --mem=200G
#SBATCH --job-name=libqqc_mpionly_16x1
#SBATCH --output=libqqc_mpionly_16x1_por-%j.out
#SBATCH --error=libqqc_mpionly_16x1_por-%j.err
pwd; hostname; date
cat run_16x1.sh
module load compiler/gnu
module load mpi/openmpi
cd ../../../host_example/.
mpic++ -fopenmp -O3 -ffast-math -march=native main_mpi.cpp ../lib/libqqc.a -o 16x1.out
OMP_NUM_THREADS=1 srun --cpus-per-task=$OMP_NUM_THREADS ./16x1.out
rm 16x1.out
Timing Loader_qmp2_from_file:: loader :CPU: 0 ms ; Wall: 0 ms
Timings AoToMo CGTO: CPU: 4844 ms ; Wall: 4863 ms
    -- Loading in: CPU: 4679 ms ; Wall: 4696 ms
    -- Distribute Batch: CPU: 11 ms ; Wall: 11 ms
    -- Tranforming Batch: CPU: 34 ms ; Wall: 33 ms
    -- Distribute Batch Results: CPU: 92 ms ; Wall: 91 ms

Timings AoToMo Coulomb Integral: CPU: 172371 ms ; Wall: 172775 ms
    -- Loading in: CPU: 115800 ms ; Wall: 116081 ms
    -- Distribute Batch: CPU: 1115 ms ; Wall: 1117 ms
    -- Transforming Batch: CPU: 54527 ms ; Wall: 54641 ms
    -- Distribute Batch Results: CPU: 836 ms ; Wall: 838 ms

Timing Vault_qmp2:: vault : CPU: 177480 ms ; Wall: 177918 ms
Timing Do_qmp2:: qmp2 : CPU: 2068835 ms ; Wall: 2074307 ms
 ______________________________________________________________________________ 
|                                                                              |
|                  ** Quadrature Calculation through libqqc **                 |
|                                                                              |
|++++++++++++++++++++++++++++++++++++++++++++++++++++++++++++++++++++++++++++++|
| * Author(s): Benjamin Thomitzni                                              |
|++++++++++++++++++++++++++++++++++++++++++++++++++++++++++++++++++++++++++++++|
|                               Programm Details                               |
|------------------------------------------------------------------------------|
| * library vers.      v0.1                                                    |
|     -- Loader vers.  v0.1                                                    |
|     -- Vault vers.   v0.1                                                    |
|     -- Do_qmp2 vers. v0.1                                                    |
|------------------------------------------------------------------------------|
| * OpenMP enabled                                                             |
|     -- threads:   1                                                          |
| * MPI enabled                                                                |
|     -- processes: 16                                                         |
|++++++++++++++++++++++++++++++++++++++++++++++++++++++++++++++++++++++++++++++|
|                              Calculation Details                             |
|------------------------------------------------------------------------------|
| * Method:             Q-MP(2)                                                |
|------------------------------------------------------------------------------|
| * grid points (3D):   18240                                                  |
| * grid points (1D):   16                                                     |
|------------------------------------------------------------------------------|
| * atomic orbitals:    146                                                    |
| * molecular orbitals: 146                                                    |
|     -- occupied:      47                                                     |
|     -- virtual:       99                                                     |
|------------------------------------------------------------------------------|
|                                    Results                                   |
|------------------------------------------------------------------------------|
| * Ground State Energy Correction (eV): -1.24223                              |
|++++++++++++++++++++++++++++++++++++++++++++++++++++++++++++++++++++++++++++++|
|                              Calculation Timings                             |
|------------------------------------------------------------------------------|
| Timing Qmp2_energy::compute : CPU: 2061627 ms ; Wall: 2067082 ms             |
|     -- Setting up calculation: CPU: 164 ms ; Wall: 164 ms                    |
|     -- Calc. Batch 1/2: CPU: 21657 ms ; Wall: 21716 ms                       |
|     -- Calc. Batch 2/2: CPU: 2039806 ms ; Wall: 2045202 ms                   |
| Gather result fr. nodes : CPU: 7196 ms ; Wall: 7212 ms                       |
|------------------------------------------------------------------------------|
|             if no timings are printed, choose higher print level             |
|______________________________________________________________________________|

