/home/hd/hd_hd/hd_tb381/workspace/libqqc/runs/folder/scan_mpionly
n1405
Sa 16. Apr 00:21:49 CEST 2022
#!/bin/bash
#SBATCH -J libqqc_mpionly_768x1
#SBATCH -n768 --cpus-per-task=1 -t12:00:00
#SBATCH --mem=200G
#SBATCH --job-name=libqqc_mpionly_768x1
#SBATCH --output=libqqc_mpionly_768x1_por-%j.out
#SBATCH --error=libqqc_mpionly_768x1_por-%j.err
pwd; hostname; date
cat run_768x1.sh
module load compiler/gnu
module load mpi/openmpi
cd ../../../host_example/.
mpic++ -fopenmp -O3 -ffast-math -march=native main_mpi.cpp ../lib/libqqc.a -o 768x1.out
OMP_NUM_THREADS=1 srun --cpus-per-task=$OMP_NUM_THREADS ./768x1.out
rm 768x1.out
Timing Loader_qmp2_from_file:: loader :CPU: 0 ms ; Wall: 0 ms
Timings AoToMo CGTO: CPU: 1487 ms ; Wall: 1598 ms
    -- Loading in: CPU: 965 ms ; Wall: 968 ms
    -- Distribute Batch: CPU: 127 ms ; Wall: 230 ms
    -- Tranforming Batch: CPU: 21 ms ; Wall: 21 ms
    -- Distribute Batch Results: CPU: 331 ms ; Wall: 332 ms

Timings AoToMo Coulomb Integral: CPU: 176180 ms ; Wall: 176735 ms
    -- Loading in: CPU: 136720 ms ; Wall: 137143 ms
    -- Distribute Batch: CPU: 981 ms ; Wall: 983 ms
    -- Transforming Batch: CPU: 34757 ms ; Wall: 34868 ms
    -- Distribute Batch Results: CPU: 3639 ms ; Wall: 3651 ms

Timing Vault_qmp2:: vault : CPU: 178055 ms ; Wall: 178753 ms
Timing Do_qmp2:: qmp2 : CPU: 68275 ms ; Wall: 68541 ms
 ______________________________________________________________________________ 
|                                                                              |
|                  ** Quadrature Calculation through libqqc **                 |
|                                                                              |
|++++++++++++++++++++++++++++++++++++++++++++++++++++++++++++++++++++++++++++++|
| * Author(s): Benjamin Thomitzni                                              |
|++++++++++++++++++++++++++++++++++++++++++++++++++++++++++++++++++++++++++++++|
|                               Programm Details                               |
|------------------------------------------------------------------------------|
| * library vers.      v0.1                                                    |
|     -- Loader vers.  v0.1                                                    |
|     -- Vault vers.   v0.1                                                    |
|     -- Do_qmp2 vers. v0.1                                                    |
|------------------------------------------------------------------------------|
| * OpenMP enabled                                                             |
|     -- threads:   1                                                          |
| * MPI enabled                                                                |
|     -- processes: 768                                                        |
|++++++++++++++++++++++++++++++++++++++++++++++++++++++++++++++++++++++++++++++|
|                              Calculation Details                             |
|------------------------------------------------------------------------------|
| * Method:             Q-MP(2)                                                |
|------------------------------------------------------------------------------|
| * grid points (3D):   18240                                                  |
| * grid points (1D):   16                                                     |
|------------------------------------------------------------------------------|
| * atomic orbitals:    146                                                    |
| * molecular orbitals: 146                                                    |
|     -- occupied:      47                                                     |
|     -- virtual:       99                                                     |
|------------------------------------------------------------------------------|
|                                    Results                                   |
|------------------------------------------------------------------------------|
| * Ground State Energy Correction (eV): -1.24223                              |
|++++++++++++++++++++++++++++++++++++++++++++++++++++++++++++++++++++++++++++++|
|                              Calculation Timings                             |
|------------------------------------------------------------------------------|
| Timing Qmp2_energy::compute : CPU: 50738 ms ; Wall: 50932 ms                 |
|     -- Setting up calculation: CPU: 320 ms ; Wall: 322 ms                    |
|     -- Calc. Batch 1/2: CPU: 14 ms ; Wall: 14 ms                             |
|     -- Calc. Batch 2/2: CPU: 50404 ms ; Wall: 50594 ms                       |
| Gather result fr. nodes : CPU: 17518 ms ; Wall: 17591 ms                     |
|------------------------------------------------------------------------------|
|             if no timings are printed, choose higher print level             |
|______________________________________________________________________________|

