/home/hd/hd_hd/hd_tb381/workspace/libqqc/runs/folder/scan_mpionly
n1608
Fr 15. Apr 23:53:09 CEST 2022
#!/bin/bash
#SBATCH -J libqqc_mpionly_44x1
#SBATCH -n44 --cpus-per-task=1 -t12:00:00
#SBATCH --mem=200G
#SBATCH --job-name=libqqc_mpionly_44x1
#SBATCH --output=libqqc_mpionly_44x1_por-%j.out
#SBATCH --error=libqqc_mpionly_44x1_por-%j.err
pwd; hostname; date
cat run_44x1.sh
module load compiler/gnu
module load mpi/openmpi
cd ../../../host_example/.
mpic++ -fopenmp -O3 -ffast-math -march=native main_mpi.cpp ../lib/libqqc.a -o 44x1.out
OMP_NUM_THREADS=1 srun --cpus-per-task=$OMP_NUM_THREADS ./44x1.out
rm 44x1.out
Timing Loader_qmp2_from_file:: loader :CPU: 0 ms ; Wall: 0 ms
Timings AoToMo CGTO: CPU: 5743 ms ; Wall: 5775 ms
    -- Loading in: CPU: 5549 ms ; Wall: 5579 ms
    -- Distribute Batch: CPU: 13 ms ; Wall: 13 ms
    -- Tranforming Batch: CPU: 15 ms ; Wall: 15 ms
    -- Distribute Batch Results: CPU: 130 ms ; Wall: 130 ms

Timings AoToMo Coulomb Integral: CPU: 169818 ms ; Wall: 170443 ms
    -- Loading in: CPU: 140620 ms ; Wall: 141131 ms
    -- Distribute Batch: CPU: 1304 ms ; Wall: 1308 ms
    -- Transforming Batch: CPU: 25529 ms ; Wall: 25626 ms
    -- Distribute Batch Results: CPU: 2296 ms ; Wall: 2304 ms

Timing Vault_qmp2:: vault : CPU: 175883 ms ; Wall: 176556 ms
Timing Do_qmp2:: qmp2 : CPU: 941574 ms ; Wall: 945065 ms
 ______________________________________________________________________________ 
|                                                                              |
|                  ** Quadrature Calculation through libqqc **                 |
|                                                                              |
|++++++++++++++++++++++++++++++++++++++++++++++++++++++++++++++++++++++++++++++|
| * Author(s): Benjamin Thomitzni                                              |
|++++++++++++++++++++++++++++++++++++++++++++++++++++++++++++++++++++++++++++++|
|                               Programm Details                               |
|------------------------------------------------------------------------------|
| * library vers.      v0.1                                                    |
|     -- Loader vers.  v0.1                                                    |
|     -- Vault vers.   v0.1                                                    |
|     -- Do_qmp2 vers. v0.1                                                    |
|------------------------------------------------------------------------------|
| * OpenMP enabled                                                             |
|     -- threads:   1                                                          |
| * MPI enabled                                                                |
|     -- processes: 44                                                         |
|++++++++++++++++++++++++++++++++++++++++++++++++++++++++++++++++++++++++++++++|
|                              Calculation Details                             |
|------------------------------------------------------------------------------|
| * Method:             Q-MP(2)                                                |
|------------------------------------------------------------------------------|
| * grid points (3D):   18240                                                  |
| * grid points (1D):   16                                                     |
|------------------------------------------------------------------------------|
| * atomic orbitals:    146                                                    |
| * molecular orbitals: 146                                                    |
|     -- occupied:      47                                                     |
|     -- virtual:       99                                                     |
|------------------------------------------------------------------------------|
|                                    Results                                   |
|------------------------------------------------------------------------------|
| * Ground State Energy Correction (eV): -1.24223                              |
|++++++++++++++++++++++++++++++++++++++++++++++++++++++++++++++++++++++++++++++|
|                              Calculation Timings                             |
|------------------------------------------------------------------------------|
| Timing Qmp2_energy::compute : CPU: 935496 ms ; Wall: 938969 ms               |
|     -- Setting up calculation: CPU: 467 ms ; Wall: 470 ms                    |
|     -- Calc. Batch 1/2: CPU: 3993 ms ; Wall: 4008 ms                         |
|     -- Calc. Batch 2/2: CPU: 931036 ms ; Wall: 934490 ms                     |
| Gather result fr. nodes : CPU: 6057 ms ; Wall: 6073 ms                       |
|------------------------------------------------------------------------------|
|             if no timings are printed, choose higher print level             |
|______________________________________________________________________________|

