/home/hd/hd_hd/hd_tb381/workspace/libqqc/runs/folder/scan_mpionly
n1601
Fr 15. Apr 23:57:15 CEST 2022
#!/bin/bash
#SBATCH -J libqqc_mpionly_240x1
#SBATCH -n240 --cpus-per-task=1 -t12:00:00
#SBATCH --mem=200G
#SBATCH --job-name=libqqc_mpionly_240x1
#SBATCH --output=libqqc_mpionly_240x1_por-%j.out
#SBATCH --error=libqqc_mpionly_240x1_por-%j.err
pwd; hostname; date
cat run_240x1.sh
module load compiler/gnu
module load mpi/openmpi
cd ../../../host_example/.
mpic++ -fopenmp -O3 -ffast-math -march=native main_mpi.cpp ../lib/libqqc.a -o 240x1.out
OMP_NUM_THREADS=1 srun --cpus-per-task=$OMP_NUM_THREADS ./240x1.out
rm 240x1.out
Timing Loader_qmp2_from_file:: loader :CPU: 0 ms ; Wall: 0 ms
Timings AoToMo CGTO: CPU: 1169 ms ; Wall: 1202 ms
    -- Loading in: CPU: 975 ms ; Wall: 978 ms
    -- Distribute Batch: CPU: 45 ms ; Wall: 72 ms
    -- Tranforming Batch: CPU: 3 ms ; Wall: 2 ms
    -- Distribute Batch Results: CPU: 108 ms ; Wall: 108 ms

Timings AoToMo Coulomb Integral: CPU: 156971 ms ; Wall: 157623 ms
    -- Loading in: CPU: 139534 ms ; Wall: 140113 ms
    -- Distribute Batch: CPU: 940 ms ; Wall: 944 ms
    -- Transforming Batch: CPU: 4752 ms ; Wall: 4772 ms
    -- Distribute Batch Results: CPU: 11694 ms ; Wall: 11737 ms

Timing Vault_qmp2:: vault : CPU: 158469 ms ; Wall: 159177 ms
Timing Do_qmp2:: qmp2 : CPU: 175851 ms ; Wall: 176527 ms
 ______________________________________________________________________________ 
|                                                                              |
|                  ** Quadrature Calculation through libqqc **                 |
|                                                                              |
|++++++++++++++++++++++++++++++++++++++++++++++++++++++++++++++++++++++++++++++|
| * Author(s): Benjamin Thomitzni                                              |
|++++++++++++++++++++++++++++++++++++++++++++++++++++++++++++++++++++++++++++++|
|                               Programm Details                               |
|------------------------------------------------------------------------------|
| * library vers.      v0.1                                                    |
|     -- Loader vers.  v0.1                                                    |
|     -- Vault vers.   v0.1                                                    |
|     -- Do_qmp2 vers. v0.1                                                    |
|------------------------------------------------------------------------------|
| * OpenMP enabled                                                             |
|     -- threads:   1                                                          |
| * MPI enabled                                                                |
|     -- processes: 240                                                        |
|++++++++++++++++++++++++++++++++++++++++++++++++++++++++++++++++++++++++++++++|
|                              Calculation Details                             |
|------------------------------------------------------------------------------|
| * Method:             Q-MP(2)                                                |
|------------------------------------------------------------------------------|
| * grid points (3D):   18240                                                  |
| * grid points (1D):   16                                                     |
|------------------------------------------------------------------------------|
| * atomic orbitals:    146                                                    |
| * molecular orbitals: 146                                                    |
|     -- occupied:      47                                                     |
|     -- virtual:       99                                                     |
|------------------------------------------------------------------------------|
|                                    Results                                   |
|------------------------------------------------------------------------------|
| * Ground State Energy Correction (eV): -1.24223                              |
|++++++++++++++++++++++++++++++++++++++++++++++++++++++++++++++++++++++++++++++|
|                              Calculation Timings                             |
|------------------------------------------------------------------------------|
| Timing Qmp2_energy::compute : CPU: 175837 ms ; Wall: 176513 ms               |
|     -- Setting up calculation: CPU: 71 ms ; Wall: 71 ms                      |
|     -- Calc. Batch 1/2: CPU: 120 ms ; Wall: 121 ms                           |
|     -- Calc. Batch 2/2: CPU: 175646 ms ; Wall: 176321 ms                     |
| Gather result fr. nodes : CPU: 0 ms ; Wall: 0 ms                             |
|------------------------------------------------------------------------------|
|             if no timings are printed, choose higher print level             |
|______________________________________________________________________________|

