/home/hd/hd_hd/hd_tb381/workspace/libqqc/runs/folder/scan_hybrid
n1405
Fr 15. Apr 23:51:37 CEST 2022
#!/bin/bash
#SBATCH -J libqqc_hybrid_16x48
#SBATCH -n16 --cpus-per-task=48 -t12:00:00
#SBATCH --mem=200G
#SBATCH --job-name=libqqc_hybrid_16x48
#SBATCH --output=libqqc_hybrid_16x48_por-%j.out
#SBATCH --error=libqqc_hybrid_16x48_por-%j.err
pwd; hostname; date
cat run_16x48.sh
module load compiler/gnu
module load mpi/openmpi
cd ../../../host_example/.
mpic++ -fopenmp -O3 -ffast-math -march=native main_mpi.cpp ../lib/libqqc.a -o 16x48.out
OMP_NUM_THREADS=48 srun --cpus-per-task=$OMP_NUM_THREADS ./16x48.out
rm 16x48.out
Timing Loader_qmp2_from_file:: loader :CPU: 0 ms ; Wall: 0 ms
Timings AoToMo CGTO: CPU: 1865 ms ; Wall: 814 ms
    -- Loading in: CPU: 733 ms ; Wall: 733 ms
    -- Distribute Batch: CPU: 7 ms ; Wall: 7 ms
    -- Tranforming Batch: CPU: 558 ms ; Wall: 12 ms
    -- Distribute Batch Results: CPU: 290 ms ; Wall: 30 ms

Timings AoToMo Coulomb Integral: CPU: 183430 ms ; Wall: 107469 ms
    -- Loading in: CPU: 103837 ms ; Wall: 103951 ms
    -- Distribute Batch: CPU: 719 ms ; Wall: 721 ms
    -- Transforming Batch: CPU: 77424 ms ; Wall: 1619 ms
    -- Distribute Batch Results: CPU: 1322 ms ; Wall: 1045 ms

Timing Vault_qmp2:: vault : CPU: 185682 ms ; Wall: 108348 ms
Timing Do_qmp2:: qmp2 : CPU: 1703882 ms ; Wall: 36782 ms
 ______________________________________________________________________________ 
|                                                                              |
|                  ** Quadrature Calculation through libqqc **                 |
|                                                                              |
|++++++++++++++++++++++++++++++++++++++++++++++++++++++++++++++++++++++++++++++|
| * Author(s): Benjamin Thomitzni                                              |
|++++++++++++++++++++++++++++++++++++++++++++++++++++++++++++++++++++++++++++++|
|                               Programm Details                               |
|------------------------------------------------------------------------------|
| * library vers.      v0.1                                                    |
|     -- Loader vers.  v0.1                                                    |
|     -- Vault vers.   v0.1                                                    |
|     -- Do_qmp2 vers. v0.1                                                    |
|------------------------------------------------------------------------------|
| * OpenMP enabled                                                             |
|     -- threads:   48                                                         |
| * MPI enabled                                                                |
|     -- processes: 16                                                         |
|++++++++++++++++++++++++++++++++++++++++++++++++++++++++++++++++++++++++++++++|
|                              Calculation Details                             |
|------------------------------------------------------------------------------|
| * Method:             Q-MP(2)                                                |
|------------------------------------------------------------------------------|
| * grid points (3D):   18240                                                  |
| * grid points (1D):   16                                                     |
|------------------------------------------------------------------------------|
| * atomic orbitals:    146                                                    |
| * molecular orbitals: 146                                                    |
|     -- occupied:      47                                                     |
|     -- virtual:       99                                                     |
|------------------------------------------------------------------------------|
|                                    Results                                   |
|------------------------------------------------------------------------------|
| * Ground State Energy Correction (eV): -1.24223                              |
|++++++++++++++++++++++++++++++++++++++++++++++++++++++++++++++++++++++++++++++|
|                              Calculation Timings                             |
|------------------------------------------------------------------------------|
| Timing Qmp2_energy::compute : CPU: 1702284 ms ; Wall: 35668 ms               |
|     -- Setting up calculation: CPU: 845 ms ; Wall: 17 ms                     |
|     -- Calc. Batch 1/2: CPU: 24183 ms ; Wall: 507 ms                         |
|     -- Calc. Batch 2/2: CPU: 1677256 ms ; Wall: 35143 ms                     |
| Gather result fr. nodes : CPU: 1341 ms ; Wall: 1100 ms                       |
|------------------------------------------------------------------------------|
|             if no timings are printed, choose higher print level             |
|______________________________________________________________________________|

