/home/hd/hd_hd/hd_tb381/workspace/libqqc/runs/folder/scan_hybrid
n1601
Sa 16. Apr 00:15:40 CEST 2022
#!/bin/bash
#SBATCH -J libqqc_hybrid_19x48
#SBATCH -n19 --cpus-per-task=48 -t12:00:00
#SBATCH --mem=200G
#SBATCH --job-name=libqqc_hybrid_19x48
#SBATCH --output=libqqc_hybrid_19x48_por-%j.out
#SBATCH --error=libqqc_hybrid_19x48_por-%j.err
pwd; hostname; date
cat run_19x48.sh
module load compiler/gnu
module load mpi/openmpi
cd ../../../host_example/.
mpic++ -fopenmp -O3 -ffast-math -march=native main_mpi.cpp ../lib/libqqc.a -o 19x48.out
OMP_NUM_THREADS=48 srun --cpus-per-task=$OMP_NUM_THREADS ./19x48.out
rm 19x48.out
Timing Loader_qmp2_from_file:: loader :CPU: 0 ms ; Wall: 0 ms
Timings AoToMo CGTO: CPU: 2191 ms ; Wall: 825 ms
    -- Loading in: CPU: 742 ms ; Wall: 743 ms
    -- Distribute Batch: CPU: 7 ms ; Wall: 7 ms
    -- Tranforming Batch: CPU: 891 ms ; Wall: 18 ms
    -- Distribute Batch Results: CPU: 263 ms ; Wall: 24 ms

Timings AoToMo Coulomb Integral: CPU: 174502 ms ; Wall: 107625 ms
    -- Loading in: CPU: 104658 ms ; Wall: 104765 ms
    -- Distribute Batch: CPU: 582 ms ; Wall: 582 ms
    -- Transforming Batch: CPU: 68139 ms ; Wall: 1425 ms
    -- Distribute Batch Results: CPU: 1043 ms ; Wall: 769 ms

Timing Vault_qmp2:: vault : CPU: 177085 ms ; Wall: 108511 ms
Timing Do_qmp2:: qmp2 : CPU: 1474681 ms ; Wall: 31072 ms
 ______________________________________________________________________________ 
|                                                                              |
|                  ** Quadrature Calculation through libqqc **                 |
|                                                                              |
|++++++++++++++++++++++++++++++++++++++++++++++++++++++++++++++++++++++++++++++|
| * Author(s): Benjamin Thomitzni                                              |
|++++++++++++++++++++++++++++++++++++++++++++++++++++++++++++++++++++++++++++++|
|                               Programm Details                               |
|------------------------------------------------------------------------------|
| * library vers.      v0.1                                                    |
|     -- Loader vers.  v0.1                                                    |
|     -- Vault vers.   v0.1                                                    |
|     -- Do_qmp2 vers. v0.1                                                    |
|------------------------------------------------------------------------------|
| * OpenMP enabled                                                             |
|     -- threads:   48                                                         |
| * MPI enabled                                                                |
|     -- processes: 19                                                         |
|++++++++++++++++++++++++++++++++++++++++++++++++++++++++++++++++++++++++++++++|
|                              Calculation Details                             |
|------------------------------------------------------------------------------|
| * Method:             Q-MP(2)                                                |
|------------------------------------------------------------------------------|
| * grid points (3D):   18240                                                  |
| * grid points (1D):   16                                                     |
|------------------------------------------------------------------------------|
| * atomic orbitals:    146                                                    |
| * molecular orbitals: 146                                                    |
|     -- occupied:      47                                                     |
|     -- virtual:       99                                                     |
|------------------------------------------------------------------------------|
|                                    Results                                   |
|------------------------------------------------------------------------------|
| * Ground State Energy Correction (eV): -1.24223                              |
|++++++++++++++++++++++++++++++++++++++++++++++++++++++++++++++++++++++++++++++|
|                              Calculation Timings                             |
|------------------------------------------------------------------------------|
| Timing Qmp2_energy::compute : CPU: 1473956 ms ; Wall: 30893 ms               |
|     -- Setting up calculation: CPU: 888 ms ; Wall: 19 ms                     |
|     -- Calc. Batch 1/2: CPU: 17253 ms ; Wall: 361 ms                         |
|     -- Calc. Batch 2/2: CPU: 1455815 ms ; Wall: 30512 ms                     |
| Gather result fr. nodes : CPU: 416 ms ; Wall: 165 ms                         |
|------------------------------------------------------------------------------|
|             if no timings are printed, choose higher print level             |
|______________________________________________________________________________|

