/home/hd/hd_hd/hd_tb381/workspace/libqqc/runs/folder/scan_hybrid
n1405
Fr 15. Apr 23:48:33 CEST 2022
#!/bin/bash
#SBATCH -J libqqc_hybrid_15x48
#SBATCH -n15 --cpus-per-task=48 -t12:00:00
#SBATCH --mem=200G
#SBATCH --job-name=libqqc_hybrid_15x48
#SBATCH --output=libqqc_hybrid_15x48_por-%j.out
#SBATCH --error=libqqc_hybrid_15x48_por-%j.err
pwd; hostname; date
cat run_15x48.sh
module load compiler/gnu
module load mpi/openmpi
cd ../../../host_example/.
mpic++ -fopenmp -O3 -ffast-math -march=native main_mpi.cpp ../lib/libqqc.a -o 15x48.out
OMP_NUM_THREADS=48 srun --cpus-per-task=$OMP_NUM_THREADS ./15x48.out
rm 15x48.out
Timing Loader_qmp2_from_file:: loader :CPU: 0 ms ; Wall: 0 ms
Timings AoToMo CGTO: CPU: 2336 ms ; Wall: 819 ms
    -- Loading in: CPU: 735 ms ; Wall: 735 ms
    -- Distribute Batch: CPU: 7 ms ; Wall: 6 ms
    -- Tranforming Batch: CPU: 1032 ms ; Wall: 22 ms
    -- Distribute Batch Results: CPU: 282 ms ; Wall: 24 ms

Timings AoToMo Coulomb Integral: CPU: 189669 ms ; Wall: 107457 ms
    -- Loading in: CPU: 104102 ms ; Wall: 104212 ms
    -- Distribute Batch: CPU: 589 ms ; Wall: 589 ms
    -- Transforming Batch: CPU: 83804 ms ; Wall: 1752 ms
    -- Distribute Batch Results: CPU: 1080 ms ; Wall: 806 ms

Timing Vault_qmp2:: vault : CPU: 192399 ms ; Wall: 108337 ms
Timing Do_qmp2:: qmp2 : CPU: 1834850 ms ; Wall: 39013 ms
 ______________________________________________________________________________ 
|                                                                              |
|                  ** Quadrature Calculation through libqqc **                 |
|                                                                              |
|++++++++++++++++++++++++++++++++++++++++++++++++++++++++++++++++++++++++++++++|
| * Author(s): Benjamin Thomitzni                                              |
|++++++++++++++++++++++++++++++++++++++++++++++++++++++++++++++++++++++++++++++|
|                               Programm Details                               |
|------------------------------------------------------------------------------|
| * library vers.      v0.1                                                    |
|     -- Loader vers.  v0.1                                                    |
|     -- Vault vers.   v0.1                                                    |
|     -- Do_qmp2 vers. v0.1                                                    |
|------------------------------------------------------------------------------|
| * OpenMP enabled                                                             |
|     -- threads:   48                                                         |
| * MPI enabled                                                                |
|     -- processes: 15                                                         |
|++++++++++++++++++++++++++++++++++++++++++++++++++++++++++++++++++++++++++++++|
|                              Calculation Details                             |
|------------------------------------------------------------------------------|
| * Method:             Q-MP(2)                                                |
|------------------------------------------------------------------------------|
| * grid points (3D):   18240                                                  |
| * grid points (1D):   16                                                     |
|------------------------------------------------------------------------------|
| * atomic orbitals:    146                                                    |
| * molecular orbitals: 146                                                    |
|     -- occupied:      47                                                     |
|     -- virtual:       99                                                     |
|------------------------------------------------------------------------------|
|                                    Results                                   |
|------------------------------------------------------------------------------|
| * Ground State Energy Correction (eV): -1.24223                              |
|++++++++++++++++++++++++++++++++++++++++++++++++++++++++++++++++++++++++++++++|
|                              Calculation Timings                             |
|------------------------------------------------------------------------------|
| Timing Qmp2_energy::compute : CPU: 1833744 ms ; Wall: 38437 ms               |
|     -- Setting up calculation: CPU: 800 ms ; Wall: 16 ms                     |
|     -- Calc. Batch 1/2: CPU: 27076 ms ; Wall: 566 ms                         |
|     -- Calc. Batch 2/2: CPU: 1805868 ms ; Wall: 37854 ms                     |
| Gather result fr. nodes : CPU: 802 ms ; Wall: 561 ms                         |
|------------------------------------------------------------------------------|
|             if no timings are printed, choose higher print level             |
|______________________________________________________________________________|

