/home/hd/hd_hd/hd_tb381/workspace/libqqc/runs/folder/scan_hybrid
n1405
Sa 16. Apr 00:02:52 CEST 2022
#!/bin/bash
#SBATCH -J libqqc_hybrid_9x48
#SBATCH -n9 --cpus-per-task=48 -t12:00:00
#SBATCH --mem=200G
#SBATCH --job-name=libqqc_hybrid_9x48
#SBATCH --output=libqqc_hybrid_9x48_por-%j.out
#SBATCH --error=libqqc_hybrid_9x48_por-%j.err
pwd; hostname; date
cat run_9x48.sh
module load compiler/gnu
module load mpi/openmpi
cd ../../../host_example/.
mpic++ -fopenmp -O3 -ffast-math -march=native main_mpi.cpp ../lib/libqqc.a -o 9x48.out
OMP_NUM_THREADS=48 srun --cpus-per-task=$OMP_NUM_THREADS ./9x48.out
rm 9x48.out
Timing Loader_qmp2_from_file:: loader :CPU: 0 ms ; Wall: 0 ms
Timings AoToMo CGTO: CPU: 2960 ms ; Wall: 831 ms
    -- Loading in: CPU: 742 ms ; Wall: 743 ms
    -- Distribute Batch: CPU: 6 ms ; Wall: 6 ms
    -- Tranforming Batch: CPU: 1644 ms ; Wall: 35 ms
    -- Distribute Batch Results: CPU: 296 ms ; Wall: 15 ms

Timings AoToMo Coulomb Integral: CPU: 247705 ms ; Wall: 109063 ms
    -- Loading in: CPU: 104592 ms ; Wall: 104702 ms
    -- Distribute Batch: CPU: 556 ms ; Wall: 561 ms
    -- Transforming Batch: CPU: 141454 ms ; Wall: 2957 ms
    -- Distribute Batch Results: CPU: 972 ms ; Wall: 708 ms

Timing Vault_qmp2:: vault : CPU: 251061 ms ; Wall: 109953 ms
Timing Do_qmp2:: qmp2 : CPU: 3052816 ms ; Wall: 64858 ms
 ______________________________________________________________________________ 
|                                                                              |
|                  ** Quadrature Calculation through libqqc **                 |
|                                                                              |
|++++++++++++++++++++++++++++++++++++++++++++++++++++++++++++++++++++++++++++++|
| * Author(s): Benjamin Thomitzni                                              |
|++++++++++++++++++++++++++++++++++++++++++++++++++++++++++++++++++++++++++++++|
|                               Programm Details                               |
|------------------------------------------------------------------------------|
| * library vers.      v0.1                                                    |
|     -- Loader vers.  v0.1                                                    |
|     -- Vault vers.   v0.1                                                    |
|     -- Do_qmp2 vers. v0.1                                                    |
|------------------------------------------------------------------------------|
| * OpenMP enabled                                                             |
|     -- threads:   48                                                         |
| * MPI enabled                                                                |
|     -- processes: 9                                                          |
|++++++++++++++++++++++++++++++++++++++++++++++++++++++++++++++++++++++++++++++|
|                              Calculation Details                             |
|------------------------------------------------------------------------------|
| * Method:             Q-MP(2)                                                |
|------------------------------------------------------------------------------|
| * grid points (3D):   18240                                                  |
| * grid points (1D):   16                                                     |
|------------------------------------------------------------------------------|
| * atomic orbitals:    146                                                    |
| * molecular orbitals: 146                                                    |
|     -- occupied:      47                                                     |
|     -- virtual:       99                                                     |
|------------------------------------------------------------------------------|
|                                    Results                                   |
|------------------------------------------------------------------------------|
| * Ground State Energy Correction (eV): -1.24223                              |
|++++++++++++++++++++++++++++++++++++++++++++++++++++++++++++++++++++++++++++++|
|                              Calculation Timings                             |
|------------------------------------------------------------------------------|
| Timing Qmp2_energy::compute : CPU: 3051337 ms ; Wall: 63891 ms               |
|     -- Setting up calculation: CPU: 890 ms ; Wall: 18 ms                     |
|     -- Calc. Batch 1/2: CPU: 76550 ms ; Wall: 1602 ms                        |
|     -- Calc. Batch 2/2: CPU: 2973897 ms ; Wall: 62270 ms                     |
| Gather result fr. nodes : CPU: 1213 ms ; Wall: 953 ms                        |
|------------------------------------------------------------------------------|
|             if no timings are printed, choose higher print level             |
|______________________________________________________________________________|

