/home/hd/hd_hd/hd_tb381/workspace/libqqc/runs/folder/scan_hybrid
n1405
Sa 16. Apr 00:00:19 CEST 2022
#!/bin/bash
#SBATCH -J libqqc_hybrid_18x48
#SBATCH -n18 --cpus-per-task=48 -t12:00:00
#SBATCH --mem=200G
#SBATCH --job-name=libqqc_hybrid_18x48
#SBATCH --output=libqqc_hybrid_18x48_por-%j.out
#SBATCH --error=libqqc_hybrid_18x48_por-%j.err
pwd; hostname; date
cat run_18x48.sh
module load compiler/gnu
module load mpi/openmpi
cd ../../../host_example/.
mpic++ -fopenmp -O3 -ffast-math -march=native main_mpi.cpp ../lib/libqqc.a -o 18x48.out
OMP_NUM_THREADS=48 srun --cpus-per-task=$OMP_NUM_THREADS ./18x48.out
rm 18x48.out
Timing Loader_qmp2_from_file:: loader :CPU: 0 ms ; Wall: 0 ms
Timings AoToMo CGTO: CPU: 2099 ms ; Wall: 824 ms
    -- Loading in: CPU: 742 ms ; Wall: 743 ms
    -- Distribute Batch: CPU: 7 ms ; Wall: 7 ms
    -- Tranforming Batch: CPU: 789 ms ; Wall: 17 ms
    -- Distribute Batch Results: CPU: 301 ms ; Wall: 25 ms

Timings AoToMo Coulomb Integral: CPU: 176185 ms ; Wall: 107533 ms
    -- Loading in: CPU: 104487 ms ; Wall: 104592 ms
    -- Distribute Batch: CPU: 591 ms ; Wall: 593 ms
    -- Transforming Batch: CPU: 69989 ms ; Wall: 1463 ms
    -- Distribute Batch Results: CPU: 1036 ms ; Wall: 798 ms

Timing Vault_qmp2:: vault : CPU: 178695 ms ; Wall: 108423 ms
Timing Do_qmp2:: qmp2 : CPU: 1524421 ms ; Wall: 32609 ms
 ______________________________________________________________________________ 
|                                                                              |
|                  ** Quadrature Calculation through libqqc **                 |
|                                                                              |
|++++++++++++++++++++++++++++++++++++++++++++++++++++++++++++++++++++++++++++++|
| * Author(s): Benjamin Thomitzni                                              |
|++++++++++++++++++++++++++++++++++++++++++++++++++++++++++++++++++++++++++++++|
|                               Programm Details                               |
|------------------------------------------------------------------------------|
| * library vers.      v0.1                                                    |
|     -- Loader vers.  v0.1                                                    |
|     -- Vault vers.   v0.1                                                    |
|     -- Do_qmp2 vers. v0.1                                                    |
|------------------------------------------------------------------------------|
| * OpenMP enabled                                                             |
|     -- threads:   48                                                         |
| * MPI enabled                                                                |
|     -- processes: 18                                                         |
|++++++++++++++++++++++++++++++++++++++++++++++++++++++++++++++++++++++++++++++|
|                              Calculation Details                             |
|------------------------------------------------------------------------------|
| * Method:             Q-MP(2)                                                |
|------------------------------------------------------------------------------|
| * grid points (3D):   18240                                                  |
| * grid points (1D):   16                                                     |
|------------------------------------------------------------------------------|
| * atomic orbitals:    146                                                    |
| * molecular orbitals: 146                                                    |
|     -- occupied:      47                                                     |
|     -- virtual:       99                                                     |
|------------------------------------------------------------------------------|
|                                    Results                                   |
|------------------------------------------------------------------------------|
| * Ground State Energy Correction (eV): -1.24223                              |
|++++++++++++++++++++++++++++++++++++++++++++++++++++++++++++++++++++++++++++++|
|                              Calculation Timings                             |
|------------------------------------------------------------------------------|
| Timing Qmp2_energy::compute : CPU: 1523231 ms ; Wall: 31927 ms               |
|     -- Setting up calculation: CPU: 845 ms ; Wall: 17 ms                     |
|     -- Calc. Batch 1/2: CPU: 19364 ms ; Wall: 406 ms                         |
|     -- Calc. Batch 2/2: CPU: 1503022 ms ; Wall: 31503 ms                     |
| Gather result fr. nodes : CPU: 930 ms ; Wall: 670 ms                         |
|------------------------------------------------------------------------------|
|             if no timings are printed, choose higher print level             |
|______________________________________________________________________________|

