/home/hd/hd_hd/hd_tb381/workspace/libqqc/runs/folder/scan_hybrid
n1601
Fr 15. Apr 23:48:33 CEST 2022
#!/bin/bash
#SBATCH -J libqqc_hybrid_4x48
#SBATCH -n4 --cpus-per-task=48 -t12:00:00
#SBATCH --mem=200G
#SBATCH --job-name=libqqc_hybrid_4x48
#SBATCH --output=libqqc_hybrid_4x48_por-%j.out
#SBATCH --error=libqqc_hybrid_4x48_por-%j.err
pwd; hostname; date
cat run_4x48.sh
module load compiler/gnu
module load mpi/openmpi
cd ../../../host_example/.
mpic++ -fopenmp -O3 -ffast-math -march=native main_mpi.cpp ../lib/libqqc.a -o 4x48.out
OMP_NUM_THREADS=48 srun --cpus-per-task=$OMP_NUM_THREADS ./4x48.out
rm 4x48.out
Timing Loader_qmp2_from_file:: loader :CPU: 0 ms ; Wall: 0 ms
Timings AoToMo CGTO: CPU: 4519 ms ; Wall: 867 ms
    -- Loading in: CPU: 737 ms ; Wall: 738 ms
    -- Distribute Batch: CPU: 4 ms ; Wall: 3 ms
    -- Tranforming Batch: CPU: 3207 ms ; Wall: 67 ms
    -- Distribute Batch Results: CPU: 279 ms ; Wall: 25 ms

Timings AoToMo Coulomb Integral: CPU: 457446 ms ; Wall: 112996 ms
    -- Loading in: CPU: 104209 ms ; Wall: 104351 ms
    -- Distribute Batch: CPU: 480 ms ; Wall: 480 ms
    -- Transforming Batch: CPU: 351700 ms ; Wall: 7370 ms
    -- Distribute Batch Results: CPU: 801 ms ; Wall: 533 ms

Timing Vault_qmp2:: vault : CPU: 462343 ms ; Wall: 113921 ms
Timing Do_qmp2:: qmp2 : CPU: 7064831 ms ; Wall: 147887 ms
 ______________________________________________________________________________ 
|                                                                              |
|                  ** Quadrature Calculation through libqqc **                 |
|                                                                              |
|++++++++++++++++++++++++++++++++++++++++++++++++++++++++++++++++++++++++++++++|
| * Author(s): Benjamin Thomitzni                                              |
|++++++++++++++++++++++++++++++++++++++++++++++++++++++++++++++++++++++++++++++|
|                               Programm Details                               |
|------------------------------------------------------------------------------|
| * library vers.      v0.1                                                    |
|     -- Loader vers.  v0.1                                                    |
|     -- Vault vers.   v0.1                                                    |
|     -- Do_qmp2 vers. v0.1                                                    |
|------------------------------------------------------------------------------|
| * OpenMP enabled                                                             |
|     -- threads:   48                                                         |
| * MPI enabled                                                                |
|     -- processes: 4                                                          |
|++++++++++++++++++++++++++++++++++++++++++++++++++++++++++++++++++++++++++++++|
|                              Calculation Details                             |
|------------------------------------------------------------------------------|
| * Method:             Q-MP(2)                                                |
|------------------------------------------------------------------------------|
| * grid points (3D):   18240                                                  |
| * grid points (1D):   16                                                     |
|------------------------------------------------------------------------------|
| * atomic orbitals:    146                                                    |
| * molecular orbitals: 146                                                    |
|     -- occupied:      47                                                     |
|     -- virtual:       99                                                     |
|------------------------------------------------------------------------------|
|                                    Results                                   |
|------------------------------------------------------------------------------|
| * Ground State Energy Correction (eV): -1.24223                              |
|++++++++++++++++++++++++++++++++++++++++++++++++++++++++++++++++++++++++++++++|
|                              Calculation Timings                             |
|------------------------------------------------------------------------------|
| Timing Qmp2_energy::compute : CPU: 7064613 ms ; Wall: 147874 ms              |
|     -- Setting up calculation: CPU: 800 ms ; Wall: 17 ms                     |
|     -- Calc. Batch 1/2: CPU: 420399 ms ; Wall: 8801 ms                       |
|     -- Calc. Batch 2/2: CPU: 6643413 ms ; Wall: 139055 ms                    |
| Gather result fr. nodes : CPU: 0 ms ; Wall: 0 ms                             |
|------------------------------------------------------------------------------|
|             if no timings are printed, choose higher print level             |
|______________________________________________________________________________|

