/home/hd/hd_hd/hd_tb381/workspace/libqqc/runs/folder/scan_hybrid
n1536
Fr 15. Apr 23:42:25 CEST 2022
#!/bin/bash
#SBATCH -J libqqc_hybrid_1x8
#SBATCH -n1 --cpus-per-task=8 -t12:00:00
#SBATCH --mem=200G
#SBATCH --job-name=libqqc_hybrid_1x8
#SBATCH --output=libqqc_hybrid_1x8_por-%j.out
#SBATCH --error=libqqc_hybrid_1x8_por-%j.err
pwd; hostname; date
cat run_1x8.sh
module load compiler/gnu
module load mpi/openmpi
cd ../../../host_example/.
mpic++ -fopenmp -O3 -ffast-math -march=native main_mpi.cpp ../lib/libqqc.a -o 1x8.out
OMP_NUM_THREADS=8 srun --cpus-per-task=$OMP_NUM_THREADS ./1x8.out
rm 1x8.out
Timing Loader_qmp2_from_file:: loader :CPU: 0 ms ; Wall: 0 ms
Timings AoToMo CGTO: CPU: 5740 ms ; Wall: 4741 ms
    -- Loading in: CPU: 4379 ms ; Wall: 4544 ms
    -- Distribute Batch: CPU: 0 ms ; Wall: 0 ms
    -- Tranforming Batch: CPU: 1286 ms ; Wall: 161 ms
    -- Distribute Batch Results: CPU: 0 ms ; Wall: 0 ms

Timings AoToMo Coulomb Integral: CPU: 1018457 ms ; Wall: 221793 ms
    -- Loading in: CPU: 106655 ms ; Wall: 106852 ms
    -- Distribute Batch: CPU: 0 ms ; Wall: 0 ms
    -- Transforming Batch: CPU: 910805 ms ; Wall: 114003 ms
    -- Distribute Batch Results: CPU: 0 ms ; Wall: 0 ms

Timing Vault_qmp2:: vault : CPU: 1024466 ms ; Wall: 226889 ms
Timing Do_qmp2:: qmp2 : CPU: 20625529 ms ; Wall: 2585084 ms
 ______________________________________________________________________________ 
|                                                                              |
|                  ** Quadrature Calculation through libqqc **                 |
|                                                                              |
|++++++++++++++++++++++++++++++++++++++++++++++++++++++++++++++++++++++++++++++|
| * Author(s): Benjamin Thomitzni                                              |
|++++++++++++++++++++++++++++++++++++++++++++++++++++++++++++++++++++++++++++++|
|                               Programm Details                               |
|------------------------------------------------------------------------------|
| * library vers.      v0.1                                                    |
|     -- Loader vers.  v0.1                                                    |
|     -- Vault vers.   v0.1                                                    |
|     -- Do_qmp2 vers. v0.1                                                    |
|------------------------------------------------------------------------------|
| * OpenMP enabled                                                             |
|     -- threads:   8                                                          |
| * MPI enabled                                                                |
|     -- processes: 1                                                          |
|++++++++++++++++++++++++++++++++++++++++++++++++++++++++++++++++++++++++++++++|
|                              Calculation Details                             |
|------------------------------------------------------------------------------|
| * Method:             Q-MP(2)                                                |
|------------------------------------------------------------------------------|
| * grid points (3D):   18240                                                  |
| * grid points (1D):   16                                                     |
|------------------------------------------------------------------------------|
| * atomic orbitals:    146                                                    |
| * molecular orbitals: 146                                                    |
|     -- occupied:      47                                                     |
|     -- virtual:       99                                                     |
|------------------------------------------------------------------------------|
|                                    Results                                   |
|------------------------------------------------------------------------------|
| * Ground State Energy Correction (eV): -1.24223                              |
|++++++++++++++++++++++++++++++++++++++++++++++++++++++++++++++++++++++++++++++|
|                              Calculation Timings                             |
|------------------------------------------------------------------------------|
| Timing Qmp2_energy::compute : CPU: 20625508 ms ; Wall: 2585076 ms            |
|     -- Setting up calculation: CPU: 111 ms ; Wall: 14 ms                     |
|     -- Calc. Batch 1/2: CPU: 5141864 ms ; Wall: 644464 ms                    |
|     -- Calc. Batch 2/2: CPU: 15483533 ms ; Wall: 1940597 ms                  |
| Gather result fr. nodes : CPU: 0 ms ; Wall: 0 ms                             |
|------------------------------------------------------------------------------|
|             if no timings are printed, choose higher print level             |
|______________________________________________________________________________|

