/home/hd/hd_hd/hd_tb381/workspace/libqqc/runs/folder/scan_hybrid
n1405
Fr 15. Apr 23:54:10 CEST 2022
#!/bin/bash
#SBATCH -J libqqc_hybrid_7x48
#SBATCH -n7 --cpus-per-task=48 -t12:00:00
#SBATCH --mem=200G
#SBATCH --job-name=libqqc_hybrid_7x48
#SBATCH --output=libqqc_hybrid_7x48_por-%j.out
#SBATCH --error=libqqc_hybrid_7x48_por-%j.err
pwd; hostname; date
cat run_7x48.sh
module load compiler/gnu
module load mpi/openmpi
cd ../../../host_example/.
mpic++ -fopenmp -O3 -ffast-math -march=native main_mpi.cpp ../lib/libqqc.a -o 7x48.out
OMP_NUM_THREADS=48 srun --cpus-per-task=$OMP_NUM_THREADS ./7x48.out
rm 7x48.out
Timing Loader_qmp2_from_file:: loader :CPU: 0 ms ; Wall: 0 ms
Timings AoToMo CGTO: CPU: 3151 ms ; Wall: 859 ms
    -- Loading in: CPU: 737 ms ; Wall: 738 ms
    -- Distribute Batch: CPU: 6 ms ; Wall: 5 ms
    -- Tranforming Batch: CPU: 1845 ms ; Wall: 38 ms
    -- Distribute Batch Results: CPU: 284 ms ; Wall: 44 ms

Timings AoToMo Coulomb Integral: CPU: 288539 ms ; Wall: 110006 ms
    -- Loading in: CPU: 104605 ms ; Wall: 104750 ms
    -- Distribute Batch: CPU: 549 ms ; Wall: 550 ms
    -- Transforming Batch: CPU: 182249 ms ; Wall: 3811 ms
    -- Distribute Batch Results: CPU: 974 ms ; Wall: 729 ms

Timing Vault_qmp2:: vault : CPU: 292078 ms ; Wall: 110923 ms
Timing Do_qmp2:: qmp2 : CPU: 3883677 ms ; Wall: 83078 ms
 ______________________________________________________________________________ 
|                                                                              |
|                  ** Quadrature Calculation through libqqc **                 |
|                                                                              |
|++++++++++++++++++++++++++++++++++++++++++++++++++++++++++++++++++++++++++++++|
| * Author(s): Benjamin Thomitzni                                              |
|++++++++++++++++++++++++++++++++++++++++++++++++++++++++++++++++++++++++++++++|
|                               Programm Details                               |
|------------------------------------------------------------------------------|
| * library vers.      v0.1                                                    |
|     -- Loader vers.  v0.1                                                    |
|     -- Vault vers.   v0.1                                                    |
|     -- Do_qmp2 vers. v0.1                                                    |
|------------------------------------------------------------------------------|
| * OpenMP enabled                                                             |
|     -- threads:   48                                                         |
| * MPI enabled                                                                |
|     -- processes: 7                                                          |
|++++++++++++++++++++++++++++++++++++++++++++++++++++++++++++++++++++++++++++++|
|                              Calculation Details                             |
|------------------------------------------------------------------------------|
| * Method:             Q-MP(2)                                                |
|------------------------------------------------------------------------------|
| * grid points (3D):   18240                                                  |
| * grid points (1D):   16                                                     |
|------------------------------------------------------------------------------|
| * atomic orbitals:    146                                                    |
| * molecular orbitals: 146                                                    |
|     -- occupied:      47                                                     |
|     -- virtual:       99                                                     |
|------------------------------------------------------------------------------|
|                                    Results                                   |
|------------------------------------------------------------------------------|
| * Ground State Energy Correction (eV): -1.24223                              |
|++++++++++++++++++++++++++++++++++++++++++++++++++++++++++++++++++++++++++++++|
|                              Calculation Timings                             |
|------------------------------------------------------------------------------|
| Timing Qmp2_energy::compute : CPU: 3881316 ms ; Wall: 81227 ms               |
|     -- Setting up calculation: CPU: 844 ms ; Wall: 17 ms                     |
|     -- Calc. Batch 1/2: CPU: 127079 ms ; Wall: 2661 ms                       |
|     -- Calc. Batch 2/2: CPU: 3753394 ms ; Wall: 78547 ms                     |
| Gather result fr. nodes : CPU: 2102 ms ; Wall: 1838 ms                       |
|------------------------------------------------------------------------------|
|             if no timings are printed, choose higher print level             |
|______________________________________________________________________________|

