/home/hd/hd_hd/hd_tb381/workspace/libqqc/runs/folder/scan_hybrid
n1405
Fr 15. Apr 23:57:45 CEST 2022
#!/bin/bash
#SBATCH -J libqqc_hybrid_17x48
#SBATCH -n17 --cpus-per-task=48 -t12:00:00
#SBATCH --mem=200G
#SBATCH --job-name=libqqc_hybrid_17x48
#SBATCH --output=libqqc_hybrid_17x48_por-%j.out
#SBATCH --error=libqqc_hybrid_17x48_por-%j.err
pwd; hostname; date
cat run_17x48.sh
module load compiler/gnu
module load mpi/openmpi
cd ../../../host_example/.
mpic++ -fopenmp -O3 -ffast-math -march=native main_mpi.cpp ../lib/libqqc.a -o 17x48.out
OMP_NUM_THREADS=48 srun --cpus-per-task=$OMP_NUM_THREADS ./17x48.out
rm 17x48.out
Timing Loader_qmp2_from_file:: loader :CPU: 0 ms ; Wall: 0 ms
Timings AoToMo CGTO: CPU: 2092 ms ; Wall: 857 ms
    -- Loading in: CPU: 758 ms ; Wall: 759 ms
    -- Distribute Batch: CPU: 7 ms ; Wall: 7 ms
    -- Tranforming Batch: CPU: 735 ms ; Wall: 16 ms
    -- Distribute Batch Results: CPU: 308 ms ; Wall: 43 ms

Timings AoToMo Coulomb Integral: CPU: 181181 ms ; Wall: 107775 ms
    -- Loading in: CPU: 104417 ms ; Wall: 104520 ms
    -- Distribute Batch: CPU: 588 ms ; Wall: 588 ms
    -- Transforming Batch: CPU: 74824 ms ; Wall: 1564 ms
    -- Distribute Batch Results: CPU: 1266 ms ; Wall: 1013 ms

Timing Vault_qmp2:: vault : CPU: 183660 ms ; Wall: 108694 ms
Timing Do_qmp2:: qmp2 : CPU: 1616106 ms ; Wall: 34444 ms
 ______________________________________________________________________________ 
|                                                                              |
|                  ** Quadrature Calculation through libqqc **                 |
|                                                                              |
|++++++++++++++++++++++++++++++++++++++++++++++++++++++++++++++++++++++++++++++|
| * Author(s): Benjamin Thomitzni                                              |
|++++++++++++++++++++++++++++++++++++++++++++++++++++++++++++++++++++++++++++++|
|                               Programm Details                               |
|------------------------------------------------------------------------------|
| * library vers.      v0.1                                                    |
|     -- Loader vers.  v0.1                                                    |
|     -- Vault vers.   v0.1                                                    |
|     -- Do_qmp2 vers. v0.1                                                    |
|------------------------------------------------------------------------------|
| * OpenMP enabled                                                             |
|     -- threads:   48                                                         |
| * MPI enabled                                                                |
|     -- processes: 17                                                         |
|++++++++++++++++++++++++++++++++++++++++++++++++++++++++++++++++++++++++++++++|
|                              Calculation Details                             |
|------------------------------------------------------------------------------|
| * Method:             Q-MP(2)                                                |
|------------------------------------------------------------------------------|
| * grid points (3D):   18240                                                  |
| * grid points (1D):   16                                                     |
|------------------------------------------------------------------------------|
| * atomic orbitals:    146                                                    |
| * molecular orbitals: 146                                                    |
|     -- occupied:      47                                                     |
|     -- virtual:       99                                                     |
|------------------------------------------------------------------------------|
|                                    Results                                   |
|------------------------------------------------------------------------------|
| * Ground State Energy Correction (eV): -1.24223                              |
|++++++++++++++++++++++++++++++++++++++++++++++++++++++++++++++++++++++++++++++|
|                              Calculation Timings                             |
|------------------------------------------------------------------------------|
| Timing Qmp2_energy::compute : CPU: 1615052 ms ; Wall: 33889 ms               |
|     -- Setting up calculation: CPU: 808 ms ; Wall: 17 ms                     |
|     -- Calc. Batch 1/2: CPU: 21133 ms ; Wall: 442 ms                         |
|     -- Calc. Batch 2/2: CPU: 1593111 ms ; Wall: 33429 ms                     |
| Gather result fr. nodes : CPU: 786 ms ; Wall: 541 ms                         |
|------------------------------------------------------------------------------|
|             if no timings are printed, choose higher print level             |
|______________________________________________________________________________|

