/home/hd/hd_hd/hd_tb381/workspace/libqqc/runs/folder/scan_hybrid
n1418
Fr 15. Apr 23:45:29 CEST 2022
#!/bin/bash
#SBATCH -J libqqc_hybrid_3x48
#SBATCH -n3 --cpus-per-task=48 -t12:00:00
#SBATCH --mem=200G
#SBATCH --job-name=libqqc_hybrid_3x48
#SBATCH --output=libqqc_hybrid_3x48_por-%j.out
#SBATCH --error=libqqc_hybrid_3x48_por-%j.err
pwd; hostname; date
cat run_3x48.sh
module load compiler/gnu
module load mpi/openmpi
cd ../../../host_example/.
mpic++ -fopenmp -O3 -ffast-math -march=native main_mpi.cpp ../lib/libqqc.a -o 3x48.out
OMP_NUM_THREADS=48 srun --cpus-per-task=$OMP_NUM_THREADS ./3x48.out
rm 3x48.out
Timing Loader_qmp2_from_file:: loader :CPU: 0 ms ; Wall: 0 ms
Timings AoToMo CGTO: CPU: 9997 ms ; Wall: 4367 ms
    -- Loading in: CPU: 4192 ms ; Wall: 4208 ms
    -- Distribute Batch: CPU: 3 ms ; Wall: 3 ms
    -- Tranforming Batch: CPU: 5245 ms ; Wall: 109 ms
    -- Distribute Batch Results: CPU: 251 ms ; Wall: 11 ms

Timings AoToMo Coulomb Integral: CPU: 546901 ms ; Wall: 119472 ms
    -- Loading in: CPU: 106238 ms ; Wall: 106448 ms
    -- Distribute Batch: CPU: 423 ms ; Wall: 423 ms
    -- Transforming Batch: CPU: 436494 ms ; Wall: 9122 ms
    -- Distribute Batch Results: CPU: 3400 ms ; Wall: 3129 ms

Timing Vault_qmp2:: vault : CPU: 557276 ms ; Wall: 123910 ms
Timing Do_qmp2:: qmp2 : CPU: 9101030 ms ; Wall: 211639 ms
 ______________________________________________________________________________ 
|                                                                              |
|                  ** Quadrature Calculation through libqqc **                 |
|                                                                              |
|++++++++++++++++++++++++++++++++++++++++++++++++++++++++++++++++++++++++++++++|
| * Author(s): Benjamin Thomitzni                                              |
|++++++++++++++++++++++++++++++++++++++++++++++++++++++++++++++++++++++++++++++|
|                               Programm Details                               |
|------------------------------------------------------------------------------|
| * library vers.      v0.1                                                    |
|     -- Loader vers.  v0.1                                                    |
|     -- Vault vers.   v0.1                                                    |
|     -- Do_qmp2 vers. v0.1                                                    |
|------------------------------------------------------------------------------|
| * OpenMP enabled                                                             |
|     -- threads:   48                                                         |
| * MPI enabled                                                                |
|     -- processes: 3                                                          |
|++++++++++++++++++++++++++++++++++++++++++++++++++++++++++++++++++++++++++++++|
|                              Calculation Details                             |
|------------------------------------------------------------------------------|
| * Method:             Q-MP(2)                                                |
|------------------------------------------------------------------------------|
| * grid points (3D):   18240                                                  |
| * grid points (1D):   16                                                     |
|------------------------------------------------------------------------------|
| * atomic orbitals:    146                                                    |
| * molecular orbitals: 146                                                    |
|     -- occupied:      47                                                     |
|     -- virtual:       99                                                     |
|------------------------------------------------------------------------------|
|                                    Results                                   |
|------------------------------------------------------------------------------|
| * Ground State Energy Correction (eV): -1.24223                              |
|++++++++++++++++++++++++++++++++++++++++++++++++++++++++++++++++++++++++++++++|
|                              Calculation Timings                             |
|------------------------------------------------------------------------------|
| Timing Qmp2_energy::compute : CPU: 9078821 ms ; Wall: 189927 ms              |
|     -- Setting up calculation: CPU: 710 ms ; Wall: 15 ms                     |
|     -- Calc. Batch 1/2: CPU: 736808 ms ; Wall: 15417 ms                      |
|     -- Calc. Batch 2/2: CPU: 8341303 ms ; Wall: 174494 ms                    |
| Gather result fr. nodes : CPU: 21926 ms ; Wall: 21699 ms                     |
|------------------------------------------------------------------------------|
|             if no timings are printed, choose higher print level             |
|______________________________________________________________________________|

