/home/hd/hd_hd/hd_tb381/workspace/libqqc/runs/folder/scan_hybrid
n1601
Sa 16. Apr 00:18:14 CEST 2022
#!/bin/bash
#SBATCH -J libqqc_hybrid_20x48
#SBATCH -n20 --cpus-per-task=48 -t12:00:00
#SBATCH --mem=200G
#SBATCH --job-name=libqqc_hybrid_20x48
#SBATCH --output=libqqc_hybrid_20x48_por-%j.out
#SBATCH --error=libqqc_hybrid_20x48_por-%j.err
pwd; hostname; date
cat run_20x48.sh
module load compiler/gnu
module load mpi/openmpi
cd ../../../host_example/.
mpic++ -fopenmp -O3 -ffast-math -march=native main_mpi.cpp ../lib/libqqc.a -o 20x48.out
OMP_NUM_THREADS=48 srun --cpus-per-task=$OMP_NUM_THREADS ./20x48.out
rm 20x48.out
Timing Loader_qmp2_from_file:: loader :CPU: 0 ms ; Wall: 0 ms
Timings AoToMo CGTO: CPU: 1703 ms ; Wall: 816 ms
    -- Loading in: CPU: 736 ms ; Wall: 737 ms
    -- Distribute Batch: CPU: 7 ms ; Wall: 7 ms
    -- Tranforming Batch: CPU: 396 ms ; Wall: 9 ms
    -- Distribute Batch Results: CPU: 295 ms ; Wall: 30 ms

Timings AoToMo Coulomb Integral: CPU: 170235 ms ; Wall: 106698 ms
    -- Loading in: CPU: 103764 ms ; Wall: 103900 ms
    -- Distribute Batch: CPU: 597 ms ; Wall: 597 ms
    -- Transforming Batch: CPU: 64760 ms ; Wall: 1354 ms
    -- Distribute Batch Results: CPU: 1036 ms ; Wall: 766 ms

Timing Vault_qmp2:: vault : CPU: 172347 ms ; Wall: 107575 ms
Timing Do_qmp2:: qmp2 : CPU: 1423663 ms ; Wall: 29896 ms
 ______________________________________________________________________________ 
|                                                                              |
|                  ** Quadrature Calculation through libqqc **                 |
|                                                                              |
|++++++++++++++++++++++++++++++++++++++++++++++++++++++++++++++++++++++++++++++|
| * Author(s): Benjamin Thomitzni                                              |
|++++++++++++++++++++++++++++++++++++++++++++++++++++++++++++++++++++++++++++++|
|                               Programm Details                               |
|------------------------------------------------------------------------------|
| * library vers.      v0.1                                                    |
|     -- Loader vers.  v0.1                                                    |
|     -- Vault vers.   v0.1                                                    |
|     -- Do_qmp2 vers. v0.1                                                    |
|------------------------------------------------------------------------------|
| * OpenMP enabled                                                             |
|     -- threads:   48                                                         |
| * MPI enabled                                                                |
|     -- processes: 20                                                         |
|++++++++++++++++++++++++++++++++++++++++++++++++++++++++++++++++++++++++++++++|
|                              Calculation Details                             |
|------------------------------------------------------------------------------|
| * Method:             Q-MP(2)                                                |
|------------------------------------------------------------------------------|
| * grid points (3D):   18240                                                  |
| * grid points (1D):   16                                                     |
|------------------------------------------------------------------------------|
| * atomic orbitals:    146                                                    |
| * molecular orbitals: 146                                                    |
|     -- occupied:      47                                                     |
|     -- virtual:       99                                                     |
|------------------------------------------------------------------------------|
|                                    Results                                   |
|------------------------------------------------------------------------------|
| * Ground State Energy Correction (eV): -1.24223                              |
|++++++++++++++++++++++++++++++++++++++++++++++++++++++++++++++++++++++++++++++|
|                              Calculation Timings                             |
|------------------------------------------------------------------------------|
| Timing Qmp2_energy::compute : CPU: 1423422 ms ; Wall: 29883 ms               |
|     -- Setting up calculation: CPU: 887 ms ; Wall: 18 ms                     |
|     -- Calc. Batch 1/2: CPU: 15364 ms ; Wall: 321 ms                         |
|     -- Calc. Batch 2/2: CPU: 1407171 ms ; Wall: 29543 ms                     |
| Gather result fr. nodes : CPU: 0 ms ; Wall: 0 ms                             |
|------------------------------------------------------------------------------|
|             if no timings are printed, choose higher print level             |
|______________________________________________________________________________|

