/home/hd/hd_hd/hd_tb381/workspace/libqqc/runs/folder/scan_hybrid
n1601
Fr 15. Apr 23:53:09 CEST 2022
#!/bin/bash
#SBATCH -J libqqc_hybrid_6x48
#SBATCH -n6 --cpus-per-task=48 -t12:00:00
#SBATCH --mem=200G
#SBATCH --job-name=libqqc_hybrid_6x48
#SBATCH --output=libqqc_hybrid_6x48_por-%j.out
#SBATCH --error=libqqc_hybrid_6x48_por-%j.err
pwd; hostname; date
cat run_6x48.sh
module load compiler/gnu
module load mpi/openmpi
cd ../../../host_example/.
mpic++ -fopenmp -O3 -ffast-math -march=native main_mpi.cpp ../lib/libqqc.a -o 6x48.out
OMP_NUM_THREADS=48 srun --cpus-per-task=$OMP_NUM_THREADS ./6x48.out
rm 6x48.out
Timing Loader_qmp2_from_file:: loader :CPU: 0 ms ; Wall: 0 ms
Timings AoToMo CGTO: CPU: 3943 ms ; Wall: 844 ms
    -- Loading in: CPU: 734 ms ; Wall: 735 ms
    -- Distribute Batch: CPU: 5 ms ; Wall: 5 ms
    -- Tranforming Batch: CPU: 2657 ms ; Wall: 56 ms
    -- Distribute Batch Results: CPU: 283 ms ; Wall: 15 ms

Timings AoToMo Coulomb Integral: CPU: 333710 ms ; Wall: 110567 ms
    -- Loading in: CPU: 104300 ms ; Wall: 104405 ms
    -- Distribute Batch: CPU: 535 ms ; Wall: 535 ms
    -- Transforming Batch: CPU: 227770 ms ; Wall: 4766 ms
    -- Distribute Batch Results: CPU: 902 ms ; Wall: 654 ms

Timing Vault_qmp2:: vault : CPU: 338068 ms ; Wall: 111472 ms
Timing Do_qmp2:: qmp2 : CPU: 4714145 ms ; Wall: 98714 ms
 ______________________________________________________________________________ 
|                                                                              |
|                  ** Quadrature Calculation through libqqc **                 |
|                                                                              |
|++++++++++++++++++++++++++++++++++++++++++++++++++++++++++++++++++++++++++++++|
| * Author(s): Benjamin Thomitzni                                              |
|++++++++++++++++++++++++++++++++++++++++++++++++++++++++++++++++++++++++++++++|
|                               Programm Details                               |
|------------------------------------------------------------------------------|
| * library vers.      v0.1                                                    |
|     -- Loader vers.  v0.1                                                    |
|     -- Vault vers.   v0.1                                                    |
|     -- Do_qmp2 vers. v0.1                                                    |
|------------------------------------------------------------------------------|
| * OpenMP enabled                                                             |
|     -- threads:   48                                                         |
| * MPI enabled                                                                |
|     -- processes: 6                                                          |
|++++++++++++++++++++++++++++++++++++++++++++++++++++++++++++++++++++++++++++++|
|                              Calculation Details                             |
|------------------------------------------------------------------------------|
| * Method:             Q-MP(2)                                                |
|------------------------------------------------------------------------------|
| * grid points (3D):   18240                                                  |
| * grid points (1D):   16                                                     |
|------------------------------------------------------------------------------|
| * atomic orbitals:    146                                                    |
| * molecular orbitals: 146                                                    |
|     -- occupied:      47                                                     |
|     -- virtual:       99                                                     |
|------------------------------------------------------------------------------|
|                                    Results                                   |
|------------------------------------------------------------------------------|
| * Ground State Energy Correction (eV): -1.24223                              |
|++++++++++++++++++++++++++++++++++++++++++++++++++++++++++++++++++++++++++++++|
|                              Calculation Timings                             |
|------------------------------------------------------------------------------|
| Timing Qmp2_energy::compute : CPU: 4713832 ms ; Wall: 98700 ms               |
|     -- Setting up calculation: CPU: 714 ms ; Wall: 15 ms                     |
|     -- Calc. Batch 1/2: CPU: 179767 ms ; Wall: 3764 ms                       |
|     -- Calc. Batch 2/2: CPU: 4533351 ms ; Wall: 94920 ms                     |
| Gather result fr. nodes : CPU: 15 ms ; Wall: 0 ms                            |
|------------------------------------------------------------------------------|
|             if no timings are printed, choose higher print level             |
|______________________________________________________________________________|

