/home/hd/hd_hd/hd_tb381/workspace/libqqc/runs/folder/scan_hybrid
n1405
Fr 15. Apr 23:45:29 CEST 2022
#!/bin/bash
#SBATCH -J libqqc_hybrid_13x48
#SBATCH -n13 --cpus-per-task=48 -t12:00:00
#SBATCH --mem=200G
#SBATCH --job-name=libqqc_hybrid_13x48
#SBATCH --output=libqqc_hybrid_13x48_por-%j.out
#SBATCH --error=libqqc_hybrid_13x48_por-%j.err
pwd; hostname; date
cat run_13x48.sh
module load compiler/gnu
module load mpi/openmpi
cd ../../../host_example/.
mpic++ -fopenmp -O3 -ffast-math -march=native main_mpi.cpp ../lib/libqqc.a -o 13x48.out
OMP_NUM_THREADS=48 srun --cpus-per-task=$OMP_NUM_THREADS ./13x48.out
rm 13x48.out
Timing Loader_qmp2_from_file:: loader :CPU: 0 ms ; Wall: 0 ms
Timings AoToMo CGTO: CPU: 2433 ms ; Wall: 816 ms
    -- Loading in: CPU: 733 ms ; Wall: 734 ms
    -- Distribute Batch: CPU: 7 ms ; Wall: 6 ms
    -- Tranforming Batch: CPU: 1133 ms ; Wall: 24 ms
    -- Distribute Batch Results: CPU: 282 ms ; Wall: 19 ms

Timings AoToMo Coulomb Integral: CPU: 206362 ms ; Wall: 107696 ms
    -- Loading in: CPU: 104016 ms ; Wall: 104132 ms
    -- Distribute Batch: CPU: 580 ms ; Wall: 580 ms
    -- Transforming Batch: CPU: 100635 ms ; Wall: 2103 ms
    -- Distribute Batch Results: CPU: 1032 ms ; Wall: 777 ms

Timing Vault_qmp2:: vault : CPU: 209181 ms ; Wall: 108572 ms
Timing Do_qmp2:: qmp2 : CPU: 2128568 ms ; Wall: 45392 ms
 ______________________________________________________________________________ 
|                                                                              |
|                  ** Quadrature Calculation through libqqc **                 |
|                                                                              |
|++++++++++++++++++++++++++++++++++++++++++++++++++++++++++++++++++++++++++++++|
| * Author(s): Benjamin Thomitzni                                              |
|++++++++++++++++++++++++++++++++++++++++++++++++++++++++++++++++++++++++++++++|
|                               Programm Details                               |
|------------------------------------------------------------------------------|
| * library vers.      v0.1                                                    |
|     -- Loader vers.  v0.1                                                    |
|     -- Vault vers.   v0.1                                                    |
|     -- Do_qmp2 vers. v0.1                                                    |
|------------------------------------------------------------------------------|
| * OpenMP enabled                                                             |
|     -- threads:   48                                                         |
| * MPI enabled                                                                |
|     -- processes: 13                                                         |
|++++++++++++++++++++++++++++++++++++++++++++++++++++++++++++++++++++++++++++++|
|                              Calculation Details                             |
|------------------------------------------------------------------------------|
| * Method:             Q-MP(2)                                                |
|------------------------------------------------------------------------------|
| * grid points (3D):   18240                                                  |
| * grid points (1D):   16                                                     |
|------------------------------------------------------------------------------|
| * atomic orbitals:    146                                                    |
| * molecular orbitals: 146                                                    |
|     -- occupied:      47                                                     |
|     -- virtual:       99                                                     |
|------------------------------------------------------------------------------|
|                                    Results                                   |
|------------------------------------------------------------------------------|
| * Ground State Energy Correction (eV): -1.24223                              |
|++++++++++++++++++++++++++++++++++++++++++++++++++++++++++++++++++++++++++++++|
|                              Calculation Timings                             |
|------------------------------------------------------------------------------|
| Timing Qmp2_energy::compute : CPU: 2127164 ms ; Wall: 44512 ms               |
|     -- Setting up calculation: CPU: 855 ms ; Wall: 18 ms                     |
|     -- Calc. Batch 1/2: CPU: 36328 ms ; Wall: 761 ms                         |
|     -- Calc. Batch 2/2: CPU: 2089981 ms ; Wall: 43731 ms                     |
| Gather result fr. nodes : CPU: 1117 ms ; Wall: 867 ms                        |
|------------------------------------------------------------------------------|
|             if no timings are printed, choose higher print level             |
|______________________________________________________________________________|

