/home/hd/hd_hd/hd_tb381/workspace/libqqc/runs/w_eigen/scan_mpionly
n1334
Do 7. Apr 15:49:40 CEST 2022
#!/bin/bash
#SBATCH -J libqqc_mpionly_36x1
#SBATCH -n36 --cpus-per-task=1 -t12:00:00
#SBATCH --mem=200G
#SBATCH --job-name=libqqc_mpionly_36x1
#SBATCH --output=libqqc_mpionly_36x1_por-%j.out
#SBATCH --error=libqqc_mpionly_36x1_por-%j.err
pwd; hostname; date
cat run_36x1.sh
module load compiler/gnu
module load mpi/openmpi
cd ../../../host_example/.
mpic++ -fopenmp -O3 -ffast-math -march=native main_mpi.cpp ../lib/libqqc.a -o 36x1.out
OMP_NUM_THREADS=1 srun --cpus-per-task=$OMP_NUM_THREADS ./36x1.out
rm 36x1.out
Timing Loader_qmp2_from_file:: loader :CPU: 0 ms ; Wall: 0 ms
Timings AoToMo CGTO: CPU: 3291 ms ; Wall: 3307 ms
    -- Loading in: CPU: 2596 ms ; Wall: 2608 ms
    -- Distribute Batch: CPU: 36 ms ; Wall: 36 ms
    -- Tranforming Batch: CPU: 73 ms ; Wall: 72 ms
    -- Distribute Batch Results: CPU: 525 ms ; Wall: 527 ms

Timings AoToMo Coulomb Integral: CPU: 1013307 ms ; Wall: 1016263 ms
    -- Loading in: CPU: 598371 ms ; Wall: 600141 ms
    -- Distribute Batch: CPU: 5405 ms ; Wall: 5421 ms
    -- Transforming Batch: CPU: 404835 ms ; Wall: 405988 ms
    -- Distribute Batch Results: CPU: 4407 ms ; Wall: 4420 ms

Timing Vault_qmp2:: vault : CPU: 1018984 ms ; Wall: 1021974 ms
Timing Do_qmp2:: qmp2 : CPU: 1731593 ms ; Wall: 1737382 ms
 ______________________________________________________________________________ 
|                                                                              |
|                  ** Quadrature Calculation through libqqc **                 |
|                                                                              |
|++++++++++++++++++++++++++++++++++++++++++++++++++++++++++++++++++++++++++++++|
| * Author(s): Benjamin Thomitzni                                              |
|++++++++++++++++++++++++++++++++++++++++++++++++++++++++++++++++++++++++++++++|
|                               Programm Details                               |
|------------------------------------------------------------------------------|
| * library vers.      v0.1                                                    |
|     -- Loader vers.  v0.1                                                    |
|     -- Vault vers.   v0.1                                                    |
|     -- Do_qmp2 vers. v0.1                                                    |
|------------------------------------------------------------------------------|
| * OpenMP enabled                                                             |
|     -- threads:   1                                                          |
| * MPI enabled                                                                |
|     -- processes: 36                                                         |
|++++++++++++++++++++++++++++++++++++++++++++++++++++++++++++++++++++++++++++++|
|                              Calculation Details                             |
|------------------------------------------------------------------------------|
| * Method:             Q-MP(2)                                                |
|------------------------------------------------------------------------------|
| * grid points (3D):   28880                                                  |
| * grid points (1D):   4                                                      |
|------------------------------------------------------------------------------|
| * atomic orbitals:    244                                                    |
| * molecular orbitals: 244                                                    |
|     -- occupied:      81                                                     |
|     -- virtual:       163                                                    |
|------------------------------------------------------------------------------|
|                                    Results                                   |
|------------------------------------------------------------------------------|
| * Ground State Energy Correction (eV): -2.27356                              |
|++++++++++++++++++++++++++++++++++++++++++++++++++++++++++++++++++++++++++++++|
|                              Calculation Timings                             |
|------------------------------------------------------------------------------|
| Timing Qmp2_energy::compute : CPU: 1722595 ms ; Wall: 1728371 ms             |
|     -- Setting up calculation: CPU: 1720 ms ; Wall: 1731 ms                  |
|     -- Calc. Batch 1/2: CPU: 11718 ms ; Wall: 11756 ms                       |
|     -- Calc. Batch 2/2: CPU: 1709156 ms ; Wall: 1714883 ms                   |
| Gather result fr. nodes : CPU: 8951 ms ; Wall: 8963 ms                       |
|------------------------------------------------------------------------------|
|             if no timings are printed, choose higher print level             |
|______________________________________________________________________________|

