/home/hd/hd_hd/hd_tb381/workspace/libqqc/runs/w_eigen/scan_mpionly
n1705
Do 7. Apr 17:22:48 CEST 2022
#!/bin/bash
#SBATCH -J libqqc_mpionly_912x1
#SBATCH -n912 --cpus-per-task=1 -t12:00:00
#SBATCH --mem=200G
#SBATCH --job-name=libqqc_mpionly_912x1
#SBATCH --output=libqqc_mpionly_912x1_por-%j.out
#SBATCH --error=libqqc_mpionly_912x1_por-%j.err
pwd; hostname; date
cat run_912x1.sh
module load compiler/gnu
module load mpi/openmpi
cd ../../../host_example/.
mpic++ -fopenmp -O3 -ffast-math -march=native main_mpi.cpp ../lib/libqqc.a -o 912x1.out
OMP_NUM_THREADS=1 srun --cpus-per-task=$OMP_NUM_THREADS ./912x1.out
rm 912x1.out
Timing Loader_qmp2_from_file:: loader :CPU: 0 ms ; Wall: 0 ms
Timings AoToMo CGTO: CPU: 3506 ms ; Wall: 3644 ms
    -- Loading in: CPU: 2720 ms ; Wall: 2733 ms
    -- Distribute Batch: CPU: 219 ms ; Wall: 340 ms
    -- Tranforming Batch: CPU: 60 ms ; Wall: 60 ms
    -- Distribute Batch Results: CPU: 433 ms ; Wall: 434 ms

Timings AoToMo Coulomb Integral: CPU: 1066965 ms ; Wall: 1071778 ms
    -- Loading in: CPU: 640908 ms ; Wall: 643906 ms
    -- Distribute Batch: CPU: 3486 ms ; Wall: 3500 ms
    -- Transforming Batch: CPU: 344135 ms ; Wall: 345625 ms
    -- Distribute Batch Results: CPU: 78214 ms ; Wall: 78519 ms

Timing Vault_qmp2:: vault : CPU: 1073089 ms ; Wall: 1078075 ms
Timing Do_qmp2:: qmp2 : CPU: 77988 ms ; Wall: 78303 ms
 ______________________________________________________________________________ 
|                                                                              |
|                  ** Quadrature Calculation through libqqc **                 |
|                                                                              |
|++++++++++++++++++++++++++++++++++++++++++++++++++++++++++++++++++++++++++++++|
| * Author(s): Benjamin Thomitzni                                              |
|++++++++++++++++++++++++++++++++++++++++++++++++++++++++++++++++++++++++++++++|
|                               Programm Details                               |
|------------------------------------------------------------------------------|
| * library vers.      v0.1                                                    |
|     -- Loader vers.  v0.1                                                    |
|     -- Vault vers.   v0.1                                                    |
|     -- Do_qmp2 vers. v0.1                                                    |
|------------------------------------------------------------------------------|
| * OpenMP enabled                                                             |
|     -- threads:   1                                                          |
| * MPI enabled                                                                |
|     -- processes: 912                                                        |
|++++++++++++++++++++++++++++++++++++++++++++++++++++++++++++++++++++++++++++++|
|                              Calculation Details                             |
|------------------------------------------------------------------------------|
| * Method:             Q-MP(2)                                                |
|------------------------------------------------------------------------------|
| * grid points (3D):   28880                                                  |
| * grid points (1D):   4                                                      |
|------------------------------------------------------------------------------|
| * atomic orbitals:    244                                                    |
| * molecular orbitals: 244                                                    |
|     -- occupied:      81                                                     |
|     -- virtual:       163                                                    |
|------------------------------------------------------------------------------|
|                                    Results                                   |
|------------------------------------------------------------------------------|
| * Ground State Energy Correction (eV): -2.27356                              |
|++++++++++++++++++++++++++++++++++++++++++++++++++++++++++++++++++++++++++++++|
|                              Calculation Timings                             |
|------------------------------------------------------------------------------|
| Timing Qmp2_energy::compute : CPU: 70682 ms ; Wall: 70980 ms                 |
|     -- Setting up calculation: CPU: 875 ms ; Wall: 881 ms                    |
|     -- Calc. Batch 1/2: CPU: 44 ms ; Wall: 44 ms                             |
|     -- Calc. Batch 2/2: CPU: 69762 ms ; Wall: 70054 ms                       |
| Gather result fr. nodes : CPU: 7271 ms ; Wall: 7285 ms                       |
|------------------------------------------------------------------------------|
|             if no timings are printed, choose higher print level             |
|______________________________________________________________________________|

