/home/hd/hd_hd/hd_tb381/workspace/libqqc/runs/w_eigen/scan_mpionly
n1716
Do 7. Apr 16:25:51 CEST 2022
#!/bin/bash
#SBATCH -J libqqc_mpionly_528x1
#SBATCH -n528 --cpus-per-task=1 -t12:00:00
#SBATCH --mem=200G
#SBATCH --job-name=libqqc_mpionly_528x1
#SBATCH --output=libqqc_mpionly_528x1_por-%j.out
#SBATCH --error=libqqc_mpionly_528x1_por-%j.err
pwd; hostname; date
cat run_528x1.sh
module load compiler/gnu
module load mpi/openmpi
cd ../../../host_example/.
mpic++ -fopenmp -O3 -ffast-math -march=native main_mpi.cpp ../lib/libqqc.a -o 528x1.out
OMP_NUM_THREADS=1 srun --cpus-per-task=$OMP_NUM_THREADS ./528x1.out
rm 528x1.out
Timing Loader_qmp2_from_file:: loader :CPU: 0 ms ; Wall: 0 ms
Timings AoToMo CGTO: CPU: 3348 ms ; Wall: 3545 ms
    -- Loading in: CPU: 2769 ms ; Wall: 2898 ms
    -- Distribute Batch: CPU: 134 ms ; Wall: 201 ms
    -- Tranforming Batch: CPU: 40 ms ; Wall: 39 ms
    -- Distribute Batch Results: CPU: 336 ms ; Wall: 337 ms

Timings AoToMo Coulomb Integral: CPU: 955730 ms ; Wall: 958973 ms
    -- Loading in: CPU: 644569 ms ; Wall: 646772 ms
    -- Distribute Batch: CPU: 3490 ms ; Wall: 3501 ms
    -- Transforming Batch: CPU: 227185 ms ; Wall: 227948 ms
    -- Distribute Batch Results: CPU: 80318 ms ; Wall: 80580 ms

Timing Vault_qmp2:: vault : CPU: 961659 ms ; Wall: 965539 ms
Timing Do_qmp2:: qmp2 : CPU: 130680 ms ; Wall: 131177 ms
 ______________________________________________________________________________ 
|                                                                              |
|                  ** Quadrature Calculation through libqqc **                 |
|                                                                              |
|++++++++++++++++++++++++++++++++++++++++++++++++++++++++++++++++++++++++++++++|
| * Author(s): Benjamin Thomitzni                                              |
|++++++++++++++++++++++++++++++++++++++++++++++++++++++++++++++++++++++++++++++|
|                               Programm Details                               |
|------------------------------------------------------------------------------|
| * library vers.      v0.1                                                    |
|     -- Loader vers.  v0.1                                                    |
|     -- Vault vers.   v0.1                                                    |
|     -- Do_qmp2 vers. v0.1                                                    |
|------------------------------------------------------------------------------|
| * OpenMP enabled                                                             |
|     -- threads:   1                                                          |
| * MPI enabled                                                                |
|     -- processes: 528                                                        |
|++++++++++++++++++++++++++++++++++++++++++++++++++++++++++++++++++++++++++++++|
|                              Calculation Details                             |
|------------------------------------------------------------------------------|
| * Method:             Q-MP(2)                                                |
|------------------------------------------------------------------------------|
| * grid points (3D):   28880                                                  |
| * grid points (1D):   4                                                      |
|------------------------------------------------------------------------------|
| * atomic orbitals:    244                                                    |
| * molecular orbitals: 244                                                    |
|     -- occupied:      81                                                     |
|     -- virtual:       163                                                    |
|------------------------------------------------------------------------------|
|                                    Results                                   |
|------------------------------------------------------------------------------|
| * Ground State Energy Correction (eV): -2.27356                              |
|++++++++++++++++++++++++++++++++++++++++++++++++++++++++++++++++++++++++++++++|
|                              Calculation Timings                             |
|------------------------------------------------------------------------------|
| Timing Qmp2_energy::compute : CPU: 124714 ms ; Wall: 125201 ms               |
|     -- Setting up calculation: CPU: 309 ms ; Wall: 310 ms                    |
|     -- Calc. Batch 1/2: CPU: 48 ms ; Wall: 47 ms                             |
|     -- Calc. Batch 2/2: CPU: 124357 ms ; Wall: 124843 ms                     |
| Gather result fr. nodes : CPU: 5935 ms ; Wall: 5944 ms                       |
|------------------------------------------------------------------------------|
|             if no timings are printed, choose higher print level             |
|______________________________________________________________________________|

