/home/hd/hd_hd/hd_tb381/workspace/libqqc/runs/w_eigen/scan_mpionly
n1329
Do 7. Apr 15:49:40 CEST 2022
#!/bin/bash
#SBATCH -J libqqc_mpionly_24x1
#SBATCH -n24 --cpus-per-task=1 -t12:00:00
#SBATCH --mem=200G
#SBATCH --job-name=libqqc_mpionly_24x1
#SBATCH --output=libqqc_mpionly_24x1_por-%j.out
#SBATCH --error=libqqc_mpionly_24x1_por-%j.err
pwd; hostname; date
cat run_24x1.sh
module load compiler/gnu
module load mpi/openmpi
cd ../../../host_example/.
mpic++ -fopenmp -O3 -ffast-math -march=native main_mpi.cpp ../lib/libqqc.a -o 24x1.out
OMP_NUM_THREADS=1 srun --cpus-per-task=$OMP_NUM_THREADS ./24x1.out
rm 24x1.out
Timing Loader_qmp2_from_file:: loader :CPU: 0 ms ; Wall: 0 ms
Timings AoToMo CGTO: CPU: 2969 ms ; Wall: 2981 ms
    -- Loading in: CPU: 2368 ms ; Wall: 2377 ms
    -- Distribute Batch: CPU: 28 ms ; Wall: 28 ms
    -- Tranforming Batch: CPU: 94 ms ; Wall: 93 ms
    -- Distribute Batch Results: CPU: 424 ms ; Wall: 424 ms

Timings AoToMo Coulomb Integral: CPU: 1086216 ms ; Wall: 1088910 ms
    -- Loading in: CPU: 531450 ms ; Wall: 532761 ms
    -- Distribute Batch: CPU: 5147 ms ; Wall: 5159 ms
    -- Transforming Batch: CPU: 545456 ms ; Wall: 546813 ms
    -- Distribute Batch Results: CPU: 3867 ms ; Wall: 3878 ms

Timing Vault_qmp2:: vault : CPU: 1091328 ms ; Wall: 1094049 ms
Timing Do_qmp2:: qmp2 : CPU: 2289379 ms ; Wall: 2295970 ms
 ______________________________________________________________________________ 
|                                                                              |
|                  ** Quadrature Calculation through libqqc **                 |
|                                                                              |
|++++++++++++++++++++++++++++++++++++++++++++++++++++++++++++++++++++++++++++++|
| * Author(s): Benjamin Thomitzni                                              |
|++++++++++++++++++++++++++++++++++++++++++++++++++++++++++++++++++++++++++++++|
|                               Programm Details                               |
|------------------------------------------------------------------------------|
| * library vers.      v0.1                                                    |
|     -- Loader vers.  v0.1                                                    |
|     -- Vault vers.   v0.1                                                    |
|     -- Do_qmp2 vers. v0.1                                                    |
|------------------------------------------------------------------------------|
| * OpenMP enabled                                                             |
|     -- threads:   1                                                          |
| * MPI enabled                                                                |
|     -- processes: 24                                                         |
|++++++++++++++++++++++++++++++++++++++++++++++++++++++++++++++++++++++++++++++|
|                              Calculation Details                             |
|------------------------------------------------------------------------------|
| * Method:             Q-MP(2)                                                |
|------------------------------------------------------------------------------|
| * grid points (3D):   28880                                                  |
| * grid points (1D):   4                                                      |
|------------------------------------------------------------------------------|
| * atomic orbitals:    244                                                    |
| * molecular orbitals: 244                                                    |
|     -- occupied:      81                                                     |
|     -- virtual:       163                                                    |
|------------------------------------------------------------------------------|
|                                    Results                                   |
|------------------------------------------------------------------------------|
| * Ground State Energy Correction (eV): -2.27356                              |
|++++++++++++++++++++++++++++++++++++++++++++++++++++++++++++++++++++++++++++++|
|                              Calculation Timings                             |
|------------------------------------------------------------------------------|
| Timing Qmp2_energy::compute : CPU: 2289343 ms ; Wall: 2295935 ms             |
|     -- Setting up calculation: CPU: 1129 ms ; Wall: 1133 ms                  |
|     -- Calc. Batch 1/2: CPU: 24368 ms ; Wall: 24438 ms                       |
|     -- Calc. Batch 2/2: CPU: 2263846 ms ; Wall: 2270362 ms                   |
| Gather result fr. nodes : CPU: 0 ms ; Wall: 0 ms                             |
|------------------------------------------------------------------------------|
|             if no timings are printed, choose higher print level             |
|______________________________________________________________________________|

