/home/hd/hd_hd/hd_tb381/workspace/libqqc/runs/w_eigen/scan_mpionly
n1521
Do 7. Apr 15:49:48 CEST 2022
#!/bin/bash
#SBATCH -J libqqc_mpionly_192x1
#SBATCH -n192 --cpus-per-task=1 -t12:00:00
#SBATCH --mem=200G
#SBATCH --job-name=libqqc_mpionly_192x1
#SBATCH --output=libqqc_mpionly_192x1_por-%j.out
#SBATCH --error=libqqc_mpionly_192x1_por-%j.err
pwd; hostname; date
cat run_192x1.sh
module load compiler/gnu
module load mpi/openmpi
cd ../../../host_example/.
mpic++ -fopenmp -O3 -ffast-math -march=native main_mpi.cpp ../lib/libqqc.a -o 192x1.out
OMP_NUM_THREADS=1 srun --cpus-per-task=$OMP_NUM_THREADS ./192x1.out
rm 192x1.out
Timing Loader_qmp2_from_file:: loader :CPU: 0 ms ; Wall: 0 ms
Timings AoToMo CGTO: CPU: 3099 ms ; Wall: 3141 ms
    -- Loading in: CPU: 2750 ms ; Wall: 2763 ms
    -- Distribute Batch: CPU: 59 ms ; Wall: 84 ms
    -- Tranforming Batch: CPU: 22 ms ; Wall: 21 ms
    -- Distribute Batch Results: CPU: 204 ms ; Wall: 205 ms

Timings AoToMo Coulomb Integral: CPU: 872407 ms ; Wall: 875590 ms
    -- Loading in: CPU: 638681 ms ; Wall: 641012 ms
    -- Distribute Batch: CPU: 3928 ms ; Wall: 3941 ms
    -- Transforming Batch: CPU: 124668 ms ; Wall: 125156 ms
    -- Distribute Batch Results: CPU: 104993 ms ; Wall: 105340 ms

Timing Vault_qmp2:: vault : CPU: 878072 ms ; Wall: 881332 ms
Timing Do_qmp2:: qmp2 : CPU: 351917 ms ; Wall: 353272 ms
 ______________________________________________________________________________ 
|                                                                              |
|                  ** Quadrature Calculation through libqqc **                 |
|                                                                              |
|++++++++++++++++++++++++++++++++++++++++++++++++++++++++++++++++++++++++++++++|
| * Author(s): Benjamin Thomitzni                                              |
|++++++++++++++++++++++++++++++++++++++++++++++++++++++++++++++++++++++++++++++|
|                               Programm Details                               |
|------------------------------------------------------------------------------|
| * library vers.      v0.1                                                    |
|     -- Loader vers.  v0.1                                                    |
|     -- Vault vers.   v0.1                                                    |
|     -- Do_qmp2 vers. v0.1                                                    |
|------------------------------------------------------------------------------|
| * OpenMP enabled                                                             |
|     -- threads:   1                                                          |
| * MPI enabled                                                                |
|     -- processes: 192                                                        |
|++++++++++++++++++++++++++++++++++++++++++++++++++++++++++++++++++++++++++++++|
|                              Calculation Details                             |
|------------------------------------------------------------------------------|
| * Method:             Q-MP(2)                                                |
|------------------------------------------------------------------------------|
| * grid points (3D):   28880                                                  |
| * grid points (1D):   4                                                      |
|------------------------------------------------------------------------------|
| * atomic orbitals:    244                                                    |
| * molecular orbitals: 244                                                    |
|     -- occupied:      81                                                     |
|     -- virtual:       163                                                    |
|------------------------------------------------------------------------------|
|                                    Results                                   |
|------------------------------------------------------------------------------|
| * Ground State Energy Correction (eV): -2.27356                              |
|++++++++++++++++++++++++++++++++++++++++++++++++++++++++++++++++++++++++++++++|
|                              Calculation Timings                             |
|------------------------------------------------------------------------------|
| Timing Qmp2_energy::compute : CPU: 345687 ms ; Wall: 347032 ms               |
|     -- Setting up calculation: CPU: 313 ms ; Wall: 314 ms                    |
|     -- Calc. Batch 1/2: CPU: 348 ms ; Wall: 349 ms                           |
|     -- Calc. Batch 2/2: CPU: 345026 ms ; Wall: 346368 ms                     |
| Gather result fr. nodes : CPU: 6195 ms ; Wall: 6204 ms                       |
|------------------------------------------------------------------------------|
|             if no timings are printed, choose higher print level             |
|______________________________________________________________________________|

