/home/hd/hd_hd/hd_tb381/workspace/libqqc/runs/w_eigen/scan_mpionly
n1705
Do 7. Apr 16:10:51 CEST 2022
#!/bin/bash
#SBATCH -J libqqc_mpionly_480x1
#SBATCH -n480 --cpus-per-task=1 -t12:00:00
#SBATCH --mem=200G
#SBATCH --job-name=libqqc_mpionly_480x1
#SBATCH --output=libqqc_mpionly_480x1_por-%j.out
#SBATCH --error=libqqc_mpionly_480x1_por-%j.err
pwd; hostname; date
cat run_480x1.sh
module load compiler/gnu
module load mpi/openmpi
cd ../../../host_example/.
mpic++ -fopenmp -O3 -ffast-math -march=native main_mpi.cpp ../lib/libqqc.a -o 480x1.out
OMP_NUM_THREADS=1 srun --cpus-per-task=$OMP_NUM_THREADS ./480x1.out
rm 480x1.out
Timing Loader_qmp2_from_file:: loader :CPU: 0 ms ; Wall: 0 ms
Timings AoToMo CGTO: CPU: 3215 ms ; Wall: 3290 ms
    -- Loading in: CPU: 2720 ms ; Wall: 2731 ms
    -- Distribute Batch: CPU: 118 ms ; Wall: 178 ms
    -- Tranforming Batch: CPU: 13 ms ; Wall: 13 ms
    -- Distribute Batch Results: CPU: 295 ms ; Wall: 296 ms

Timings AoToMo Coulomb Integral: CPU: 808483 ms ; Wall: 811896 ms
    -- Loading in: CPU: 632331 ms ; Wall: 635039 ms
    -- Distribute Batch: CPU: 3506 ms ; Wall: 3520 ms
    -- Transforming Batch: CPU: 76668 ms ; Wall: 76979 ms
    -- Distribute Batch Results: CPU: 95848 ms ; Wall: 96222 ms

Timing Vault_qmp2:: vault : CPU: 814266 ms ; Wall: 817789 ms
Timing Do_qmp2:: qmp2 : CPU: 141785 ms ; Wall: 142363 ms
 ______________________________________________________________________________ 
|                                                                              |
|                  ** Quadrature Calculation through libqqc **                 |
|                                                                              |
|++++++++++++++++++++++++++++++++++++++++++++++++++++++++++++++++++++++++++++++|
| * Author(s): Benjamin Thomitzni                                              |
|++++++++++++++++++++++++++++++++++++++++++++++++++++++++++++++++++++++++++++++|
|                               Programm Details                               |
|------------------------------------------------------------------------------|
| * library vers.      v0.1                                                    |
|     -- Loader vers.  v0.1                                                    |
|     -- Vault vers.   v0.1                                                    |
|     -- Do_qmp2 vers. v0.1                                                    |
|------------------------------------------------------------------------------|
| * OpenMP enabled                                                             |
|     -- threads:   1                                                          |
| * MPI enabled                                                                |
|     -- processes: 480                                                        |
|++++++++++++++++++++++++++++++++++++++++++++++++++++++++++++++++++++++++++++++|
|                              Calculation Details                             |
|------------------------------------------------------------------------------|
| * Method:             Q-MP(2)                                                |
|------------------------------------------------------------------------------|
| * grid points (3D):   28880                                                  |
| * grid points (1D):   4                                                      |
|------------------------------------------------------------------------------|
| * atomic orbitals:    244                                                    |
| * molecular orbitals: 244                                                    |
|     -- occupied:      81                                                     |
|     -- virtual:       163                                                    |
|------------------------------------------------------------------------------|
|                                    Results                                   |
|------------------------------------------------------------------------------|
| * Ground State Energy Correction (eV): -2.27356                              |
|++++++++++++++++++++++++++++++++++++++++++++++++++++++++++++++++++++++++++++++|
|                              Calculation Timings                             |
|------------------------------------------------------------------------------|
| Timing Qmp2_energy::compute : CPU: 139485 ms ; Wall: 140058 ms               |
|     -- Setting up calculation: CPU: 340 ms ; Wall: 341 ms                    |
|     -- Calc. Batch 1/2: CPU: 67 ms ; Wall: 67 ms                             |
|     -- Calc. Batch 2/2: CPU: 139079 ms ; Wall: 139649 ms                     |
| Gather result fr. nodes : CPU: 2268 ms ; Wall: 2272 ms                       |
|------------------------------------------------------------------------------|
|             if no timings are printed, choose higher print level             |
|______________________________________________________________________________|

