/home/hd/hd_hd/hd_tb381/workspace/libqqc/runs/w_eigen/scan_mpionly
n1430
Do 7. Apr 15:49:40 CEST 2022
#!/bin/bash
#SBATCH -J libqqc_mpionly_20x1
#SBATCH -n20 --cpus-per-task=1 -t12:00:00
#SBATCH --mem=200G
#SBATCH --job-name=libqqc_mpionly_20x1
#SBATCH --output=libqqc_mpionly_20x1_por-%j.out
#SBATCH --error=libqqc_mpionly_20x1_por-%j.err
pwd; hostname; date
cat run_20x1.sh
module load compiler/gnu
module load mpi/openmpi
cd ../../../host_example/.
mpic++ -fopenmp -O3 -ffast-math -march=native main_mpi.cpp ../lib/libqqc.a -o 20x1.out
OMP_NUM_THREADS=1 srun --cpus-per-task=$OMP_NUM_THREADS ./20x1.out
rm 20x1.out
Timing Loader_qmp2_from_file:: loader :CPU: 0 ms ; Wall: 0 ms
Timings AoToMo CGTO: CPU: 2856 ms ; Wall: 2867 ms
    -- Loading in: CPU: 2284 ms ; Wall: 2293 ms
    -- Distribute Batch: CPU: 25 ms ; Wall: 25 ms
    -- Tranforming Batch: CPU: 111 ms ; Wall: 111 ms
    -- Distribute Batch Results: CPU: 382 ms ; Wall: 382 ms

Timings AoToMo Coulomb Integral: CPU: 1171441 ms ; Wall: 1174157 ms
    -- Loading in: CPU: 524832 ms ; Wall: 526044 ms
    -- Distribute Batch: CPU: 5107 ms ; Wall: 5119 ms
    -- Transforming Batch: CPU: 637320 ms ; Wall: 638799 ms
    -- Distribute Batch Results: CPU: 3814 ms ; Wall: 3824 ms

Timing Vault_qmp2:: vault : CPU: 1176413 ms ; Wall: 1179156 ms
Timing Do_qmp2:: qmp2 : CPU: 2760449 ms ; Wall: 2768185 ms
 ______________________________________________________________________________ 
|                                                                              |
|                  ** Quadrature Calculation through libqqc **                 |
|                                                                              |
|++++++++++++++++++++++++++++++++++++++++++++++++++++++++++++++++++++++++++++++|
| * Author(s): Benjamin Thomitzni                                              |
|++++++++++++++++++++++++++++++++++++++++++++++++++++++++++++++++++++++++++++++|
|                               Programm Details                               |
|------------------------------------------------------------------------------|
| * library vers.      v0.1                                                    |
|     -- Loader vers.  v0.1                                                    |
|     -- Vault vers.   v0.1                                                    |
|     -- Do_qmp2 vers. v0.1                                                    |
|------------------------------------------------------------------------------|
| * OpenMP enabled                                                             |
|     -- threads:   1                                                          |
| * MPI enabled                                                                |
|     -- processes: 20                                                         |
|++++++++++++++++++++++++++++++++++++++++++++++++++++++++++++++++++++++++++++++|
|                              Calculation Details                             |
|------------------------------------------------------------------------------|
| * Method:             Q-MP(2)                                                |
|------------------------------------------------------------------------------|
| * grid points (3D):   28880                                                  |
| * grid points (1D):   4                                                      |
|------------------------------------------------------------------------------|
| * atomic orbitals:    244                                                    |
| * molecular orbitals: 244                                                    |
|     -- occupied:      81                                                     |
|     -- virtual:       163                                                    |
|------------------------------------------------------------------------------|
|                                    Results                                   |
|------------------------------------------------------------------------------|
| * Ground State Energy Correction (eV): -2.27356                              |
|++++++++++++++++++++++++++++++++++++++++++++++++++++++++++++++++++++++++++++++|
|                              Calculation Timings                             |
|------------------------------------------------------------------------------|
| Timing Qmp2_energy::compute : CPU: 2760415 ms ; Wall: 2768130 ms             |
|     -- Setting up calculation: CPU: 936 ms ; Wall: 939 ms                    |
|     -- Calc. Batch 1/2: CPU: 34733 ms ; Wall: 34829 ms                       |
|     -- Calc. Batch 2/2: CPU: 2724746 ms ; Wall: 2732361 ms                   |
| Gather result fr. nodes : CPU: 0 ms ; Wall: 1 ms                             |
|------------------------------------------------------------------------------|
|             if no timings are printed, choose higher print level             |
|______________________________________________________________________________|

