/home/hd/hd_hd/hd_tb381/workspace/libqqc/runs/w_eigen/scan_mpionly
n1340
Do 7. Apr 15:49:40 CEST 2022
#!/bin/bash
#SBATCH -J libqqc_mpionly_48x1
#SBATCH -n48 --cpus-per-task=1 -t12:00:00
#SBATCH --mem=200G
#SBATCH --job-name=libqqc_mpionly_48x1
#SBATCH --output=libqqc_mpionly_48x1_por-%j.out
#SBATCH --error=libqqc_mpionly_48x1_por-%j.err
pwd; hostname; date
cat run_48x1.sh
module load compiler/gnu
module load mpi/openmpi
cd ../../../host_example/.
mpic++ -fopenmp -O3 -ffast-math -march=native main_mpi.cpp ../lib/libqqc.a -o 48x1.out
OMP_NUM_THREADS=1 srun --cpus-per-task=$OMP_NUM_THREADS ./48x1.out
rm 48x1.out
Timing Loader_qmp2_from_file:: loader :CPU: 0 ms ; Wall: 0 ms
Timings AoToMo CGTO: CPU: 3518 ms ; Wall: 3535 ms
    -- Loading in: CPU: 2755 ms ; Wall: 2768 ms
    -- Distribute Batch: CPU: 40 ms ; Wall: 40 ms
    -- Tranforming Batch: CPU: 60 ms ; Wall: 59 ms
    -- Distribute Batch Results: CPU: 600 ms ; Wall: 601 ms

Timings AoToMo Coulomb Integral: CPU: 992235 ms ; Wall: 996030 ms
    -- Loading in: CPU: 636571 ms ; Wall: 638934 ms
    -- Distribute Batch: CPU: 6329 ms ; Wall: 6351 ms
    -- Transforming Batch: CPU: 343763 ms ; Wall: 345147 ms
    -- Distribute Batch Results: CPU: 5276 ms ; Wall: 5297 ms

Timing Vault_qmp2:: vault : CPU: 998319 ms ; Wall: 1002148 ms
Timing Do_qmp2:: qmp2 : CPU: 1384830 ms ; Wall: 1390214 ms
 ______________________________________________________________________________ 
|                                                                              |
|                  ** Quadrature Calculation through libqqc **                 |
|                                                                              |
|++++++++++++++++++++++++++++++++++++++++++++++++++++++++++++++++++++++++++++++|
| * Author(s): Benjamin Thomitzni                                              |
|++++++++++++++++++++++++++++++++++++++++++++++++++++++++++++++++++++++++++++++|
|                               Programm Details                               |
|------------------------------------------------------------------------------|
| * library vers.      v0.1                                                    |
|     -- Loader vers.  v0.1                                                    |
|     -- Vault vers.   v0.1                                                    |
|     -- Do_qmp2 vers. v0.1                                                    |
|------------------------------------------------------------------------------|
| * OpenMP enabled                                                             |
|     -- threads:   1                                                          |
| * MPI enabled                                                                |
|     -- processes: 48                                                         |
|++++++++++++++++++++++++++++++++++++++++++++++++++++++++++++++++++++++++++++++|
|                              Calculation Details                             |
|------------------------------------------------------------------------------|
| * Method:             Q-MP(2)                                                |
|------------------------------------------------------------------------------|
| * grid points (3D):   28880                                                  |
| * grid points (1D):   4                                                      |
|------------------------------------------------------------------------------|
| * atomic orbitals:    244                                                    |
| * molecular orbitals: 244                                                    |
|     -- occupied:      81                                                     |
|     -- virtual:       163                                                    |
|------------------------------------------------------------------------------|
|                                    Results                                   |
|------------------------------------------------------------------------------|
| * Ground State Energy Correction (eV): -2.27356                              |
|++++++++++++++++++++++++++++++++++++++++++++++++++++++++++++++++++++++++++++++|
|                              Calculation Timings                             |
|------------------------------------------------------------------------------|
| Timing Qmp2_energy::compute : CPU: 1384771 ms ; Wall: 1390155 ms             |
|     -- Setting up calculation: CPU: 2299 ms ; Wall: 2320 ms                  |
|     -- Calc. Batch 1/2: CPU: 7475 ms ; Wall: 7504 ms                         |
|     -- Calc. Batch 2/2: CPU: 1374998 ms ; Wall: 1380331 ms                   |
| Gather result fr. nodes : CPU: 0 ms ; Wall: 0 ms                             |
|------------------------------------------------------------------------------|
|             if no timings are printed, choose higher print level             |
|______________________________________________________________________________|

