/home/hd/hd_hd/hd_tb381/workspace/libqqc/runs/w_eigen/scan_mpionly
n1705
Do 7. Apr 17:04:15 CEST 2022
#!/bin/bash
#SBATCH -J libqqc_mpionly_768x1
#SBATCH -n768 --cpus-per-task=1 -t12:00:00
#SBATCH --mem=200G
#SBATCH --job-name=libqqc_mpionly_768x1
#SBATCH --output=libqqc_mpionly_768x1_por-%j.out
#SBATCH --error=libqqc_mpionly_768x1_por-%j.err
pwd; hostname; date
cat run_768x1.sh
module load compiler/gnu
module load mpi/openmpi
cd ../../../host_example/.
mpic++ -fopenmp -O3 -ffast-math -march=native main_mpi.cpp ../lib/libqqc.a -o 768x1.out
OMP_NUM_THREADS=1 srun --cpus-per-task=$OMP_NUM_THREADS ./768x1.out
rm 768x1.out
Timing Loader_qmp2_from_file:: loader :CPU: 0 ms ; Wall: 0 ms
Timings AoToMo CGTO: CPU: 3454 ms ; Wall: 3570 ms
    -- Loading in: CPU: 2708 ms ; Wall: 2717 ms
    -- Distribute Batch: CPU: 176 ms ; Wall: 280 ms
    -- Tranforming Batch: CPU: 47 ms ; Wall: 47 ms
    -- Distribute Batch Results: CPU: 451 ms ; Wall: 452 ms

Timings AoToMo Coulomb Integral: CPU: 995015 ms ; Wall: 999149 ms
    -- Loading in: CPU: 631311 ms ; Wall: 633798 ms
    -- Distribute Batch: CPU: 3441 ms ; Wall: 3454 ms
    -- Transforming Batch: CPU: 268106 ms ; Wall: 269347 ms
    -- Distribute Batch Results: CPU: 91962 ms ; Wall: 92350 ms

Timing Vault_qmp2:: vault : CPU: 1001077 ms ; Wall: 1005364 ms
Timing Do_qmp2:: qmp2 : CPU: 91197 ms ; Wall: 91548 ms
 ______________________________________________________________________________ 
|                                                                              |
|                  ** Quadrature Calculation through libqqc **                 |
|                                                                              |
|++++++++++++++++++++++++++++++++++++++++++++++++++++++++++++++++++++++++++++++|
| * Author(s): Benjamin Thomitzni                                              |
|++++++++++++++++++++++++++++++++++++++++++++++++++++++++++++++++++++++++++++++|
|                               Programm Details                               |
|------------------------------------------------------------------------------|
| * library vers.      v0.1                                                    |
|     -- Loader vers.  v0.1                                                    |
|     -- Vault vers.   v0.1                                                    |
|     -- Do_qmp2 vers. v0.1                                                    |
|------------------------------------------------------------------------------|
| * OpenMP enabled                                                             |
|     -- threads:   1                                                          |
| * MPI enabled                                                                |
|     -- processes: 768                                                        |
|++++++++++++++++++++++++++++++++++++++++++++++++++++++++++++++++++++++++++++++|
|                              Calculation Details                             |
|------------------------------------------------------------------------------|
| * Method:             Q-MP(2)                                                |
|------------------------------------------------------------------------------|
| * grid points (3D):   28880                                                  |
| * grid points (1D):   4                                                      |
|------------------------------------------------------------------------------|
| * atomic orbitals:    244                                                    |
| * molecular orbitals: 244                                                    |
|     -- occupied:      81                                                     |
|     -- virtual:       163                                                    |
|------------------------------------------------------------------------------|
|                                    Results                                   |
|------------------------------------------------------------------------------|
| * Ground State Energy Correction (eV): -2.27356                              |
|++++++++++++++++++++++++++++++++++++++++++++++++++++++++++++++++++++++++++++++|
|                              Calculation Timings                             |
|------------------------------------------------------------------------------|
| Timing Qmp2_energy::compute : CPU: 84682 ms ; Wall: 85020 ms                 |
|     -- Setting up calculation: CPU: 537 ms ; Wall: 540 ms                    |
|     -- Calc. Batch 1/2: CPU: 64 ms ; Wall: 64 ms                             |
|     -- Calc. Batch 2/2: CPU: 84081 ms ; Wall: 84415 ms                       |
| Gather result fr. nodes : CPU: 6483 ms ; Wall: 6493 ms                       |
|------------------------------------------------------------------------------|
|             if no timings are printed, choose higher print level             |
|______________________________________________________________________________|

