/home/hd/hd_hd/hd_tb381/workspace/libqqc/runs/w_eigen/scan_mpionly
n1801
Do 7. Apr 16:50:03 CEST 2022
#!/bin/bash
#SBATCH -J libqqc_mpionly_720x1
#SBATCH -n720 --cpus-per-task=1 -t12:00:00
#SBATCH --mem=200G
#SBATCH --job-name=libqqc_mpionly_720x1
#SBATCH --output=libqqc_mpionly_720x1_por-%j.out
#SBATCH --error=libqqc_mpionly_720x1_por-%j.err
pwd; hostname; date
cat run_720x1.sh
module load compiler/gnu
module load mpi/openmpi
cd ../../../host_example/.
mpic++ -fopenmp -O3 -ffast-math -march=native main_mpi.cpp ../lib/libqqc.a -o 720x1.out
OMP_NUM_THREADS=1 srun --cpus-per-task=$OMP_NUM_THREADS ./720x1.out
rm 720x1.out
Timing Loader_qmp2_from_file:: loader :CPU: 0 ms ; Wall: 0 ms
Timings AoToMo CGTO: CPU: 3243 ms ; Wall: 3352 ms
    -- Loading in: CPU: 2679 ms ; Wall: 2690 ms
    -- Distribute Batch: CPU: 163 ms ; Wall: 255 ms
    -- Tranforming Batch: CPU: 12 ms ; Wall: 11 ms
    -- Distribute Batch Results: CPU: 321 ms ; Wall: 323 ms

Timings AoToMo Coulomb Integral: CPU: 791167 ms ; Wall: 794099 ms
    -- Loading in: CPU: 629355 ms ; Wall: 631725 ms
    -- Distribute Batch: CPU: 3467 ms ; Wall: 3479 ms
    -- Transforming Batch: CPU: 64213 ms ; Wall: 64436 ms
    -- Distribute Batch Results: CPU: 94010 ms ; Wall: 94334 ms

Timing Vault_qmp2:: vault : CPU: 797023 ms ; Wall: 800100 ms
Timing Do_qmp2:: qmp2 : CPU: 95264 ms ; Wall: 95661 ms
 ______________________________________________________________________________ 
|                                                                              |
|                  ** Quadrature Calculation through libqqc **                 |
|                                                                              |
|++++++++++++++++++++++++++++++++++++++++++++++++++++++++++++++++++++++++++++++|
| * Author(s): Benjamin Thomitzni                                              |
|++++++++++++++++++++++++++++++++++++++++++++++++++++++++++++++++++++++++++++++|
|                               Programm Details                               |
|------------------------------------------------------------------------------|
| * library vers.      v0.1                                                    |
|     -- Loader vers.  v0.1                                                    |
|     -- Vault vers.   v0.1                                                    |
|     -- Do_qmp2 vers. v0.1                                                    |
|------------------------------------------------------------------------------|
| * OpenMP enabled                                                             |
|     -- threads:   1                                                          |
| * MPI enabled                                                                |
|     -- processes: 720                                                        |
|++++++++++++++++++++++++++++++++++++++++++++++++++++++++++++++++++++++++++++++|
|                              Calculation Details                             |
|------------------------------------------------------------------------------|
| * Method:             Q-MP(2)                                                |
|------------------------------------------------------------------------------|
| * grid points (3D):   28880                                                  |
| * grid points (1D):   4                                                      |
|------------------------------------------------------------------------------|
| * atomic orbitals:    244                                                    |
| * molecular orbitals: 244                                                    |
|     -- occupied:      81                                                     |
|     -- virtual:       163                                                    |
|------------------------------------------------------------------------------|
|                                    Results                                   |
|------------------------------------------------------------------------------|
| * Ground State Energy Correction (eV): -2.27356                              |
|++++++++++++++++++++++++++++++++++++++++++++++++++++++++++++++++++++++++++++++|
|                              Calculation Timings                             |
|------------------------------------------------------------------------------|
| Timing Qmp2_energy::compute : CPU: 92897 ms ; Wall: 93288 ms                 |
|     -- Setting up calculation: CPU: 331 ms ; Wall: 333 ms                    |
|     -- Calc. Batch 1/2: CPU: 29 ms ; Wall: 29 ms                             |
|     -- Calc. Batch 2/2: CPU: 92537 ms ; Wall: 92926 ms                       |
| Gather result fr. nodes : CPU: 2338 ms ; Wall: 2344 ms                       |
|------------------------------------------------------------------------------|
|             if no timings are printed, choose higher print level             |
|______________________________________________________________________________|

