/home/hd/hd_hd/hd_tb381/workspace/libqqc/runs/w_eigen/scan_mpionly
n1602
Do 7. Apr 17:39:52 CEST 2022
#!/bin/bash
#SBATCH -J libqqc_mpionly_960x1
#SBATCH -n960 --cpus-per-task=1 -t12:00:00
#SBATCH --mem=200G
#SBATCH --job-name=libqqc_mpionly_960x1
#SBATCH --output=libqqc_mpionly_960x1_por-%j.out
#SBATCH --error=libqqc_mpionly_960x1_por-%j.err
pwd; hostname; date
cat run_960x1.sh
module load compiler/gnu
module load mpi/openmpi
cd ../../../host_example/.
mpic++ -fopenmp -O3 -ffast-math -march=native main_mpi.cpp ../lib/libqqc.a -o 960x1.out
OMP_NUM_THREADS=1 srun --cpus-per-task=$OMP_NUM_THREADS ./960x1.out
rm 960x1.out
Timing Loader_qmp2_from_file:: loader :CPU: 0 ms ; Wall: 0 ms
Timings AoToMo CGTO: CPU: 3407 ms ; Wall: 3527 ms
    -- Loading in: CPU: 2695 ms ; Wall: 2707 ms
    -- Distribute Batch: CPU: 211 ms ; Wall: 314 ms
    -- Tranforming Batch: CPU: 11 ms ; Wall: 10 ms
    -- Distribute Batch Results: CPU: 415 ms ; Wall: 416 ms

Timings AoToMo Coulomb Integral: CPU: 783446 ms ; Wall: 786771 ms
    -- Loading in: CPU: 631280 ms ; Wall: 633996 ms
    -- Distribute Batch: CPU: 3549 ms ; Wall: 3564 ms
    -- Transforming Batch: CPU: 60269 ms ; Wall: 60529 ms
    -- Distribute Batch Results: CPU: 88216 ms ; Wall: 88544 ms

Timing Vault_qmp2:: vault : CPU: 789456 ms ; Wall: 792938 ms
Timing Do_qmp2:: qmp2 : CPU: 72148 ms ; Wall: 72436 ms
 ______________________________________________________________________________ 
|                                                                              |
|                  ** Quadrature Calculation through libqqc **                 |
|                                                                              |
|++++++++++++++++++++++++++++++++++++++++++++++++++++++++++++++++++++++++++++++|
| * Author(s): Benjamin Thomitzni                                              |
|++++++++++++++++++++++++++++++++++++++++++++++++++++++++++++++++++++++++++++++|
|                               Programm Details                               |
|------------------------------------------------------------------------------|
| * library vers.      v0.1                                                    |
|     -- Loader vers.  v0.1                                                    |
|     -- Vault vers.   v0.1                                                    |
|     -- Do_qmp2 vers. v0.1                                                    |
|------------------------------------------------------------------------------|
| * OpenMP enabled                                                             |
|     -- threads:   1                                                          |
| * MPI enabled                                                                |
|     -- processes: 960                                                        |
|++++++++++++++++++++++++++++++++++++++++++++++++++++++++++++++++++++++++++++++|
|                              Calculation Details                             |
|------------------------------------------------------------------------------|
| * Method:             Q-MP(2)                                                |
|------------------------------------------------------------------------------|
| * grid points (3D):   28880                                                  |
| * grid points (1D):   4                                                      |
|------------------------------------------------------------------------------|
| * atomic orbitals:    244                                                    |
| * molecular orbitals: 244                                                    |
|     -- occupied:      81                                                     |
|     -- virtual:       163                                                    |
|------------------------------------------------------------------------------|
|                                    Results                                   |
|------------------------------------------------------------------------------|
| * Ground State Energy Correction (eV): -2.27356                              |
|++++++++++++++++++++++++++++++++++++++++++++++++++++++++++++++++++++++++++++++|
|                              Calculation Timings                             |
|------------------------------------------------------------------------------|
| Timing Qmp2_energy::compute : CPU: 70391 ms ; Wall: 70676 ms                 |
|     -- Setting up calculation: CPU: 334 ms ; Wall: 335 ms                    |
|     -- Calc. Batch 1/2: CPU: 20 ms ; Wall: 19 ms                             |
|     -- Calc. Batch 2/2: CPU: 70037 ms ; Wall: 70320 ms                       |
| Gather result fr. nodes : CPU: 1727 ms ; Wall: 1729 ms                       |
|------------------------------------------------------------------------------|
|             if no timings are printed, choose higher print level             |
|______________________________________________________________________________|

