/home/hd/hd_hd/hd_tb381/workspace/libqqc/runs/w_eigen/scan_mpionly
n1705
Do 7. Apr 16:27:09 CEST 2022
#!/bin/bash
#SBATCH -J libqqc_mpionly_576x1
#SBATCH -n576 --cpus-per-task=1 -t12:00:00
#SBATCH --mem=200G
#SBATCH --job-name=libqqc_mpionly_576x1
#SBATCH --output=libqqc_mpionly_576x1_por-%j.out
#SBATCH --error=libqqc_mpionly_576x1_por-%j.err
pwd; hostname; date
cat run_576x1.sh
module load compiler/gnu
module load mpi/openmpi
cd ../../../host_example/.
mpic++ -fopenmp -O3 -ffast-math -march=native main_mpi.cpp ../lib/libqqc.a -o 576x1.out
OMP_NUM_THREADS=1 srun --cpus-per-task=$OMP_NUM_THREADS ./576x1.out
rm 576x1.out
Timing Loader_qmp2_from_file:: loader :CPU: 0 ms ; Wall: 0 ms
Timings AoToMo CGTO: CPU: 3251 ms ; Wall: 3339 ms
    -- Loading in: CPU: 2716 ms ; Wall: 2727 ms
    -- Distribute Batch: CPU: 139 ms ; Wall: 212 ms
    -- Tranforming Batch: CPU: 13 ms ; Wall: 12 ms
    -- Distribute Batch Results: CPU: 314 ms ; Wall: 315 ms

Timings AoToMo Coulomb Integral: CPU: 813797 ms ; Wall: 816894 ms
    -- Loading in: CPU: 635421 ms ; Wall: 637879 ms
    -- Distribute Batch: CPU: 3512 ms ; Wall: 3525 ms
    -- Transforming Batch: CPU: 71181 ms ; Wall: 71448 ms
    -- Distribute Batch Results: CPU: 103550 ms ; Wall: 103905 ms

Timing Vault_qmp2:: vault : CPU: 819631 ms ; Wall: 822852 ms
Timing Do_qmp2:: qmp2 : CPU: 119165 ms ; Wall: 119616 ms
 ______________________________________________________________________________ 
|                                                                              |
|                  ** Quadrature Calculation through libqqc **                 |
|                                                                              |
|++++++++++++++++++++++++++++++++++++++++++++++++++++++++++++++++++++++++++++++|
| * Author(s): Benjamin Thomitzni                                              |
|++++++++++++++++++++++++++++++++++++++++++++++++++++++++++++++++++++++++++++++|
|                               Programm Details                               |
|------------------------------------------------------------------------------|
| * library vers.      v0.1                                                    |
|     -- Loader vers.  v0.1                                                    |
|     -- Vault vers.   v0.1                                                    |
|     -- Do_qmp2 vers. v0.1                                                    |
|------------------------------------------------------------------------------|
| * OpenMP enabled                                                             |
|     -- threads:   1                                                          |
| * MPI enabled                                                                |
|     -- processes: 576                                                        |
|++++++++++++++++++++++++++++++++++++++++++++++++++++++++++++++++++++++++++++++|
|                              Calculation Details                             |
|------------------------------------------------------------------------------|
| * Method:             Q-MP(2)                                                |
|------------------------------------------------------------------------------|
| * grid points (3D):   28880                                                  |
| * grid points (1D):   4                                                      |
|------------------------------------------------------------------------------|
| * atomic orbitals:    244                                                    |
| * molecular orbitals: 244                                                    |
|     -- occupied:      81                                                     |
|     -- virtual:       163                                                    |
|------------------------------------------------------------------------------|
|                                    Results                                   |
|------------------------------------------------------------------------------|
| * Ground State Energy Correction (eV): -2.27356                              |
|++++++++++++++++++++++++++++++++++++++++++++++++++++++++++++++++++++++++++++++|
|                              Calculation Timings                             |
|------------------------------------------------------------------------------|
| Timing Qmp2_energy::compute : CPU: 117318 ms ; Wall: 117763 ms               |
|     -- Setting up calculation: CPU: 338 ms ; Wall: 339 ms                    |
|     -- Calc. Batch 1/2: CPU: 42 ms ; Wall: 42 ms                             |
|     -- Calc. Batch 2/2: CPU: 116938 ms ; Wall: 117381 ms                     |
| Gather result fr. nodes : CPU: 1811 ms ; Wall: 1816 ms                       |
|------------------------------------------------------------------------------|
|             if no timings are printed, choose higher print level             |
|______________________________________________________________________________|

