/home/hd/hd_hd/hd_tb381/workspace/libqqc/runs/w_eigen/scan_mpionly
n1602
Do 7. Apr 17:22:15 CEST 2022
#!/bin/bash
#SBATCH -J libqqc_mpionly_864x1
#SBATCH -n864 --cpus-per-task=1 -t12:00:00
#SBATCH --mem=200G
#SBATCH --job-name=libqqc_mpionly_864x1
#SBATCH --output=libqqc_mpionly_864x1_por-%j.out
#SBATCH --error=libqqc_mpionly_864x1_por-%j.err
pwd; hostname; date
cat run_864x1.sh
module load compiler/gnu
module load mpi/openmpi
cd ../../../host_example/.
mpic++ -fopenmp -O3 -ffast-math -march=native main_mpi.cpp ../lib/libqqc.a -o 864x1.out
OMP_NUM_THREADS=1 srun --cpus-per-task=$OMP_NUM_THREADS ./864x1.out
rm 864x1.out
Timing Loader_qmp2_from_file:: loader :CPU: 0 ms ; Wall: 0 ms
Timings AoToMo CGTO: CPU: 3470 ms ; Wall: 3597 ms
    -- Loading in: CPU: 2738 ms ; Wall: 2748 ms
    -- Distribute Batch: CPU: 200 ms ; Wall: 314 ms
    -- Tranforming Batch: CPU: 38 ms ; Wall: 38 ms
    -- Distribute Batch Results: CPU: 420 ms ; Wall: 421 ms

Timings AoToMo Coulomb Integral: CPU: 949603 ms ; Wall: 953349 ms
    -- Loading in: CPU: 636592 ms ; Wall: 639142 ms
    -- Distribute Batch: CPU: 3476 ms ; Wall: 3490 ms
    -- Transforming Batch: CPU: 217143 ms ; Wall: 218011 ms
    -- Distribute Batch Results: CPU: 92215 ms ; Wall: 92524 ms

Timing Vault_qmp2:: vault : CPU: 955694 ms ; Wall: 959602 ms
Timing Do_qmp2:: qmp2 : CPU: 80897 ms ; Wall: 81204 ms
 ______________________________________________________________________________ 
|                                                                              |
|                  ** Quadrature Calculation through libqqc **                 |
|                                                                              |
|++++++++++++++++++++++++++++++++++++++++++++++++++++++++++++++++++++++++++++++|
| * Author(s): Benjamin Thomitzni                                              |
|++++++++++++++++++++++++++++++++++++++++++++++++++++++++++++++++++++++++++++++|
|                               Programm Details                               |
|------------------------------------------------------------------------------|
| * library vers.      v0.1                                                    |
|     -- Loader vers.  v0.1                                                    |
|     -- Vault vers.   v0.1                                                    |
|     -- Do_qmp2 vers. v0.1                                                    |
|------------------------------------------------------------------------------|
| * OpenMP enabled                                                             |
|     -- threads:   1                                                          |
| * MPI enabled                                                                |
|     -- processes: 864                                                        |
|++++++++++++++++++++++++++++++++++++++++++++++++++++++++++++++++++++++++++++++|
|                              Calculation Details                             |
|------------------------------------------------------------------------------|
| * Method:             Q-MP(2)                                                |
|------------------------------------------------------------------------------|
| * grid points (3D):   28880                                                  |
| * grid points (1D):   4                                                      |
|------------------------------------------------------------------------------|
| * atomic orbitals:    244                                                    |
| * molecular orbitals: 244                                                    |
|     -- occupied:      81                                                     |
|     -- virtual:       163                                                    |
|------------------------------------------------------------------------------|
|                                    Results                                   |
|------------------------------------------------------------------------------|
| * Ground State Energy Correction (eV): -2.27356                              |
|++++++++++++++++++++++++++++++++++++++++++++++++++++++++++++++++++++++++++++++|
|                              Calculation Timings                             |
|------------------------------------------------------------------------------|
| Timing Qmp2_energy::compute : CPU: 75588 ms ; Wall: 75887 ms                 |
|     -- Setting up calculation: CPU: 690 ms ; Wall: 695 ms                    |
|     -- Calc. Batch 1/2: CPU: 51 ms ; Wall: 51 ms                             |
|     -- Calc. Batch 2/2: CPU: 74847 ms ; Wall: 75140 ms                       |
| Gather result fr. nodes : CPU: 5276 ms ; Wall: 5284 ms                       |
|------------------------------------------------------------------------------|
|             if no timings are printed, choose higher print level             |
|______________________________________________________________________________|

