/home/hd/hd_hd/hd_tb381/workspace/libqqc/runs/w_eigen/scan_mpionly
n1801
Do 7. Apr 16:09:45 CEST 2022
#!/bin/bash
#SBATCH -J libqqc_mpionly_432x1
#SBATCH -n432 --cpus-per-task=1 -t12:00:00
#SBATCH --mem=200G
#SBATCH --job-name=libqqc_mpionly_432x1
#SBATCH --output=libqqc_mpionly_432x1_por-%j.out
#SBATCH --error=libqqc_mpionly_432x1_por-%j.err
pwd; hostname; date
cat run_432x1.sh
module load compiler/gnu
module load mpi/openmpi
cd ../../../host_example/.
mpic++ -fopenmp -O3 -ffast-math -march=native main_mpi.cpp ../lib/libqqc.a -o 432x1.out
OMP_NUM_THREADS=1 srun --cpus-per-task=$OMP_NUM_THREADS ./432x1.out
rm 432x1.out
Timing Loader_qmp2_from_file:: loader :CPU: 0 ms ; Wall: 0 ms
Timings AoToMo CGTO: CPU: 3229 ms ; Wall: 3294 ms
    -- Loading in: CPU: 2705 ms ; Wall: 2715 ms
    -- Distribute Batch: CPU: 111 ms ; Wall: 164 ms
    -- Tranforming Batch: CPU: 41 ms ; Wall: 41 ms
    -- Distribute Batch Results: CPU: 304 ms ; Wall: 305 ms

Timings AoToMo Coulomb Integral: CPU: 966594 ms ; Wall: 969981 ms
    -- Loading in: CPU: 628291 ms ; Wall: 630498 ms
    -- Distribute Batch: CPU: 3452 ms ; Wall: 3463 ms
    -- Transforming Batch: CPU: 232656 ms ; Wall: 233471 ms
    -- Distribute Batch Results: CPU: 102032 ms ; Wall: 102381 ms

Timing Vault_qmp2:: vault : CPU: 972394 ms ; Wall: 975879 ms
Timing Do_qmp2:: qmp2 : CPU: 158260 ms ; Wall: 158888 ms
 ______________________________________________________________________________ 
|                                                                              |
|                  ** Quadrature Calculation through libqqc **                 |
|                                                                              |
|++++++++++++++++++++++++++++++++++++++++++++++++++++++++++++++++++++++++++++++|
| * Author(s): Benjamin Thomitzni                                              |
|++++++++++++++++++++++++++++++++++++++++++++++++++++++++++++++++++++++++++++++|
|                               Programm Details                               |
|------------------------------------------------------------------------------|
| * library vers.      v0.1                                                    |
|     -- Loader vers.  v0.1                                                    |
|     -- Vault vers.   v0.1                                                    |
|     -- Do_qmp2 vers. v0.1                                                    |
|------------------------------------------------------------------------------|
| * OpenMP enabled                                                             |
|     -- threads:   1                                                          |
| * MPI enabled                                                                |
|     -- processes: 432                                                        |
|++++++++++++++++++++++++++++++++++++++++++++++++++++++++++++++++++++++++++++++|
|                              Calculation Details                             |
|------------------------------------------------------------------------------|
| * Method:             Q-MP(2)                                                |
|------------------------------------------------------------------------------|
| * grid points (3D):   28880                                                  |
| * grid points (1D):   4                                                      |
|------------------------------------------------------------------------------|
| * atomic orbitals:    244                                                    |
| * molecular orbitals: 244                                                    |
|     -- occupied:      81                                                     |
|     -- virtual:       163                                                    |
|------------------------------------------------------------------------------|
|                                    Results                                   |
|------------------------------------------------------------------------------|
| * Ground State Energy Correction (eV): -2.27356                              |
|++++++++++++++++++++++++++++++++++++++++++++++++++++++++++++++++++++++++++++++|
|                              Calculation Timings                             |
|------------------------------------------------------------------------------|
| Timing Qmp2_energy::compute : CPU: 152370 ms ; Wall: 152986 ms               |
|     -- Setting up calculation: CPU: 290 ms ; Wall: 290 ms                    |
|     -- Calc. Batch 1/2: CPU: 68 ms ; Wall: 68 ms                             |
|     -- Calc. Batch 2/2: CPU: 152012 ms ; Wall: 152627 ms                     |
| Gather result fr. nodes : CPU: 5860 ms ; Wall: 5870 ms                       |
|------------------------------------------------------------------------------|
|             if no timings are printed, choose higher print level             |
|______________________________________________________________________________|

