/home/hd/hd_hd/hd_tb381/workspace/libqqc/runs/w_eigen/scan_mpionly
n1514
Do 7. Apr 15:49:40 CEST 2022
#!/bin/bash
#SBATCH -J libqqc_mpionly_144x1
#SBATCH -n144 --cpus-per-task=1 -t12:00:00
#SBATCH --mem=200G
#SBATCH --job-name=libqqc_mpionly_144x1
#SBATCH --output=libqqc_mpionly_144x1_por-%j.out
#SBATCH --error=libqqc_mpionly_144x1_por-%j.err
pwd; hostname; date
cat run_144x1.sh
module load compiler/gnu
module load mpi/openmpi
cd ../../../host_example/.
mpic++ -fopenmp -O3 -ffast-math -march=native main_mpi.cpp ../lib/libqqc.a -o 144x1.out
OMP_NUM_THREADS=1 srun --cpus-per-task=$OMP_NUM_THREADS ./144x1.out
rm 144x1.out
Timing Loader_qmp2_from_file:: loader :CPU: 0 ms ; Wall: 0 ms
Timings AoToMo CGTO: CPU: 3100 ms ; Wall: 3129 ms
    -- Loading in: CPU: 2778 ms ; Wall: 2792 ms
    -- Distribute Batch: CPU: 50 ms ; Wall: 63 ms
    -- Tranforming Batch: CPU: 27 ms ; Wall: 26 ms
    -- Distribute Batch Results: CPU: 180 ms ; Wall: 180 ms

Timings AoToMo Coulomb Integral: CPU: 900658 ms ; Wall: 904319 ms
    -- Loading in: CPU: 644400 ms ; Wall: 647011 ms
    -- Distribute Batch: CPU: 4111 ms ; Wall: 4127 ms
    -- Transforming Batch: CPU: 151657 ms ; Wall: 152295 ms
    -- Distribute Batch Results: CPU: 100337 ms ; Wall: 100729 ms

Timing Vault_qmp2:: vault : CPU: 906333 ms ; Wall: 910060 ms
Timing Do_qmp2:: qmp2 : CPU: 470556 ms ; Wall: 472461 ms
 ______________________________________________________________________________ 
|                                                                              |
|                  ** Quadrature Calculation through libqqc **                 |
|                                                                              |
|++++++++++++++++++++++++++++++++++++++++++++++++++++++++++++++++++++++++++++++|
| * Author(s): Benjamin Thomitzni                                              |
|++++++++++++++++++++++++++++++++++++++++++++++++++++++++++++++++++++++++++++++|
|                               Programm Details                               |
|------------------------------------------------------------------------------|
| * library vers.      v0.1                                                    |
|     -- Loader vers.  v0.1                                                    |
|     -- Vault vers.   v0.1                                                    |
|     -- Do_qmp2 vers. v0.1                                                    |
|------------------------------------------------------------------------------|
| * OpenMP enabled                                                             |
|     -- threads:   1                                                          |
| * MPI enabled                                                                |
|     -- processes: 144                                                        |
|++++++++++++++++++++++++++++++++++++++++++++++++++++++++++++++++++++++++++++++|
|                              Calculation Details                             |
|------------------------------------------------------------------------------|
| * Method:             Q-MP(2)                                                |
|------------------------------------------------------------------------------|
| * grid points (3D):   28880                                                  |
| * grid points (1D):   4                                                      |
|------------------------------------------------------------------------------|
| * atomic orbitals:    244                                                    |
| * molecular orbitals: 244                                                    |
|     -- occupied:      81                                                     |
|     -- virtual:       163                                                    |
|------------------------------------------------------------------------------|
|                                    Results                                   |
|------------------------------------------------------------------------------|
| * Ground State Energy Correction (eV): -2.27356                              |
|++++++++++++++++++++++++++++++++++++++++++++++++++++++++++++++++++++++++++++++|
|                              Calculation Timings                             |
|------------------------------------------------------------------------------|
| Timing Qmp2_energy::compute : CPU: 459237 ms ; Wall: 461111 ms               |
|     -- Setting up calculation: CPU: 300 ms ; Wall: 300 ms                    |
|     -- Calc. Batch 1/2: CPU: 561 ms ; Wall: 563 ms                           |
|     -- Calc. Batch 2/2: CPU: 458376 ms ; Wall: 460247 ms                     |
| Gather result fr. nodes : CPU: 11288 ms ; Wall: 11319 ms                     |
|------------------------------------------------------------------------------|
|             if no timings are printed, choose higher print level             |
|______________________________________________________________________________|

