/home/hd/hd_hd/hd_tb381/workspace/libqqc/runs/w_eigen/scan_mpionly
n1429
Do 7. Apr 15:49:07 CEST 2022
#!/bin/bash
#SBATCH -J libqqc_mpionly_16x1
#SBATCH -n16 --cpus-per-task=1 -t12:00:00
#SBATCH --mem=200G
#SBATCH --job-name=libqqc_mpionly_16x1
#SBATCH --output=libqqc_mpionly_16x1_por-%j.out
#SBATCH --error=libqqc_mpionly_16x1_por-%j.err
pwd; hostname; date
cat run_16x1.sh
module load compiler/gnu
module load mpi/openmpi
cd ../../../host_example/.
mpic++ -fopenmp -O3 -ffast-math -march=native main_mpi.cpp ../lib/libqqc.a -o 16x1.out
OMP_NUM_THREADS=1 srun --cpus-per-task=$OMP_NUM_THREADS ./16x1.out
rm 16x1.out
Timing Loader_qmp2_from_file:: loader :CPU: 0 ms ; Wall: 0 ms
Timings AoToMo CGTO: CPU: 2630 ms ; Wall: 2641 ms
    -- Loading in: CPU: 2273 ms ; Wall: 2282 ms
    -- Distribute Batch: CPU: 24 ms ; Wall: 24 ms
    -- Tranforming Batch: CPU: 138 ms ; Wall: 138 ms
    -- Distribute Batch Results: CPU: 140 ms ; Wall: 140 ms

Timings AoToMo Coulomb Integral: CPU: 1330943 ms ; Wall: 1333934 ms
    -- Loading in: CPU: 525095 ms ; Wall: 526283 ms
    -- Distribute Batch: CPU: 5089 ms ; Wall: 5099 ms
    -- Transforming Batch: CPU: 796372 ms ; Wall: 798151 ms
    -- Distribute Batch Results: CPU: 4032 ms ; Wall: 4042 ms

Timing Vault_qmp2:: vault : CPU: 1335677 ms ; Wall: 1338693 ms
Timing Do_qmp2:: qmp2 : CPU: 3334587 ms ; Wall: 3343890 ms
 ______________________________________________________________________________ 
|                                                                              |
|                  ** Quadrature Calculation through libqqc **                 |
|                                                                              |
|++++++++++++++++++++++++++++++++++++++++++++++++++++++++++++++++++++++++++++++|
| * Author(s): Benjamin Thomitzni                                              |
|++++++++++++++++++++++++++++++++++++++++++++++++++++++++++++++++++++++++++++++|
|                               Programm Details                               |
|------------------------------------------------------------------------------|
| * library vers.      v0.1                                                    |
|     -- Loader vers.  v0.1                                                    |
|     -- Vault vers.   v0.1                                                    |
|     -- Do_qmp2 vers. v0.1                                                    |
|------------------------------------------------------------------------------|
| * OpenMP enabled                                                             |
|     -- threads:   1                                                          |
| * MPI enabled                                                                |
|     -- processes: 16                                                         |
|++++++++++++++++++++++++++++++++++++++++++++++++++++++++++++++++++++++++++++++|
|                              Calculation Details                             |
|------------------------------------------------------------------------------|
| * Method:             Q-MP(2)                                                |
|------------------------------------------------------------------------------|
| * grid points (3D):   28880                                                  |
| * grid points (1D):   4                                                      |
|------------------------------------------------------------------------------|
| * atomic orbitals:    244                                                    |
| * molecular orbitals: 244                                                    |
|     -- occupied:      81                                                     |
|     -- virtual:       163                                                    |
|------------------------------------------------------------------------------|
|                                    Results                                   |
|------------------------------------------------------------------------------|
| * Ground State Energy Correction (eV): -2.27356                              |
|++++++++++++++++++++++++++++++++++++++++++++++++++++++++++++++++++++++++++++++|
|                              Calculation Timings                             |
|------------------------------------------------------------------------------|
| Timing Qmp2_energy::compute : CPU: 3334551 ms ; Wall: 3343835 ms             |
|     -- Setting up calculation: CPU: 751 ms ; Wall: 753 ms                    |
|     -- Calc. Batch 1/2: CPU: 54140 ms ; Wall: 54287 ms                       |
|     -- Calc. Batch 2/2: CPU: 3279661 ms ; Wall: 3288794 ms                   |
| Gather result fr. nodes : CPU: 0 ms ; Wall: 1 ms                             |
|------------------------------------------------------------------------------|
|             if no timings are printed, choose higher print level             |
|______________________________________________________________________________|

