/home/hd/hd_hd/hd_tb381/workspace/libqqc/runs/w_eigen/scan_mpionly
n1424
Do 7. Apr 15:49:07 CEST 2022
#!/bin/bash
#SBATCH -J libqqc_mpionly_8x1
#SBATCH -n8 --cpus-per-task=1 -t12:00:00
#SBATCH --mem=200G
#SBATCH --job-name=libqqc_mpionly_8x1
#SBATCH --output=libqqc_mpionly_8x1_por-%j.out
#SBATCH --error=libqqc_mpionly_8x1_por-%j.err
pwd; hostname; date
cat run_8x1.sh
module load compiler/gnu
module load mpi/openmpi
cd ../../../host_example/.
mpic++ -fopenmp -O3 -ffast-math -march=native main_mpi.cpp ../lib/libqqc.a -o 8x1.out
OMP_NUM_THREADS=1 srun --cpus-per-task=$OMP_NUM_THREADS ./8x1.out
rm 8x1.out
Timing Loader_qmp2_from_file:: loader :CPU: 0 ms ; Wall: 0 ms
Timings AoToMo CGTO: CPU: 2634 ms ; Wall: 2645 ms
    -- Loading in: CPU: 2230 ms ; Wall: 2238 ms
    -- Distribute Batch: CPU: 20 ms ; Wall: 19 ms
    -- Tranforming Batch: CPU: 271 ms ; Wall: 271 ms
    -- Distribute Batch Results: CPU: 61 ms ; Wall: 60 ms

Timings AoToMo Coulomb Integral: CPU: 2084869 ms ; Wall: 2088913 ms
    -- Loading in: CPU: 514289 ms ; Wall: 515273 ms
    -- Distribute Batch: CPU: 4776 ms ; Wall: 4784 ms
    -- Transforming Batch: CPU: 1561482 ms ; Wall: 1564520 ms
    -- Distribute Batch Results: CPU: 3712 ms ; Wall: 3720 ms

Timing Vault_qmp2:: vault : CPU: 2089565 ms ; Wall: 2093637 ms
Timing Do_qmp2:: qmp2 : CPU: 6276398 ms ; Wall: 6292444 ms
 ______________________________________________________________________________ 
|                                                                              |
|                  ** Quadrature Calculation through libqqc **                 |
|                                                                              |
|++++++++++++++++++++++++++++++++++++++++++++++++++++++++++++++++++++++++++++++|
| * Author(s): Benjamin Thomitzni                                              |
|++++++++++++++++++++++++++++++++++++++++++++++++++++++++++++++++++++++++++++++|
|                               Programm Details                               |
|------------------------------------------------------------------------------|
| * library vers.      v0.1                                                    |
|     -- Loader vers.  v0.1                                                    |
|     -- Vault vers.   v0.1                                                    |
|     -- Do_qmp2 vers. v0.1                                                    |
|------------------------------------------------------------------------------|
| * OpenMP enabled                                                             |
|     -- threads:   1                                                          |
| * MPI enabled                                                                |
|     -- processes: 8                                                          |
|++++++++++++++++++++++++++++++++++++++++++++++++++++++++++++++++++++++++++++++|
|                              Calculation Details                             |
|------------------------------------------------------------------------------|
| * Method:             Q-MP(2)                                                |
|------------------------------------------------------------------------------|
| * grid points (3D):   28880                                                  |
| * grid points (1D):   4                                                      |
|------------------------------------------------------------------------------|
| * atomic orbitals:    244                                                    |
| * molecular orbitals: 244                                                    |
|     -- occupied:      81                                                     |
|     -- virtual:       163                                                    |
|------------------------------------------------------------------------------|
|                                    Results                                   |
|------------------------------------------------------------------------------|
| * Ground State Energy Correction (eV): -2.27356                              |
|++++++++++++++++++++++++++++++++++++++++++++++++++++++++++++++++++++++++++++++|
|                              Calculation Timings                             |
|------------------------------------------------------------------------------|
| Timing Qmp2_energy::compute : CPU: 6276368 ms ; Wall: 6292395 ms             |
|     -- Setting up calculation: CPU: 469 ms ; Wall: 469 ms                    |
|     -- Calc. Batch 1/2: CPU: 198021 ms ; Wall: 198495 ms                     |
|     -- Calc. Batch 2/2: CPU: 6077878 ms ; Wall: 6093430 ms                   |
| Gather result fr. nodes : CPU: 0 ms ; Wall: 0 ms                             |
|------------------------------------------------------------------------------|
|             if no timings are printed, choose higher print level             |
|______________________________________________________________________________|

