/home/hd/hd_hd/hd_tb381/workspace/libqqc/runs/w_eigen/scan_mpionly
n1401
Do 7. Apr 15:48:48 CEST 2022
#!/bin/bash
#SBATCH -J libqqc_mpionly_4x1
#SBATCH -n4 --cpus-per-task=1 -t12:00:00
#SBATCH --mem=200G
#SBATCH --job-name=libqqc_mpionly_4x1
#SBATCH --output=libqqc_mpionly_4x1_por-%j.out
#SBATCH --error=libqqc_mpionly_4x1_por-%j.err
pwd; hostname; date
cat run_4x1.sh
module load compiler/gnu
module load mpi/openmpi
cd ../../../host_example/.
mpic++ -fopenmp -O3 -ffast-math -march=native main_mpi.cpp ../lib/libqqc.a -o 4x1.out
OMP_NUM_THREADS=1 srun --cpus-per-task=$OMP_NUM_THREADS ./4x1.out
rm 4x1.out
Timing Loader_qmp2_from_file:: loader :CPU: 0 ms ; Wall: 0 ms
Timings AoToMo CGTO: CPU: 2794 ms ; Wall: 2899 ms
    -- Loading in: CPU: 2153 ms ; Wall: 2255 ms
    -- Distribute Batch: CPU: 15 ms ; Wall: 15 ms
    -- Tranforming Batch: CPU: 526 ms ; Wall: 527 ms
    -- Distribute Batch Results: CPU: 48 ms ; Wall: 48 ms

Timings AoToMo Coulomb Integral: CPU: 3482291 ms ; Wall: 3488406 ms
    -- Loading in: CPU: 491209 ms ; Wall: 492229 ms
    -- Distribute Batch: CPU: 4417 ms ; Wall: 4424 ms
    -- Transforming Batch: CPU: 2982617 ms ; Wall: 2987691 ms
    -- Distribute Batch Results: CPU: 2911 ms ; Wall: 2918 ms

Timing Vault_qmp2:: vault : CPU: 3487084 ms ; Wall: 3493588 ms
Timing Do_qmp2:: qmp2 : CPU: 12012486 ms ; Wall: 12045038 ms
 ______________________________________________________________________________ 
|                                                                              |
|                  ** Quadrature Calculation through libqqc **                 |
|                                                                              |
|++++++++++++++++++++++++++++++++++++++++++++++++++++++++++++++++++++++++++++++|
| * Author(s): Benjamin Thomitzni                                              |
|++++++++++++++++++++++++++++++++++++++++++++++++++++++++++++++++++++++++++++++|
|                               Programm Details                               |
|------------------------------------------------------------------------------|
| * library vers.      v0.1                                                    |
|     -- Loader vers.  v0.1                                                    |
|     -- Vault vers.   v0.1                                                    |
|     -- Do_qmp2 vers. v0.1                                                    |
|------------------------------------------------------------------------------|
| * OpenMP enabled                                                             |
|     -- threads:   1                                                          |
| * MPI enabled                                                                |
|     -- processes: 4                                                          |
|++++++++++++++++++++++++++++++++++++++++++++++++++++++++++++++++++++++++++++++|
|                              Calculation Details                             |
|------------------------------------------------------------------------------|
| * Method:             Q-MP(2)                                                |
|------------------------------------------------------------------------------|
| * grid points (3D):   28880                                                  |
| * grid points (1D):   4                                                      |
|------------------------------------------------------------------------------|
| * atomic orbitals:    244                                                    |
| * molecular orbitals: 244                                                    |
|     -- occupied:      81                                                     |
|     -- virtual:       163                                                    |
|------------------------------------------------------------------------------|
|                                    Results                                   |
|------------------------------------------------------------------------------|
| * Ground State Energy Correction (eV): -2.27356                              |
|++++++++++++++++++++++++++++++++++++++++++++++++++++++++++++++++++++++++++++++|
|                              Calculation Timings                             |
|------------------------------------------------------------------------------|
| Timing Qmp2_energy::compute : CPU: 12012458 ms ; Wall: 12044987 ms           |
|     -- Setting up calculation: CPU: 387 ms ; Wall: 388 ms                    |
|     -- Calc. Batch 1/2: CPU: 727091 ms ; Wall: 729001 ms                     |
|     -- Calc. Batch 2/2: CPU: 11284979 ms ; Wall: 11315597 ms                 |
| Gather result fr. nodes : CPU: 0 ms ; Wall: 1 ms                             |
|------------------------------------------------------------------------------|
|             if no timings are printed, choose higher print level             |
|______________________________________________________________________________|

