/home/hd/hd_hd/hd_tb381/workspace/libqqc/runs/w_eigen/scan_mpionly
n1807
Do 7. Apr 15:50:13 CEST 2022
#!/bin/bash
#SBATCH -J libqqc_mpionly_288x1
#SBATCH -n288 --cpus-per-task=1 -t12:00:00
#SBATCH --mem=200G
#SBATCH --job-name=libqqc_mpionly_288x1
#SBATCH --output=libqqc_mpionly_288x1_por-%j.out
#SBATCH --error=libqqc_mpionly_288x1_por-%j.err
pwd; hostname; date
cat run_288x1.sh
module load compiler/gnu
module load mpi/openmpi
cd ../../../host_example/.
mpic++ -fopenmp -O3 -ffast-math -march=native main_mpi.cpp ../lib/libqqc.a -o 288x1.out
OMP_NUM_THREADS=1 srun --cpus-per-task=$OMP_NUM_THREADS ./288x1.out
rm 288x1.out
Timing Loader_qmp2_from_file:: loader :CPU: 0 ms ; Wall: 0 ms
Timings AoToMo CGTO: CPU: 3147 ms ; Wall: 3188 ms
    -- Loading in: CPU: 2730 ms ; Wall: 2743 ms
    -- Distribute Batch: CPU: 77 ms ; Wall: 100 ms
    -- Tranforming Batch: CPU: 17 ms ; Wall: 17 ms
    -- Distribute Batch Results: CPU: 257 ms ; Wall: 259 ms

Timings AoToMo Coulomb Integral: CPU: 843762 ms ; Wall: 846712 ms
    -- Loading in: CPU: 633077 ms ; Wall: 635305 ms
    -- Distribute Batch: CPU: 3691 ms ; Wall: 3702 ms
    -- Transforming Batch: CPU: 96988 ms ; Wall: 97341 ms
    -- Distribute Batch Results: CPU: 109869 ms ; Wall: 110222 ms

Timing Vault_qmp2:: vault : CPU: 849477 ms ; Wall: 852505 ms
Timing Do_qmp2:: qmp2 : CPU: 235700 ms ; Wall: 236603 ms
 ______________________________________________________________________________ 
|                                                                              |
|                  ** Quadrature Calculation through libqqc **                 |
|                                                                              |
|++++++++++++++++++++++++++++++++++++++++++++++++++++++++++++++++++++++++++++++|
| * Author(s): Benjamin Thomitzni                                              |
|++++++++++++++++++++++++++++++++++++++++++++++++++++++++++++++++++++++++++++++|
|                               Programm Details                               |
|------------------------------------------------------------------------------|
| * library vers.      v0.1                                                    |
|     -- Loader vers.  v0.1                                                    |
|     -- Vault vers.   v0.1                                                    |
|     -- Do_qmp2 vers. v0.1                                                    |
|------------------------------------------------------------------------------|
| * OpenMP enabled                                                             |
|     -- threads:   1                                                          |
| * MPI enabled                                                                |
|     -- processes: 288                                                        |
|++++++++++++++++++++++++++++++++++++++++++++++++++++++++++++++++++++++++++++++|
|                              Calculation Details                             |
|------------------------------------------------------------------------------|
| * Method:             Q-MP(2)                                                |
|------------------------------------------------------------------------------|
| * grid points (3D):   28880                                                  |
| * grid points (1D):   4                                                      |
|------------------------------------------------------------------------------|
| * atomic orbitals:    244                                                    |
| * molecular orbitals: 244                                                    |
|     -- occupied:      81                                                     |
|     -- virtual:       163                                                    |
|------------------------------------------------------------------------------|
|                                    Results                                   |
|------------------------------------------------------------------------------|
| * Ground State Energy Correction (eV): -2.27356                              |
|++++++++++++++++++++++++++++++++++++++++++++++++++++++++++++++++++++++++++++++|
|                              Calculation Timings                             |
|------------------------------------------------------------------------------|
| Timing Qmp2_energy::compute : CPU: 229943 ms ; Wall: 230836 ms               |
|     -- Setting up calculation: CPU: 308 ms ; Wall: 309 ms                    |
|     -- Calc. Batch 1/2: CPU: 153 ms ; Wall: 153 ms                           |
|     -- Calc. Batch 2/2: CPU: 229482 ms ; Wall: 230373 ms                     |
| Gather result fr. nodes : CPU: 5722 ms ; Wall: 5732 ms                       |
|------------------------------------------------------------------------------|
|             if no timings are printed, choose higher print level             |
|______________________________________________________________________________|

