/home/hd/hd_hd/hd_tb381/workspace/libqqc/runs/w_eigen/scan_mpionly
n1502
Do 7. Apr 15:49:40 CEST 2022
#!/bin/bash
#SBATCH -J libqqc_mpionly_96x1
#SBATCH -n96 --cpus-per-task=1 -t12:00:00
#SBATCH --mem=200G
#SBATCH --job-name=libqqc_mpionly_96x1
#SBATCH --output=libqqc_mpionly_96x1_por-%j.out
#SBATCH --error=libqqc_mpionly_96x1_por-%j.err
pwd; hostname; date
cat run_96x1.sh
module load compiler/gnu
module load mpi/openmpi
cd ../../../host_example/.
mpic++ -fopenmp -O3 -ffast-math -march=native main_mpi.cpp ../lib/libqqc.a -o 96x1.out
OMP_NUM_THREADS=1 srun --cpus-per-task=$OMP_NUM_THREADS ./96x1.out
rm 96x1.out
Timing Loader_qmp2_from_file:: loader :CPU: 0 ms ; Wall: 0 ms
Timings AoToMo CGTO: CPU: 3222 ms ; Wall: 3244 ms
    -- Loading in: CPU: 2825 ms ; Wall: 2838 ms
    -- Distribute Batch: CPU: 43 ms ; Wall: 50 ms
    -- Tranforming Batch: CPU: 36 ms ; Wall: 35 ms
    -- Distribute Batch Results: CPU: 255 ms ; Wall: 255 ms

Timings AoToMo Coulomb Integral: CPU: 871225 ms ; Wall: 874442 ms
    -- Loading in: CPU: 646823 ms ; Wall: 649166 ms
    -- Distribute Batch: CPU: 4790 ms ; Wall: 4809 ms
    -- Transforming Batch: CPU: 207682 ms ; Wall: 208488 ms
    -- Distribute Batch Results: CPU: 11757 ms ; Wall: 11803 ms

Timing Vault_qmp2:: vault : CPU: 877017 ms ; Wall: 880287 ms
Timing Do_qmp2:: qmp2 : CPU: 695110 ms ; Wall: 697836 ms
 ______________________________________________________________________________ 
|                                                                              |
|                  ** Quadrature Calculation through libqqc **                 |
|                                                                              |
|++++++++++++++++++++++++++++++++++++++++++++++++++++++++++++++++++++++++++++++|
| * Author(s): Benjamin Thomitzni                                              |
|++++++++++++++++++++++++++++++++++++++++++++++++++++++++++++++++++++++++++++++|
|                               Programm Details                               |
|------------------------------------------------------------------------------|
| * library vers.      v0.1                                                    |
|     -- Loader vers.  v0.1                                                    |
|     -- Vault vers.   v0.1                                                    |
|     -- Do_qmp2 vers. v0.1                                                    |
|------------------------------------------------------------------------------|
| * OpenMP enabled                                                             |
|     -- threads:   1                                                          |
| * MPI enabled                                                                |
|     -- processes: 96                                                         |
|++++++++++++++++++++++++++++++++++++++++++++++++++++++++++++++++++++++++++++++|
|                              Calculation Details                             |
|------------------------------------------------------------------------------|
| * Method:             Q-MP(2)                                                |
|------------------------------------------------------------------------------|
| * grid points (3D):   28880                                                  |
| * grid points (1D):   4                                                      |
|------------------------------------------------------------------------------|
| * atomic orbitals:    244                                                    |
| * molecular orbitals: 244                                                    |
|     -- occupied:      81                                                     |
|     -- virtual:       163                                                    |
|------------------------------------------------------------------------------|
|                                    Results                                   |
|------------------------------------------------------------------------------|
| * Ground State Energy Correction (eV): -2.27356                              |
|++++++++++++++++++++++++++++++++++++++++++++++++++++++++++++++++++++++++++++++|
|                              Calculation Timings                             |
|------------------------------------------------------------------------------|
| Timing Qmp2_energy::compute : CPU: 688525 ms ; Wall: 691239 ms               |
|     -- Setting up calculation: CPU: 2294 ms ; Wall: 2314 ms                  |
|     -- Calc. Batch 1/2: CPU: 1665 ms ; Wall: 1671 ms                         |
|     -- Calc. Batch 2/2: CPU: 684566 ms ; Wall: 687253 ms                     |
| Gather result fr. nodes : CPU: 6520 ms ; Wall: 6531 ms                       |
|------------------------------------------------------------------------------|
|             if no timings are printed, choose higher print level             |
|______________________________________________________________________________|

