/home/hd/hd_hd/hd_tb381/workspace/libqqc/runs/w_eigen/scan_mpionly
n1602
Do 7. Apr 16:43:31 CEST 2022
#!/bin/bash
#SBATCH -J libqqc_mpionly_672x1
#SBATCH -n672 --cpus-per-task=1 -t12:00:00
#SBATCH --mem=200G
#SBATCH --job-name=libqqc_mpionly_672x1
#SBATCH --output=libqqc_mpionly_672x1_por-%j.out
#SBATCH --error=libqqc_mpionly_672x1_por-%j.err
pwd; hostname; date
cat run_672x1.sh
module load compiler/gnu
module load mpi/openmpi
cd ../../../host_example/.
mpic++ -fopenmp -O3 -ffast-math -march=native main_mpi.cpp ../lib/libqqc.a -o 672x1.out
OMP_NUM_THREADS=1 srun --cpus-per-task=$OMP_NUM_THREADS ./672x1.out
rm 672x1.out
Timing Loader_qmp2_from_file:: loader :CPU: 0 ms ; Wall: 0 ms
Timings AoToMo CGTO: CPU: 3417 ms ; Wall: 3620 ms
    -- Loading in: CPU: 2780 ms ; Wall: 2902 ms
    -- Distribute Batch: CPU: 161 ms ; Wall: 236 ms
    -- Tranforming Batch: CPU: 68 ms ; Wall: 68 ms
    -- Distribute Batch Results: CPU: 336 ms ; Wall: 338 ms

Timings AoToMo Coulomb Integral: CPU: 1106079 ms ; Wall: 1110472 ms
    -- Loading in: CPU: 638321 ms ; Wall: 640935 ms
    -- Distribute Batch: CPU: 3459 ms ; Wall: 3472 ms
    -- Transforming Batch: CPU: 378789 ms ; Wall: 380270 ms
    -- Distribute Batch Results: CPU: 85276 ms ; Wall: 85558 ms

Timing Vault_qmp2:: vault : CPU: 1112125 ms ; Wall: 1117216 ms
Timing Do_qmp2:: qmp2 : CPU: 103318 ms ; Wall: 103714 ms
 ______________________________________________________________________________ 
|                                                                              |
|                  ** Quadrature Calculation through libqqc **                 |
|                                                                              |
|++++++++++++++++++++++++++++++++++++++++++++++++++++++++++++++++++++++++++++++|
| * Author(s): Benjamin Thomitzni                                              |
|++++++++++++++++++++++++++++++++++++++++++++++++++++++++++++++++++++++++++++++|
|                               Programm Details                               |
|------------------------------------------------------------------------------|
| * library vers.      v0.1                                                    |
|     -- Loader vers.  v0.1                                                    |
|     -- Vault vers.   v0.1                                                    |
|     -- Do_qmp2 vers. v0.1                                                    |
|------------------------------------------------------------------------------|
| * OpenMP enabled                                                             |
|     -- threads:   1                                                          |
| * MPI enabled                                                                |
|     -- processes: 672                                                        |
|++++++++++++++++++++++++++++++++++++++++++++++++++++++++++++++++++++++++++++++|
|                              Calculation Details                             |
|------------------------------------------------------------------------------|
| * Method:             Q-MP(2)                                                |
|------------------------------------------------------------------------------|
| * grid points (3D):   28880                                                  |
| * grid points (1D):   4                                                      |
|------------------------------------------------------------------------------|
| * atomic orbitals:    244                                                    |
| * molecular orbitals: 244                                                    |
|     -- occupied:      81                                                     |
|     -- virtual:       163                                                    |
|------------------------------------------------------------------------------|
|                                    Results                                   |
|------------------------------------------------------------------------------|
| * Ground State Energy Correction (eV): -2.27356                              |
|++++++++++++++++++++++++++++++++++++++++++++++++++++++++++++++++++++++++++++++|
|                              Calculation Timings                             |
|------------------------------------------------------------------------------|
| Timing Qmp2_energy::compute : CPU: 98408 ms ; Wall: 98789 ms                 |
|     -- Setting up calculation: CPU: 531 ms ; Wall: 533 ms                    |
|     -- Calc. Batch 1/2: CPU: 77 ms ; Wall: 77 ms                             |
|     -- Calc. Batch 2/2: CPU: 97801 ms ; Wall: 98178 ms                       |
| Gather result fr. nodes : CPU: 4877 ms ; Wall: 4892 ms                       |
|------------------------------------------------------------------------------|
|             if no timings are printed, choose higher print level             |
|______________________________________________________________________________|

