/home/hd/hd_hd/hd_tb381/workspace/libqqc/runs/w_eigen/scan_mpionly
n1801
Do 7. Apr 16:33:41 CEST 2022
#!/bin/bash
#SBATCH -J libqqc_mpionly_624x1
#SBATCH -n624 --cpus-per-task=1 -t12:00:00
#SBATCH --mem=200G
#SBATCH --job-name=libqqc_mpionly_624x1
#SBATCH --output=libqqc_mpionly_624x1_por-%j.out
#SBATCH --error=libqqc_mpionly_624x1_por-%j.err
pwd; hostname; date
cat run_624x1.sh
module load compiler/gnu
module load mpi/openmpi
cd ../../../host_example/.
mpic++ -fopenmp -O3 -ffast-math -march=native main_mpi.cpp ../lib/libqqc.a -o 624x1.out
OMP_NUM_THREADS=1 srun --cpus-per-task=$OMP_NUM_THREADS ./624x1.out
rm 624x1.out
Timing Loader_qmp2_from_file:: loader :CPU: 0 ms ; Wall: 0 ms
Timings AoToMo CGTO: CPU: 3259 ms ; Wall: 3369 ms
    -- Loading in: CPU: 2694 ms ; Wall: 2704 ms
    -- Distribute Batch: CPU: 145 ms ; Wall: 240 ms
    -- Tranforming Batch: CPU: 21 ms ; Wall: 21 ms
    -- Distribute Batch Results: CPU: 331 ms ; Wall: 333 ms

Timings AoToMo Coulomb Integral: CPU: 849175 ms ; Wall: 852076 ms
    -- Loading in: CPU: 626860 ms ; Wall: 629049 ms
    -- Distribute Batch: CPU: 3415 ms ; Wall: 3425 ms
    -- Transforming Batch: CPU: 118727 ms ; Wall: 119118 ms
    -- Distribute Batch Results: CPU: 100042 ms ; Wall: 100348 ms

Timing Vault_qmp2:: vault : CPU: 855017 ms ; Wall: 858064 ms
Timing Do_qmp2:: qmp2 : CPU: 109824 ms ; Wall: 110249 ms
 ______________________________________________________________________________ 
|                                                                              |
|                  ** Quadrature Calculation through libqqc **                 |
|                                                                              |
|++++++++++++++++++++++++++++++++++++++++++++++++++++++++++++++++++++++++++++++|
| * Author(s): Benjamin Thomitzni                                              |
|++++++++++++++++++++++++++++++++++++++++++++++++++++++++++++++++++++++++++++++|
|                               Programm Details                               |
|------------------------------------------------------------------------------|
| * library vers.      v0.1                                                    |
|     -- Loader vers.  v0.1                                                    |
|     -- Vault vers.   v0.1                                                    |
|     -- Do_qmp2 vers. v0.1                                                    |
|------------------------------------------------------------------------------|
| * OpenMP enabled                                                             |
|     -- threads:   1                                                          |
| * MPI enabled                                                                |
|     -- processes: 624                                                        |
|++++++++++++++++++++++++++++++++++++++++++++++++++++++++++++++++++++++++++++++|
|                              Calculation Details                             |
|------------------------------------------------------------------------------|
| * Method:             Q-MP(2)                                                |
|------------------------------------------------------------------------------|
| * grid points (3D):   28880                                                  |
| * grid points (1D):   4                                                      |
|------------------------------------------------------------------------------|
| * atomic orbitals:    244                                                    |
| * molecular orbitals: 244                                                    |
|     -- occupied:      81                                                     |
|     -- virtual:       163                                                    |
|------------------------------------------------------------------------------|
|                                    Results                                   |
|------------------------------------------------------------------------------|
| * Ground State Energy Correction (eV): -2.27356                              |
|++++++++++++++++++++++++++++++++++++++++++++++++++++++++++++++++++++++++++++++|
|                              Calculation Timings                             |
|------------------------------------------------------------------------------|
| Timing Qmp2_energy::compute : CPU: 107168 ms ; Wall: 107587 ms               |
|     -- Setting up calculation: CPU: 339 ms ; Wall: 340 ms                    |
|     -- Calc. Batch 1/2: CPU: 40 ms ; Wall: 40 ms                             |
|     -- Calc. Batch 2/2: CPU: 106788 ms ; Wall: 107205 ms                     |
| Gather result fr. nodes : CPU: 2622 ms ; Wall: 2626 ms                       |
|------------------------------------------------------------------------------|
|             if no timings are printed, choose higher print level             |
|______________________________________________________________________________|

