/home/hd/hd_hd/hd_tb381/workspace/libqqc/runs/w_eigen/scan_mpionly
n1333
Do 7. Apr 15:49:40 CEST 2022
#!/bin/bash
#SBATCH -J libqqc_mpionly_32x1
#SBATCH -n32 --cpus-per-task=1 -t12:00:00
#SBATCH --mem=200G
#SBATCH --job-name=libqqc_mpionly_32x1
#SBATCH --output=libqqc_mpionly_32x1_por-%j.out
#SBATCH --error=libqqc_mpionly_32x1_por-%j.err
pwd; hostname; date
cat run_32x1.sh
module load compiler/gnu
module load mpi/openmpi
cd ../../../host_example/.
mpic++ -fopenmp -O3 -ffast-math -march=native main_mpi.cpp ../lib/libqqc.a -o 32x1.out
OMP_NUM_THREADS=1 srun --cpus-per-task=$OMP_NUM_THREADS ./32x1.out
rm 32x1.out
Timing Loader_qmp2_from_file:: loader :CPU: 0 ms ; Wall: 0 ms
Timings AoToMo CGTO: CPU: 2909 ms ; Wall: 2923 ms
    -- Loading in: CPU: 2457 ms ; Wall: 2468 ms
    -- Distribute Batch: CPU: 30 ms ; Wall: 29 ms
    -- Tranforming Batch: CPU: 75 ms ; Wall: 75 ms
    -- Distribute Batch Results: CPU: 285 ms ; Wall: 285 ms

Timings AoToMo Coulomb Integral: CPU: 1023754 ms ; Wall: 1026851 ms
    -- Loading in: CPU: 571394 ms ; Wall: 573157 ms
    -- Distribute Batch: CPU: 5319 ms ; Wall: 5334 ms
    -- Transforming Batch: CPU: 442360 ms ; Wall: 443660 ms
    -- Distribute Batch Results: CPU: 4447 ms ; Wall: 4461 ms

Timing Vault_qmp2:: vault : CPU: 1028942 ms ; Wall: 1032070 ms
Timing Do_qmp2:: qmp2 : CPU: 1875538 ms ; Wall: 1881931 ms
 ______________________________________________________________________________ 
|                                                                              |
|                  ** Quadrature Calculation through libqqc **                 |
|                                                                              |
|++++++++++++++++++++++++++++++++++++++++++++++++++++++++++++++++++++++++++++++|
| * Author(s): Benjamin Thomitzni                                              |
|++++++++++++++++++++++++++++++++++++++++++++++++++++++++++++++++++++++++++++++|
|                               Programm Details                               |
|------------------------------------------------------------------------------|
| * library vers.      v0.1                                                    |
|     -- Loader vers.  v0.1                                                    |
|     -- Vault vers.   v0.1                                                    |
|     -- Do_qmp2 vers. v0.1                                                    |
|------------------------------------------------------------------------------|
| * OpenMP enabled                                                             |
|     -- threads:   1                                                          |
| * MPI enabled                                                                |
|     -- processes: 32                                                         |
|++++++++++++++++++++++++++++++++++++++++++++++++++++++++++++++++++++++++++++++|
|                              Calculation Details                             |
|------------------------------------------------------------------------------|
| * Method:             Q-MP(2)                                                |
|------------------------------------------------------------------------------|
| * grid points (3D):   28880                                                  |
| * grid points (1D):   4                                                      |
|------------------------------------------------------------------------------|
| * atomic orbitals:    244                                                    |
| * molecular orbitals: 244                                                    |
|     -- occupied:      81                                                     |
|     -- virtual:       163                                                    |
|------------------------------------------------------------------------------|
|                                    Results                                   |
|------------------------------------------------------------------------------|
| * Ground State Energy Correction (eV): -2.27356                              |
|++++++++++++++++++++++++++++++++++++++++++++++++++++++++++++++++++++++++++++++|
|                              Calculation Timings                             |
|------------------------------------------------------------------------------|
| Timing Qmp2_energy::compute : CPU: 1875495 ms ; Wall: 1881887 ms             |
|     -- Setting up calculation: CPU: 1522 ms ; Wall: 1530 ms                  |
|     -- Calc. Batch 1/2: CPU: 13972 ms ; Wall: 14017 ms                       |
|     -- Calc. Batch 2/2: CPU: 1860002 ms ; Wall: 1866340 ms                   |
| Gather result fr. nodes : CPU: 0 ms ; Wall: 0 ms                             |
|------------------------------------------------------------------------------|
|             if no timings are printed, choose higher print level             |
|______________________________________________________________________________|

