/home/hd/hd_hd/hd_tb381/workspace/libqqc/runs/w_eigen/scan_mpionly
n1425
Do 7. Apr 15:49:07 CEST 2022
#!/bin/bash
#SBATCH -J libqqc_mpionly_12x1
#SBATCH -n12 --cpus-per-task=1 -t12:00:00
#SBATCH --mem=200G
#SBATCH --job-name=libqqc_mpionly_12x1
#SBATCH --output=libqqc_mpionly_12x1_por-%j.out
#SBATCH --error=libqqc_mpionly_12x1_por-%j.err
pwd; hostname; date
cat run_12x1.sh
module load compiler/gnu
module load mpi/openmpi
cd ../../../host_example/.
mpic++ -fopenmp -O3 -ffast-math -march=native main_mpi.cpp ../lib/libqqc.a -o 12x1.out
OMP_NUM_THREADS=1 srun --cpus-per-task=$OMP_NUM_THREADS ./12x1.out
rm 12x1.out
Timing Loader_qmp2_from_file:: loader :CPU: 0 ms ; Wall: 0 ms
Timings AoToMo CGTO: CPU: 2606 ms ; Wall: 2638 ms
    -- Loading in: CPU: 2296 ms ; Wall: 2326 ms
    -- Distribute Batch: CPU: 23 ms ; Wall: 22 ms
    -- Tranforming Batch: CPU: 185 ms ; Wall: 184 ms
    -- Distribute Batch Results: CPU: 49 ms ; Wall: 49 ms

Timings AoToMo Coulomb Integral: CPU: 1602024 ms ; Wall: 1605408 ms
    -- Loading in: CPU: 529425 ms ; Wall: 530570 ms
    -- Distribute Batch: CPU: 4973 ms ; Wall: 4981 ms
    -- Transforming Batch: CPU: 1063512 ms ; Wall: 1065731 ms
    -- Distribute Batch Results: CPU: 3672 ms ; Wall: 3680 ms

Timing Vault_qmp2:: vault : CPU: 1606731 ms ; Wall: 1610237 ms
Timing Do_qmp2:: qmp2 : CPU: 4317088 ms ; Wall: 4328673 ms
 ______________________________________________________________________________ 
|                                                                              |
|                  ** Quadrature Calculation through libqqc **                 |
|                                                                              |
|++++++++++++++++++++++++++++++++++++++++++++++++++++++++++++++++++++++++++++++|
| * Author(s): Benjamin Thomitzni                                              |
|++++++++++++++++++++++++++++++++++++++++++++++++++++++++++++++++++++++++++++++|
|                               Programm Details                               |
|------------------------------------------------------------------------------|
| * library vers.      v0.1                                                    |
|     -- Loader vers.  v0.1                                                    |
|     -- Vault vers.   v0.1                                                    |
|     -- Do_qmp2 vers. v0.1                                                    |
|------------------------------------------------------------------------------|
| * OpenMP enabled                                                             |
|     -- threads:   1                                                          |
| * MPI enabled                                                                |
|     -- processes: 12                                                         |
|++++++++++++++++++++++++++++++++++++++++++++++++++++++++++++++++++++++++++++++|
|                              Calculation Details                             |
|------------------------------------------------------------------------------|
| * Method:             Q-MP(2)                                                |
|------------------------------------------------------------------------------|
| * grid points (3D):   28880                                                  |
| * grid points (1D):   4                                                      |
|------------------------------------------------------------------------------|
| * atomic orbitals:    244                                                    |
| * molecular orbitals: 244                                                    |
|     -- occupied:      81                                                     |
|     -- virtual:       163                                                    |
|------------------------------------------------------------------------------|
|                                    Results                                   |
|------------------------------------------------------------------------------|
| * Ground State Energy Correction (eV): -2.27356                              |
|++++++++++++++++++++++++++++++++++++++++++++++++++++++++++++++++++++++++++++++|
|                              Calculation Timings                             |
|------------------------------------------------------------------------------|
| Timing Qmp2_energy::compute : CPU: 4317056 ms ; Wall: 4328625 ms             |
|     -- Setting up calculation: CPU: 591 ms ; Wall: 593 ms                    |
|     -- Calc. Batch 1/2: CPU: 85414 ms ; Wall: 85626 ms                       |
|     -- Calc. Batch 2/2: CPU: 4231051 ms ; Wall: 4242405 ms                   |
| Gather result fr. nodes : CPU: 0 ms ; Wall: 1 ms                             |
|------------------------------------------------------------------------------|
|             if no timings are printed, choose higher print level             |
|______________________________________________________________________________|

