/home/hd/hd_hd/hd_tb381/workspace/libqqc/runs/scan_mpionly
n1639
Mo 4. Apr 16:18:43 CEST 2022
#!/bin/bash
#SBATCH -J libqqc_mpionly_40x1
#SBATCH -n40 --cpus-per-task=1 -t12:00:00
#SBATCH --mem=200G
#SBATCH --job-name=libqqc_mpionly_40x1
#SBATCH --output=libqqc_mpionly_40x1_por-%j.out
#SBATCH --error=libqqc_mpionly_40x1_por-%j.err
pwd; hostname; date
cat run_40x1.sh
module load compiler/gnu
module load mpi/openmpi
cd ../../host_example/.
mpic++ -fopenmp -O3 -ffast-math -march=native main_mpi.cpp ../lib/libqqc.a -o 40x1.out
OMP_NUM_THREADS=1 srun --cpus-per-task=$OMP_NUM_THREADS ./40x1.out
rm 40x1.out
Timing Loader_qmp2_from_file:: loader :CPU: 0 ms ; Wall: 0 ms
Timings AoToMo CGTO: CPU: 3182 ms ; Wall: 3198 ms
    -- Loading in: CPU: 2597 ms ; Wall: 2610 ms
    -- Distribute Batch: CPU: 41 ms ; Wall: 41 ms
    -- Tranforming Batch: CPU: 63 ms ; Wall: 63 ms
    -- Distribute Batch Results: CPU: 419 ms ; Wall: 420 ms

Timings AoToMo Coulomb Integral: CPU: 1021347 ms ; Wall: 1024808 ms
    -- Loading in: CPU: 623238 ms ; Wall: 625257 ms
    -- Distribute Batch: CPU: 5936 ms ; Wall: 5956 ms
    -- Transforming Batch: CPU: 384994 ms ; Wall: 386388 ms
    -- Distribute Batch Results: CPU: 6916 ms ; Wall: 6940 ms

Timing Vault_qmp2:: vault : CPU: 1026976 ms ; Wall: 1030471 ms
Timing Do_qmp2:: qmp2 : CPU: 1448425 ms ; Wall: 1454087 ms
 ______________________________________________________________________________ 
|                                                                              |
|                  ** Quadrature Calculation through libqqc **                 |
|                                                                              |
|++++++++++++++++++++++++++++++++++++++++++++++++++++++++++++++++++++++++++++++|
| * Author(s): Benjamin Thomitzni                                              |
|++++++++++++++++++++++++++++++++++++++++++++++++++++++++++++++++++++++++++++++|
|                               Programm Details                               |
|------------------------------------------------------------------------------|
| * library vers.      v0.1                                                    |
|     -- Loader vers.  v0.1                                                    |
|     -- Vault vers.   v0.1                                                    |
|     -- Do_qmp2 vers. v0.1                                                    |
|------------------------------------------------------------------------------|
| * OpenMP enabled                                                             |
|     -- threads:   1                                                          |
| * MPI enabled                                                                |
|     -- processes: 40                                                         |
|++++++++++++++++++++++++++++++++++++++++++++++++++++++++++++++++++++++++++++++|
|                              Calculation Details                             |
|------------------------------------------------------------------------------|
| * Method:             Q-MP(2)                                                |
|------------------------------------------------------------------------------|
| * grid points (3D):   28880                                                  |
| * grid points (1D):   4                                                      |
|------------------------------------------------------------------------------|
| * atomic orbitals:    244                                                    |
| * molecular orbitals: 244                                                    |
|     -- occupied:      81                                                     |
|     -- virtual:       163                                                    |
|------------------------------------------------------------------------------|
|                                    Results                                   |
|------------------------------------------------------------------------------|
| * Ground State Energy Correction (eV): -2.27356                              |
|++++++++++++++++++++++++++++++++++++++++++++++++++++++++++++++++++++++++++++++|
|                              Calculation Timings                             |
|------------------------------------------------------------------------------|
| Timing Qmp2_energy::compute : CPU: 1448375 ms ; Wall: 1454038 ms             |
|     -- Setting up calculation: CPU: 1906 ms ; Wall: 1919 ms                  |
|     -- Calc. Batch 1/2: CPU: 8584 ms ; Wall: 8618 ms                         |
|     -- Calc. Batch 2/2: CPU: 1437886 ms ; Wall: 1443499 ms                   |
| Gather result fr. nodes : CPU: 0 ms ; Wall: 0 ms                             |
|------------------------------------------------------------------------------|
|             if no timings are printed, choose higher print level             |
|______________________________________________________________________________|

