/home/hd/hd_hd/hd_tb381/workspace/libqqc/runs/scan_mpionly
n1638
Mo 4. Apr 16:18:43 CEST 2022
#!/bin/bash
#SBATCH -J libqqc_mpionly_36x1
#SBATCH -n36 --cpus-per-task=1 -t12:00:00
#SBATCH --mem=200G
#SBATCH --job-name=libqqc_mpionly_36x1
#SBATCH --output=libqqc_mpionly_36x1_por-%j.out
#SBATCH --error=libqqc_mpionly_36x1_por-%j.err
pwd; hostname; date
cat run_36x1.sh
module load compiler/gnu
module load mpi/openmpi
cd ../../host_example/.
mpic++ -fopenmp -O3 -ffast-math -march=native main_mpi.cpp ../lib/libqqc.a -o 36x1.out
OMP_NUM_THREADS=1 srun --cpus-per-task=$OMP_NUM_THREADS ./36x1.out
rm 36x1.out
Timing Loader_qmp2_from_file:: loader :CPU: 0 ms ; Wall: 0 ms
Timings AoToMo CGTO: CPU: 3209 ms ; Wall: 3224 ms
    -- Loading in: CPU: 2552 ms ; Wall: 2564 ms
    -- Distribute Batch: CPU: 40 ms ; Wall: 39 ms
    -- Tranforming Batch: CPU: 71 ms ; Wall: 71 ms
    -- Distribute Batch Results: CPU: 486 ms ; Wall: 487 ms

Timings AoToMo Coulomb Integral: CPU: 1031600 ms ; Wall: 1035028 ms
    -- Loading in: CPU: 593560 ms ; Wall: 595563 ms
    -- Distribute Batch: CPU: 5745 ms ; Wall: 5763 ms
    -- Transforming Batch: CPU: 421303 ms ; Wall: 422670 ms
    -- Distribute Batch Results: CPU: 10697 ms ; Wall: 10734 ms

Timing Vault_qmp2:: vault : CPU: 1037235 ms ; Wall: 1040697 ms
Timing Do_qmp2:: qmp2 : CPU: 1562000 ms ; Wall: 1567985 ms
 ______________________________________________________________________________ 
|                                                                              |
|                  ** Quadrature Calculation through libqqc **                 |
|                                                                              |
|++++++++++++++++++++++++++++++++++++++++++++++++++++++++++++++++++++++++++++++|
| * Author(s): Benjamin Thomitzni                                              |
|++++++++++++++++++++++++++++++++++++++++++++++++++++++++++++++++++++++++++++++|
|                               Programm Details                               |
|------------------------------------------------------------------------------|
| * library vers.      v0.1                                                    |
|     -- Loader vers.  v0.1                                                    |
|     -- Vault vers.   v0.1                                                    |
|     -- Do_qmp2 vers. v0.1                                                    |
|------------------------------------------------------------------------------|
| * OpenMP enabled                                                             |
|     -- threads:   1                                                          |
| * MPI enabled                                                                |
|     -- processes: 36                                                         |
|++++++++++++++++++++++++++++++++++++++++++++++++++++++++++++++++++++++++++++++|
|                              Calculation Details                             |
|------------------------------------------------------------------------------|
| * Method:             Q-MP(2)                                                |
|------------------------------------------------------------------------------|
| * grid points (3D):   28880                                                  |
| * grid points (1D):   4                                                      |
|------------------------------------------------------------------------------|
| * atomic orbitals:    244                                                    |
| * molecular orbitals: 244                                                    |
|     -- occupied:      81                                                     |
|     -- virtual:       163                                                    |
|------------------------------------------------------------------------------|
|                                    Results                                   |
|------------------------------------------------------------------------------|
| * Ground State Energy Correction (eV): -2.27356                              |
|++++++++++++++++++++++++++++++++++++++++++++++++++++++++++++++++++++++++++++++|
|                              Calculation Timings                             |
|------------------------------------------------------------------------------|
| Timing Qmp2_energy::compute : CPU: 1556308 ms ; Wall: 1562284 ms             |
|     -- Setting up calculation: CPU: 1714 ms ; Wall: 1725 ms                  |
|     -- Calc. Batch 1/2: CPU: 9930 ms ; Wall: 9968 ms                         |
|     -- Calc. Batch 2/2: CPU: 1544665 ms ; Wall: 1550590 ms                   |
| Gather result fr. nodes : CPU: 5644 ms ; Wall: 5653 ms                       |
|------------------------------------------------------------------------------|
|             if no timings are printed, choose higher print level             |
|______________________________________________________________________________|

