/home/hd/hd_hd/hd_tb381/workspace/libqqc/runs/scan_mpionly
n1412
Mi 6. Apr 05:52:18 CEST 2022
#!/bin/bash
#SBATCH -J libqqc_mpionly_672x1
#SBATCH -n672 --cpus-per-task=1 -t12:00:00
#SBATCH --mem=200G
#SBATCH --job-name=libqqc_mpionly_672x1
#SBATCH --output=libqqc_mpionly_672x1_por-%j.out
#SBATCH --error=libqqc_mpionly_672x1_por-%j.err
pwd; hostname; date
cat run_672x1.sh
module load compiler/gnu
module load mpi/openmpi
cd ../../host_example/.
mpic++ -fopenmp -O3 -ffast-math -march=native main_mpi.cpp ../lib/libqqc.a -o 672x1.out
OMP_NUM_THREADS=1 srun --cpus-per-task=$OMP_NUM_THREADS ./672x1.out
rm 672x1.out
Timing Loader_qmp2_from_file:: loader :CPU: 0 ms ; Wall: 0 ms
Timings AoToMo CGTO: CPU: 3344 ms ; Wall: 3472 ms
    -- Loading in: CPU: 2707 ms ; Wall: 2716 ms
    -- Distribute Batch: CPU: 161 ms ; Wall: 275 ms
    -- Tranforming Batch: CPU: 66 ms ; Wall: 66 ms
    -- Distribute Batch Results: CPU: 338 ms ; Wall: 339 ms

Timings AoToMo Coulomb Integral: CPU: 1122039 ms ; Wall: 1126353 ms
    -- Loading in: CPU: 642747 ms ; Wall: 645216 ms
    -- Distribute Batch: CPU: 3395 ms ; Wall: 3407 ms
    -- Transforming Batch: CPU: 384375 ms ; Wall: 385906 ms
    -- Distribute Batch Results: CPU: 91288 ms ; Wall: 91584 ms

Timing Vault_qmp2:: vault : CPU: 1128027 ms ; Wall: 1132506 ms
Timing Do_qmp2:: qmp2 : CPU: 96624 ms ; Wall: 97057 ms
 ______________________________________________________________________________ 
|                                                                              |
|                  ** Quadrature Calculation through libqqc **                 |
|                                                                              |
|++++++++++++++++++++++++++++++++++++++++++++++++++++++++++++++++++++++++++++++|
| * Author(s): Benjamin Thomitzni                                              |
|++++++++++++++++++++++++++++++++++++++++++++++++++++++++++++++++++++++++++++++|
|                               Programm Details                               |
|------------------------------------------------------------------------------|
| * library vers.      v0.1                                                    |
|     -- Loader vers.  v0.1                                                    |
|     -- Vault vers.   v0.1                                                    |
|     -- Do_qmp2 vers. v0.1                                                    |
|------------------------------------------------------------------------------|
| * OpenMP enabled                                                             |
|     -- threads:   1                                                          |
| * MPI enabled                                                                |
|     -- processes: 672                                                        |
|++++++++++++++++++++++++++++++++++++++++++++++++++++++++++++++++++++++++++++++|
|                              Calculation Details                             |
|------------------------------------------------------------------------------|
| * Method:             Q-MP(2)                                                |
|------------------------------------------------------------------------------|
| * grid points (3D):   28880                                                  |
| * grid points (1D):   4                                                      |
|------------------------------------------------------------------------------|
| * atomic orbitals:    244                                                    |
| * molecular orbitals: 244                                                    |
|     -- occupied:      81                                                     |
|     -- virtual:       163                                                    |
|------------------------------------------------------------------------------|
|                                    Results                                   |
|------------------------------------------------------------------------------|
| * Ground State Energy Correction (eV): -2.27356                              |
|++++++++++++++++++++++++++++++++++++++++++++++++++++++++++++++++++++++++++++++|
|                              Calculation Timings                             |
|------------------------------------------------------------------------------|
| Timing Qmp2_energy::compute : CPU: 92934 ms ; Wall: 93355 ms                 |
|     -- Setting up calculation: CPU: 1376 ms ; Wall: 1388 ms                  |
|     -- Calc. Batch 1/2: CPU: 67 ms ; Wall: 67 ms                             |
|     -- Calc. Batch 2/2: CPU: 91491 ms ; Wall: 91899 ms                       |
| Gather result fr. nodes : CPU: 3647 ms ; Wall: 3659 ms                       |
|------------------------------------------------------------------------------|
|             if no timings are printed, choose higher print level             |
|______________________________________________________________________________|

