/home/hd/hd_hd/hd_tb381/workspace/libqqc/runs/scan_mpionly
n1412
Mi 6. Apr 05:35:14 CEST 2022
#!/bin/bash
#SBATCH -J libqqc_mpionly_624x1
#SBATCH -n624 --cpus-per-task=1 -t12:00:00
#SBATCH --mem=200G
#SBATCH --job-name=libqqc_mpionly_624x1
#SBATCH --output=libqqc_mpionly_624x1_por-%j.out
#SBATCH --error=libqqc_mpionly_624x1_por-%j.err
pwd; hostname; date
cat run_624x1.sh
module load compiler/gnu
module load mpi/openmpi
cd ../../host_example/.
mpic++ -fopenmp -O3 -ffast-math -march=native main_mpi.cpp ../lib/libqqc.a -o 624x1.out
OMP_NUM_THREADS=1 srun --cpus-per-task=$OMP_NUM_THREADS ./624x1.out
rm 624x1.out
Timing Loader_qmp2_from_file:: loader :CPU: 0 ms ; Wall: 0 ms
Timings AoToMo CGTO: CPU: 3298 ms ; Wall: 3394 ms
    -- Loading in: CPU: 2728 ms ; Wall: 2739 ms
    -- Distribute Batch: CPU: 149 ms ; Wall: 229 ms
    -- Tranforming Batch: CPU: 22 ms ; Wall: 21 ms
    -- Distribute Batch Results: CPU: 328 ms ; Wall: 329 ms

Timings AoToMo Coulomb Integral: CPU: 865606 ms ; Wall: 869478 ms
    -- Loading in: CPU: 637368 ms ; Wall: 640289 ms
    -- Distribute Batch: CPU: 3431 ms ; Wall: 3446 ms
    -- Transforming Batch: CPU: 123455 ms ; Wall: 124011 ms
    -- Distribute Batch Results: CPU: 101208 ms ; Wall: 101582 ms

Timing Vault_qmp2:: vault : CPU: 871545 ms ; Wall: 875552 ms
Timing Do_qmp2:: qmp2 : CPU: 102594 ms ; Wall: 103099 ms
 ______________________________________________________________________________ 
|                                                                              |
|                  ** Quadrature Calculation through libqqc **                 |
|                                                                              |
|++++++++++++++++++++++++++++++++++++++++++++++++++++++++++++++++++++++++++++++|
| * Author(s): Benjamin Thomitzni                                              |
|++++++++++++++++++++++++++++++++++++++++++++++++++++++++++++++++++++++++++++++|
|                               Programm Details                               |
|------------------------------------------------------------------------------|
| * library vers.      v0.1                                                    |
|     -- Loader vers.  v0.1                                                    |
|     -- Vault vers.   v0.1                                                    |
|     -- Do_qmp2 vers. v0.1                                                    |
|------------------------------------------------------------------------------|
| * OpenMP enabled                                                             |
|     -- threads:   1                                                          |
| * MPI enabled                                                                |
|     -- processes: 624                                                        |
|++++++++++++++++++++++++++++++++++++++++++++++++++++++++++++++++++++++++++++++|
|                              Calculation Details                             |
|------------------------------------------------------------------------------|
| * Method:             Q-MP(2)                                                |
|------------------------------------------------------------------------------|
| * grid points (3D):   28880                                                  |
| * grid points (1D):   4                                                      |
|------------------------------------------------------------------------------|
| * atomic orbitals:    244                                                    |
| * molecular orbitals: 244                                                    |
|     -- occupied:      81                                                     |
|     -- virtual:       163                                                    |
|------------------------------------------------------------------------------|
|                                    Results                                   |
|------------------------------------------------------------------------------|
| * Ground State Energy Correction (eV): -2.27356                              |
|++++++++++++++++++++++++++++++++++++++++++++++++++++++++++++++++++++++++++++++|
|                              Calculation Timings                             |
|------------------------------------------------------------------------------|
| Timing Qmp2_energy::compute : CPU: 101230 ms ; Wall: 101731 ms               |
|     -- Setting up calculation: CPU: 328 ms ; Wall: 329 ms                    |
|     -- Calc. Batch 1/2: CPU: 26 ms ; Wall: 26 ms                             |
|     -- Calc. Batch 2/2: CPU: 100875 ms ; Wall: 101375 ms                     |
| Gather result fr. nodes : CPU: 1333 ms ; Wall: 1335 ms                       |
|------------------------------------------------------------------------------|
|             if no timings are printed, choose higher print level             |
|______________________________________________________________________________|

