/home/hd/hd_hd/hd_tb381/workspace/libqqc/runs/scan_mpionly
n1412
Di 5. Apr 23:05:55 CEST 2022
#!/bin/bash
#SBATCH -J libqqc_mpionly_528x1
#SBATCH -n528 --cpus-per-task=1 -t12:00:00
#SBATCH --mem=200G
#SBATCH --job-name=libqqc_mpionly_528x1
#SBATCH --output=libqqc_mpionly_528x1_por-%j.out
#SBATCH --error=libqqc_mpionly_528x1_por-%j.err
pwd; hostname; date
cat run_528x1.sh
module load compiler/gnu
module load mpi/openmpi
cd ../../host_example/.
mpic++ -fopenmp -O3 -ffast-math -march=native main_mpi.cpp ../lib/libqqc.a -o 528x1.out
OMP_NUM_THREADS=1 srun --cpus-per-task=$OMP_NUM_THREADS ./528x1.out
rm 528x1.out
Timing Loader_qmp2_from_file:: loader :CPU: 0 ms ; Wall: 0 ms
Timings AoToMo CGTO: CPU: 3331 ms ; Wall: 3487 ms
    -- Loading in: CPU: 2765 ms ; Wall: 2851 ms
    -- Distribute Batch: CPU: 128 ms ; Wall: 194 ms
    -- Tranforming Batch: CPU: 40 ms ; Wall: 39 ms
    -- Distribute Batch Results: CPU: 328 ms ; Wall: 328 ms

Timings AoToMo Coulomb Integral: CPU: 983420 ms ; Wall: 987911 ms
    -- Loading in: CPU: 639205 ms ; Wall: 642223 ms
    -- Distribute Batch: CPU: 3430 ms ; Wall: 3443 ms
    -- Transforming Batch: CPU: 232134 ms ; Wall: 233187 ms
    -- Distribute Batch Results: CPU: 108470 ms ; Wall: 108871 ms

Timing Vault_qmp2:: vault : CPU: 989409 ms ; Wall: 994356 ms
Timing Do_qmp2:: qmp2 : CPU: 121639 ms ; Wall: 122234 ms
 ______________________________________________________________________________ 
|                                                                              |
|                  ** Quadrature Calculation through libqqc **                 |
|                                                                              |
|++++++++++++++++++++++++++++++++++++++++++++++++++++++++++++++++++++++++++++++|
| * Author(s): Benjamin Thomitzni                                              |
|++++++++++++++++++++++++++++++++++++++++++++++++++++++++++++++++++++++++++++++|
|                               Programm Details                               |
|------------------------------------------------------------------------------|
| * library vers.      v0.1                                                    |
|     -- Loader vers.  v0.1                                                    |
|     -- Vault vers.   v0.1                                                    |
|     -- Do_qmp2 vers. v0.1                                                    |
|------------------------------------------------------------------------------|
| * OpenMP enabled                                                             |
|     -- threads:   1                                                          |
| * MPI enabled                                                                |
|     -- processes: 528                                                        |
|++++++++++++++++++++++++++++++++++++++++++++++++++++++++++++++++++++++++++++++|
|                              Calculation Details                             |
|------------------------------------------------------------------------------|
| * Method:             Q-MP(2)                                                |
|------------------------------------------------------------------------------|
| * grid points (3D):   28880                                                  |
| * grid points (1D):   4                                                      |
|------------------------------------------------------------------------------|
| * atomic orbitals:    244                                                    |
| * molecular orbitals: 244                                                    |
|     -- occupied:      81                                                     |
|     -- virtual:       163                                                    |
|------------------------------------------------------------------------------|
|                                    Results                                   |
|------------------------------------------------------------------------------|
| * Ground State Energy Correction (eV): -2.27356                              |
|++++++++++++++++++++++++++++++++++++++++++++++++++++++++++++++++++++++++++++++|
|                              Calculation Timings                             |
|------------------------------------------------------------------------------|
| Timing Qmp2_energy::compute : CPU: 118714 ms ; Wall: 119304 ms               |
|     -- Setting up calculation: CPU: 333 ms ; Wall: 334 ms                    |
|     -- Calc. Batch 1/2: CPU: 36 ms ; Wall: 36 ms                             |
|     -- Calc. Batch 2/2: CPU: 118345 ms ; Wall: 118934 ms                     |
| Gather result fr. nodes : CPU: 2893 ms ; Wall: 2897 ms                       |
|------------------------------------------------------------------------------|
|             if no timings are printed, choose higher print level             |
|______________________________________________________________________________|

