/home/hd/hd_hd/hd_tb381/workspace/libqqc/runs/scan_mpionly
n1404
Mi 6. Apr 08:24:42 CEST 2022
#!/bin/bash
#SBATCH -J libqqc_mpionly_912x1
#SBATCH -n912 --cpus-per-task=1 -t12:00:00
#SBATCH --mem=200G
#SBATCH --job-name=libqqc_mpionly_912x1
#SBATCH --output=libqqc_mpionly_912x1_por-%j.out
#SBATCH --error=libqqc_mpionly_912x1_por-%j.err
pwd; hostname; date
cat run_912x1.sh
module load compiler/gnu
module load mpi/openmpi
cd ../../host_example/.
mpic++ -fopenmp -O3 -ffast-math -march=native main_mpi.cpp ../lib/libqqc.a -o 912x1.out
OMP_NUM_THREADS=1 srun --cpus-per-task=$OMP_NUM_THREADS ./912x1.out
rm 912x1.out
Timing Loader_qmp2_from_file:: loader :CPU: 0 ms ; Wall: 0 ms
Timings AoToMo CGTO: CPU: 3464 ms ; Wall: 3592 ms
    -- Loading in: CPU: 2709 ms ; Wall: 2721 ms
    -- Distribute Batch: CPU: 196 ms ; Wall: 307 ms
    -- Tranforming Batch: CPU: 60 ms ; Wall: 60 ms
    -- Distribute Batch Results: CPU: 425 ms ; Wall: 426 ms

Timings AoToMo Coulomb Integral: CPU: 1067625 ms ; Wall: 1072438 ms
    -- Loading in: CPU: 638303 ms ; Wall: 641245 ms
    -- Distribute Batch: CPU: 3455 ms ; Wall: 3468 ms
    -- Transforming Batch: CPU: 346807 ms ; Wall: 348343 ms
    -- Distribute Batch Results: CPU: 78834 ms ; Wall: 79150 ms

Timing Vault_qmp2:: vault : CPU: 1073736 ms ; Wall: 1078713 ms
Timing Do_qmp2:: qmp2 : CPU: 72669 ms ; Wall: 73017 ms
 ______________________________________________________________________________ 
|                                                                              |
|                  ** Quadrature Calculation through libqqc **                 |
|                                                                              |
|++++++++++++++++++++++++++++++++++++++++++++++++++++++++++++++++++++++++++++++|
| * Author(s): Benjamin Thomitzni                                              |
|++++++++++++++++++++++++++++++++++++++++++++++++++++++++++++++++++++++++++++++|
|                               Programm Details                               |
|------------------------------------------------------------------------------|
| * library vers.      v0.1                                                    |
|     -- Loader vers.  v0.1                                                    |
|     -- Vault vers.   v0.1                                                    |
|     -- Do_qmp2 vers. v0.1                                                    |
|------------------------------------------------------------------------------|
| * OpenMP enabled                                                             |
|     -- threads:   1                                                          |
| * MPI enabled                                                                |
|     -- processes: 912                                                        |
|++++++++++++++++++++++++++++++++++++++++++++++++++++++++++++++++++++++++++++++|
|                              Calculation Details                             |
|------------------------------------------------------------------------------|
| * Method:             Q-MP(2)                                                |
|------------------------------------------------------------------------------|
| * grid points (3D):   28880                                                  |
| * grid points (1D):   4                                                      |
|------------------------------------------------------------------------------|
| * atomic orbitals:    244                                                    |
| * molecular orbitals: 244                                                    |
|     -- occupied:      81                                                     |
|     -- virtual:       163                                                    |
|------------------------------------------------------------------------------|
|                                    Results                                   |
|------------------------------------------------------------------------------|
| * Ground State Energy Correction (eV): -2.27356                              |
|++++++++++++++++++++++++++++++++++++++++++++++++++++++++++++++++++++++++++++++|
|                              Calculation Timings                             |
|------------------------------------------------------------------------------|
| Timing Qmp2_energy::compute : CPU: 66513 ms ; Wall: 66849 ms                 |
|     -- Setting up calculation: CPU: 1154 ms ; Wall: 1163 ms                  |
|     -- Calc. Batch 1/2: CPU: 39 ms ; Wall: 39 ms                             |
|     -- Calc. Batch 2/2: CPU: 65320 ms ; Wall: 65646 ms                       |
| Gather result fr. nodes : CPU: 6119 ms ; Wall: 6130 ms                       |
|------------------------------------------------------------------------------|
|             if no timings are printed, choose higher print level             |
|______________________________________________________________________________|

