/home/hd/hd_hd/hd_tb381/workspace/libqqc/runs/scan_mpionly
n1610
Mo 4. Apr 16:18:43 CEST 2022
#!/bin/bash
#SBATCH -J libqqc_mpionly_20x1
#SBATCH -n20 --cpus-per-task=1 -t12:00:00
#SBATCH --mem=200G
#SBATCH --job-name=libqqc_mpionly_20x1
#SBATCH --output=libqqc_mpionly_20x1_por-%j.out
#SBATCH --error=libqqc_mpionly_20x1_por-%j.err
pwd; hostname; date
cat run_20x1.sh
module load compiler/gnu
module load mpi/openmpi
cd ../../host_example/.
mpic++ -fopenmp -O3 -ffast-math -march=native main_mpi.cpp ../lib/libqqc.a -o 20x1.out
OMP_NUM_THREADS=1 srun --cpus-per-task=$OMP_NUM_THREADS ./20x1.out
rm 20x1.out
Timing Loader_qmp2_from_file:: loader :CPU: 0 ms ; Wall: 0 ms
Timings AoToMo CGTO: CPU: 2848 ms ; Wall: 2860 ms
    -- Loading in: CPU: 2276 ms ; Wall: 2284 ms
    -- Distribute Batch: CPU: 26 ms ; Wall: 25 ms
    -- Tranforming Batch: CPU: 111 ms ; Wall: 111 ms
    -- Distribute Batch Results: CPU: 380 ms ; Wall: 381 ms

Timings AoToMo Coulomb Integral: CPU: 1179393 ms ; Wall: 1182342 ms
    -- Loading in: CPU: 524796 ms ; Wall: 526189 ms
    -- Distribute Batch: CPU: 5133 ms ; Wall: 5145 ms
    -- Transforming Batch: CPU: 645286 ms ; Wall: 646815 ms
    -- Distribute Batch Results: CPU: 3807 ms ; Wall: 3817 ms

Timing Vault_qmp2:: vault : CPU: 1184396 ms ; Wall: 1187390 ms
Timing Do_qmp2:: qmp2 : CPU: 2465341 ms ; Wall: 2472658 ms
 ______________________________________________________________________________ 
|                                                                              |
|                  ** Quadrature Calculation through libqqc **                 |
|                                                                              |
|++++++++++++++++++++++++++++++++++++++++++++++++++++++++++++++++++++++++++++++|
| * Author(s): Benjamin Thomitzni                                              |
|++++++++++++++++++++++++++++++++++++++++++++++++++++++++++++++++++++++++++++++|
|                               Programm Details                               |
|------------------------------------------------------------------------------|
| * library vers.      v0.1                                                    |
|     -- Loader vers.  v0.1                                                    |
|     -- Vault vers.   v0.1                                                    |
|     -- Do_qmp2 vers. v0.1                                                    |
|------------------------------------------------------------------------------|
| * OpenMP enabled                                                             |
|     -- threads:   1                                                          |
| * MPI enabled                                                                |
|     -- processes: 20                                                         |
|++++++++++++++++++++++++++++++++++++++++++++++++++++++++++++++++++++++++++++++|
|                              Calculation Details                             |
|------------------------------------------------------------------------------|
| * Method:             Q-MP(2)                                                |
|------------------------------------------------------------------------------|
| * grid points (3D):   28880                                                  |
| * grid points (1D):   4                                                      |
|------------------------------------------------------------------------------|
| * atomic orbitals:    244                                                    |
| * molecular orbitals: 244                                                    |
|     -- occupied:      81                                                     |
|     -- virtual:       163                                                    |
|------------------------------------------------------------------------------|
|                                    Results                                   |
|------------------------------------------------------------------------------|
| * Ground State Energy Correction (eV): -2.27356                              |
|++++++++++++++++++++++++++++++++++++++++++++++++++++++++++++++++++++++++++++++|
|                              Calculation Timings                             |
|------------------------------------------------------------------------------|
| Timing Qmp2_energy::compute : CPU: 2465309 ms ; Wall: 2472626 ms             |
|     -- Setting up calculation: CPU: 937 ms ; Wall: 941 ms                    |
|     -- Calc. Batch 1/2: CPU: 30582 ms ; Wall: 30674 ms                       |
|     -- Calc. Batch 2/2: CPU: 2433790 ms ; Wall: 2441010 ms                   |
| Gather result fr. nodes : CPU: 0 ms ; Wall: 0 ms                             |
|------------------------------------------------------------------------------|
|             if no timings are printed, choose higher print level             |
|______________________________________________________________________________|

