/home/hd/hd_hd/hd_tb381/workspace/libqqc/runs/scan_mpionly
n1716
Di 5. Apr 19:40:10 CEST 2022
#!/bin/bash
#SBATCH -J libqqc_mpionly_336x1
#SBATCH -n336 --cpus-per-task=1 -t12:00:00
#SBATCH --mem=200G
#SBATCH --job-name=libqqc_mpionly_336x1
#SBATCH --output=libqqc_mpionly_336x1_por-%j.out
#SBATCH --error=libqqc_mpionly_336x1_por-%j.err
pwd; hostname; date
cat run_336x1.sh
module load compiler/gnu
module load mpi/openmpi
cd ../../host_example/.
mpic++ -fopenmp -O3 -ffast-math -march=native main_mpi.cpp ../lib/libqqc.a -o 336x1.out
OMP_NUM_THREADS=1 srun --cpus-per-task=$OMP_NUM_THREADS ./336x1.out
rm 336x1.out
Timing Loader_qmp2_from_file:: loader :CPU: 0 ms ; Wall: 0 ms
Timings AoToMo CGTO: CPU: 3209 ms ; Wall: 3251 ms
    -- Loading in: CPU: 2748 ms ; Wall: 2760 ms
    -- Distribute Batch: CPU: 87 ms ; Wall: 115 ms
    -- Tranforming Batch: CPU: 38 ms ; Wall: 38 ms
    -- Distribute Batch Results: CPU: 268 ms ; Wall: 269 ms

Timings AoToMo Coulomb Integral: CPU: 962710 ms ; Wall: 965997 ms
    -- Loading in: CPU: 635775 ms ; Wall: 637930 ms
    -- Distribute Batch: CPU: 3536 ms ; Wall: 3550 ms
    -- Transforming Batch: CPU: 219268 ms ; Wall: 220044 ms
    -- Distribute Batch Results: CPU: 103960 ms ; Wall: 104297 ms

Timing Vault_qmp2:: vault : CPU: 968542 ms ; Wall: 971918 ms
Timing Do_qmp2:: qmp2 : CPU: 193188 ms ; Wall: 194035 ms
 ______________________________________________________________________________ 
|                                                                              |
|                  ** Quadrature Calculation through libqqc **                 |
|                                                                              |
|++++++++++++++++++++++++++++++++++++++++++++++++++++++++++++++++++++++++++++++|
| * Author(s): Benjamin Thomitzni                                              |
|++++++++++++++++++++++++++++++++++++++++++++++++++++++++++++++++++++++++++++++|
|                               Programm Details                               |
|------------------------------------------------------------------------------|
| * library vers.      v0.1                                                    |
|     -- Loader vers.  v0.1                                                    |
|     -- Vault vers.   v0.1                                                    |
|     -- Do_qmp2 vers. v0.1                                                    |
|------------------------------------------------------------------------------|
| * OpenMP enabled                                                             |
|     -- threads:   1                                                          |
| * MPI enabled                                                                |
|     -- processes: 336                                                        |
|++++++++++++++++++++++++++++++++++++++++++++++++++++++++++++++++++++++++++++++|
|                              Calculation Details                             |
|------------------------------------------------------------------------------|
| * Method:             Q-MP(2)                                                |
|------------------------------------------------------------------------------|
| * grid points (3D):   28880                                                  |
| * grid points (1D):   4                                                      |
|------------------------------------------------------------------------------|
| * atomic orbitals:    244                                                    |
| * molecular orbitals: 244                                                    |
|     -- occupied:      81                                                     |
|     -- virtual:       163                                                    |
|------------------------------------------------------------------------------|
|                                    Results                                   |
|------------------------------------------------------------------------------|
| * Ground State Energy Correction (eV): -2.27356                              |
|++++++++++++++++++++++++++++++++++++++++++++++++++++++++++++++++++++++++++++++|
|                              Calculation Timings                             |
|------------------------------------------------------------------------------|
| Timing Qmp2_energy::compute : CPU: 178043 ms ; Wall: 178842 ms               |
|     -- Setting up calculation: CPU: 297 ms ; Wall: 297 ms                    |
|     -- Calc. Batch 1/2: CPU: 84 ms ; Wall: 84 ms                             |
|     -- Calc. Batch 2/2: CPU: 177662 ms ; Wall: 178460 ms                     |
| Gather result fr. nodes : CPU: 15113 ms ; Wall: 15160 ms                     |
|------------------------------------------------------------------------------|
|             if no timings are printed, choose higher print level             |
|______________________________________________________________________________|

