/home/hd/hd_hd/hd_tb381/workspace/libqqc/runs/scan_mpionly
n1404
Di 5. Apr 19:40:10 CEST 2022
#!/bin/bash
#SBATCH -J libqqc_mpionly_144x1
#SBATCH -n144 --cpus-per-task=1 -t12:00:00
#SBATCH --mem=200G
#SBATCH --job-name=libqqc_mpionly_144x1
#SBATCH --output=libqqc_mpionly_144x1_por-%j.out
#SBATCH --error=libqqc_mpionly_144x1_por-%j.err
pwd; hostname; date
cat run_144x1.sh
module load compiler/gnu
module load mpi/openmpi
cd ../../host_example/.
mpic++ -fopenmp -O3 -ffast-math -march=native main_mpi.cpp ../lib/libqqc.a -o 144x1.out
OMP_NUM_THREADS=1 srun --cpus-per-task=$OMP_NUM_THREADS ./144x1.out
rm 144x1.out
Timing Loader_qmp2_from_file:: loader :CPU: 0 ms ; Wall: 0 ms
Timings AoToMo CGTO: CPU: 3177 ms ; Wall: 3207 ms
    -- Loading in: CPU: 2764 ms ; Wall: 2778 ms
    -- Distribute Batch: CPU: 48 ms ; Wall: 61 ms
    -- Tranforming Batch: CPU: 27 ms ; Wall: 26 ms
    -- Distribute Batch Results: CPU: 273 ms ; Wall: 273 ms

Timings AoToMo Coulomb Integral: CPU: 896465 ms ; Wall: 900047 ms
    -- Loading in: CPU: 644897 ms ; Wall: 647428 ms
    -- Distribute Batch: CPU: 4220 ms ; Wall: 4237 ms
    -- Transforming Batch: CPU: 155944 ms ; Wall: 156623 ms
    -- Distribute Batch Results: CPU: 91253 ms ; Wall: 91604 ms

Timing Vault_qmp2:: vault : CPU: 902255 ms ; Wall: 905901 ms
Timing Do_qmp2:: qmp2 : CPU: 438820 ms ; Wall: 440916 ms
 ______________________________________________________________________________ 
|                                                                              |
|                  ** Quadrature Calculation through libqqc **                 |
|                                                                              |
|++++++++++++++++++++++++++++++++++++++++++++++++++++++++++++++++++++++++++++++|
| * Author(s): Benjamin Thomitzni                                              |
|++++++++++++++++++++++++++++++++++++++++++++++++++++++++++++++++++++++++++++++|
|                               Programm Details                               |
|------------------------------------------------------------------------------|
| * library vers.      v0.1                                                    |
|     -- Loader vers.  v0.1                                                    |
|     -- Vault vers.   v0.1                                                    |
|     -- Do_qmp2 vers. v0.1                                                    |
|------------------------------------------------------------------------------|
| * OpenMP enabled                                                             |
|     -- threads:   1                                                          |
| * MPI enabled                                                                |
|     -- processes: 144                                                        |
|++++++++++++++++++++++++++++++++++++++++++++++++++++++++++++++++++++++++++++++|
|                              Calculation Details                             |
|------------------------------------------------------------------------------|
| * Method:             Q-MP(2)                                                |
|------------------------------------------------------------------------------|
| * grid points (3D):   28880                                                  |
| * grid points (1D):   4                                                      |
|------------------------------------------------------------------------------|
| * atomic orbitals:    244                                                    |
| * molecular orbitals: 244                                                    |
|     -- occupied:      81                                                     |
|     -- virtual:       163                                                    |
|------------------------------------------------------------------------------|
|                                    Results                                   |
|------------------------------------------------------------------------------|
| * Ground State Energy Correction (eV): -2.27356                              |
|++++++++++++++++++++++++++++++++++++++++++++++++++++++++++++++++++++++++++++++|
|                              Calculation Timings                             |
|------------------------------------------------------------------------------|
| Timing Qmp2_energy::compute : CPU: 433248 ms ; Wall: 435334 ms               |
|     -- Setting up calculation: CPU: 323 ms ; Wall: 324 ms                    |
|     -- Calc. Batch 1/2: CPU: 435 ms ; Wall: 436 ms                           |
|     -- Calc. Batch 2/2: CPU: 432490 ms ; Wall: 434572 ms                     |
| Gather result fr. nodes : CPU: 5539 ms ; Wall: 5548 ms                       |
|------------------------------------------------------------------------------|
|             if no timings are printed, choose higher print level             |
|______________________________________________________________________________|

