/home/hd/hd_hd/hd_tb381/workspace/libqqc/runs/scan_mpionly
n1829
Mo 4. Apr 16:15:52 CEST 2022
#!/bin/bash
#SBATCH -J libqqc_mpionly_8x1
#SBATCH -n8 --cpus-per-task=1 -t12:00:00
#SBATCH --mem=200G
#SBATCH --job-name=libqqc_mpionly_8x1
#SBATCH --output=libqqc_mpionly_8x1_por-%j.out
#SBATCH --error=libqqc_mpionly_8x1_por-%j.err
pwd; hostname; date
cat run_8x1.sh
module load compiler/gnu
module load mpi/openmpi
cd ../../host_example/.
mpic++ -fopenmp -O3 -ffast-math -march=native main_mpi.cpp ../lib/libqqc.a -o 8x1.out
OMP_NUM_THREADS=1 srun --cpus-per-task=$OMP_NUM_THREADS ./8x1.out
rm 8x1.out
Timing Loader_qmp2_from_file:: loader :CPU: 0 ms ; Wall: 0 ms
Timings AoToMo CGTO: CPU: 2747 ms ; Wall: 2816 ms
    -- Loading in: CPU: 2325 ms ; Wall: 2393 ms
    -- Distribute Batch: CPU: 21 ms ; Wall: 21 ms
    -- Tranforming Batch: CPU: 278 ms ; Wall: 278 ms
    -- Distribute Batch Results: CPU: 66 ms ; Wall: 65 ms

Timings AoToMo Coulomb Integral: CPU: 2171434 ms ; Wall: 2178360 ms
    -- Loading in: CPU: 522004 ms ; Wall: 524900 ms
    -- Distribute Batch: CPU: 4977 ms ; Wall: 4990 ms
    -- Transforming Batch: CPU: 1616570 ms ; Wall: 1620516 ms
    -- Distribute Batch Results: CPU: 27248 ms ; Wall: 27316 ms

Timing Vault_qmp2:: vault : CPU: 2176329 ms ; Wall: 2183865 ms
Timing Do_qmp2:: qmp2 : CPU: 5980779 ms ; Wall: 5998163 ms
 ______________________________________________________________________________ 
|                                                                              |
|                  ** Quadrature Calculation through libqqc **                 |
|                                                                              |
|++++++++++++++++++++++++++++++++++++++++++++++++++++++++++++++++++++++++++++++|
| * Author(s): Benjamin Thomitzni                                              |
|++++++++++++++++++++++++++++++++++++++++++++++++++++++++++++++++++++++++++++++|
|                               Programm Details                               |
|------------------------------------------------------------------------------|
| * library vers.      v0.1                                                    |
|     -- Loader vers.  v0.1                                                    |
|     -- Vault vers.   v0.1                                                    |
|     -- Do_qmp2 vers. v0.1                                                    |
|------------------------------------------------------------------------------|
| * OpenMP enabled                                                             |
|     -- threads:   1                                                          |
| * MPI enabled                                                                |
|     -- processes: 8                                                          |
|++++++++++++++++++++++++++++++++++++++++++++++++++++++++++++++++++++++++++++++|
|                              Calculation Details                             |
|------------------------------------------------------------------------------|
| * Method:             Q-MP(2)                                                |
|------------------------------------------------------------------------------|
| * grid points (3D):   28880                                                  |
| * grid points (1D):   4                                                      |
|------------------------------------------------------------------------------|
| * atomic orbitals:    244                                                    |
| * molecular orbitals: 244                                                    |
|     -- occupied:      81                                                     |
|     -- virtual:       163                                                    |
|------------------------------------------------------------------------------|
|                                    Results                                   |
|------------------------------------------------------------------------------|
| * Ground State Energy Correction (eV): -2.27356                              |
|++++++++++++++++++++++++++++++++++++++++++++++++++++++++++++++++++++++++++++++|
|                              Calculation Timings                             |
|------------------------------------------------------------------------------|
| Timing Qmp2_energy::compute : CPU: 5943954 ms ; Wall: 5961241 ms             |
|     -- Setting up calculation: CPU: 515 ms ; Wall: 516 ms                    |
|     -- Calc. Batch 1/2: CPU: 190782 ms ; Wall: 191317 ms                     |
|     -- Calc. Batch 2/2: CPU: 5752658 ms ; Wall: 5769407 ms                   |
| Gather result fr. nodes : CPU: 36796 ms ; Wall: 36892 ms                     |
|------------------------------------------------------------------------------|
|             if no timings are printed, choose higher print level             |
|______________________________________________________________________________|

