/home/hd/hd_hd/hd_tb381/workspace/libqqc/runs/scan_mpionly
n1412
Mi 6. Apr 05:07:10 CEST 2022
#!/bin/bash
#SBATCH -J libqqc_mpionly_576x1
#SBATCH -n576 --cpus-per-task=1 -t12:00:00
#SBATCH --mem=200G
#SBATCH --job-name=libqqc_mpionly_576x1
#SBATCH --output=libqqc_mpionly_576x1_por-%j.out
#SBATCH --error=libqqc_mpionly_576x1_por-%j.err
pwd; hostname; date
cat run_576x1.sh
module load compiler/gnu
module load mpi/openmpi
cd ../../host_example/.
mpic++ -fopenmp -O3 -ffast-math -march=native main_mpi.cpp ../lib/libqqc.a -o 576x1.out
OMP_NUM_THREADS=1 srun --cpus-per-task=$OMP_NUM_THREADS ./576x1.out
rm 576x1.out
Timing Loader_qmp2_from_file:: loader :CPU: 0 ms ; Wall: 0 ms
Timings AoToMo CGTO: CPU: 3299 ms ; Wall: 3484 ms
    -- Loading in: CPU: 2768 ms ; Wall: 2877 ms
    -- Distribute Batch: CPU: 137 ms ; Wall: 210 ms
    -- Tranforming Batch: CPU: 12 ms ; Wall: 12 ms
    -- Distribute Batch Results: CPU: 311 ms ; Wall: 311 ms

Timings AoToMo Coulomb Integral: CPU: 818806 ms ; Wall: 822073 ms
    -- Loading in: CPU: 640680 ms ; Wall: 643328 ms
    -- Distribute Batch: CPU: 3444 ms ; Wall: 3456 ms
    -- Transforming Batch: CPU: 72644 ms ; Wall: 72925 ms
    -- Distribute Batch Results: CPU: 101909 ms ; Wall: 102229 ms

Timing Vault_qmp2:: vault : CPU: 824757 ms ; Wall: 828604 ms
Timing Do_qmp2:: qmp2 : CPU: 111533 ms ; Wall: 112020 ms
 ______________________________________________________________________________ 
|                                                                              |
|                  ** Quadrature Calculation through libqqc **                 |
|                                                                              |
|++++++++++++++++++++++++++++++++++++++++++++++++++++++++++++++++++++++++++++++|
| * Author(s): Benjamin Thomitzni                                              |
|++++++++++++++++++++++++++++++++++++++++++++++++++++++++++++++++++++++++++++++|
|                               Programm Details                               |
|------------------------------------------------------------------------------|
| * library vers.      v0.1                                                    |
|     -- Loader vers.  v0.1                                                    |
|     -- Vault vers.   v0.1                                                    |
|     -- Do_qmp2 vers. v0.1                                                    |
|------------------------------------------------------------------------------|
| * OpenMP enabled                                                             |
|     -- threads:   1                                                          |
| * MPI enabled                                                                |
|     -- processes: 576                                                        |
|++++++++++++++++++++++++++++++++++++++++++++++++++++++++++++++++++++++++++++++|
|                              Calculation Details                             |
|------------------------------------------------------------------------------|
| * Method:             Q-MP(2)                                                |
|------------------------------------------------------------------------------|
| * grid points (3D):   28880                                                  |
| * grid points (1D):   4                                                      |
|------------------------------------------------------------------------------|
| * atomic orbitals:    244                                                    |
| * molecular orbitals: 244                                                    |
|     -- occupied:      81                                                     |
|     -- virtual:       163                                                    |
|------------------------------------------------------------------------------|
|                                    Results                                   |
|------------------------------------------------------------------------------|
| * Ground State Energy Correction (eV): -2.27356                              |
|++++++++++++++++++++++++++++++++++++++++++++++++++++++++++++++++++++++++++++++|
|                              Calculation Timings                             |
|------------------------------------------------------------------------------|
| Timing Qmp2_energy::compute : CPU: 109627 ms ; Wall: 110112 ms               |
|     -- Setting up calculation: CPU: 710 ms ; Wall: 715 ms                    |
|     -- Calc. Batch 1/2: CPU: 97 ms ; Wall: 97 ms                             |
|     -- Calc. Batch 2/2: CPU: 108820 ms ; Wall: 109299 ms                     |
| Gather result fr. nodes : CPU: 1874 ms ; Wall: 1876 ms                       |
|------------------------------------------------------------------------------|
|             if no timings are printed, choose higher print level             |
|______________________________________________________________________________|

