/home/hd/hd_hd/hd_tb381/workspace/libqqc/runs/scan_mpionly
n1404
Mi 6. Apr 07:26:01 CEST 2022
#!/bin/bash
#SBATCH -J libqqc_mpionly_768x1
#SBATCH -n768 --cpus-per-task=1 -t12:00:00
#SBATCH --mem=200G
#SBATCH --job-name=libqqc_mpionly_768x1
#SBATCH --output=libqqc_mpionly_768x1_por-%j.out
#SBATCH --error=libqqc_mpionly_768x1_por-%j.err
pwd; hostname; date
cat run_768x1.sh
module load compiler/gnu
module load mpi/openmpi
cd ../../host_example/.
mpic++ -fopenmp -O3 -ffast-math -march=native main_mpi.cpp ../lib/libqqc.a -o 768x1.out
OMP_NUM_THREADS=1 srun --cpus-per-task=$OMP_NUM_THREADS ./768x1.out
rm 768x1.out
Timing Loader_qmp2_from_file:: loader :CPU: 0 ms ; Wall: 0 ms
Timings AoToMo CGTO: CPU: 3497 ms ; Wall: 3600 ms
    -- Loading in: CPU: 2751 ms ; Wall: 2763 ms
    -- Distribute Batch: CPU: 180 ms ; Wall: 264 ms
    -- Tranforming Batch: CPU: 48 ms ; Wall: 49 ms
    -- Distribute Batch Results: CPU: 446 ms ; Wall: 448 ms

Timings AoToMo Coulomb Integral: CPU: 1002611 ms ; Wall: 1007042 ms
    -- Loading in: CPU: 634598 ms ; Wall: 637422 ms
    -- Distribute Batch: CPU: 3415 ms ; Wall: 3429 ms
    -- Transforming Batch: CPU: 272188 ms ; Wall: 273407 ms
    -- Distribute Batch Results: CPU: 92213 ms ; Wall: 92582 ms

Timing Vault_qmp2:: vault : CPU: 1008777 ms ; Wall: 1013350 ms
Timing Do_qmp2:: qmp2 : CPU: 85391 ms ; Wall: 85784 ms
 ______________________________________________________________________________ 
|                                                                              |
|                  ** Quadrature Calculation through libqqc **                 |
|                                                                              |
|++++++++++++++++++++++++++++++++++++++++++++++++++++++++++++++++++++++++++++++|
| * Author(s): Benjamin Thomitzni                                              |
|++++++++++++++++++++++++++++++++++++++++++++++++++++++++++++++++++++++++++++++|
|                               Programm Details                               |
|------------------------------------------------------------------------------|
| * library vers.      v0.1                                                    |
|     -- Loader vers.  v0.1                                                    |
|     -- Vault vers.   v0.1                                                    |
|     -- Do_qmp2 vers. v0.1                                                    |
|------------------------------------------------------------------------------|
| * OpenMP enabled                                                             |
|     -- threads:   1                                                          |
| * MPI enabled                                                                |
|     -- processes: 768                                                        |
|++++++++++++++++++++++++++++++++++++++++++++++++++++++++++++++++++++++++++++++|
|                              Calculation Details                             |
|------------------------------------------------------------------------------|
| * Method:             Q-MP(2)                                                |
|------------------------------------------------------------------------------|
| * grid points (3D):   28880                                                  |
| * grid points (1D):   4                                                      |
|------------------------------------------------------------------------------|
| * atomic orbitals:    244                                                    |
| * molecular orbitals: 244                                                    |
|     -- occupied:      81                                                     |
|     -- virtual:       163                                                    |
|------------------------------------------------------------------------------|
|                                    Results                                   |
|------------------------------------------------------------------------------|
| * Ground State Energy Correction (eV): -2.27356                              |
|++++++++++++++++++++++++++++++++++++++++++++++++++++++++++++++++++++++++++++++|
|                              Calculation Timings                             |
|------------------------------------------------------------------------------|
| Timing Qmp2_energy::compute : CPU: 79021 ms ; Wall: 79403 ms                 |
|     -- Setting up calculation: CPU: 688 ms ; Wall: 693 ms                    |
|     -- Calc. Batch 1/2: CPU: 56 ms ; Wall: 56 ms                             |
|     -- Calc. Batch 2/2: CPU: 78277 ms ; Wall: 78653 ms                       |
| Gather result fr. nodes : CPU: 6337 ms ; Wall: 6347 ms                       |
|------------------------------------------------------------------------------|
|             if no timings are printed, choose higher print level             |
|______________________________________________________________________________|

