/home/hd/hd_hd/hd_tb381/workspace/libqqc/runs/scan_mpionly
n1716
Di 5. Apr 20:00:21 CEST 2022
#!/bin/bash
#SBATCH -J libqqc_mpionly_432x1
#SBATCH -n432 --cpus-per-task=1 -t12:00:00
#SBATCH --mem=200G
#SBATCH --job-name=libqqc_mpionly_432x1
#SBATCH --output=libqqc_mpionly_432x1_por-%j.out
#SBATCH --error=libqqc_mpionly_432x1_por-%j.err
pwd; hostname; date
cat run_432x1.sh
module load compiler/gnu
module load mpi/openmpi
cd ../../host_example/.
mpic++ -fopenmp -O3 -ffast-math -march=native main_mpi.cpp ../lib/libqqc.a -o 432x1.out
OMP_NUM_THREADS=1 srun --cpus-per-task=$OMP_NUM_THREADS ./432x1.out
rm 432x1.out
Timing Loader_qmp2_from_file:: loader :CPU: 0 ms ; Wall: 0 ms
Timings AoToMo CGTO: CPU: 3223 ms ; Wall: 3301 ms
    -- Loading in: CPU: 2707 ms ; Wall: 2716 ms
    -- Distribute Batch: CPU: 105 ms ; Wall: 158 ms
    -- Tranforming Batch: CPU: 41 ms ; Wall: 40 ms
    -- Distribute Batch Results: CPU: 303 ms ; Wall: 303 ms

Timings AoToMo Coulomb Integral: CPU: 978609 ms ; Wall: 982051 ms
    -- Loading in: CPU: 631613 ms ; Wall: 633855 ms
    -- Distribute Batch: CPU: 3450 ms ; Wall: 3463 ms
    -- Transforming Batch: CPU: 235082 ms ; Wall: 235918 ms
    -- Distribute Batch Results: CPU: 108285 ms ; Wall: 108631 ms

Timing Vault_qmp2:: vault : CPU: 984449 ms ; Wall: 988002 ms
Timing Do_qmp2:: qmp2 : CPU: 149518 ms ; Wall: 150162 ms
 ______________________________________________________________________________ 
|                                                                              |
|                  ** Quadrature Calculation through libqqc **                 |
|                                                                              |
|++++++++++++++++++++++++++++++++++++++++++++++++++++++++++++++++++++++++++++++|
| * Author(s): Benjamin Thomitzni                                              |
|++++++++++++++++++++++++++++++++++++++++++++++++++++++++++++++++++++++++++++++|
|                               Programm Details                               |
|------------------------------------------------------------------------------|
| * library vers.      v0.1                                                    |
|     -- Loader vers.  v0.1                                                    |
|     -- Vault vers.   v0.1                                                    |
|     -- Do_qmp2 vers. v0.1                                                    |
|------------------------------------------------------------------------------|
| * OpenMP enabled                                                             |
|     -- threads:   1                                                          |
| * MPI enabled                                                                |
|     -- processes: 432                                                        |
|++++++++++++++++++++++++++++++++++++++++++++++++++++++++++++++++++++++++++++++|
|                              Calculation Details                             |
|------------------------------------------------------------------------------|
| * Method:             Q-MP(2)                                                |
|------------------------------------------------------------------------------|
| * grid points (3D):   28880                                                  |
| * grid points (1D):   4                                                      |
|------------------------------------------------------------------------------|
| * atomic orbitals:    244                                                    |
| * molecular orbitals: 244                                                    |
|     -- occupied:      81                                                     |
|     -- virtual:       163                                                    |
|------------------------------------------------------------------------------|
|                                    Results                                   |
|------------------------------------------------------------------------------|
| * Ground State Energy Correction (eV): -2.27356                              |
|++++++++++++++++++++++++++++++++++++++++++++++++++++++++++++++++++++++++++++++|
|                              Calculation Timings                             |
|------------------------------------------------------------------------------|
| Timing Qmp2_energy::compute : CPU: 140840 ms ; Wall: 141465 ms               |
|     -- Setting up calculation: CPU: 342 ms ; Wall: 343 ms                    |
|     -- Calc. Batch 1/2: CPU: 57 ms ; Wall: 57 ms                             |
|     -- Calc. Batch 2/2: CPU: 140442 ms ; Wall: 141065 ms                     |
| Gather result fr. nodes : CPU: 8646 ms ; Wall: 8663 ms                       |
|------------------------------------------------------------------------------|
|             if no timings are printed, choose higher print level             |
|______________________________________________________________________________|

