/home/hd/hd_hd/hd_tb381/workspace/libqqc/runs/scan_mpionly
n1407
Mo 4. Apr 16:22:42 CEST 2022
#!/bin/bash
#SBATCH -J libqqc_mpionly_44x1
#SBATCH -n44 --cpus-per-task=1 -t12:00:00
#SBATCH --mem=200G
#SBATCH --job-name=libqqc_mpionly_44x1
#SBATCH --output=libqqc_mpionly_44x1_por-%j.out
#SBATCH --error=libqqc_mpionly_44x1_por-%j.err
pwd; hostname; date
cat run_44x1.sh
module load compiler/gnu
module load mpi/openmpi
cd ../../host_example/.
mpic++ -fopenmp -O3 -ffast-math -march=native main_mpi.cpp ../lib/libqqc.a -o 44x1.out
OMP_NUM_THREADS=1 srun --cpus-per-task=$OMP_NUM_THREADS ./44x1.out
rm 44x1.out
Timing Loader_qmp2_from_file:: loader :CPU: 0 ms ; Wall: 0 ms
Timings AoToMo CGTO: CPU: 3277 ms ; Wall: 3348 ms
    -- Loading in: CPU: 2749 ms ; Wall: 2817 ms
    -- Distribute Batch: CPU: 37 ms ; Wall: 37 ms
    -- Tranforming Batch: CPU: 63 ms ; Wall: 63 ms
    -- Distribute Batch Results: CPU: 364 ms ; Wall: 365 ms

Timings AoToMo Coulomb Integral: CPU: 1008522 ms ; Wall: 1012139 ms
    -- Loading in: CPU: 631707 ms ; Wall: 633988 ms
    -- Distribute Batch: CPU: 5826 ms ; Wall: 5846 ms
    -- Transforming Batch: CPU: 363597 ms ; Wall: 364882 ms
    -- Distribute Batch Results: CPU: 7155 ms ; Wall: 7181 ms

Timing Vault_qmp2:: vault : CPU: 1014413 ms ; Wall: 1018347 ms
Timing Do_qmp2:: qmp2 : CPU: 1341151 ms ; Wall: 1347045 ms
 ______________________________________________________________________________ 
|                                                                              |
|                  ** Quadrature Calculation through libqqc **                 |
|                                                                              |
|++++++++++++++++++++++++++++++++++++++++++++++++++++++++++++++++++++++++++++++|
| * Author(s): Benjamin Thomitzni                                              |
|++++++++++++++++++++++++++++++++++++++++++++++++++++++++++++++++++++++++++++++|
|                               Programm Details                               |
|------------------------------------------------------------------------------|
| * library vers.      v0.1                                                    |
|     -- Loader vers.  v0.1                                                    |
|     -- Vault vers.   v0.1                                                    |
|     -- Do_qmp2 vers. v0.1                                                    |
|------------------------------------------------------------------------------|
| * OpenMP enabled                                                             |
|     -- threads:   1                                                          |
| * MPI enabled                                                                |
|     -- processes: 44                                                         |
|++++++++++++++++++++++++++++++++++++++++++++++++++++++++++++++++++++++++++++++|
|                              Calculation Details                             |
|------------------------------------------------------------------------------|
| * Method:             Q-MP(2)                                                |
|------------------------------------------------------------------------------|
| * grid points (3D):   28880                                                  |
| * grid points (1D):   4                                                      |
|------------------------------------------------------------------------------|
| * atomic orbitals:    244                                                    |
| * molecular orbitals: 244                                                    |
|     -- occupied:      81                                                     |
|     -- virtual:       163                                                    |
|------------------------------------------------------------------------------|
|                                    Results                                   |
|------------------------------------------------------------------------------|
| * Ground State Energy Correction (eV): -2.27356                              |
|++++++++++++++++++++++++++++++++++++++++++++++++++++++++++++++++++++++++++++++|
|                              Calculation Timings                             |
|------------------------------------------------------------------------------|
| Timing Qmp2_energy::compute : CPU: 1335150 ms ; Wall: 1341034 ms             |
|     -- Setting up calculation: CPU: 2119 ms ; Wall: 2138 ms                  |
|     -- Calc. Batch 1/2: CPU: 7463 ms ; Wall: 7496 ms                         |
|     -- Calc. Batch 2/2: CPU: 1325567 ms ; Wall: 1331398 ms                   |
| Gather result fr. nodes : CPU: 5952 ms ; Wall: 5961 ms                       |
|------------------------------------------------------------------------------|
|             if no timings are printed, choose higher print level             |
|______________________________________________________________________________|

