/home/hd/hd_hd/hd_tb381/workspace/libqqc/runs/scan_mpionly
n1404
Di 5. Apr 20:03:05 CEST 2022
#!/bin/bash
#SBATCH -J libqqc_mpionly_480x1
#SBATCH -n480 --cpus-per-task=1 -t12:00:00
#SBATCH --mem=200G
#SBATCH --job-name=libqqc_mpionly_480x1
#SBATCH --output=libqqc_mpionly_480x1_por-%j.out
#SBATCH --error=libqqc_mpionly_480x1_por-%j.err
pwd; hostname; date
cat run_480x1.sh
module load compiler/gnu
module load mpi/openmpi
cd ../../host_example/.
mpic++ -fopenmp -O3 -ffast-math -march=native main_mpi.cpp ../lib/libqqc.a -o 480x1.out
OMP_NUM_THREADS=1 srun --cpus-per-task=$OMP_NUM_THREADS ./480x1.out
rm 480x1.out
Timing Loader_qmp2_from_file:: loader :CPU: 0 ms ; Wall: 0 ms
Timings AoToMo CGTO: CPU: 3234 ms ; Wall: 3309 ms
    -- Loading in: CPU: 2748 ms ; Wall: 2757 ms
    -- Distribute Batch: CPU: 116 ms ; Wall: 176 ms
    -- Tranforming Batch: CPU: 14 ms ; Wall: 13 ms
    -- Distribute Batch Results: CPU: 287 ms ; Wall: 289 ms

Timings AoToMo Coulomb Integral: CPU: 823466 ms ; Wall: 826469 ms
    -- Loading in: CPU: 632326 ms ; Wall: 634645 ms
    -- Distribute Batch: CPU: 3464 ms ; Wall: 3476 ms
    -- Transforming Batch: CPU: 77436 ms ; Wall: 77733 ms
    -- Distribute Batch Results: CPU: 110111 ms ; Wall: 110481 ms

Timing Vault_qmp2:: vault : CPU: 829330 ms ; Wall: 832441 ms
Timing Do_qmp2:: qmp2 : CPU: 132372 ms ; Wall: 132944 ms
 ______________________________________________________________________________ 
|                                                                              |
|                  ** Quadrature Calculation through libqqc **                 |
|                                                                              |
|++++++++++++++++++++++++++++++++++++++++++++++++++++++++++++++++++++++++++++++|
| * Author(s): Benjamin Thomitzni                                              |
|++++++++++++++++++++++++++++++++++++++++++++++++++++++++++++++++++++++++++++++|
|                               Programm Details                               |
|------------------------------------------------------------------------------|
| * library vers.      v0.1                                                    |
|     -- Loader vers.  v0.1                                                    |
|     -- Vault vers.   v0.1                                                    |
|     -- Do_qmp2 vers. v0.1                                                    |
|------------------------------------------------------------------------------|
| * OpenMP enabled                                                             |
|     -- threads:   1                                                          |
| * MPI enabled                                                                |
|     -- processes: 480                                                        |
|++++++++++++++++++++++++++++++++++++++++++++++++++++++++++++++++++++++++++++++|
|                              Calculation Details                             |
|------------------------------------------------------------------------------|
| * Method:             Q-MP(2)                                                |
|------------------------------------------------------------------------------|
| * grid points (3D):   28880                                                  |
| * grid points (1D):   4                                                      |
|------------------------------------------------------------------------------|
| * atomic orbitals:    244                                                    |
| * molecular orbitals: 244                                                    |
|     -- occupied:      81                                                     |
|     -- virtual:       163                                                    |
|------------------------------------------------------------------------------|
|                                    Results                                   |
|------------------------------------------------------------------------------|
| * Ground State Energy Correction (eV): -2.27356                              |
|++++++++++++++++++++++++++++++++++++++++++++++++++++++++++++++++++++++++++++++|
|                              Calculation Timings                             |
|------------------------------------------------------------------------------|
| Timing Qmp2_energy::compute : CPU: 132341 ms ; Wall: 132913 ms               |
|     -- Setting up calculation: CPU: 349 ms ; Wall: 350 ms                    |
|     -- Calc. Batch 1/2: CPU: 49 ms ; Wall: 49 ms                             |
|     -- Calc. Batch 2/2: CPU: 131942 ms ; Wall: 132512 ms                     |
| Gather result fr. nodes : CPU: 0 ms ; Wall: 0 ms                             |
|------------------------------------------------------------------------------|
|             if no timings are printed, choose higher print level             |
|______________________________________________________________________________|

