/home/hd/hd_hd/hd_tb381/workspace/libqqc/runs/scan_mpionly
n1724
Di 5. Apr 19:40:10 CEST 2022
#!/bin/bash
#SBATCH -J libqqc_mpionly_384x1
#SBATCH -n384 --cpus-per-task=1 -t12:00:00
#SBATCH --mem=200G
#SBATCH --job-name=libqqc_mpionly_384x1
#SBATCH --output=libqqc_mpionly_384x1_por-%j.out
#SBATCH --error=libqqc_mpionly_384x1_por-%j.err
pwd; hostname; date
cat run_384x1.sh
module load compiler/gnu
module load mpi/openmpi
cd ../../host_example/.
mpic++ -fopenmp -O3 -ffast-math -march=native main_mpi.cpp ../lib/libqqc.a -o 384x1.out
OMP_NUM_THREADS=1 srun --cpus-per-task=$OMP_NUM_THREADS ./384x1.out
rm 384x1.out
Timing Loader_qmp2_from_file:: loader :CPU: 0 ms ; Wall: 0 ms
Timings AoToMo CGTO: CPU: 3260 ms ; Wall: 3399 ms
    -- Loading in: CPU: 2783 ms ; Wall: 2855 ms
    -- Distribute Batch: CPU: 97 ms ; Wall: 160 ms
    -- Tranforming Batch: CPU: 15 ms ; Wall: 14 ms
    -- Distribute Batch Results: CPU: 297 ms ; Wall: 297 ms

Timings AoToMo Coulomb Integral: CPU: 839414 ms ; Wall: 842684 ms
    -- Loading in: CPU: 638086 ms ; Wall: 640570 ms
    -- Distribute Batch: CPU: 3620 ms ; Wall: 3633 ms
    -- Transforming Batch: CPU: 85310 ms ; Wall: 85659 ms
    -- Distribute Batch Results: CPU: 112262 ms ; Wall: 112678 ms

Timing Vault_qmp2:: vault : CPU: 845299 ms ; Wall: 848967 ms
Timing Do_qmp2:: qmp2 : CPU: 168383 ms ; Wall: 169139 ms
 ______________________________________________________________________________ 
|                                                                              |
|                  ** Quadrature Calculation through libqqc **                 |
|                                                                              |
|++++++++++++++++++++++++++++++++++++++++++++++++++++++++++++++++++++++++++++++|
| * Author(s): Benjamin Thomitzni                                              |
|++++++++++++++++++++++++++++++++++++++++++++++++++++++++++++++++++++++++++++++|
|                               Programm Details                               |
|------------------------------------------------------------------------------|
| * library vers.      v0.1                                                    |
|     -- Loader vers.  v0.1                                                    |
|     -- Vault vers.   v0.1                                                    |
|     -- Do_qmp2 vers. v0.1                                                    |
|------------------------------------------------------------------------------|
| * OpenMP enabled                                                             |
|     -- threads:   1                                                          |
| * MPI enabled                                                                |
|     -- processes: 384                                                        |
|++++++++++++++++++++++++++++++++++++++++++++++++++++++++++++++++++++++++++++++|
|                              Calculation Details                             |
|------------------------------------------------------------------------------|
| * Method:             Q-MP(2)                                                |
|------------------------------------------------------------------------------|
| * grid points (3D):   28880                                                  |
| * grid points (1D):   4                                                      |
|------------------------------------------------------------------------------|
| * atomic orbitals:    244                                                    |
| * molecular orbitals: 244                                                    |
|     -- occupied:      81                                                     |
|     -- virtual:       163                                                    |
|------------------------------------------------------------------------------|
|                                    Results                                   |
|------------------------------------------------------------------------------|
| * Ground State Energy Correction (eV): -2.27356                              |
|++++++++++++++++++++++++++++++++++++++++++++++++++++++++++++++++++++++++++++++|
|                              Calculation Timings                             |
|------------------------------------------------------------------------------|
| Timing Qmp2_energy::compute : CPU: 160947 ms ; Wall: 161685 ms               |
|     -- Setting up calculation: CPU: 306 ms ; Wall: 307 ms                    |
|     -- Calc. Batch 1/2: CPU: 67 ms ; Wall: 67 ms                             |
|     -- Calc. Batch 2/2: CPU: 160574 ms ; Wall: 161310 ms                     |
| Gather result fr. nodes : CPU: 7400 ms ; Wall: 7418 ms                       |
|------------------------------------------------------------------------------|
|             if no timings are printed, choose higher print level             |
|______________________________________________________________________________|

