/home/hd/hd_hd/hd_tb381/workspace/libqqc/runs/scan_mpionly
n1404
Mo 4. Apr 16:23:49 CEST 2022
#!/bin/bash
#SBATCH -J libqqc_mpionly_48x1
#SBATCH -n48 --cpus-per-task=1 -t12:00:00
#SBATCH --mem=200G
#SBATCH --job-name=libqqc_mpionly_48x1
#SBATCH --output=libqqc_mpionly_48x1_por-%j.out
#SBATCH --error=libqqc_mpionly_48x1_por-%j.err
pwd; hostname; date
cat run_48x1.sh
module load compiler/gnu
module load mpi/openmpi
cd ../../host_example/.
mpic++ -fopenmp -O3 -ffast-math -march=native main_mpi.cpp ../lib/libqqc.a -o 48x1.out
OMP_NUM_THREADS=1 srun --cpus-per-task=$OMP_NUM_THREADS ./48x1.out
rm 48x1.out
Timing Loader_qmp2_from_file:: loader :CPU: 0 ms ; Wall: 0 ms
Timings AoToMo CGTO: CPU: 3598 ms ; Wall: 3665 ms
    -- Loading in: CPU: 2780 ms ; Wall: 2843 ms
    -- Distribute Batch: CPU: 40 ms ; Wall: 39 ms
    -- Tranforming Batch: CPU: 59 ms ; Wall: 59 ms
    -- Distribute Batch Results: CPU: 654 ms ; Wall: 656 ms

Timings AoToMo Coulomb Integral: CPU: 1014357 ms ; Wall: 1018299 ms
    -- Loading in: CPU: 646408 ms ; Wall: 648780 ms
    -- Distribute Batch: CPU: 6573 ms ; Wall: 6594 ms
    -- Transforming Batch: CPU: 355758 ms ; Wall: 357283 ms
    -- Distribute Batch Results: CPU: 5320 ms ; Wall: 5341 ms

Timing Vault_qmp2:: vault : CPU: 1020579 ms ; Wall: 1024660 ms
Timing Do_qmp2:: qmp2 : CPU: 1305860 ms ; Wall: 1311807 ms
 ______________________________________________________________________________ 
|                                                                              |
|                  ** Quadrature Calculation through libqqc **                 |
|                                                                              |
|++++++++++++++++++++++++++++++++++++++++++++++++++++++++++++++++++++++++++++++|
| * Author(s): Benjamin Thomitzni                                              |
|++++++++++++++++++++++++++++++++++++++++++++++++++++++++++++++++++++++++++++++|
|                               Programm Details                               |
|------------------------------------------------------------------------------|
| * library vers.      v0.1                                                    |
|     -- Loader vers.  v0.1                                                    |
|     -- Vault vers.   v0.1                                                    |
|     -- Do_qmp2 vers. v0.1                                                    |
|------------------------------------------------------------------------------|
| * OpenMP enabled                                                             |
|     -- threads:   1                                                          |
| * MPI enabled                                                                |
|     -- processes: 48                                                         |
|++++++++++++++++++++++++++++++++++++++++++++++++++++++++++++++++++++++++++++++|
|                              Calculation Details                             |
|------------------------------------------------------------------------------|
| * Method:             Q-MP(2)                                                |
|------------------------------------------------------------------------------|
| * grid points (3D):   28880                                                  |
| * grid points (1D):   4                                                      |
|------------------------------------------------------------------------------|
| * atomic orbitals:    244                                                    |
| * molecular orbitals: 244                                                    |
|     -- occupied:      81                                                     |
|     -- virtual:       163                                                    |
|------------------------------------------------------------------------------|
|                                    Results                                   |
|------------------------------------------------------------------------------|
| * Ground State Energy Correction (eV): -2.27356                              |
|++++++++++++++++++++++++++++++++++++++++++++++++++++++++++++++++++++++++++++++|
|                              Calculation Timings                             |
|------------------------------------------------------------------------------|
| Timing Qmp2_energy::compute : CPU: 1300207 ms ; Wall: 1306137 ms             |
|     -- Setting up calculation: CPU: 2302 ms ; Wall: 2325 ms                  |
|     -- Calc. Batch 1/2: CPU: 6954 ms ; Wall: 6986 ms                         |
|     -- Calc. Batch 2/2: CPU: 1290951 ms ; Wall: 1296825 ms                   |
| Gather result fr. nodes : CPU: 5598 ms ; Wall: 5614 ms                       |
|------------------------------------------------------------------------------|
|             if no timings are printed, choose higher print level             |
|______________________________________________________________________________|

