/home/hd/hd_hd/hd_tb381/workspace/libqqc/runs/scan_mpionly
n1404
Mi 6. Apr 07:44:39 CEST 2022
#!/bin/bash
#SBATCH -J libqqc_mpionly_816x1
#SBATCH -n816 --cpus-per-task=1 -t12:00:00
#SBATCH --mem=200G
#SBATCH --job-name=libqqc_mpionly_816x1
#SBATCH --output=libqqc_mpionly_816x1_por-%j.out
#SBATCH --error=libqqc_mpionly_816x1_por-%j.err
pwd; hostname; date
cat run_816x1.sh
module load compiler/gnu
module load mpi/openmpi
cd ../../host_example/.
mpic++ -fopenmp -O3 -ffast-math -march=native main_mpi.cpp ../lib/libqqc.a -o 816x1.out
OMP_NUM_THREADS=1 srun --cpus-per-task=$OMP_NUM_THREADS ./816x1.out
rm 816x1.out
Timing Loader_qmp2_from_file:: loader :CPU: 0 ms ; Wall: 0 ms
Timings AoToMo CGTO: CPU: 3463 ms ; Wall: 3586 ms
    -- Loading in: CPU: 2734 ms ; Wall: 2745 ms
    -- Distribute Batch: CPU: 186 ms ; Wall: 296 ms
    -- Tranforming Batch: CPU: 34 ms ; Wall: 34 ms
    -- Distribute Batch Results: CPU: 435 ms ; Wall: 436 ms

Timings AoToMo Coulomb Integral: CPU: 912742 ms ; Wall: 916294 ms
    -- Loading in: CPU: 640485 ms ; Wall: 643015 ms
    -- Distribute Batch: CPU: 3460 ms ; Wall: 3472 ms
    -- Transforming Batch: CPU: 193767 ms ; Wall: 194516 ms
    -- Distribute Batch Results: CPU: 74860 ms ; Wall: 75117 ms

Timing Vault_qmp2:: vault : CPU: 918860 ms ; Wall: 922572 ms
Timing Do_qmp2:: qmp2 : CPU: 81510 ms ; Wall: 81852 ms
 ______________________________________________________________________________ 
|                                                                              |
|                  ** Quadrature Calculation through libqqc **                 |
|                                                                              |
|++++++++++++++++++++++++++++++++++++++++++++++++++++++++++++++++++++++++++++++|
| * Author(s): Benjamin Thomitzni                                              |
|++++++++++++++++++++++++++++++++++++++++++++++++++++++++++++++++++++++++++++++|
|                               Programm Details                               |
|------------------------------------------------------------------------------|
| * library vers.      v0.1                                                    |
|     -- Loader vers.  v0.1                                                    |
|     -- Vault vers.   v0.1                                                    |
|     -- Do_qmp2 vers. v0.1                                                    |
|------------------------------------------------------------------------------|
| * OpenMP enabled                                                             |
|     -- threads:   1                                                          |
| * MPI enabled                                                                |
|     -- processes: 816                                                        |
|++++++++++++++++++++++++++++++++++++++++++++++++++++++++++++++++++++++++++++++|
|                              Calculation Details                             |
|------------------------------------------------------------------------------|
| * Method:             Q-MP(2)                                                |
|------------------------------------------------------------------------------|
| * grid points (3D):   28880                                                  |
| * grid points (1D):   4                                                      |
|------------------------------------------------------------------------------|
| * atomic orbitals:    244                                                    |
| * molecular orbitals: 244                                                    |
|     -- occupied:      81                                                     |
|     -- virtual:       163                                                    |
|------------------------------------------------------------------------------|
|                                    Results                                   |
|------------------------------------------------------------------------------|
| * Ground State Energy Correction (eV): -2.27356                              |
|++++++++++++++++++++++++++++++++++++++++++++++++++++++++++++++++++++++++++++++|
|                              Calculation Timings                             |
|------------------------------------------------------------------------------|
| Timing Qmp2_energy::compute : CPU: 75272 ms ; Wall: 75604 ms                 |
|     -- Setting up calculation: CPU: 1170 ms ; Wall: 1179 ms                  |
|     -- Calc. Batch 1/2: CPU: 50 ms ; Wall: 50 ms                             |
|     -- Calc. Batch 2/2: CPU: 74052 ms ; Wall: 74374 ms                       |
| Gather result fr. nodes : CPU: 6205 ms ; Wall: 6214 ms                       |
|------------------------------------------------------------------------------|
|             if no timings are printed, choose higher print level             |
|______________________________________________________________________________|

