/home/hd/hd_hd/hd_tb381/workspace/libqqc/runs/scan_mpionly
n1613
Mo 4. Apr 16:18:43 CEST 2022
#!/bin/bash
#SBATCH -J libqqc_mpionly_24x1
#SBATCH -n24 --cpus-per-task=1 -t12:00:00
#SBATCH --mem=200G
#SBATCH --job-name=libqqc_mpionly_24x1
#SBATCH --output=libqqc_mpionly_24x1_por-%j.out
#SBATCH --error=libqqc_mpionly_24x1_por-%j.err
pwd; hostname; date
cat run_24x1.sh
module load compiler/gnu
module load mpi/openmpi
cd ../../host_example/.
mpic++ -fopenmp -O3 -ffast-math -march=native main_mpi.cpp ../lib/libqqc.a -o 24x1.out
OMP_NUM_THREADS=1 srun --cpus-per-task=$OMP_NUM_THREADS ./24x1.out
rm 24x1.out
Timing Loader_qmp2_from_file:: loader :CPU: 0 ms ; Wall: 0 ms
Timings AoToMo CGTO: CPU: 2855 ms ; Wall: 2867 ms
    -- Loading in: CPU: 2269 ms ; Wall: 2278 ms
    -- Distribute Batch: CPU: 28 ms ; Wall: 28 ms
    -- Tranforming Batch: CPU: 94 ms ; Wall: 94 ms
    -- Distribute Batch Results: CPU: 409 ms ; Wall: 410 ms

Timings AoToMo Coulomb Integral: CPU: 1081948 ms ; Wall: 1084775 ms
    -- Loading in: CPU: 526754 ms ; Wall: 528084 ms
    -- Distribute Batch: CPU: 5188 ms ; Wall: 5201 ms
    -- Transforming Batch: CPU: 545981 ms ; Wall: 547450 ms
    -- Distribute Batch Results: CPU: 3695 ms ; Wall: 3705 ms

Timing Vault_qmp2:: vault : CPU: 1086953 ms ; Wall: 1089897 ms
Timing Do_qmp2:: qmp2 : CPU: 2065435 ms ; Wall: 2071312 ms
 ______________________________________________________________________________ 
|                                                                              |
|                  ** Quadrature Calculation through libqqc **                 |
|                                                                              |
|++++++++++++++++++++++++++++++++++++++++++++++++++++++++++++++++++++++++++++++|
| * Author(s): Benjamin Thomitzni                                              |
|++++++++++++++++++++++++++++++++++++++++++++++++++++++++++++++++++++++++++++++|
|                               Programm Details                               |
|------------------------------------------------------------------------------|
| * library vers.      v0.1                                                    |
|     -- Loader vers.  v0.1                                                    |
|     -- Vault vers.   v0.1                                                    |
|     -- Do_qmp2 vers. v0.1                                                    |
|------------------------------------------------------------------------------|
| * OpenMP enabled                                                             |
|     -- threads:   1                                                          |
| * MPI enabled                                                                |
|     -- processes: 24                                                         |
|++++++++++++++++++++++++++++++++++++++++++++++++++++++++++++++++++++++++++++++|
|                              Calculation Details                             |
|------------------------------------------------------------------------------|
| * Method:             Q-MP(2)                                                |
|------------------------------------------------------------------------------|
| * grid points (3D):   28880                                                  |
| * grid points (1D):   4                                                      |
|------------------------------------------------------------------------------|
| * atomic orbitals:    244                                                    |
| * molecular orbitals: 244                                                    |
|     -- occupied:      81                                                     |
|     -- virtual:       163                                                    |
|------------------------------------------------------------------------------|
|                                    Results                                   |
|------------------------------------------------------------------------------|
| * Ground State Energy Correction (eV): -2.27356                              |
|++++++++++++++++++++++++++++++++++++++++++++++++++++++++++++++++++++++++++++++|
|                              Calculation Timings                             |
|------------------------------------------------------------------------------|
| Timing Qmp2_energy::compute : CPU: 2065401 ms ; Wall: 2071277 ms             |
|     -- Setting up calculation: CPU: 1131 ms ; Wall: 1135 ms                  |
|     -- Calc. Batch 1/2: CPU: 20776 ms ; Wall: 20836 ms                       |
|     -- Calc. Batch 2/2: CPU: 2043495 ms ; Wall: 2049305 ms                   |
| Gather result fr. nodes : CPU: 0 ms ; Wall: 0 ms                             |
|------------------------------------------------------------------------------|
|             if no timings are printed, choose higher print level             |
|______________________________________________________________________________|

