/home/hd/hd_hd/hd_tb381/workspace/libqqc/runs/scan_mpionly
n1404
Mi 6. Apr 08:01:42 CEST 2022
#!/bin/bash
#SBATCH -J libqqc_mpionly_864x1
#SBATCH -n864 --cpus-per-task=1 -t12:00:00
#SBATCH --mem=200G
#SBATCH --job-name=libqqc_mpionly_864x1
#SBATCH --output=libqqc_mpionly_864x1_por-%j.out
#SBATCH --error=libqqc_mpionly_864x1_por-%j.err
pwd; hostname; date
cat run_864x1.sh
module load compiler/gnu
module load mpi/openmpi
cd ../../host_example/.
mpic++ -fopenmp -O3 -ffast-math -march=native main_mpi.cpp ../lib/libqqc.a -o 864x1.out
OMP_NUM_THREADS=1 srun --cpus-per-task=$OMP_NUM_THREADS ./864x1.out
rm 864x1.out
Timing Loader_qmp2_from_file:: loader :CPU: 0 ms ; Wall: 0 ms
Timings AoToMo CGTO: CPU: 3469 ms ; Wall: 3635 ms
    -- Loading in: CPU: 2734 ms ; Wall: 2744 ms
    -- Distribute Batch: CPU: 202 ms ; Wall: 354 ms
    -- Tranforming Batch: CPU: 38 ms ; Wall: 38 ms
    -- Distribute Batch Results: CPU: 420 ms ; Wall: 422 ms

Timings AoToMo Coulomb Integral: CPU: 948385 ms ; Wall: 952340 ms
    -- Loading in: CPU: 636251 ms ; Wall: 638867 ms
    -- Distribute Batch: CPU: 3458 ms ; Wall: 3472 ms
    -- Transforming Batch: CPU: 217911 ms ; Wall: 218869 ms
    -- Distribute Batch Results: CPU: 90585 ms ; Wall: 90946 ms

Timing Vault_qmp2:: vault : CPU: 954505 ms ; Wall: 958664 ms
Timing Do_qmp2:: qmp2 : CPU: 76521 ms ; Wall: 76879 ms
 ______________________________________________________________________________ 
|                                                                              |
|                  ** Quadrature Calculation through libqqc **                 |
|                                                                              |
|++++++++++++++++++++++++++++++++++++++++++++++++++++++++++++++++++++++++++++++|
| * Author(s): Benjamin Thomitzni                                              |
|++++++++++++++++++++++++++++++++++++++++++++++++++++++++++++++++++++++++++++++|
|                               Programm Details                               |
|------------------------------------------------------------------------------|
| * library vers.      v0.1                                                    |
|     -- Loader vers.  v0.1                                                    |
|     -- Vault vers.   v0.1                                                    |
|     -- Do_qmp2 vers. v0.1                                                    |
|------------------------------------------------------------------------------|
| * OpenMP enabled                                                             |
|     -- threads:   1                                                          |
| * MPI enabled                                                                |
|     -- processes: 864                                                        |
|++++++++++++++++++++++++++++++++++++++++++++++++++++++++++++++++++++++++++++++|
|                              Calculation Details                             |
|------------------------------------------------------------------------------|
| * Method:             Q-MP(2)                                                |
|------------------------------------------------------------------------------|
| * grid points (3D):   28880                                                  |
| * grid points (1D):   4                                                      |
|------------------------------------------------------------------------------|
| * atomic orbitals:    244                                                    |
| * molecular orbitals: 244                                                    |
|     -- occupied:      81                                                     |
|     -- virtual:       163                                                    |
|------------------------------------------------------------------------------|
|                                    Results                                   |
|------------------------------------------------------------------------------|
| * Ground State Energy Correction (eV): -2.27356                              |
|++++++++++++++++++++++++++++++++++++++++++++++++++++++++++++++++++++++++++++++|
|                              Calculation Timings                             |
|------------------------------------------------------------------------------|
| Timing Qmp2_energy::compute : CPU: 71200 ms ; Wall: 71548 ms                 |
|     -- Setting up calculation: CPU: 962 ms ; Wall: 969 ms                    |
|     -- Calc. Batch 1/2: CPU: 44 ms ; Wall: 44 ms                             |
|     -- Calc. Batch 2/2: CPU: 70194 ms ; Wall: 70534 ms                       |
| Gather result fr. nodes : CPU: 5285 ms ; Wall: 5294 ms                       |
|------------------------------------------------------------------------------|
|             if no timings are printed, choose higher print level             |
|______________________________________________________________________________|

