/home/hd/hd_hd/hd_tb381/workspace/libqqc/runs/w_eigen/scan_hybrid
n1329
Fr 15. Apr 12:04:42 CEST 2022
#!/bin/bash
#SBATCH -J libqqc_hybrid_3x48
#SBATCH -n3 --cpus-per-task=48 -t12:00:00
#SBATCH --mem=200G
#SBATCH --job-name=libqqc_hybrid_3x48
#SBATCH --output=libqqc_hybrid_3x48_por-%j.out
#SBATCH --error=libqqc_hybrid_3x48_por-%j.err
pwd; hostname; date
cat run_3x48.sh
module load compiler/gnu
module load mpi/openmpi
cd ../../../host_example/.
mpic++ -fopenmp -O3 -ffast-math -march=native main_mpi.cpp ../lib/libqqc.a -o 3x48.out
OMP_NUM_THREADS=48 srun --cpus-per-task=$OMP_NUM_THREADS ./3x48.out
rm 3x48.out
Timing Loader_qmp2_from_file:: loader :CPU: 0 ms ; Wall: 0 ms
Timings AoToMo CGTO: CPU: 372 ms ; Wall: 17 ms
    -- Loading in: CPU: 10 ms ; Wall: 9 ms
    -- Distribute Batch: CPU: 0 ms ; Wall: 0 ms
    -- Tranforming Batch: CPU: 23 ms ; Wall: 1 ms
    -- Distribute Batch Results: CPU: 95 ms ; Wall: 1 ms

Timings AoToMo Coulomb Integral: CPU: 471 ms ; Wall: 118 ms
    -- Loading in: CPU: 107 ms ; Wall: 107 ms
    -- Distribute Batch: CPU: 1 ms ; Wall: 0 ms
    -- Transforming Batch: CPU: 140 ms ; Wall: 3 ms
    -- Distribute Batch Results: CPU: 47 ms ; Wall: 0 ms

Timing Vault_qmp2:: vault : CPU: 902 ms ; Wall: 156 ms
Timing Do_qmp2:: qmp2 : CPU: 790 ms ; Wall: 16 ms
 ______________________________________________________________________________ 
|                                                                              |
|                  ** Quadrature Calculation through libqqc **                 |
|                                                                              |
|++++++++++++++++++++++++++++++++++++++++++++++++++++++++++++++++++++++++++++++|
| * Author(s): Benjamin Thomitzni                                              |
|++++++++++++++++++++++++++++++++++++++++++++++++++++++++++++++++++++++++++++++|
|                               Programm Details                               |
|------------------------------------------------------------------------------|
| * library vers.      v0.1                                                    |
|     -- Loader vers.  v0.1                                                    |
|     -- Vault vers.   v0.1                                                    |
|     -- Do_qmp2 vers. v0.1                                                    |
|------------------------------------------------------------------------------|
| * OpenMP enabled                                                             |
|     -- threads:   48                                                         |
| * MPI enabled                                                                |
|     -- processes: 3                                                          |
|++++++++++++++++++++++++++++++++++++++++++++++++++++++++++++++++++++++++++++++|
|                              Calculation Details                             |
|------------------------------------------------------------------------------|
| * Method:             Q-MP(2)                                                |
|------------------------------------------------------------------------------|
| * grid points (3D):   2280                                                   |
| * grid points (1D):   4                                                      |
|------------------------------------------------------------------------------|
| * atomic orbitals:    13                                                     |
| * molecular orbitals: 13                                                     |
|     -- occupied:      5                                                      |
|     -- virtual:       8                                                      |
|------------------------------------------------------------------------------|
|                                    Results                                   |
|------------------------------------------------------------------------------|
| * Ground State Energy Correction (eV): -0.124222                             |
|++++++++++++++++++++++++++++++++++++++++++++++++++++++++++++++++++++++++++++++|
|                              Calculation Timings                             |
|------------------------------------------------------------------------------|
| Timing Qmp2_energy::compute : CPU: 735 ms ; Wall: 15 ms                      |
|     -- Setting up calculation: CPU: 0 ms ; Wall: 0 ms                        |
|     -- Calc. Batch 1/2: CPU: 67 ms ; Wall: 2 ms                              |
|     -- Calc. Batch 2/2: CPU: 668 ms ; Wall: 13 ms                            |
| Gather result fr. nodes : CPU: 0 ms ; Wall: 0 ms                             |
|------------------------------------------------------------------------------|
|             if no timings are printed, choose higher print level             |
|______________________________________________________________________________|

