/home/hd/hd_hd/hd_tb381/workspace/libqqc/runs/w_eigen/scan_hybrid
n1620
Fr 15. Apr 12:04:12 CEST 2022
#!/bin/bash
#SBATCH -J libqqc_hybrid_1x8
#SBATCH -n1 --cpus-per-task=8 -t12:00:00
#SBATCH --mem=200G
#SBATCH --job-name=libqqc_hybrid_1x8
#SBATCH --output=libqqc_hybrid_1x8_por-%j.out
#SBATCH --error=libqqc_hybrid_1x8_por-%j.err
pwd; hostname; date
cat run_1x8.sh
module load compiler/gnu
module load mpi/openmpi
cd ../../../host_example/.
mpic++ -fopenmp -O3 -ffast-math -march=native main_mpi.cpp ../lib/libqqc.a -o 1x8.out
OMP_NUM_THREADS=8 srun --cpus-per-task=$OMP_NUM_THREADS ./1x8.out
rm 1x8.out
Timing Loader_qmp2_from_file:: loader :CPU: 0 ms ; Wall: 0 ms
Timings AoToMo CGTO: CPU: 58 ms ; Wall: 19 ms
    -- Loading in: CPU: 17 ms ; Wall: 13 ms
    -- Distribute Batch: CPU: 0 ms ; Wall: 0 ms
    -- Tranforming Batch: CPU: 9 ms ; Wall: 1 ms
    -- Distribute Batch Results: CPU: 0 ms ; Wall: 0 ms

Timings AoToMo Coulomb Integral: CPU: 294 ms ; Wall: 230 ms
    -- Loading in: CPU: 220 ms ; Wall: 218 ms
    -- Distribute Batch: CPU: 0 ms ; Wall: 0 ms
    -- Transforming Batch: CPU: 40 ms ; Wall: 5 ms
    -- Distribute Batch Results: CPU: 0 ms ; Wall: 0 ms

Timing Vault_qmp2:: vault : CPU: 359 ms ; Wall: 262 ms
Timing Do_qmp2:: qmp2 : CPU: 1461 ms ; Wall: 182 ms
 ______________________________________________________________________________ 
|                                                                              |
|                  ** Quadrature Calculation through libqqc **                 |
|                                                                              |
|++++++++++++++++++++++++++++++++++++++++++++++++++++++++++++++++++++++++++++++|
| * Author(s): Benjamin Thomitzni                                              |
|++++++++++++++++++++++++++++++++++++++++++++++++++++++++++++++++++++++++++++++|
|                               Programm Details                               |
|------------------------------------------------------------------------------|
| * library vers.      v0.1                                                    |
|     -- Loader vers.  v0.1                                                    |
|     -- Vault vers.   v0.1                                                    |
|     -- Do_qmp2 vers. v0.1                                                    |
|------------------------------------------------------------------------------|
| * OpenMP enabled                                                             |
|     -- threads:   8                                                          |
| * MPI enabled                                                                |
|     -- processes: 1                                                          |
|++++++++++++++++++++++++++++++++++++++++++++++++++++++++++++++++++++++++++++++|
|                              Calculation Details                             |
|------------------------------------------------------------------------------|
| * Method:             Q-MP(2)                                                |
|------------------------------------------------------------------------------|
| * grid points (3D):   2280                                                   |
| * grid points (1D):   4                                                      |
|------------------------------------------------------------------------------|
| * atomic orbitals:    13                                                     |
| * molecular orbitals: 13                                                     |
|     -- occupied:      5                                                      |
|     -- virtual:       8                                                      |
|------------------------------------------------------------------------------|
|                                    Results                                   |
|------------------------------------------------------------------------------|
| * Ground State Energy Correction (eV): -0.124222                             |
|++++++++++++++++++++++++++++++++++++++++++++++++++++++++++++++++++++++++++++++|
|                              Calculation Timings                             |
|------------------------------------------------------------------------------|
| Timing Qmp2_energy::compute : CPU: 1459 ms ; Wall: 182 ms                    |
|     -- Setting up calculation: CPU: 0 ms ; Wall: 0 ms                        |
|     -- Calc. Batch 1/2: CPU: 365 ms ; Wall: 45 ms                            |
|     -- Calc. Batch 2/2: CPU: 1094 ms ; Wall: 136 ms                          |
| Gather result fr. nodes : CPU: 0 ms ; Wall: 0 ms                             |
|------------------------------------------------------------------------------|
|             if no timings are printed, choose higher print level             |
|______________________________________________________________________________|

