/home/hd/hd_hd/hd_tb381/workspace/libqqc/runs/w_eigen/scan_hybrid
n1431
Fr 15. Apr 12:04:12 CEST 2022
#!/bin/bash
#SBATCH -J libqqc_hybrid_1x40
#SBATCH -n1 --cpus-per-task=40 -t12:00:00
#SBATCH --mem=200G
#SBATCH --job-name=libqqc_hybrid_1x40
#SBATCH --output=libqqc_hybrid_1x40_por-%j.out
#SBATCH --error=libqqc_hybrid_1x40_por-%j.err
pwd; hostname; date
cat run_1x40.sh
module load compiler/gnu
module load mpi/openmpi
cd ../../../host_example/.
mpic++ -fopenmp -O3 -ffast-math -march=native main_mpi.cpp ../lib/libqqc.a -o 1x40.out
OMP_NUM_THREADS=40 srun --cpus-per-task=$OMP_NUM_THREADS ./1x40.out
rm 1x40.out
Timing Loader_qmp2_from_file:: loader :CPU: 0 ms ; Wall: 0 ms
Timings AoToMo CGTO: CPU: 333 ms ; Wall: 24 ms
    -- Loading in: CPU: 11 ms ; Wall: 15 ms
    -- Distribute Batch: CPU: 0 ms ; Wall: 0 ms
    -- Tranforming Batch: CPU: 102 ms ; Wall: 2 ms
    -- Distribute Batch Results: CPU: 0 ms ; Wall: 0 ms

Timings AoToMo Coulomb Integral: CPU: 761 ms ; Wall: 244 ms
    -- Loading in: CPU: 226 ms ; Wall: 228 ms
    -- Distribute Batch: CPU: 0 ms ; Wall: 0 ms
    -- Transforming Batch: CPU: 326 ms ; Wall: 8 ms
    -- Distribute Batch Results: CPU: 0 ms ; Wall: 0 ms

Timing Vault_qmp2:: vault : CPU: 1124 ms ; Wall: 285 ms
Timing Do_qmp2:: qmp2 : CPU: 2095 ms ; Wall: 53 ms
 ______________________________________________________________________________ 
|                                                                              |
|                  ** Quadrature Calculation through libqqc **                 |
|                                                                              |
|++++++++++++++++++++++++++++++++++++++++++++++++++++++++++++++++++++++++++++++|
| * Author(s): Benjamin Thomitzni                                              |
|++++++++++++++++++++++++++++++++++++++++++++++++++++++++++++++++++++++++++++++|
|                               Programm Details                               |
|------------------------------------------------------------------------------|
| * library vers.      v0.1                                                    |
|     -- Loader vers.  v0.1                                                    |
|     -- Vault vers.   v0.1                                                    |
|     -- Do_qmp2 vers. v0.1                                                    |
|------------------------------------------------------------------------------|
| * OpenMP enabled                                                             |
|     -- threads:   40                                                         |
| * MPI enabled                                                                |
|     -- processes: 1                                                          |
|++++++++++++++++++++++++++++++++++++++++++++++++++++++++++++++++++++++++++++++|
|                              Calculation Details                             |
|------------------------------------------------------------------------------|
| * Method:             Q-MP(2)                                                |
|------------------------------------------------------------------------------|
| * grid points (3D):   2280                                                   |
| * grid points (1D):   4                                                      |
|------------------------------------------------------------------------------|
| * atomic orbitals:    13                                                     |
| * molecular orbitals: 13                                                     |
|     -- occupied:      5                                                      |
|     -- virtual:       8                                                      |
|------------------------------------------------------------------------------|
|                                    Results                                   |
|------------------------------------------------------------------------------|
| * Ground State Energy Correction (eV): -0.124222                             |
|++++++++++++++++++++++++++++++++++++++++++++++++++++++++++++++++++++++++++++++|
|                              Calculation Timings                             |
|------------------------------------------------------------------------------|
| Timing Qmp2_energy::compute : CPU: 2055 ms ; Wall: 52 ms                     |
|     -- Setting up calculation: CPU: 0 ms ; Wall: 0 ms                        |
|     -- Calc. Batch 1/2: CPU: 540 ms ; Wall: 13 ms                            |
|     -- Calc. Batch 2/2: CPU: 1516 ms ; Wall: 38 ms                           |
| Gather result fr. nodes : CPU: 0 ms ; Wall: 0 ms                             |
|------------------------------------------------------------------------------|
|             if no timings are printed, choose higher print level             |
|______________________________________________________________________________|

