/home/hd/hd_hd/hd_tb381/workspace/libqqc/runs/w_eigen/scan_hybrid
n1401
Sa 16. Apr 10:17:00 CEST 2022
#!/bin/bash
#SBATCH -J libqqc_hybrid_16x48
#SBATCH -n16 --cpus-per-task=48 -t12:00:00
#SBATCH --mem=200G
#SBATCH --job-name=libqqc_hybrid_16x48
#SBATCH --output=libqqc_hybrid_16x48_por-%j.out
#SBATCH --error=libqqc_hybrid_16x48_por-%j.err
pwd; hostname; date
cat run_16x48.sh
module load compiler/gnu
module load mpi/openmpi
cd ../../../host_example/.
mpic++ -fopenmp -O3 -ffast-math -march=native main_mpi.cpp ../lib/libqqc.a -o 16x48.out
OMP_NUM_THREADS=48 srun --cpus-per-task=$OMP_NUM_THREADS ./16x48.out
rm 16x48.out
Timing Loader_qmp2_from_file:: loader :CPU: 0 ms ; Wall: 0 ms
Timings AoToMo CGTO: CPU: 528 ms ; Wall: 50 ms
    -- Loading in: CPU: 34 ms ; Wall: 34 ms
    -- Distribute Batch: CPU: 1 ms ; Wall: 1 ms
    -- Tranforming Batch: CPU: 1 ms ; Wall: 0 ms
    -- Distribute Batch Results: CPU: 234 ms ; Wall: 4 ms

Timings AoToMo Coulomb Integral: CPU: 1253 ms ; Wall: 810 ms
    -- Loading in: CPU: 782 ms ; Wall: 782 ms
    -- Distribute Batch: CPU: 7 ms ; Wall: 7 ms
    -- Transforming Batch: CPU: 158 ms ; Wall: 3 ms
    -- Distribute Batch Results: CPU: 261 ms ; Wall: 7 ms

Timing Vault_qmp2:: vault : CPU: 1829 ms ; Wall: 886 ms
Timing Do_qmp2:: qmp2 : CPU: 6585 ms ; Wall: 155 ms
 ______________________________________________________________________________ 
|                                                                              |
|                  ** Quadrature Calculation through libqqc **                 |
|                                                                              |
|++++++++++++++++++++++++++++++++++++++++++++++++++++++++++++++++++++++++++++++|
| * Author(s): Benjamin Thomitzni                                              |
|++++++++++++++++++++++++++++++++++++++++++++++++++++++++++++++++++++++++++++++|
|                               Programm Details                               |
|------------------------------------------------------------------------------|
| * library vers.      v0.1                                                    |
|     -- Loader vers.  v0.1                                                    |
|     -- Vault vers.   v0.1                                                    |
|     -- Do_qmp2 vers. v0.1                                                    |
|------------------------------------------------------------------------------|
| * OpenMP enabled                                                             |
|     -- threads:   48                                                         |
| * MPI enabled                                                                |
|     -- processes: 16                                                         |
|++++++++++++++++++++++++++++++++++++++++++++++++++++++++++++++++++++++++++++++|
|                              Calculation Details                             |
|------------------------------------------------------------------------------|
| * Method:             Q-MP(2)                                                |
|------------------------------------------------------------------------------|
| * grid points (3D):   4560                                                   |
| * grid points (1D):   16                                                     |
|------------------------------------------------------------------------------|
| * atomic orbitals:    26                                                     |
| * molecular orbitals: 26                                                     |
|     -- occupied:      9                                                      |
|     -- virtual:       17                                                     |
|------------------------------------------------------------------------------|
|                                    Results                                   |
|------------------------------------------------------------------------------|
| * Ground State Energy Correction (eV): -0.216353                             |
|++++++++++++++++++++++++++++++++++++++++++++++++++++++++++++++++++++++++++++++|
|                              Calculation Timings                             |
|------------------------------------------------------------------------------|
| Timing Qmp2_energy::compute : CPU: 6313 ms ; Wall: 133 ms                    |
|     -- Setting up calculation: CPU: 25 ms ; Wall: 0 ms                       |
|     -- Calc. Batch 1/2: CPU: 86 ms ; Wall: 3 ms                              |
|     -- Calc. Batch 2/2: CPU: 6201 ms ; Wall: 129 ms                          |
| Gather result fr. nodes : CPU: 264 ms ; Wall: 21 ms                          |
|------------------------------------------------------------------------------|
|             if no timings are printed, choose higher print level             |
|______________________________________________________________________________|

