/home/hd/hd_hd/hd_tb381/workspace/libqqc/runs/w_eigen/scan_hybrid
n1406
Sa 16. Apr 10:16:49 CEST 2022
#!/bin/bash
#SBATCH -J libqqc_hybrid_6x48
#SBATCH -n6 --cpus-per-task=48 -t12:00:00
#SBATCH --mem=200G
#SBATCH --job-name=libqqc_hybrid_6x48
#SBATCH --output=libqqc_hybrid_6x48_por-%j.out
#SBATCH --error=libqqc_hybrid_6x48_por-%j.err
pwd; hostname; date
cat run_6x48.sh
module load compiler/gnu
module load mpi/openmpi
cd ../../../host_example/.
mpic++ -fopenmp -O3 -ffast-math -march=native main_mpi.cpp ../lib/libqqc.a -o 6x48.out
OMP_NUM_THREADS=48 srun --cpus-per-task=$OMP_NUM_THREADS ./6x48.out
rm 6x48.out
Timing Loader_qmp2_from_file:: loader :CPU: 0 ms ; Wall: 0 ms
Timings AoToMo CGTO: CPU: 559 ms ; Wall: 67 ms
    -- Loading in: CPU: 46 ms ; Wall: 52 ms
    -- Distribute Batch: CPU: 1 ms ; Wall: 0 ms
    -- Tranforming Batch: CPU: 102 ms ; Wall: 2 ms
    -- Distribute Batch Results: CPU: 144 ms ; Wall: 3 ms

Timings AoToMo Coulomb Integral: CPU: 1859 ms ; Wall: 854 ms
    -- Loading in: CPU: 796 ms ; Wall: 819 ms
    -- Distribute Batch: CPU: 6 ms ; Wall: 5 ms
    -- Transforming Batch: CPU: 713 ms ; Wall: 15 ms
    -- Distribute Batch Results: CPU: 192 ms ; Wall: 4 ms

Timing Vault_qmp2:: vault : CPU: 2444 ms ; Wall: 950 ms
Timing Do_qmp2:: qmp2 : CPU: 17588 ms ; Wall: 369 ms
 ______________________________________________________________________________ 
|                                                                              |
|                  ** Quadrature Calculation through libqqc **                 |
|                                                                              |
|++++++++++++++++++++++++++++++++++++++++++++++++++++++++++++++++++++++++++++++|
| * Author(s): Benjamin Thomitzni                                              |
|++++++++++++++++++++++++++++++++++++++++++++++++++++++++++++++++++++++++++++++|
|                               Programm Details                               |
|------------------------------------------------------------------------------|
| * library vers.      v0.1                                                    |
|     -- Loader vers.  v0.1                                                    |
|     -- Vault vers.   v0.1                                                    |
|     -- Do_qmp2 vers. v0.1                                                    |
|------------------------------------------------------------------------------|
| * OpenMP enabled                                                             |
|     -- threads:   48                                                         |
| * MPI enabled                                                                |
|     -- processes: 6                                                          |
|++++++++++++++++++++++++++++++++++++++++++++++++++++++++++++++++++++++++++++++|
|                              Calculation Details                             |
|------------------------------------------------------------------------------|
| * Method:             Q-MP(2)                                                |
|------------------------------------------------------------------------------|
| * grid points (3D):   4560                                                   |
| * grid points (1D):   16                                                     |
|------------------------------------------------------------------------------|
| * atomic orbitals:    26                                                     |
| * molecular orbitals: 26                                                     |
|     -- occupied:      9                                                      |
|     -- virtual:       17                                                     |
|------------------------------------------------------------------------------|
|                                    Results                                   |
|------------------------------------------------------------------------------|
| * Ground State Energy Correction (eV): -0.216353                             |
|++++++++++++++++++++++++++++++++++++++++++++++++++++++++++++++++++++++++++++++|
|                              Calculation Timings                             |
|------------------------------------------------------------------------------|
| Timing Qmp2_energy::compute : CPU: 17488 ms ; Wall: 367 ms                   |
|     -- Setting up calculation: CPU: 30 ms ; Wall: 0 ms                       |
|     -- Calc. Batch 1/2: CPU: 758 ms ; Wall: 17 ms                            |
|     -- Calc. Batch 2/2: CPU: 16700 ms ; Wall: 350 ms                         |
| Gather result fr. nodes : CPU: 44 ms ; Wall: 0 ms                            |
|------------------------------------------------------------------------------|
|             if no timings are printed, choose higher print level             |
|______________________________________________________________________________|

