/home/hd/hd_hd/hd_tb381/workspace/libqqc/runs/scan_hybrid
n1405
Fr 15. Apr 15:23:49 CEST 2022
#!/bin/bash
#SBATCH -J libqqc_hybrid_6x48
#SBATCH -n6 --cpus-per-task=48 -t12:00:00
#SBATCH --mem=200G
#SBATCH --job-name=libqqc_hybrid_6x48
#SBATCH --output=libqqc_hybrid_6x48_por-%j.out
#SBATCH --error=libqqc_hybrid_6x48_por-%j.err
pwd; hostname; date
cat run_6x48.sh
module load compiler/gnu
module load mpi/openmpi
cd ../../host_example/.
mpic++ -fopenmp -O3 -ffast-math -march=native main_mpi.cpp ../lib/libqqc.a -o 6x48.out
OMP_NUM_THREADS=48 srun --cpus-per-task=$OMP_NUM_THREADS ./6x48.out
rm 6x48.out
Timing Loader_qmp2_from_file:: loader :CPU: 0 ms ; Wall: 0 ms
Timings AoToMo CGTO: CPU: 3891 ms ; Wall: 853 ms
    -- Loading in: CPU: 743 ms ; Wall: 744 ms
    -- Distribute Batch: CPU: 5 ms ; Wall: 5 ms
    -- Tranforming Batch: CPU: 2564 ms ; Wall: 54 ms
    -- Distribute Batch Results: CPU: 287 ms ; Wall: 17 ms

Timings AoToMo Coulomb Integral: CPU: 325135 ms ; Wall: 112642 ms
    -- Loading in: CPU: 106391 ms ; Wall: 106546 ms
    -- Distribute Batch: CPU: 560 ms ; Wall: 561 ms
    -- Transforming Batch: CPU: 216928 ms ; Wall: 4536 ms
    -- Distribute Batch Results: CPU: 966 ms ; Wall: 705 ms

Timing Vault_qmp2:: vault : CPU: 329398 ms ; Wall: 113554 ms
Timing Do_qmp2:: qmp2 : CPU: 3524471 ms ; Wall: 75632 ms
 ______________________________________________________________________________ 
|                                                                              |
|                  ** Quadrature Calculation through libqqc **                 |
|                                                                              |
|++++++++++++++++++++++++++++++++++++++++++++++++++++++++++++++++++++++++++++++|
| * Author(s): Benjamin Thomitzni                                              |
|++++++++++++++++++++++++++++++++++++++++++++++++++++++++++++++++++++++++++++++|
|                               Programm Details                               |
|------------------------------------------------------------------------------|
| * library vers.      v0.1                                                    |
|     -- Loader vers.  v0.1                                                    |
|     -- Vault vers.   v0.1                                                    |
|     -- Do_qmp2 vers. v0.1                                                    |
|------------------------------------------------------------------------------|
| * OpenMP enabled                                                             |
|     -- threads:   48                                                         |
| * MPI enabled                                                                |
|     -- processes: 6                                                          |
|++++++++++++++++++++++++++++++++++++++++++++++++++++++++++++++++++++++++++++++|
|                              Calculation Details                             |
|------------------------------------------------------------------------------|
| * Method:             Q-MP(2)                                                |
|------------------------------------------------------------------------------|
| * grid points (3D):   18240                                                  |
| * grid points (1D):   16                                                     |
|------------------------------------------------------------------------------|
| * atomic orbitals:    146                                                    |
| * molecular orbitals: 146                                                    |
|     -- occupied:      47                                                     |
|     -- virtual:       99                                                     |
|------------------------------------------------------------------------------|
|                                    Results                                   |
|------------------------------------------------------------------------------|
| * Ground State Energy Correction (eV): -1.24223                              |
|++++++++++++++++++++++++++++++++++++++++++++++++++++++++++++++++++++++++++++++|
|                              Calculation Timings                             |
|------------------------------------------------------------------------------|
| Timing Qmp2_energy::compute : CPU: 3522122 ms ; Wall: 73820 ms               |
|     -- Setting up calculation: CPU: 753 ms ; Wall: 16 ms                     |
|     -- Calc. Batch 1/2: CPU: 131110 ms ; Wall: 2747 ms                       |
|     -- Calc. Batch 2/2: CPU: 3390258 ms ; Wall: 71055 ms                     |
| Gather result fr. nodes : CPU: 2048 ms ; Wall: 1799 ms                       |
|------------------------------------------------------------------------------|
|             if no timings are printed, choose higher print level             |
|______________________________________________________________________________|

