/home/hd/hd_hd/hd_tb381/workspace/libqqc/runs/scan_hybrid
n1405
Fr 15. Apr 15:19:44 CEST 2022
#!/bin/bash
#SBATCH -J libqqc_hybrid_4x48
#SBATCH -n4 --cpus-per-task=48 -t12:00:00
#SBATCH --mem=200G
#SBATCH --job-name=libqqc_hybrid_4x48
#SBATCH --output=libqqc_hybrid_4x48_por-%j.out
#SBATCH --error=libqqc_hybrid_4x48_por-%j.err
pwd; hostname; date
cat run_4x48.sh
module load compiler/gnu
module load mpi/openmpi
cd ../../host_example/.
mpic++ -fopenmp -O3 -ffast-math -march=native main_mpi.cpp ../lib/libqqc.a -o 4x48.out
OMP_NUM_THREADS=48 srun --cpus-per-task=$OMP_NUM_THREADS ./4x48.out
rm 4x48.out
Timing Loader_qmp2_from_file:: loader :CPU: 0 ms ; Wall: 0 ms
Timings AoToMo CGTO: CPU: 5226 ms ; Wall: 878 ms
    -- Loading in: CPU: 744 ms ; Wall: 745 ms
    -- Distribute Batch: CPU: 4 ms ; Wall: 3 ms
    -- Tranforming Batch: CPU: 3898 ms ; Wall: 82 ms
    -- Distribute Batch Results: CPU: 288 ms ; Wall: 14 ms

Timings AoToMo Coulomb Integral: CPU: 431696 ms ; Wall: 114321 ms
    -- Loading in: CPU: 106167 ms ; Wall: 106271 ms
    -- Distribute Batch: CPU: 477 ms ; Wall: 477 ms
    -- Transforming Batch: CPU: 323992 ms ; Wall: 6788 ms
    -- Distribute Batch Results: CPU: 802 ms ; Wall: 522 ms

Timing Vault_qmp2:: vault : CPU: 437295 ms ; Wall: 115259 ms
Timing Do_qmp2:: qmp2 : CPU: 5294591 ms ; Wall: 113567 ms
 ______________________________________________________________________________ 
|                                                                              |
|                  ** Quadrature Calculation through libqqc **                 |
|                                                                              |
|++++++++++++++++++++++++++++++++++++++++++++++++++++++++++++++++++++++++++++++|
| * Author(s): Benjamin Thomitzni                                              |
|++++++++++++++++++++++++++++++++++++++++++++++++++++++++++++++++++++++++++++++|
|                               Programm Details                               |
|------------------------------------------------------------------------------|
| * library vers.      v0.1                                                    |
|     -- Loader vers.  v0.1                                                    |
|     -- Vault vers.   v0.1                                                    |
|     -- Do_qmp2 vers. v0.1                                                    |
|------------------------------------------------------------------------------|
| * OpenMP enabled                                                             |
|     -- threads:   48                                                         |
| * MPI enabled                                                                |
|     -- processes: 4                                                          |
|++++++++++++++++++++++++++++++++++++++++++++++++++++++++++++++++++++++++++++++|
|                              Calculation Details                             |
|------------------------------------------------------------------------------|
| * Method:             Q-MP(2)                                                |
|------------------------------------------------------------------------------|
| * grid points (3D):   18240                                                  |
| * grid points (1D):   16                                                     |
|------------------------------------------------------------------------------|
| * atomic orbitals:    146                                                    |
| * molecular orbitals: 146                                                    |
|     -- occupied:      47                                                     |
|     -- virtual:       99                                                     |
|------------------------------------------------------------------------------|
|                                    Results                                   |
|------------------------------------------------------------------------------|
| * Ground State Energy Correction (eV): -1.24223                              |
|++++++++++++++++++++++++++++++++++++++++++++++++++++++++++++++++++++++++++++++|
|                              Calculation Timings                             |
|------------------------------------------------------------------------------|
| Timing Qmp2_energy::compute : CPU: 5291313 ms ; Wall: 110753 ms              |
|     -- Setting up calculation: CPU: 752 ms ; Wall: 15 ms                     |
|     -- Calc. Batch 1/2: CPU: 312977 ms ; Wall: 6549 ms                       |
|     -- Calc. Batch 2/2: CPU: 4977584 ms ; Wall: 104188 ms                    |
| Gather result fr. nodes : CPU: 3045 ms ; Wall: 2802 ms                       |
|------------------------------------------------------------------------------|
|             if no timings are printed, choose higher print level             |
|______________________________________________________________________________|

