/home/hd/hd_hd/hd_tb381/workspace/libqqc/runs/scan_hybrid
n1405
Fr 15. Apr 15:46:20 CEST 2022
#!/bin/bash
#SBATCH -J libqqc_hybrid_20x48
#SBATCH -n20 --cpus-per-task=48 -t12:00:00
#SBATCH --mem=200G
#SBATCH --job-name=libqqc_hybrid_20x48
#SBATCH --output=libqqc_hybrid_20x48_por-%j.out
#SBATCH --error=libqqc_hybrid_20x48_por-%j.err
pwd; hostname; date
cat run_20x48.sh
module load compiler/gnu
module load mpi/openmpi
cd ../../host_example/.
mpic++ -fopenmp -O3 -ffast-math -march=native main_mpi.cpp ../lib/libqqc.a -o 20x48.out
OMP_NUM_THREADS=48 srun --cpus-per-task=$OMP_NUM_THREADS ./20x48.out
rm 20x48.out
Timing Loader_qmp2_from_file:: loader :CPU: 0 ms ; Wall: 0 ms
Timings AoToMo CGTO: CPU: 1740 ms ; Wall: 831 ms
    -- Loading in: CPU: 744 ms ; Wall: 745 ms
    -- Distribute Batch: CPU: 8 ms ; Wall: 7 ms
    -- Tranforming Batch: CPU: 398 ms ; Wall: 9 ms
    -- Distribute Batch Results: CPU: 311 ms ; Wall: 39 ms

Timings AoToMo Coulomb Integral: CPU: 172604 ms ; Wall: 108470 ms
    -- Loading in: CPU: 105441 ms ; Wall: 105563 ms
    -- Distribute Batch: CPU: 601 ms ; Wall: 602 ms
    -- Transforming Batch: CPU: 65355 ms ; Wall: 1366 ms
    -- Distribute Batch Results: CPU: 1129 ms ; Wall: 857 ms

Timing Vault_qmp2:: vault : CPU: 174743 ms ; Wall: 109366 ms
Timing Do_qmp2:: qmp2 : CPU: 1061861 ms ; Wall: 23351 ms
 ______________________________________________________________________________ 
|                                                                              |
|                  ** Quadrature Calculation through libqqc **                 |
|                                                                              |
|++++++++++++++++++++++++++++++++++++++++++++++++++++++++++++++++++++++++++++++|
| * Author(s): Benjamin Thomitzni                                              |
|++++++++++++++++++++++++++++++++++++++++++++++++++++++++++++++++++++++++++++++|
|                               Programm Details                               |
|------------------------------------------------------------------------------|
| * library vers.      v0.1                                                    |
|     -- Loader vers.  v0.1                                                    |
|     -- Vault vers.   v0.1                                                    |
|     -- Do_qmp2 vers. v0.1                                                    |
|------------------------------------------------------------------------------|
| * OpenMP enabled                                                             |
|     -- threads:   48                                                         |
| * MPI enabled                                                                |
|     -- processes: 20                                                         |
|++++++++++++++++++++++++++++++++++++++++++++++++++++++++++++++++++++++++++++++|
|                              Calculation Details                             |
|------------------------------------------------------------------------------|
| * Method:             Q-MP(2)                                                |
|------------------------------------------------------------------------------|
| * grid points (3D):   18240                                                  |
| * grid points (1D):   16                                                     |
|------------------------------------------------------------------------------|
| * atomic orbitals:    146                                                    |
| * molecular orbitals: 146                                                    |
|     -- occupied:      47                                                     |
|     -- virtual:       99                                                     |
|------------------------------------------------------------------------------|
|                                    Results                                   |
|------------------------------------------------------------------------------|
| * Ground State Energy Correction (eV): -1.24223                              |
|++++++++++++++++++++++++++++++++++++++++++++++++++++++++++++++++++++++++++++++|
|                              Calculation Timings                             |
|------------------------------------------------------------------------------|
| Timing Qmp2_energy::compute : CPU: 1060257 ms ; Wall: 22236 ms               |
|     -- Setting up calculation: CPU: 805 ms ; Wall: 17 ms                     |
|     -- Calc. Batch 1/2: CPU: 11612 ms ; Wall: 242 ms                         |
|     -- Calc. Batch 2/2: CPU: 1047840 ms ; Wall: 21976 ms                     |
| Gather result fr. nodes : CPU: 1348 ms ; Wall: 1100 ms                       |
|------------------------------------------------------------------------------|
|             if no timings are printed, choose higher print level             |
|______________________________________________________________________________|

