/home/hd/hd_hd/hd_tb381/workspace/libqqc/runs/scan_hybrid
n1405
Fr 15. Apr 15:14:06 CEST 2022
#!/bin/bash
#SBATCH -J libqqc_hybrid_10x48
#SBATCH -n10 --cpus-per-task=48 -t12:00:00
#SBATCH --mem=200G
#SBATCH --job-name=libqqc_hybrid_10x48
#SBATCH --output=libqqc_hybrid_10x48_por-%j.out
#SBATCH --error=libqqc_hybrid_10x48_por-%j.err
pwd; hostname; date
cat run_10x48.sh
module load compiler/gnu
module load mpi/openmpi
cd ../../host_example/.
mpic++ -fopenmp -O3 -ffast-math -march=native main_mpi.cpp ../lib/libqqc.a -o 10x48.out
OMP_NUM_THREADS=48 srun --cpus-per-task=$OMP_NUM_THREADS ./10x48.out
rm 10x48.out
Timing Loader_qmp2_from_file:: loader :CPU: 0 ms ; Wall: 0 ms
Timings AoToMo CGTO: CPU: 5575 ms ; Wall: 4425 ms
    -- Loading in: CPU: 4158 ms ; Wall: 4343 ms
    -- Distribute Batch: CPU: 6 ms ; Wall: 6 ms
    -- Tranforming Batch: CPU: 833 ms ; Wall: 18 ms
    -- Distribute Batch Results: CPU: 297 ms ; Wall: 25 ms

Timings AoToMo Coulomb Integral: CPU: 238779 ms ; Wall: 113774 ms
    -- Loading in: CPU: 107676 ms ; Wall: 108177 ms
    -- Distribute Batch: CPU: 551 ms ; Wall: 551 ms
    -- Transforming Batch: CPU: 127945 ms ; Wall: 2673 ms
    -- Distribute Batch Results: CPU: 2473 ms ; Wall: 2233 ms

Timing Vault_qmp2:: vault : CPU: 244746 ms ; Wall: 118310 ms
Timing Do_qmp2:: qmp2 : CPU: 2114991 ms ; Wall: 46340 ms
 ______________________________________________________________________________ 
|                                                                              |
|                  ** Quadrature Calculation through libqqc **                 |
|                                                                              |
|++++++++++++++++++++++++++++++++++++++++++++++++++++++++++++++++++++++++++++++|
| * Author(s): Benjamin Thomitzni                                              |
|++++++++++++++++++++++++++++++++++++++++++++++++++++++++++++++++++++++++++++++|
|                               Programm Details                               |
|------------------------------------------------------------------------------|
| * library vers.      v0.1                                                    |
|     -- Loader vers.  v0.1                                                    |
|     -- Vault vers.   v0.1                                                    |
|     -- Do_qmp2 vers. v0.1                                                    |
|------------------------------------------------------------------------------|
| * OpenMP enabled                                                             |
|     -- threads:   48                                                         |
| * MPI enabled                                                                |
|     -- processes: 10                                                         |
|++++++++++++++++++++++++++++++++++++++++++++++++++++++++++++++++++++++++++++++|
|                              Calculation Details                             |
|------------------------------------------------------------------------------|
| * Method:             Q-MP(2)                                                |
|------------------------------------------------------------------------------|
| * grid points (3D):   18240                                                  |
| * grid points (1D):   16                                                     |
|------------------------------------------------------------------------------|
| * atomic orbitals:    146                                                    |
| * molecular orbitals: 146                                                    |
|     -- occupied:      47                                                     |
|     -- virtual:       99                                                     |
|------------------------------------------------------------------------------|
|                                    Results                                   |
|------------------------------------------------------------------------------|
| * Ground State Energy Correction (eV): -1.24223                              |
|++++++++++++++++++++++++++++++++++++++++++++++++++++++++++++++++++++++++++++++|
|                              Calculation Timings                             |
|------------------------------------------------------------------------------|
| Timing Qmp2_energy::compute : CPU: 2112494 ms ; Wall: 44336 ms               |
|     -- Setting up calculation: CPU: 804 ms ; Wall: 17 ms                     |
|     -- Calc. Batch 1/2: CPU: 43875 ms ; Wall: 917 ms                         |
|     -- Calc. Batch 2/2: CPU: 2067815 ms ; Wall: 43401 ms                     |
| Gather result fr. nodes : CPU: 2236 ms ; Wall: 1990 ms                       |
|------------------------------------------------------------------------------|
|             if no timings are printed, choose higher print level             |
|______________________________________________________________________________|

