/home/hd/hd_hd/hd_tb381/workspace/libqqc/runs/scan_hybrid
n1409
Fr 15. Apr 15:19:44 CEST 2022
#!/bin/bash
#SBATCH -J libqqc_hybrid_5x48
#SBATCH -n5 --cpus-per-task=48 -t12:00:00
#SBATCH --mem=200G
#SBATCH --job-name=libqqc_hybrid_5x48
#SBATCH --output=libqqc_hybrid_5x48_por-%j.out
#SBATCH --error=libqqc_hybrid_5x48_por-%j.err
pwd; hostname; date
cat run_5x48.sh
module load compiler/gnu
module load mpi/openmpi
cd ../../host_example/.
mpic++ -fopenmp -O3 -ffast-math -march=native main_mpi.cpp ../lib/libqqc.a -o 5x48.out
OMP_NUM_THREADS=48 srun --cpus-per-task=$OMP_NUM_THREADS ./5x48.out
rm 5x48.out
Timing Loader_qmp2_from_file:: loader :CPU: 0 ms ; Wall: 0 ms
Timings AoToMo CGTO: CPU: 7773 ms ; Wall: 4359 ms
    -- Loading in: CPU: 4229 ms ; Wall: 4242 ms
    -- Distribute Batch: CPU: 5 ms ; Wall: 4 ms
    -- Tranforming Batch: CPU: 2995 ms ; Wall: 63 ms
    -- Distribute Batch Results: CPU: 283 ms ; Wall: 16 ms

Timings AoToMo Coulomb Integral: CPU: 375927 ms ; Wall: 117182 ms
    -- Loading in: CPU: 107878 ms ; Wall: 108055 ms
    -- Distribute Batch: CPU: 507 ms ; Wall: 507 ms
    -- Transforming Batch: CPU: 264219 ms ; Wall: 5527 ms
    -- Distribute Batch Results: CPU: 3103 ms ; Wall: 2868 ms

Timing Vault_qmp2:: vault : CPU: 384112 ms ; Wall: 121615 ms
Timing Do_qmp2:: qmp2 : CPU: 4284173 ms ; Wall: 93267 ms
 ______________________________________________________________________________ 
|                                                                              |
|                  ** Quadrature Calculation through libqqc **                 |
|                                                                              |
|++++++++++++++++++++++++++++++++++++++++++++++++++++++++++++++++++++++++++++++|
| * Author(s): Benjamin Thomitzni                                              |
|++++++++++++++++++++++++++++++++++++++++++++++++++++++++++++++++++++++++++++++|
|                               Programm Details                               |
|------------------------------------------------------------------------------|
| * library vers.      v0.1                                                    |
|     -- Loader vers.  v0.1                                                    |
|     -- Vault vers.   v0.1                                                    |
|     -- Do_qmp2 vers. v0.1                                                    |
|------------------------------------------------------------------------------|
| * OpenMP enabled                                                             |
|     -- threads:   48                                                         |
| * MPI enabled                                                                |
|     -- processes: 5                                                          |
|++++++++++++++++++++++++++++++++++++++++++++++++++++++++++++++++++++++++++++++|
|                              Calculation Details                             |
|------------------------------------------------------------------------------|
| * Method:             Q-MP(2)                                                |
|------------------------------------------------------------------------------|
| * grid points (3D):   18240                                                  |
| * grid points (1D):   16                                                     |
|------------------------------------------------------------------------------|
| * atomic orbitals:    146                                                    |
| * molecular orbitals: 146                                                    |
|     -- occupied:      47                                                     |
|     -- virtual:       99                                                     |
|------------------------------------------------------------------------------|
|                                    Results                                   |
|------------------------------------------------------------------------------|
| * Ground State Energy Correction (eV): -1.24223                              |
|++++++++++++++++++++++++++++++++++++++++++++++++++++++++++++++++++++++++++++++|
|                              Calculation Timings                             |
|------------------------------------------------------------------------------|
| Timing Qmp2_energy::compute : CPU: 4280069 ms ; Wall: 89615 ms               |
|     -- Setting up calculation: CPU: 844 ms ; Wall: 17 ms                     |
|     -- Calc. Batch 1/2: CPU: 196059 ms ; Wall: 4103 ms                       |
|     -- Calc. Batch 2/2: CPU: 4083165 ms ; Wall: 85495 ms                     |
| Gather result fr. nodes : CPU: 3890 ms ; Wall: 3639 ms                       |
|------------------------------------------------------------------------------|
|             if no timings are printed, choose higher print level             |
|______________________________________________________________________________|

