/home/hd/hd_hd/hd_tb381/workspace/libqqc/runs/scan_hybrid
n1405
Fr 15. Apr 15:17:10 CEST 2022
#!/bin/bash
#SBATCH -J libqqc_hybrid_13x48
#SBATCH -n13 --cpus-per-task=48 -t12:00:00
#SBATCH --mem=200G
#SBATCH --job-name=libqqc_hybrid_13x48
#SBATCH --output=libqqc_hybrid_13x48_por-%j.out
#SBATCH --error=libqqc_hybrid_13x48_por-%j.err
pwd; hostname; date
cat run_13x48.sh
module load compiler/gnu
module load mpi/openmpi
cd ../../host_example/.
mpic++ -fopenmp -O3 -ffast-math -march=native main_mpi.cpp ../lib/libqqc.a -o 13x48.out
OMP_NUM_THREADS=48 srun --cpus-per-task=$OMP_NUM_THREADS ./13x48.out
rm 13x48.out
Timing Loader_qmp2_from_file:: loader :CPU: 0 ms ; Wall: 0 ms
Timings AoToMo CGTO: CPU: 1964 ms ; Wall: 830 ms
    -- Loading in: CPU: 747 ms ; Wall: 748 ms
    -- Distribute Batch: CPU: 7 ms ; Wall: 6 ms
    -- Tranforming Batch: CPU: 634 ms ; Wall: 13 ms
    -- Distribute Batch Results: CPU: 284 ms ; Wall: 31 ms

Timings AoToMo Coulomb Integral: CPU: 204109 ms ; Wall: 109160 ms
    -- Loading in: CPU: 105520 ms ; Wall: 105633 ms
    -- Distribute Batch: CPU: 582 ms ; Wall: 582 ms
    -- Transforming Batch: CPU: 96850 ms ; Wall: 2024 ms
    -- Distribute Batch Results: CPU: 1055 ms ; Wall: 815 ms

Timing Vault_qmp2:: vault : CPU: 206453 ms ; Wall: 110052 ms
Timing Do_qmp2:: qmp2 : CPU: 1618103 ms ; Wall: 35795 ms
 ______________________________________________________________________________ 
|                                                                              |
|                  ** Quadrature Calculation through libqqc **                 |
|                                                                              |
|++++++++++++++++++++++++++++++++++++++++++++++++++++++++++++++++++++++++++++++|
| * Author(s): Benjamin Thomitzni                                              |
|++++++++++++++++++++++++++++++++++++++++++++++++++++++++++++++++++++++++++++++|
|                               Programm Details                               |
|------------------------------------------------------------------------------|
| * library vers.      v0.1                                                    |
|     -- Loader vers.  v0.1                                                    |
|     -- Vault vers.   v0.1                                                    |
|     -- Do_qmp2 vers. v0.1                                                    |
|------------------------------------------------------------------------------|
| * OpenMP enabled                                                             |
|     -- threads:   48                                                         |
| * MPI enabled                                                                |
|     -- processes: 13                                                         |
|++++++++++++++++++++++++++++++++++++++++++++++++++++++++++++++++++++++++++++++|
|                              Calculation Details                             |
|------------------------------------------------------------------------------|
| * Method:             Q-MP(2)                                                |
|------------------------------------------------------------------------------|
| * grid points (3D):   18240                                                  |
| * grid points (1D):   16                                                     |
|------------------------------------------------------------------------------|
| * atomic orbitals:    146                                                    |
| * molecular orbitals: 146                                                    |
|     -- occupied:      47                                                     |
|     -- virtual:       99                                                     |
|------------------------------------------------------------------------------|
|                                    Results                                   |
|------------------------------------------------------------------------------|
| * Ground State Energy Correction (eV): -1.24223                              |
|++++++++++++++++++++++++++++++++++++++++++++++++++++++++++++++++++++++++++++++|
|                              Calculation Timings                             |
|------------------------------------------------------------------------------|
| Timing Qmp2_energy::compute : CPU: 1615670 ms ; Wall: 33850 ms               |
|     -- Setting up calculation: CPU: 856 ms ; Wall: 18 ms                     |
|     -- Calc. Batch 1/2: CPU: 25913 ms ; Wall: 542 ms                         |
|     -- Calc. Batch 2/2: CPU: 1588902 ms ; Wall: 33289 ms                     |
| Gather result fr. nodes : CPU: 2183 ms ; Wall: 1930 ms                       |
|------------------------------------------------------------------------------|
|             if no timings are printed, choose higher print level             |
|______________________________________________________________________________|

