/home/hd/hd_hd/hd_tb381/workspace/libqqc/runs/scan_hybrid
n1415
Fr 15. Apr 15:14:06 CEST 2022
#!/bin/bash
#SBATCH -J libqqc_hybrid_11x48
#SBATCH -n11 --cpus-per-task=48 -t12:00:00
#SBATCH --mem=200G
#SBATCH --job-name=libqqc_hybrid_11x48
#SBATCH --output=libqqc_hybrid_11x48_por-%j.out
#SBATCH --error=libqqc_hybrid_11x48_por-%j.err
pwd; hostname; date
cat run_11x48.sh
module load compiler/gnu
module load mpi/openmpi
cd ../../host_example/.
mpic++ -fopenmp -O3 -ffast-math -march=native main_mpi.cpp ../lib/libqqc.a -o 11x48.out
OMP_NUM_THREADS=48 srun --cpus-per-task=$OMP_NUM_THREADS ./11x48.out
rm 11x48.out
Timing Loader_qmp2_from_file:: loader :CPU: 0 ms ; Wall: 0 ms
Timings AoToMo CGTO: CPU: 5713 ms ; Wall: 4580 ms
    -- Loading in: CPU: 4312 ms ; Wall: 4499 ms
    -- Distribute Batch: CPU: 7 ms ; Wall: 7 ms
    -- Tranforming Batch: CPU: 817 ms ; Wall: 17 ms
    -- Distribute Batch Results: CPU: 274 ms ; Wall: 24 ms

Timings AoToMo Coulomb Integral: CPU: 229005 ms ; Wall: 111979 ms
    -- Loading in: CPU: 107520 ms ; Wall: 108056 ms
    -- Distribute Batch: CPU: 554 ms ; Wall: 554 ms
    -- Transforming Batch: CPU: 119825 ms ; Wall: 2504 ms
    -- Distribute Batch Results: CPU: 937 ms ; Wall: 691 ms

Timing Vault_qmp2:: vault : CPU: 235087 ms ; Wall: 116874 ms
Timing Do_qmp2:: qmp2 : CPU: 1974225 ms ; Wall: 42386 ms
 ______________________________________________________________________________ 
|                                                                              |
|                  ** Quadrature Calculation through libqqc **                 |
|                                                                              |
|++++++++++++++++++++++++++++++++++++++++++++++++++++++++++++++++++++++++++++++|
| * Author(s): Benjamin Thomitzni                                              |
|++++++++++++++++++++++++++++++++++++++++++++++++++++++++++++++++++++++++++++++|
|                               Programm Details                               |
|------------------------------------------------------------------------------|
| * library vers.      v0.1                                                    |
|     -- Loader vers.  v0.1                                                    |
|     -- Vault vers.   v0.1                                                    |
|     -- Do_qmp2 vers. v0.1                                                    |
|------------------------------------------------------------------------------|
| * OpenMP enabled                                                             |
|     -- threads:   48                                                         |
| * MPI enabled                                                                |
|     -- processes: 11                                                         |
|++++++++++++++++++++++++++++++++++++++++++++++++++++++++++++++++++++++++++++++|
|                              Calculation Details                             |
|------------------------------------------------------------------------------|
| * Method:             Q-MP(2)                                                |
|------------------------------------------------------------------------------|
| * grid points (3D):   18240                                                  |
| * grid points (1D):   16                                                     |
|------------------------------------------------------------------------------|
| * atomic orbitals:    146                                                    |
| * molecular orbitals: 146                                                    |
|     -- occupied:      47                                                     |
|     -- virtual:       99                                                     |
|------------------------------------------------------------------------------|
|                                    Results                                   |
|------------------------------------------------------------------------------|
| * Ground State Energy Correction (eV): -1.24223                              |
|++++++++++++++++++++++++++++++++++++++++++++++++++++++++++++++++++++++++++++++|
|                              Calculation Timings                             |
|------------------------------------------------------------------------------|
| Timing Qmp2_energy::compute : CPU: 1972695 ms ; Wall: 41346 ms               |
|     -- Setting up calculation: CPU: 751 ms ; Wall: 16 ms                     |
|     -- Calc. Batch 1/2: CPU: 36461 ms ; Wall: 763 ms                         |
|     -- Calc. Batch 2/2: CPU: 1935483 ms ; Wall: 40567 ms                     |
| Gather result fr. nodes : CPU: 1270 ms ; Wall: 1027 ms                       |
|------------------------------------------------------------------------------|
|             if no timings are printed, choose higher print level             |
|______________________________________________________________________________|

