/home/hd/hd_hd/hd_tb381/workspace/libqqc/runs/scan_hybrid
n1612
Fr 15. Apr 15:24:50 CEST 2022
#!/bin/bash
#SBATCH -J libqqc_hybrid_8x48
#SBATCH -n8 --cpus-per-task=48 -t12:00:00
#SBATCH --mem=200G
#SBATCH --job-name=libqqc_hybrid_8x48
#SBATCH --output=libqqc_hybrid_8x48_por-%j.out
#SBATCH --error=libqqc_hybrid_8x48_por-%j.err
pwd; hostname; date
cat run_8x48.sh
module load compiler/gnu
module load mpi/openmpi
cd ../../host_example/.
mpic++ -fopenmp -O3 -ffast-math -march=native main_mpi.cpp ../lib/libqqc.a -o 8x48.out
OMP_NUM_THREADS=48 srun --cpus-per-task=$OMP_NUM_THREADS ./8x48.out
rm 8x48.out
Timing Loader_qmp2_from_file:: loader :CPU: 0 ms ; Wall: 0 ms
Timings AoToMo CGTO: CPU: 6812 ms ; Wall: 4429 ms
    -- Loading in: CPU: 4319 ms ; Wall: 4334 ms
    -- Distribute Batch: CPU: 6 ms ; Wall: 5 ms
    -- Tranforming Batch: CPU: 1905 ms ; Wall: 40 ms
    -- Distribute Batch Results: CPU: 283 ms ; Wall: 15 ms

Timings AoToMo Coulomb Integral: CPU: 280129 ms ; Wall: 116812 ms
    -- Loading in: CPU: 109924 ms ; Wall: 110098 ms
    -- Distribute Batch: CPU: 573 ms ; Wall: 573 ms
    -- Transforming Batch: CPU: 166725 ms ; Wall: 3486 ms
    -- Distribute Batch Results: CPU: 2683 ms ; Wall: 2423 ms

Timing Vault_qmp2:: vault : CPU: 287315 ms ; Wall: 121318 ms
Timing Do_qmp2:: qmp2 : CPU: 2720525 ms ; Wall: 59750 ms
 ______________________________________________________________________________ 
|                                                                              |
|                  ** Quadrature Calculation through libqqc **                 |
|                                                                              |
|++++++++++++++++++++++++++++++++++++++++++++++++++++++++++++++++++++++++++++++|
| * Author(s): Benjamin Thomitzni                                              |
|++++++++++++++++++++++++++++++++++++++++++++++++++++++++++++++++++++++++++++++|
|                               Programm Details                               |
|------------------------------------------------------------------------------|
| * library vers.      v0.1                                                    |
|     -- Loader vers.  v0.1                                                    |
|     -- Vault vers.   v0.1                                                    |
|     -- Do_qmp2 vers. v0.1                                                    |
|------------------------------------------------------------------------------|
| * OpenMP enabled                                                             |
|     -- threads:   48                                                         |
| * MPI enabled                                                                |
|     -- processes: 8                                                          |
|++++++++++++++++++++++++++++++++++++++++++++++++++++++++++++++++++++++++++++++|
|                              Calculation Details                             |
|------------------------------------------------------------------------------|
| * Method:             Q-MP(2)                                                |
|------------------------------------------------------------------------------|
| * grid points (3D):   18240                                                  |
| * grid points (1D):   16                                                     |
|------------------------------------------------------------------------------|
| * atomic orbitals:    146                                                    |
| * molecular orbitals: 146                                                    |
|     -- occupied:      47                                                     |
|     -- virtual:       99                                                     |
|------------------------------------------------------------------------------|
|                                    Results                                   |
|------------------------------------------------------------------------------|
| * Ground State Energy Correction (eV): -1.24223                              |
|++++++++++++++++++++++++++++++++++++++++++++++++++++++++++++++++++++++++++++++|
|                              Calculation Timings                             |
|------------------------------------------------------------------------------|
| Timing Qmp2_energy::compute : CPU: 2717327 ms ; Wall: 56910 ms               |
|     -- Setting up calculation: CPU: 885 ms ; Wall: 18 ms                     |
|     -- Calc. Batch 1/2: CPU: 71098 ms ; Wall: 1489 ms                        |
|     -- Calc. Batch 2/2: CPU: 2645342 ms ; Wall: 55401 ms                     |
| Gather result fr. nodes : CPU: 3065 ms ; Wall: 2830 ms                       |
|------------------------------------------------------------------------------|
|             if no timings are printed, choose higher print level             |
|______________________________________________________________________________|

