/home/hd/hd_hd/hd_tb381/workspace/libqqc/runs/scan_hybrid
n1431
Fr 15. Apr 15:14:06 CEST 2022
#!/bin/bash
#SBATCH -J libqqc_hybrid_1x40
#SBATCH -n1 --cpus-per-task=40 -t12:00:00
#SBATCH --mem=200G
#SBATCH --job-name=libqqc_hybrid_1x40
#SBATCH --output=libqqc_hybrid_1x40_por-%j.out
#SBATCH --error=libqqc_hybrid_1x40_por-%j.err
pwd; hostname; date
cat run_1x40.sh
module load compiler/gnu
module load mpi/openmpi
cd ../../host_example/.
mpic++ -fopenmp -O3 -ffast-math -march=native main_mpi.cpp ../lib/libqqc.a -o 1x40.out
OMP_NUM_THREADS=40 srun --cpus-per-task=$OMP_NUM_THREADS ./1x40.out
rm 1x40.out
Timing Loader_qmp2_from_file:: loader :CPU: 0 ms ; Wall: 0 ms
Timings AoToMo CGTO: CPU: 10257 ms ; Wall: 4811 ms
    -- Loading in: CPU: 4448 ms ; Wall: 4636 ms
    -- Distribute Batch: CPU: 0 ms ; Wall: 0 ms
    -- Tranforming Batch: CPU: 5551 ms ; Wall: 139 ms
    -- Distribute Batch Results: CPU: 0 ms ; Wall: 0 ms

Timings AoToMo Coulomb Integral: CPU: 1393393 ms ; Wall: 140934 ms
    -- Loading in: CPU: 107559 ms ; Wall: 107719 ms
    -- Distribute Batch: CPU: 0 ms ; Wall: 0 ms
    -- Transforming Batch: CPU: 1284536 ms ; Wall: 32289 ms
    -- Distribute Batch Results: CPU: 0 ms ; Wall: 0 ms

Timing Vault_qmp2:: vault : CPU: 1404017 ms ; Wall: 146090 ms
Timing Do_qmp2:: qmp2 : CPU: 21266778 ms ; Wall: 533858 ms
 ______________________________________________________________________________ 
|                                                                              |
|                  ** Quadrature Calculation through libqqc **                 |
|                                                                              |
|++++++++++++++++++++++++++++++++++++++++++++++++++++++++++++++++++++++++++++++|
| * Author(s): Benjamin Thomitzni                                              |
|++++++++++++++++++++++++++++++++++++++++++++++++++++++++++++++++++++++++++++++|
|                               Programm Details                               |
|------------------------------------------------------------------------------|
| * library vers.      v0.1                                                    |
|     -- Loader vers.  v0.1                                                    |
|     -- Vault vers.   v0.1                                                    |
|     -- Do_qmp2 vers. v0.1                                                    |
|------------------------------------------------------------------------------|
| * OpenMP enabled                                                             |
|     -- threads:   40                                                         |
| * MPI enabled                                                                |
|     -- processes: 1                                                          |
|++++++++++++++++++++++++++++++++++++++++++++++++++++++++++++++++++++++++++++++|
|                              Calculation Details                             |
|------------------------------------------------------------------------------|
| * Method:             Q-MP(2)                                                |
|------------------------------------------------------------------------------|
| * grid points (3D):   18240                                                  |
| * grid points (1D):   16                                                     |
|------------------------------------------------------------------------------|
| * atomic orbitals:    146                                                    |
| * molecular orbitals: 146                                                    |
|     -- occupied:      47                                                     |
|     -- virtual:       99                                                     |
|------------------------------------------------------------------------------|
|                                    Results                                   |
|------------------------------------------------------------------------------|
| * Ground State Energy Correction (eV): -1.24223                              |
|++++++++++++++++++++++++++++++++++++++++++++++++++++++++++++++++++++++++++++++|
|                              Calculation Timings                             |
|------------------------------------------------------------------------------|
| Timing Qmp2_energy::compute : CPU: 21266663 ms ; Wall: 533849 ms             |
|     -- Setting up calculation: CPU: 569 ms ; Wall: 14 ms                     |
|     -- Calc. Batch 1/2: CPU: 5286943 ms ; Wall: 132732 ms                    |
|     -- Calc. Batch 2/2: CPU: 15979151 ms ; Wall: 401102 ms                   |
| Gather result fr. nodes : CPU: 0 ms ; Wall: 0 ms                             |
|------------------------------------------------------------------------------|
|             if no timings are printed, choose higher print level             |
|______________________________________________________________________________|

