/home/hd/hd_hd/hd_tb381/workspace/libqqc/runs/scan_hybrid
n1603
Fr 15. Apr 15:22:17 CEST 2022
#!/bin/bash
#SBATCH -J libqqc_hybrid_16x48
#SBATCH -n16 --cpus-per-task=48 -t12:00:00
#SBATCH --mem=200G
#SBATCH --job-name=libqqc_hybrid_16x48
#SBATCH --output=libqqc_hybrid_16x48_por-%j.out
#SBATCH --error=libqqc_hybrid_16x48_por-%j.err
pwd; hostname; date
cat run_16x48.sh
module load compiler/gnu
module load mpi/openmpi
cd ../../host_example/.
mpic++ -fopenmp -O3 -ffast-math -march=native main_mpi.cpp ../lib/libqqc.a -o 16x48.out
OMP_NUM_THREADS=48 srun --cpus-per-task=$OMP_NUM_THREADS ./16x48.out
rm 16x48.out
Timing Loader_qmp2_from_file:: loader :CPU: 0 ms ; Wall: 0 ms
Timings AoToMo CGTO: CPU: 1854 ms ; Wall: 835 ms
    -- Loading in: CPU: 750 ms ; Wall: 751 ms
    -- Distribute Batch: CPU: 7 ms ; Wall: 7 ms
    -- Tranforming Batch: CPU: 536 ms ; Wall: 11 ms
    -- Distribute Batch Results: CPU: 272 ms ; Wall: 32 ms

Timings AoToMo Coulomb Integral: CPU: 188776 ms ; Wall: 109041 ms
    -- Loading in: CPU: 105605 ms ; Wall: 105717 ms
    -- Distribute Batch: CPU: 590 ms ; Wall: 590 ms
    -- Transforming Batch: CPU: 81266 ms ; Wall: 1699 ms
    -- Distribute Batch Results: CPU: 1224 ms ; Wall: 940 ms

Timing Vault_qmp2:: vault : CPU: 191007 ms ; Wall: 109939 ms
Timing Do_qmp2:: qmp2 : CPU: 1389646 ms ; Wall: 29445 ms
 ______________________________________________________________________________ 
|                                                                              |
|                  ** Quadrature Calculation through libqqc **                 |
|                                                                              |
|++++++++++++++++++++++++++++++++++++++++++++++++++++++++++++++++++++++++++++++|
| * Author(s): Benjamin Thomitzni                                              |
|++++++++++++++++++++++++++++++++++++++++++++++++++++++++++++++++++++++++++++++|
|                               Programm Details                               |
|------------------------------------------------------------------------------|
| * library vers.      v0.1                                                    |
|     -- Loader vers.  v0.1                                                    |
|     -- Vault vers.   v0.1                                                    |
|     -- Do_qmp2 vers. v0.1                                                    |
|------------------------------------------------------------------------------|
| * OpenMP enabled                                                             |
|     -- threads:   48                                                         |
| * MPI enabled                                                                |
|     -- processes: 16                                                         |
|++++++++++++++++++++++++++++++++++++++++++++++++++++++++++++++++++++++++++++++|
|                              Calculation Details                             |
|------------------------------------------------------------------------------|
| * Method:             Q-MP(2)                                                |
|------------------------------------------------------------------------------|
| * grid points (3D):   18240                                                  |
| * grid points (1D):   16                                                     |
|------------------------------------------------------------------------------|
| * atomic orbitals:    146                                                    |
| * molecular orbitals: 146                                                    |
|     -- occupied:      47                                                     |
|     -- virtual:       99                                                     |
|------------------------------------------------------------------------------|
|                                    Results                                   |
|------------------------------------------------------------------------------|
| * Ground State Energy Correction (eV): -1.24223                              |
|++++++++++++++++++++++++++++++++++++++++++++++++++++++++++++++++++++++++++++++|
|                              Calculation Timings                             |
|------------------------------------------------------------------------------|
| Timing Qmp2_energy::compute : CPU: 1388796 ms ; Wall: 29063 ms               |
|     -- Setting up calculation: CPU: 883 ms ; Wall: 18 ms                     |
|     -- Calc. Batch 1/2: CPU: 17912 ms ; Wall: 374 ms                         |
|     -- Calc. Batch 2/2: CPU: 1370000 ms ; Wall: 28669 ms                     |
| Gather result fr. nodes : CPU: 631 ms ; Wall: 369 ms                         |
|------------------------------------------------------------------------------|
|             if no timings are printed, choose higher print level             |
|______________________________________________________________________________|

