/home/hd/hd_hd/hd_tb381/workspace/libqqc/runs/scan_hybrid
n1428
Fr 15. Apr 15:14:06 CEST 2022
#!/bin/bash
#SBATCH -J libqqc_hybrid_1x28
#SBATCH -n1 --cpus-per-task=28 -t12:00:00
#SBATCH --mem=200G
#SBATCH --job-name=libqqc_hybrid_1x28
#SBATCH --output=libqqc_hybrid_1x28_por-%j.out
#SBATCH --error=libqqc_hybrid_1x28_por-%j.err
pwd; hostname; date
cat run_1x28.sh
module load compiler/gnu
module load mpi/openmpi
cd ../../host_example/.
mpic++ -fopenmp -O3 -ffast-math -march=native main_mpi.cpp ../lib/libqqc.a -o 1x28.out
OMP_NUM_THREADS=28 srun --cpus-per-task=$OMP_NUM_THREADS ./1x28.out
rm 1x28.out
Timing Loader_qmp2_from_file:: loader :CPU: 0 ms ; Wall: 0 ms
Timings AoToMo CGTO: CPU: 12771 ms ; Wall: 4681 ms
    -- Loading in: CPU: 4159 ms ; Wall: 4304 ms
    -- Distribute Batch: CPU: 0 ms ; Wall: 0 ms
    -- Tranforming Batch: CPU: 8493 ms ; Wall: 312 ms
    -- Distribute Batch Results: CPU: 0 ms ; Wall: 0 ms

Timings AoToMo Coulomb Integral: CPU: 1467107 ms ; Wall: 160456 ms
    -- Loading in: CPU: 107354 ms ; Wall: 107809 ms
    -- Distribute Batch: CPU: 0 ms ; Wall: 0 ms
    -- Transforming Batch: CPU: 1358642 ms ; Wall: 51680 ms
    -- Distribute Batch Results: CPU: 0 ms ; Wall: 0 ms

Timing Vault_qmp2:: vault : CPU: 1480545 ms ; Wall: 165276 ms
Timing Do_qmp2:: qmp2 : CPU: 21942167 ms ; Wall: 786469 ms
 ______________________________________________________________________________ 
|                                                                              |
|                  ** Quadrature Calculation through libqqc **                 |
|                                                                              |
|++++++++++++++++++++++++++++++++++++++++++++++++++++++++++++++++++++++++++++++|
| * Author(s): Benjamin Thomitzni                                              |
|++++++++++++++++++++++++++++++++++++++++++++++++++++++++++++++++++++++++++++++|
|                               Programm Details                               |
|------------------------------------------------------------------------------|
| * library vers.      v0.1                                                    |
|     -- Loader vers.  v0.1                                                    |
|     -- Vault vers.   v0.1                                                    |
|     -- Do_qmp2 vers. v0.1                                                    |
|------------------------------------------------------------------------------|
| * OpenMP enabled                                                             |
|     -- threads:   28                                                         |
| * MPI enabled                                                                |
|     -- processes: 1                                                          |
|++++++++++++++++++++++++++++++++++++++++++++++++++++++++++++++++++++++++++++++|
|                              Calculation Details                             |
|------------------------------------------------------------------------------|
| * Method:             Q-MP(2)                                                |
|------------------------------------------------------------------------------|
| * grid points (3D):   18240                                                  |
| * grid points (1D):   16                                                     |
|------------------------------------------------------------------------------|
| * atomic orbitals:    146                                                    |
| * molecular orbitals: 146                                                    |
|     -- occupied:      47                                                     |
|     -- virtual:       99                                                     |
|------------------------------------------------------------------------------|
|                                    Results                                   |
|------------------------------------------------------------------------------|
| * Ground State Energy Correction (eV): -1.24223                              |
|++++++++++++++++++++++++++++++++++++++++++++++++++++++++++++++++++++++++++++++|
|                              Calculation Timings                             |
|------------------------------------------------------------------------------|
| Timing Qmp2_energy::compute : CPU: 21941962 ms ; Wall: 786453 ms             |
|     -- Setting up calculation: CPU: 437 ms ; Wall: 16 ms                     |
|     -- Calc. Batch 1/2: CPU: 5377023 ms ; Wall: 192708 ms                    |
|     -- Calc. Batch 2/2: CPU: 16564502 ms ; Wall: 593728 ms                   |
| Gather result fr. nodes : CPU: 0 ms ; Wall: 0 ms                             |
|------------------------------------------------------------------------------|
|             if no timings are printed, choose higher print level             |
|______________________________________________________________________________|

