/home/hd/hd_hd/hd_tb381/workspace/libqqc/runs/scan_hybrid
n1603
Fr 15. Apr 15:14:06 CEST 2022
#!/bin/bash
#SBATCH -J libqqc_hybrid_12x48
#SBATCH -n12 --cpus-per-task=48 -t12:00:00
#SBATCH --mem=200G
#SBATCH --job-name=libqqc_hybrid_12x48
#SBATCH --output=libqqc_hybrid_12x48_por-%j.out
#SBATCH --error=libqqc_hybrid_12x48_por-%j.err
pwd; hostname; date
cat run_12x48.sh
module load compiler/gnu
module load mpi/openmpi
cd ../../host_example/.
mpic++ -fopenmp -O3 -ffast-math -march=native main_mpi.cpp ../lib/libqqc.a -o 12x48.out
OMP_NUM_THREADS=48 srun --cpus-per-task=$OMP_NUM_THREADS ./12x48.out
rm 12x48.out
Timing Loader_qmp2_from_file:: loader :CPU: 0 ms ; Wall: 0 ms
Timings AoToMo CGTO: CPU: 6292 ms ; Wall: 4543 ms
    -- Loading in: CPU: 4448 ms ; Wall: 4462 ms
    -- Distribute Batch: CPU: 7 ms ; Wall: 7 ms
    -- Tranforming Batch: CPU: 1275 ms ; Wall: 27 ms
    -- Distribute Batch Results: CPU: 288 ms ; Wall: 15 ms

Timings AoToMo Coulomb Integral: CPU: 219814 ms ; Wall: 111612 ms
    -- Loading in: CPU: 107411 ms ; Wall: 107791 ms
    -- Distribute Batch: CPU: 563 ms ; Wall: 563 ms
    -- Transforming Batch: CPU: 110637 ms ; Wall: 2313 ms
    -- Distribute Batch Results: CPU: 1095 ms ; Wall: 831 ms

Timing Vault_qmp2:: vault : CPU: 226508 ms ; Wall: 116324 ms
Timing Do_qmp2:: qmp2 : CPU: 1866588 ms ; Wall: 39133 ms
 ______________________________________________________________________________ 
|                                                                              |
|                  ** Quadrature Calculation through libqqc **                 |
|                                                                              |
|++++++++++++++++++++++++++++++++++++++++++++++++++++++++++++++++++++++++++++++|
| * Author(s): Benjamin Thomitzni                                              |
|++++++++++++++++++++++++++++++++++++++++++++++++++++++++++++++++++++++++++++++|
|                               Programm Details                               |
|------------------------------------------------------------------------------|
| * library vers.      v0.1                                                    |
|     -- Loader vers.  v0.1                                                    |
|     -- Vault vers.   v0.1                                                    |
|     -- Do_qmp2 vers. v0.1                                                    |
|------------------------------------------------------------------------------|
| * OpenMP enabled                                                             |
|     -- threads:   48                                                         |
| * MPI enabled                                                                |
|     -- processes: 12                                                         |
|++++++++++++++++++++++++++++++++++++++++++++++++++++++++++++++++++++++++++++++|
|                              Calculation Details                             |
|------------------------------------------------------------------------------|
| * Method:             Q-MP(2)                                                |
|------------------------------------------------------------------------------|
| * grid points (3D):   18240                                                  |
| * grid points (1D):   16                                                     |
|------------------------------------------------------------------------------|
| * atomic orbitals:    146                                                    |
| * molecular orbitals: 146                                                    |
|     -- occupied:      47                                                     |
|     -- virtual:       99                                                     |
|------------------------------------------------------------------------------|
|                                    Results                                   |
|------------------------------------------------------------------------------|
| * Ground State Energy Correction (eV): -1.24223                              |
|++++++++++++++++++++++++++++++++++++++++++++++++++++++++++++++++++++++++++++++|
|                              Calculation Timings                             |
|------------------------------------------------------------------------------|
| Timing Qmp2_energy::compute : CPU: 1866334 ms ; Wall: 39120 ms               |
|     -- Setting up calculation: CPU: 849 ms ; Wall: 18 ms                     |
|     -- Calc. Batch 1/2: CPU: 31448 ms ; Wall: 657 ms                         |
|     -- Calc. Batch 2/2: CPU: 1834037 ms ; Wall: 38444 ms                     |
| Gather result fr. nodes : CPU: 0 ms ; Wall: 0 ms                             |
|------------------------------------------------------------------------------|
|             if no timings are printed, choose higher print level             |
|______________________________________________________________________________|

