/home/hd/hd_hd/hd_tb381/workspace/libqqc/runs/scan_hybrid
n1420
Fr 15. Apr 15:17:10 CEST 2022
#!/bin/bash
#SBATCH -J libqqc_hybrid_3x48
#SBATCH -n3 --cpus-per-task=48 -t12:00:00
#SBATCH --mem=200G
#SBATCH --job-name=libqqc_hybrid_3x48
#SBATCH --output=libqqc_hybrid_3x48_por-%j.out
#SBATCH --error=libqqc_hybrid_3x48_por-%j.err
pwd; hostname; date
cat run_3x48.sh
module load compiler/gnu
module load mpi/openmpi
cd ../../host_example/.
mpic++ -fopenmp -O3 -ffast-math -march=native main_mpi.cpp ../lib/libqqc.a -o 3x48.out
OMP_NUM_THREADS=48 srun --cpus-per-task=$OMP_NUM_THREADS ./3x48.out
rm 3x48.out
Timing Loader_qmp2_from_file:: loader :CPU: 0 ms ; Wall: 0 ms
Timings AoToMo CGTO: CPU: 9060 ms ; Wall: 4364 ms
    -- Loading in: CPU: 4213 ms ; Wall: 4226 ms
    -- Distribute Batch: CPU: 4 ms ; Wall: 3 ms
    -- Tranforming Batch: CPU: 4252 ms ; Wall: 89 ms
    -- Distribute Batch Results: CPU: 291 ms ; Wall: 11 ms

Timings AoToMo Coulomb Integral: CPU: 566226 ms ; Wall: 120594 ms
    -- Loading in: CPU: 107460 ms ; Wall: 107631 ms
    -- Distribute Batch: CPU: 420 ms ; Wall: 421 ms
    -- Transforming Batch: CPU: 455081 ms ; Wall: 9518 ms
    -- Distribute Batch Results: CPU: 2931 ms ; Wall: 2685 ms

Timing Vault_qmp2:: vault : CPU: 575668 ms ; Wall: 125033 ms
Timing Do_qmp2:: qmp2 : CPU: 7848507 ms ; Wall: 164792 ms
 ______________________________________________________________________________ 
|                                                                              |
|                  ** Quadrature Calculation through libqqc **                 |
|                                                                              |
|++++++++++++++++++++++++++++++++++++++++++++++++++++++++++++++++++++++++++++++|
| * Author(s): Benjamin Thomitzni                                              |
|++++++++++++++++++++++++++++++++++++++++++++++++++++++++++++++++++++++++++++++|
|                               Programm Details                               |
|------------------------------------------------------------------------------|
| * library vers.      v0.1                                                    |
|     -- Loader vers.  v0.1                                                    |
|     -- Vault vers.   v0.1                                                    |
|     -- Do_qmp2 vers. v0.1                                                    |
|------------------------------------------------------------------------------|
| * OpenMP enabled                                                             |
|     -- threads:   48                                                         |
| * MPI enabled                                                                |
|     -- processes: 3                                                          |
|++++++++++++++++++++++++++++++++++++++++++++++++++++++++++++++++++++++++++++++|
|                              Calculation Details                             |
|------------------------------------------------------------------------------|
| * Method:             Q-MP(2)                                                |
|------------------------------------------------------------------------------|
| * grid points (3D):   18240                                                  |
| * grid points (1D):   16                                                     |
|------------------------------------------------------------------------------|
| * atomic orbitals:    146                                                    |
| * molecular orbitals: 146                                                    |
|     -- occupied:      47                                                     |
|     -- virtual:       99                                                     |
|------------------------------------------------------------------------------|
|                                    Results                                   |
|------------------------------------------------------------------------------|
| * Ground State Energy Correction (eV): -1.24223                              |
|++++++++++++++++++++++++++++++++++++++++++++++++++++++++++++++++++++++++++++++|
|                              Calculation Timings                             |
|------------------------------------------------------------------------------|
| Timing Qmp2_energy::compute : CPU: 7848218 ms ; Wall: 164778 ms              |
|     -- Setting up calculation: CPU: 896 ms ; Wall: 19 ms                     |
|     -- Calc. Batch 1/2: CPU: 600667 ms ; Wall: 12573 ms                      |
|     -- Calc. Batch 2/2: CPU: 7246655 ms ; Wall: 152185 ms                    |
| Gather result fr. nodes : CPU: 0 ms ; Wall: 0 ms                             |
|------------------------------------------------------------------------------|
|             if no timings are printed, choose higher print level             |
|______________________________________________________________________________|

