/home/hd/hd_hd/hd_tb381/workspace/libqqc/runs/scan_mpionly
n1416
Sa 16. Apr 10:22:35 CEST 2022
#!/bin/bash
#SBATCH -J libqqc_mpionly_768x1
#SBATCH -n768 --cpus-per-task=1 -t12:00:00
#SBATCH --mem=200G
#SBATCH --job-name=libqqc_mpionly_768x1
#SBATCH --output=libqqc_mpionly_768x1_por-%j.out
#SBATCH --error=libqqc_mpionly_768x1_por-%j.err
pwd; hostname; date
cat run_768x1.sh
module load compiler/gnu
module load mpi/openmpi
cd ../../host_example/.
mpic++ -fopenmp -O3 -ffast-math -march=native main_mpi.cpp ../lib/libqqc.a -o 768x1.out
OMP_NUM_THREADS=1 srun --cpus-per-task=$OMP_NUM_THREADS ./768x1.out
rm 768x1.out
Timing Loader_qmp2_from_file:: loader :CPU: 0 ms ; Wall: 1 ms
Timings AoToMo CGTO: CPU: 293 ms ; Wall: 401 ms
    -- Loading in: CPU: 42 ms ; Wall: 42 ms
    -- Distribute Batch: CPU: 111 ms ; Wall: 218 ms
    -- Tranforming Batch: CPU: 1 ms ; Wall: 1 ms
    -- Distribute Batch Results: CPU: 130 ms ; Wall: 130 ms

Timings AoToMo Coulomb Integral: CPU: 1150 ms ; Wall: 1156 ms
    -- Loading in: CPU: 1029 ms ; Wall: 1033 ms
    -- Distribute Batch: CPU: 17 ms ; Wall: 16 ms
    -- Transforming Batch: CPU: 48 ms ; Wall: 48 ms
    -- Distribute Batch Results: CPU: 47 ms ; Wall: 47 ms

Timing Vault_qmp2:: vault : CPU: 1458 ms ; Wall: 1604 ms
Timing Do_qmp2:: qmp2 : CPU: 182 ms ; Wall: 187 ms
 ______________________________________________________________________________ 
|                                                                              |
|                  ** Quadrature Calculation through libqqc **                 |
|                                                                              |
|++++++++++++++++++++++++++++++++++++++++++++++++++++++++++++++++++++++++++++++|
| * Author(s): Benjamin Thomitzni                                              |
|++++++++++++++++++++++++++++++++++++++++++++++++++++++++++++++++++++++++++++++|
|                               Programm Details                               |
|------------------------------------------------------------------------------|
| * library vers.      v0.1                                                    |
|     -- Loader vers.  v0.1                                                    |
|     -- Vault vers.   v0.1                                                    |
|     -- Do_qmp2 vers. v0.1                                                    |
|------------------------------------------------------------------------------|
| * OpenMP enabled                                                             |
|     -- threads:   1                                                          |
| * MPI enabled                                                                |
|     -- processes: 768                                                        |
|++++++++++++++++++++++++++++++++++++++++++++++++++++++++++++++++++++++++++++++|
|                              Calculation Details                             |
|------------------------------------------------------------------------------|
| * Method:             Q-MP(2)                                                |
|------------------------------------------------------------------------------|
| * grid points (3D):   4560                                                   |
| * grid points (1D):   16                                                     |
|------------------------------------------------------------------------------|
| * atomic orbitals:    26                                                     |
| * molecular orbitals: 26                                                     |
|     -- occupied:      9                                                      |
|     -- virtual:       17                                                     |
|------------------------------------------------------------------------------|
|                                    Results                                   |
|------------------------------------------------------------------------------|
| * Ground State Energy Correction (eV): -0.216353                             |
|++++++++++++++++++++++++++++++++++++++++++++++++++++++++++++++++++++++++++++++|
|                              Calculation Timings                             |
|------------------------------------------------------------------------------|
| Timing Qmp2_energy::compute : CPU: 94 ms ; Wall: 95 ms                       |
|     -- Setting up calculation: CPU: 2 ms ; Wall: 2 ms                        |
|     -- Calc. Batch 1/2: CPU: 0 ms ; Wall: 0 ms                               |
|     -- Calc. Batch 2/2: CPU: 91 ms ; Wall: 91 ms                             |
| Gather result fr. nodes : CPU: 86 ms ; Wall: 86 ms                           |
|------------------------------------------------------------------------------|
|             if no timings are printed, choose higher print level             |
|______________________________________________________________________________|

