/home/hd/hd_hd/hd_tb381/workspace/libqqc/runs/scan_mpionly
n1810
Sa 16. Apr 10:21:58 CEST 2022
#!/bin/bash
#SBATCH -J libqqc_mpionly_4x1
#SBATCH -n4 --cpus-per-task=1 -t12:00:00
#SBATCH --mem=200G
#SBATCH --job-name=libqqc_mpionly_4x1
#SBATCH --output=libqqc_mpionly_4x1_por-%j.out
#SBATCH --error=libqqc_mpionly_4x1_por-%j.err
pwd; hostname; date
cat run_4x1.sh
module load compiler/gnu
module load mpi/openmpi
cd ../../host_example/.
mpic++ -fopenmp -O3 -ffast-math -march=native main_mpi.cpp ../lib/libqqc.a -o 4x1.out
OMP_NUM_THREADS=1 srun --cpus-per-task=$OMP_NUM_THREADS ./4x1.out
rm 4x1.out
Timing Loader_qmp2_from_file:: loader :CPU: 0 ms ; Wall: 0 ms
Timings AoToMo CGTO: CPU: 43 ms ; Wall: 45 ms
    -- Loading in: CPU: 34 ms ; Wall: 33 ms
    -- Distribute Batch: CPU: 0 ms ; Wall: 0 ms
    -- Tranforming Batch: CPU: 2 ms ; Wall: 1 ms
    -- Distribute Batch Results: CPU: 2 ms ; Wall: 1 ms

Timings AoToMo Coulomb Integral: CPU: 864 ms ; Wall: 868 ms
    -- Loading in: CPU: 784 ms ; Wall: 785 ms
    -- Distribute Batch: CPU: 7 ms ; Wall: 7 ms
    -- Transforming Batch: CPU: 58 ms ; Wall: 57 ms
    -- Distribute Batch Results: CPU: 7 ms ; Wall: 7 ms

Timing Vault_qmp2:: vault : CPU: 916 ms ; Wall: 924 ms
Timing Do_qmp2:: qmp2 : CPU: 16536 ms ; Wall: 16572 ms
 ______________________________________________________________________________ 
|                                                                              |
|                  ** Quadrature Calculation through libqqc **                 |
|                                                                              |
|++++++++++++++++++++++++++++++++++++++++++++++++++++++++++++++++++++++++++++++|
| * Author(s): Benjamin Thomitzni                                              |
|++++++++++++++++++++++++++++++++++++++++++++++++++++++++++++++++++++++++++++++|
|                               Programm Details                               |
|------------------------------------------------------------------------------|
| * library vers.      v0.1                                                    |
|     -- Loader vers.  v0.1                                                    |
|     -- Vault vers.   v0.1                                                    |
|     -- Do_qmp2 vers. v0.1                                                    |
|------------------------------------------------------------------------------|
| * OpenMP enabled                                                             |
|     -- threads:   1                                                          |
| * MPI enabled                                                                |
|     -- processes: 4                                                          |
|++++++++++++++++++++++++++++++++++++++++++++++++++++++++++++++++++++++++++++++|
|                              Calculation Details                             |
|------------------------------------------------------------------------------|
| * Method:             Q-MP(2)                                                |
|------------------------------------------------------------------------------|
| * grid points (3D):   4560                                                   |
| * grid points (1D):   16                                                     |
|------------------------------------------------------------------------------|
| * atomic orbitals:    26                                                     |
| * molecular orbitals: 26                                                     |
|     -- occupied:      9                                                      |
|     -- virtual:       17                                                     |
|------------------------------------------------------------------------------|
|                                    Results                                   |
|------------------------------------------------------------------------------|
| * Ground State Energy Correction (eV): -0.216353                             |
|++++++++++++++++++++++++++++++++++++++++++++++++++++++++++++++++++++++++++++++|
|                              Calculation Timings                             |
|------------------------------------------------------------------------------|
| Timing Qmp2_energy::compute : CPU: 16510 ms ; Wall: 16546 ms                 |
|     -- Setting up calculation: CPU: 1 ms ; Wall: 1 ms                        |
|     -- Calc. Batch 1/2: CPU: 1020 ms ; Wall: 1021 ms                         |
|     -- Calc. Batch 2/2: CPU: 15489 ms ; Wall: 15523 ms                       |
| Gather result fr. nodes : CPU: 26 ms ; Wall: 25 ms                           |
|------------------------------------------------------------------------------|
|             if no timings are printed, choose higher print level             |
|______________________________________________________________________________|

