/home/hd/hd_hd/hd_tb381/workspace/libqqc/runs/scan_mpionly
n1502
Sa 16. Apr 10:21:57 CEST 2022
#!/bin/bash
#SBATCH -J libqqc_mpionly_384x1
#SBATCH -n384 --cpus-per-task=1 -t12:00:00
#SBATCH --mem=200G
#SBATCH --job-name=libqqc_mpionly_384x1
#SBATCH --output=libqqc_mpionly_384x1_por-%j.out
#SBATCH --error=libqqc_mpionly_384x1_por-%j.err
pwd; hostname; date
cat run_384x1.sh
module load compiler/gnu
module load mpi/openmpi
cd ../../host_example/.
mpic++ -fopenmp -O3 -ffast-math -march=native main_mpi.cpp ../lib/libqqc.a -o 384x1.out
OMP_NUM_THREADS=1 srun --cpus-per-task=$OMP_NUM_THREADS ./384x1.out
rm 384x1.out
Timing Loader_qmp2_from_file:: loader :CPU: 0 ms ; Wall: 0 ms
Timings AoToMo CGTO: CPU: 235 ms ; Wall: 284 ms
    -- Loading in: CPU: 41 ms ; Wall: 41 ms
    -- Distribute Batch: CPU: 53 ms ; Wall: 100 ms
    -- Tranforming Batch: CPU: 1 ms ; Wall: 0 ms
    -- Distribute Batch Results: CPU: 132 ms ; Wall: 132 ms

Timings AoToMo Coulomb Integral: CPU: 1115 ms ; Wall: 1120 ms
    -- Loading in: CPU: 1034 ms ; Wall: 1037 ms
    -- Distribute Batch: CPU: 17 ms ; Wall: 17 ms
    -- Transforming Batch: CPU: 23 ms ; Wall: 23 ms
    -- Distribute Batch Results: CPU: 32 ms ; Wall: 32 ms

Timing Vault_qmp2:: vault : CPU: 1363 ms ; Wall: 1444 ms
Timing Do_qmp2:: qmp2 : CPU: 387 ms ; Wall: 388 ms
 ______________________________________________________________________________ 
|                                                                              |
|                  ** Quadrature Calculation through libqqc **                 |
|                                                                              |
|++++++++++++++++++++++++++++++++++++++++++++++++++++++++++++++++++++++++++++++|
| * Author(s): Benjamin Thomitzni                                              |
|++++++++++++++++++++++++++++++++++++++++++++++++++++++++++++++++++++++++++++++|
|                               Programm Details                               |
|------------------------------------------------------------------------------|
| * library vers.      v0.1                                                    |
|     -- Loader vers.  v0.1                                                    |
|     -- Vault vers.   v0.1                                                    |
|     -- Do_qmp2 vers. v0.1                                                    |
|------------------------------------------------------------------------------|
| * OpenMP enabled                                                             |
|     -- threads:   1                                                          |
| * MPI enabled                                                                |
|     -- processes: 384                                                        |
|++++++++++++++++++++++++++++++++++++++++++++++++++++++++++++++++++++++++++++++|
|                              Calculation Details                             |
|------------------------------------------------------------------------------|
| * Method:             Q-MP(2)                                                |
|------------------------------------------------------------------------------|
| * grid points (3D):   4560                                                   |
| * grid points (1D):   16                                                     |
|------------------------------------------------------------------------------|
| * atomic orbitals:    26                                                     |
| * molecular orbitals: 26                                                     |
|     -- occupied:      9                                                      |
|     -- virtual:       17                                                     |
|------------------------------------------------------------------------------|
|                                    Results                                   |
|------------------------------------------------------------------------------|
| * Ground State Energy Correction (eV): -0.216353                             |
|++++++++++++++++++++++++++++++++++++++++++++++++++++++++++++++++++++++++++++++|
|                              Calculation Timings                             |
|------------------------------------------------------------------------------|
| Timing Qmp2_energy::compute : CPU: 230 ms ; Wall: 231 ms                     |
|     -- Setting up calculation: CPU: 2 ms ; Wall: 2 ms                        |
|     -- Calc. Batch 1/2: CPU: 0 ms ; Wall: 0 ms                               |
|     -- Calc. Batch 2/2: CPU: 228 ms ; Wall: 228 ms                           |
| Gather result fr. nodes : CPU: 155 ms ; Wall: 155 ms                         |
|------------------------------------------------------------------------------|
|             if no timings are printed, choose higher print level             |
|______________________________________________________________________________|

