/home/hd/hd_hd/hd_tb381/workspace/libqqc/runs/scan_mpionly
n1601
Sa 16. Apr 10:22:21 CEST 2022
#!/bin/bash
#SBATCH -J libqqc_mpionly_672x1
#SBATCH -n672 --cpus-per-task=1 -t12:00:00
#SBATCH --mem=200G
#SBATCH --job-name=libqqc_mpionly_672x1
#SBATCH --output=libqqc_mpionly_672x1_por-%j.out
#SBATCH --error=libqqc_mpionly_672x1_por-%j.err
pwd; hostname; date
cat run_672x1.sh
module load compiler/gnu
module load mpi/openmpi
cd ../../host_example/.
mpic++ -fopenmp -O3 -ffast-math -march=native main_mpi.cpp ../lib/libqqc.a -o 672x1.out
OMP_NUM_THREADS=1 srun --cpus-per-task=$OMP_NUM_THREADS ./672x1.out
rm 672x1.out
Timing Loader_qmp2_from_file:: loader :CPU: 0 ms ; Wall: 1 ms
Timings AoToMo CGTO: CPU: 263 ms ; Wall: 353 ms
    -- Loading in: CPU: 42 ms ; Wall: 42 ms
    -- Distribute Batch: CPU: 97 ms ; Wall: 185 ms
    -- Tranforming Batch: CPU: 1 ms ; Wall: 0 ms
    -- Distribute Batch Results: CPU: 115 ms ; Wall: 115 ms

Timings AoToMo Coulomb Integral: CPU: 1128 ms ; Wall: 1133 ms
    -- Loading in: CPU: 1023 ms ; Wall: 1026 ms
    -- Distribute Batch: CPU: 17 ms ; Wall: 16 ms
    -- Transforming Batch: CPU: 35 ms ; Wall: 35 ms
    -- Distribute Batch Results: CPU: 43 ms ; Wall: 43 ms

Timing Vault_qmp2:: vault : CPU: 1407 ms ; Wall: 1533 ms
Timing Do_qmp2:: qmp2 : CPU: 179 ms ; Wall: 183 ms
 ______________________________________________________________________________ 
|                                                                              |
|                  ** Quadrature Calculation through libqqc **                 |
|                                                                              |
|++++++++++++++++++++++++++++++++++++++++++++++++++++++++++++++++++++++++++++++|
| * Author(s): Benjamin Thomitzni                                              |
|++++++++++++++++++++++++++++++++++++++++++++++++++++++++++++++++++++++++++++++|
|                               Programm Details                               |
|------------------------------------------------------------------------------|
| * library vers.      v0.1                                                    |
|     -- Loader vers.  v0.1                                                    |
|     -- Vault vers.   v0.1                                                    |
|     -- Do_qmp2 vers. v0.1                                                    |
|------------------------------------------------------------------------------|
| * OpenMP enabled                                                             |
|     -- threads:   1                                                          |
| * MPI enabled                                                                |
|     -- processes: 672                                                        |
|++++++++++++++++++++++++++++++++++++++++++++++++++++++++++++++++++++++++++++++|
|                              Calculation Details                             |
|------------------------------------------------------------------------------|
| * Method:             Q-MP(2)                                                |
|------------------------------------------------------------------------------|
| * grid points (3D):   4560                                                   |
| * grid points (1D):   16                                                     |
|------------------------------------------------------------------------------|
| * atomic orbitals:    26                                                     |
| * molecular orbitals: 26                                                     |
|     -- occupied:      9                                                      |
|     -- virtual:       17                                                     |
|------------------------------------------------------------------------------|
|                                    Results                                   |
|------------------------------------------------------------------------------|
| * Ground State Energy Correction (eV): -0.216353                             |
|++++++++++++++++++++++++++++++++++++++++++++++++++++++++++++++++++++++++++++++|
|                              Calculation Timings                             |
|------------------------------------------------------------------------------|
| Timing Qmp2_energy::compute : CPU: 140 ms ; Wall: 141 ms                     |
|     -- Setting up calculation: CPU: 2 ms ; Wall: 2 ms                        |
|     -- Calc. Batch 1/2: CPU: 0 ms ; Wall: 0 ms                               |
|     -- Calc. Batch 2/2: CPU: 137 ms ; Wall: 137 ms                           |
| Gather result fr. nodes : CPU: 37 ms ; Wall: 37 ms                           |
|------------------------------------------------------------------------------|
|             if no timings are printed, choose higher print level             |
|______________________________________________________________________________|

