/home/hd/hd_hd/hd_tb381/workspace/libqqc/runs/scan_mpionly
n1329
Sa 16. Apr 10:21:54 CEST 2022
#!/bin/bash
#SBATCH -J libqqc_mpionly_12x1
#SBATCH -n12 --cpus-per-task=1 -t12:00:00
#SBATCH --mem=200G
#SBATCH --job-name=libqqc_mpionly_12x1
#SBATCH --output=libqqc_mpionly_12x1_por-%j.out
#SBATCH --error=libqqc_mpionly_12x1_por-%j.err
pwd; hostname; date
cat run_12x1.sh
module load compiler/gnu
module load mpi/openmpi
cd ../../host_example/.
mpic++ -fopenmp -O3 -ffast-math -march=native main_mpi.cpp ../lib/libqqc.a -o 12x1.out
OMP_NUM_THREADS=1 srun --cpus-per-task=$OMP_NUM_THREADS ./12x1.out
rm 12x1.out
Timing Loader_qmp2_from_file:: loader :CPU: 0 ms ; Wall: 0 ms
Timings AoToMo CGTO: CPU: 45 ms ; Wall: 46 ms
    -- Loading in: CPU: 36 ms ; Wall: 35 ms
    -- Distribute Batch: CPU: 1 ms ; Wall: 0 ms
    -- Tranforming Batch: CPU: 1 ms ; Wall: 0 ms
    -- Distribute Batch Results: CPU: 2 ms ; Wall: 1 ms

Timings AoToMo Coulomb Integral: CPU: 902 ms ; Wall: 904 ms
    -- Loading in: CPU: 854 ms ; Wall: 855 ms
    -- Distribute Batch: CPU: 13 ms ; Wall: 13 ms
    -- Transforming Batch: CPU: 21 ms ; Wall: 20 ms
    -- Distribute Batch Results: CPU: 6 ms ; Wall: 6 ms

Timing Vault_qmp2:: vault : CPU: 955 ms ; Wall: 961 ms
Timing Do_qmp2:: qmp2 : CPU: 6037 ms ; Wall: 6052 ms
 ______________________________________________________________________________ 
|                                                                              |
|                  ** Quadrature Calculation through libqqc **                 |
|                                                                              |
|++++++++++++++++++++++++++++++++++++++++++++++++++++++++++++++++++++++++++++++|
| * Author(s): Benjamin Thomitzni                                              |
|++++++++++++++++++++++++++++++++++++++++++++++++++++++++++++++++++++++++++++++|
|                               Programm Details                               |
|------------------------------------------------------------------------------|
| * library vers.      v0.1                                                    |
|     -- Loader vers.  v0.1                                                    |
|     -- Vault vers.   v0.1                                                    |
|     -- Do_qmp2 vers. v0.1                                                    |
|------------------------------------------------------------------------------|
| * OpenMP enabled                                                             |
|     -- threads:   1                                                          |
| * MPI enabled                                                                |
|     -- processes: 12                                                         |
|++++++++++++++++++++++++++++++++++++++++++++++++++++++++++++++++++++++++++++++|
|                              Calculation Details                             |
|------------------------------------------------------------------------------|
| * Method:             Q-MP(2)                                                |
|------------------------------------------------------------------------------|
| * grid points (3D):   4560                                                   |
| * grid points (1D):   16                                                     |
|------------------------------------------------------------------------------|
| * atomic orbitals:    26                                                     |
| * molecular orbitals: 26                                                     |
|     -- occupied:      9                                                      |
|     -- virtual:       17                                                     |
|------------------------------------------------------------------------------|
|                                    Results                                   |
|------------------------------------------------------------------------------|
| * Ground State Energy Correction (eV): -0.216353                             |
|++++++++++++++++++++++++++++++++++++++++++++++++++++++++++++++++++++++++++++++|
|                              Calculation Timings                             |
|------------------------------------------------------------------------------|
| Timing Qmp2_energy::compute : CPU: 6036 ms ; Wall: 6051 ms                   |
|     -- Setting up calculation: CPU: 1 ms ; Wall: 0 ms                        |
|     -- Calc. Batch 1/2: CPU: 126 ms ; Wall: 125 ms                           |
|     -- Calc. Batch 2/2: CPU: 5910 ms ; Wall: 5924 ms                         |
| Gather result fr. nodes : CPU: 0 ms ; Wall: 0 ms                             |
|------------------------------------------------------------------------------|
|             if no timings are printed, choose higher print level             |
|______________________________________________________________________________|

