/home/hd/hd_hd/hd_tb381/workspace/libqqc/runs/scan_mpionly
n1409
Sa 16. Apr 10:22:05 CEST 2022
#!/bin/bash
#SBATCH -J libqqc_mpionly_96x1
#SBATCH -n96 --cpus-per-task=1 -t12:00:00
#SBATCH --mem=200G
#SBATCH --job-name=libqqc_mpionly_96x1
#SBATCH --output=libqqc_mpionly_96x1_por-%j.out
#SBATCH --error=libqqc_mpionly_96x1_por-%j.err
pwd; hostname; date
cat run_96x1.sh
module load compiler/gnu
module load mpi/openmpi
cd ../../host_example/.
mpic++ -fopenmp -O3 -ffast-math -march=native main_mpi.cpp ../lib/libqqc.a -o 96x1.out
OMP_NUM_THREADS=1 srun --cpus-per-task=$OMP_NUM_THREADS ./96x1.out
rm 96x1.out
Timing Loader_qmp2_from_file:: loader :CPU: 0 ms ; Wall: 0 ms
Timings AoToMo CGTO: CPU: 81 ms ; Wall: 89 ms
    -- Loading in: CPU: 42 ms ; Wall: 42 ms
    -- Distribute Batch: CPU: 8 ms ; Wall: 14 ms
    -- Tranforming Batch: CPU: 0 ms ; Wall: 0 ms
    -- Distribute Batch Results: CPU: 23 ms ; Wall: 22 ms

Timings AoToMo Coulomb Integral: CPU: 1066 ms ; Wall: 1070 ms
    -- Loading in: CPU: 1024 ms ; Wall: 1027 ms
    -- Distribute Batch: CPU: 13 ms ; Wall: 13 ms
    -- Transforming Batch: CPU: 6 ms ; Wall: 6 ms
    -- Distribute Batch Results: CPU: 14 ms ; Wall: 14 ms

Timing Vault_qmp2:: vault : CPU: 1157 ms ; Wall: 1187 ms
Timing Do_qmp2:: qmp2 : CPU: 1103 ms ; Wall: 1110 ms
 ______________________________________________________________________________ 
|                                                                              |
|                  ** Quadrature Calculation through libqqc **                 |
|                                                                              |
|++++++++++++++++++++++++++++++++++++++++++++++++++++++++++++++++++++++++++++++|
| * Author(s): Benjamin Thomitzni                                              |
|++++++++++++++++++++++++++++++++++++++++++++++++++++++++++++++++++++++++++++++|
|                               Programm Details                               |
|------------------------------------------------------------------------------|
| * library vers.      v0.1                                                    |
|     -- Loader vers.  v0.1                                                    |
|     -- Vault vers.   v0.1                                                    |
|     -- Do_qmp2 vers. v0.1                                                    |
|------------------------------------------------------------------------------|
| * OpenMP enabled                                                             |
|     -- threads:   1                                                          |
| * MPI enabled                                                                |
|     -- processes: 96                                                         |
|++++++++++++++++++++++++++++++++++++++++++++++++++++++++++++++++++++++++++++++|
|                              Calculation Details                             |
|------------------------------------------------------------------------------|
| * Method:             Q-MP(2)                                                |
|------------------------------------------------------------------------------|
| * grid points (3D):   4560                                                   |
| * grid points (1D):   16                                                     |
|------------------------------------------------------------------------------|
| * atomic orbitals:    26                                                     |
| * molecular orbitals: 26                                                     |
|     -- occupied:      9                                                      |
|     -- virtual:       17                                                     |
|------------------------------------------------------------------------------|
|                                    Results                                   |
|------------------------------------------------------------------------------|
| * Ground State Energy Correction (eV): -0.216353                             |
|++++++++++++++++++++++++++++++++++++++++++++++++++++++++++++++++++++++++++++++|
|                              Calculation Timings                             |
|------------------------------------------------------------------------------|
| Timing Qmp2_energy::compute : CPU: 1053 ms ; Wall: 1057 ms                   |
|     -- Setting up calculation: CPU: 3 ms ; Wall: 2 ms                        |
|     -- Calc. Batch 1/2: CPU: 4 ms ; Wall: 3 ms                               |
|     -- Calc. Batch 2/2: CPU: 1046 ms ; Wall: 1049 ms                         |
| Gather result fr. nodes : CPU: 49 ms ; Wall: 49 ms                           |
|------------------------------------------------------------------------------|
|             if no timings are printed, choose higher print level             |
|______________________________________________________________________________|

