/home/hd/hd_hd/hd_tb381/workspace/libqqc/runs/scan_mpionly
n1409
Sa 16. Apr 10:21:54 CEST 2022
#!/bin/bash
#SBATCH -J libqqc_mpionly_240x1
#SBATCH -n240 --cpus-per-task=1 -t12:00:00
#SBATCH --mem=200G
#SBATCH --job-name=libqqc_mpionly_240x1
#SBATCH --output=libqqc_mpionly_240x1_por-%j.out
#SBATCH --error=libqqc_mpionly_240x1_por-%j.err
pwd; hostname; date
cat run_240x1.sh
module load compiler/gnu
module load mpi/openmpi
cd ../../host_example/.
mpic++ -fopenmp -O3 -ffast-math -march=native main_mpi.cpp ../lib/libqqc.a -o 240x1.out
OMP_NUM_THREADS=1 srun --cpus-per-task=$OMP_NUM_THREADS ./240x1.out
rm 240x1.out
Timing Loader_qmp2_from_file:: loader :CPU: 0 ms ; Wall: 0 ms
Timings AoToMo CGTO: CPU: 137 ms ; Wall: 165 ms
    -- Loading in: CPU: 41 ms ; Wall: 41 ms
    -- Distribute Batch: CPU: 29 ms ; Wall: 56 ms
    -- Tranforming Batch: CPU: 0 ms ; Wall: 0 ms
    -- Distribute Batch Results: CPU: 59 ms ; Wall: 59 ms

Timings AoToMo Coulomb Integral: CPU: 1073 ms ; Wall: 1079 ms
    -- Loading in: CPU: 1022 ms ; Wall: 1025 ms
    -- Distribute Batch: CPU: 17 ms ; Wall: 17 ms
    -- Transforming Batch: CPU: 1 ms ; Wall: 1 ms
    -- Distribute Batch Results: CPU: 25 ms ; Wall: 25 ms

Timing Vault_qmp2:: vault : CPU: 1221 ms ; Wall: 1276 ms
Timing Do_qmp2:: qmp2 : CPU: 555 ms ; Wall: 556 ms
 ______________________________________________________________________________ 
|                                                                              |
|                  ** Quadrature Calculation through libqqc **                 |
|                                                                              |
|++++++++++++++++++++++++++++++++++++++++++++++++++++++++++++++++++++++++++++++|
| * Author(s): Benjamin Thomitzni                                              |
|++++++++++++++++++++++++++++++++++++++++++++++++++++++++++++++++++++++++++++++|
|                               Programm Details                               |
|------------------------------------------------------------------------------|
| * library vers.      v0.1                                                    |
|     -- Loader vers.  v0.1                                                    |
|     -- Vault vers.   v0.1                                                    |
|     -- Do_qmp2 vers. v0.1                                                    |
|------------------------------------------------------------------------------|
| * OpenMP enabled                                                             |
|     -- threads:   1                                                          |
| * MPI enabled                                                                |
|     -- processes: 240                                                        |
|++++++++++++++++++++++++++++++++++++++++++++++++++++++++++++++++++++++++++++++|
|                              Calculation Details                             |
|------------------------------------------------------------------------------|
| * Method:             Q-MP(2)                                                |
|------------------------------------------------------------------------------|
| * grid points (3D):   4560                                                   |
| * grid points (1D):   16                                                     |
|------------------------------------------------------------------------------|
| * atomic orbitals:    26                                                     |
| * molecular orbitals: 26                                                     |
|     -- occupied:      9                                                      |
|     -- virtual:       17                                                     |
|------------------------------------------------------------------------------|
|                                    Results                                   |
|------------------------------------------------------------------------------|
| * Ground State Energy Correction (eV): -0.216353                             |
|++++++++++++++++++++++++++++++++++++++++++++++++++++++++++++++++++++++++++++++|
|                              Calculation Timings                             |
|------------------------------------------------------------------------------|
| Timing Qmp2_energy::compute : CPU: 413 ms ; Wall: 414 ms                     |
|     -- Setting up calculation: CPU: 2 ms ; Wall: 2 ms                        |
|     -- Calc. Batch 1/2: CPU: 1 ms ; Wall: 0 ms                               |
|     -- Calc. Batch 2/2: CPU: 411 ms ; Wall: 411 ms                           |
| Gather result fr. nodes : CPU: 140 ms ; Wall: 140 ms                         |
|------------------------------------------------------------------------------|
|             if no timings are printed, choose higher print level             |
|______________________________________________________________________________|

