/home/hd/hd_hd/hd_tb381/workspace/libqqc/runs/scan_mpionly
n1817
Sa 16. Apr 10:21:58 CEST 2022
#!/bin/bash
#SBATCH -J libqqc_mpionly_8x1
#SBATCH -n8 --cpus-per-task=1 -t12:00:00
#SBATCH --mem=200G
#SBATCH --job-name=libqqc_mpionly_8x1
#SBATCH --output=libqqc_mpionly_8x1_por-%j.out
#SBATCH --error=libqqc_mpionly_8x1_por-%j.err
pwd; hostname; date
cat run_8x1.sh
module load compiler/gnu
module load mpi/openmpi
cd ../../host_example/.
mpic++ -fopenmp -O3 -ffast-math -march=native main_mpi.cpp ../lib/libqqc.a -o 8x1.out
OMP_NUM_THREADS=1 srun --cpus-per-task=$OMP_NUM_THREADS ./8x1.out
rm 8x1.out
Timing Loader_qmp2_from_file:: loader :CPU: 0 ms ; Wall: 0 ms
Timings AoToMo CGTO: CPU: 44 ms ; Wall: 45 ms
    -- Loading in: CPU: 34 ms ; Wall: 34 ms
    -- Distribute Batch: CPU: 1 ms ; Wall: 0 ms
    -- Tranforming Batch: CPU: 1 ms ; Wall: 0 ms
    -- Distribute Batch Results: CPU: 2 ms ; Wall: 1 ms

Timings AoToMo Coulomb Integral: CPU: 904 ms ; Wall: 907 ms
    -- Loading in: CPU: 848 ms ; Wall: 850 ms
    -- Distribute Batch: CPU: 11 ms ; Wall: 11 ms
    -- Transforming Batch: CPU: 31 ms ; Wall: 31 ms
    -- Distribute Batch Results: CPU: 5 ms ; Wall: 5 ms

Timing Vault_qmp2:: vault : CPU: 955 ms ; Wall: 963 ms
Timing Do_qmp2:: qmp2 : CPU: 8718 ms ; Wall: 8738 ms
 ______________________________________________________________________________ 
|                                                                              |
|                  ** Quadrature Calculation through libqqc **                 |
|                                                                              |
|++++++++++++++++++++++++++++++++++++++++++++++++++++++++++++++++++++++++++++++|
| * Author(s): Benjamin Thomitzni                                              |
|++++++++++++++++++++++++++++++++++++++++++++++++++++++++++++++++++++++++++++++|
|                               Programm Details                               |
|------------------------------------------------------------------------------|
| * library vers.      v0.1                                                    |
|     -- Loader vers.  v0.1                                                    |
|     -- Vault vers.   v0.1                                                    |
|     -- Do_qmp2 vers. v0.1                                                    |
|------------------------------------------------------------------------------|
| * OpenMP enabled                                                             |
|     -- threads:   1                                                          |
| * MPI enabled                                                                |
|     -- processes: 8                                                          |
|++++++++++++++++++++++++++++++++++++++++++++++++++++++++++++++++++++++++++++++|
|                              Calculation Details                             |
|------------------------------------------------------------------------------|
| * Method:             Q-MP(2)                                                |
|------------------------------------------------------------------------------|
| * grid points (3D):   4560                                                   |
| * grid points (1D):   16                                                     |
|------------------------------------------------------------------------------|
| * atomic orbitals:    26                                                     |
| * molecular orbitals: 26                                                     |
|     -- occupied:      9                                                      |
|     -- virtual:       17                                                     |
|------------------------------------------------------------------------------|
|                                    Results                                   |
|------------------------------------------------------------------------------|
| * Ground State Energy Correction (eV): -0.216353                             |
|++++++++++++++++++++++++++++++++++++++++++++++++++++++++++++++++++++++++++++++|
|                              Calculation Timings                             |
|------------------------------------------------------------------------------|
| Timing Qmp2_energy::compute : CPU: 8717 ms ; Wall: 8737 ms                   |
|     -- Setting up calculation: CPU: 1 ms ; Wall: 0 ms                        |
|     -- Calc. Batch 1/2: CPU: 274 ms ; Wall: 274 ms                           |
|     -- Calc. Batch 2/2: CPU: 8443 ms ; Wall: 8462 ms                         |
| Gather result fr. nodes : CPU: 0 ms ; Wall: 0 ms                             |
|------------------------------------------------------------------------------|
|             if no timings are printed, choose higher print level             |
|______________________________________________________________________________|

