/home/hd/hd_hd/hd_tb381/workspace/libqqc/runs/scan_mpionly
n1409
Sa 16. Apr 10:22:16 CEST 2022
#!/bin/bash
#SBATCH -J libqqc_mpionly_576x1
#SBATCH -n576 --cpus-per-task=1 -t12:00:00
#SBATCH --mem=200G
#SBATCH --job-name=libqqc_mpionly_576x1
#SBATCH --output=libqqc_mpionly_576x1_por-%j.out
#SBATCH --error=libqqc_mpionly_576x1_por-%j.err
pwd; hostname; date
cat run_576x1.sh
module load compiler/gnu
module load mpi/openmpi
cd ../../host_example/.
mpic++ -fopenmp -O3 -ffast-math -march=native main_mpi.cpp ../lib/libqqc.a -o 576x1.out
OMP_NUM_THREADS=1 srun --cpus-per-task=$OMP_NUM_THREADS ./576x1.out
rm 576x1.out
Timing Loader_qmp2_from_file:: loader :CPU: 0 ms ; Wall: 1 ms
Timings AoToMo CGTO: CPU: 269 ms ; Wall: 346 ms
    -- Loading in: CPU: 41 ms ; Wall: 41 ms
    -- Distribute Batch: CPU: 84 ms ; Wall: 158 ms
    -- Tranforming Batch: CPU: 1 ms ; Wall: 0 ms
    -- Distribute Batch Results: CPU: 135 ms ; Wall: 135 ms

Timings AoToMo Coulomb Integral: CPU: 1122 ms ; Wall: 1128 ms
    -- Loading in: CPU: 1018 ms ; Wall: 1022 ms
    -- Distribute Batch: CPU: 18 ms ; Wall: 18 ms
    -- Transforming Batch: CPU: 35 ms ; Wall: 35 ms
    -- Distribute Batch Results: CPU: 41 ms ; Wall: 41 ms

Timing Vault_qmp2:: vault : CPU: 1405 ms ; Wall: 1517 ms
Timing Do_qmp2:: qmp2 : CPU: 298 ms ; Wall: 303 ms
 ______________________________________________________________________________ 
|                                                                              |
|                  ** Quadrature Calculation through libqqc **                 |
|                                                                              |
|++++++++++++++++++++++++++++++++++++++++++++++++++++++++++++++++++++++++++++++|
| * Author(s): Benjamin Thomitzni                                              |
|++++++++++++++++++++++++++++++++++++++++++++++++++++++++++++++++++++++++++++++|
|                               Programm Details                               |
|------------------------------------------------------------------------------|
| * library vers.      v0.1                                                    |
|     -- Loader vers.  v0.1                                                    |
|     -- Vault vers.   v0.1                                                    |
|     -- Do_qmp2 vers. v0.1                                                    |
|------------------------------------------------------------------------------|
| * OpenMP enabled                                                             |
|     -- threads:   1                                                          |
| * MPI enabled                                                                |
|     -- processes: 576                                                        |
|++++++++++++++++++++++++++++++++++++++++++++++++++++++++++++++++++++++++++++++|
|                              Calculation Details                             |
|------------------------------------------------------------------------------|
| * Method:             Q-MP(2)                                                |
|------------------------------------------------------------------------------|
| * grid points (3D):   4560                                                   |
| * grid points (1D):   16                                                     |
|------------------------------------------------------------------------------|
| * atomic orbitals:    26                                                     |
| * molecular orbitals: 26                                                     |
|     -- occupied:      9                                                      |
|     -- virtual:       17                                                     |
|------------------------------------------------------------------------------|
|                                    Results                                   |
|------------------------------------------------------------------------------|
| * Ground State Energy Correction (eV): -0.216353                             |
|++++++++++++++++++++++++++++++++++++++++++++++++++++++++++++++++++++++++++++++|
|                              Calculation Timings                             |
|------------------------------------------------------------------------------|
| Timing Qmp2_energy::compute : CPU: 139 ms ; Wall: 140 ms                     |
|     -- Setting up calculation: CPU: 2 ms ; Wall: 2 ms                        |
|     -- Calc. Batch 1/2: CPU: 1 ms ; Wall: 1 ms                               |
|     -- Calc. Batch 2/2: CPU: 136 ms ; Wall: 137 ms                           |
| Gather result fr. nodes : CPU: 157 ms ; Wall: 157 ms                         |
|------------------------------------------------------------------------------|
|             if no timings are printed, choose higher print level             |
|______________________________________________________________________________|

