/home/hd/hd_hd/hd_tb381/workspace/libqqc/runs/scan_mpionly
n1401
Sa 16. Apr 10:22:45 CEST 2022
#!/bin/bash
#SBATCH -J libqqc_mpionly_816x1
#SBATCH -n816 --cpus-per-task=1 -t12:00:00
#SBATCH --mem=200G
#SBATCH --job-name=libqqc_mpionly_816x1
#SBATCH --output=libqqc_mpionly_816x1_por-%j.out
#SBATCH --error=libqqc_mpionly_816x1_por-%j.err
pwd; hostname; date
cat run_816x1.sh
module load compiler/gnu
module load mpi/openmpi
cd ../../host_example/.
mpic++ -fopenmp -O3 -ffast-math -march=native main_mpi.cpp ../lib/libqqc.a -o 816x1.out
OMP_NUM_THREADS=1 srun --cpus-per-task=$OMP_NUM_THREADS ./816x1.out
rm 816x1.out
Timing Loader_qmp2_from_file:: loader :CPU: 0 ms ; Wall: 1 ms
Timings AoToMo CGTO: CPU: 309 ms ; Wall: 411 ms
    -- Loading in: CPU: 41 ms ; Wall: 41 ms
    -- Distribute Batch: CPU: 123 ms ; Wall: 221 ms
    -- Tranforming Batch: CPU: 1 ms ; Wall: 0 ms
    -- Distribute Batch Results: CPU: 137 ms ; Wall: 136 ms

Timings AoToMo Coulomb Integral: CPU: 1130 ms ; Wall: 1136 ms
    -- Loading in: CPU: 1028 ms ; Wall: 1031 ms
    -- Distribute Batch: CPU: 18 ms ; Wall: 17 ms
    -- Transforming Batch: CPU: 32 ms ; Wall: 32 ms
    -- Distribute Batch Results: CPU: 44 ms ; Wall: 44 ms

Timing Vault_qmp2:: vault : CPU: 1457 ms ; Wall: 1595 ms
Timing Do_qmp2:: qmp2 : CPU: 157 ms ; Wall: 160 ms
 ______________________________________________________________________________ 
|                                                                              |
|                  ** Quadrature Calculation through libqqc **                 |
|                                                                              |
|++++++++++++++++++++++++++++++++++++++++++++++++++++++++++++++++++++++++++++++|
| * Author(s): Benjamin Thomitzni                                              |
|++++++++++++++++++++++++++++++++++++++++++++++++++++++++++++++++++++++++++++++|
|                               Programm Details                               |
|------------------------------------------------------------------------------|
| * library vers.      v0.1                                                    |
|     -- Loader vers.  v0.1                                                    |
|     -- Vault vers.   v0.1                                                    |
|     -- Do_qmp2 vers. v0.1                                                    |
|------------------------------------------------------------------------------|
| * OpenMP enabled                                                             |
|     -- threads:   1                                                          |
| * MPI enabled                                                                |
|     -- processes: 816                                                        |
|++++++++++++++++++++++++++++++++++++++++++++++++++++++++++++++++++++++++++++++|
|                              Calculation Details                             |
|------------------------------------------------------------------------------|
| * Method:             Q-MP(2)                                                |
|------------------------------------------------------------------------------|
| * grid points (3D):   4560                                                   |
| * grid points (1D):   16                                                     |
|------------------------------------------------------------------------------|
| * atomic orbitals:    26                                                     |
| * molecular orbitals: 26                                                     |
|     -- occupied:      9                                                      |
|     -- virtual:       17                                                     |
|------------------------------------------------------------------------------|
|                                    Results                                   |
|------------------------------------------------------------------------------|
| * Ground State Energy Correction (eV): -0.216353                             |
|++++++++++++++++++++++++++++++++++++++++++++++++++++++++++++++++++++++++++++++|
|                              Calculation Timings                             |
|------------------------------------------------------------------------------|
| Timing Qmp2_energy::compute : CPU: 94 ms ; Wall: 95 ms                       |
|     -- Setting up calculation: CPU: 2 ms ; Wall: 2 ms                        |
|     -- Calc. Batch 1/2: CPU: 0 ms ; Wall: 1 ms                               |
|     -- Calc. Batch 2/2: CPU: 91 ms ; Wall: 91 ms                             |
| Gather result fr. nodes : CPU: 62 ms ; Wall: 61 ms                           |
|------------------------------------------------------------------------------|
|             if no timings are printed, choose higher print level             |
|______________________________________________________________________________|

