/home/hd/hd_hd/hd_tb381/workspace/libqqc/runs/scan_hybrid
n1511
Mi 30. Mär 16:34:20 CEST 2022
#!/bin/bash
#SBATCH -J libqqc_hybrid_3x48
#SBATCH -n3 --cpus-per-task=48 -t12:00:00
#SBATCH --mem=200G
#SBATCH --job-name=libqqc_hybrid_3x48
#SBATCH --output=libqqc_hybrid_3x48_por-%j.out
#SBATCH --error=libqqc_hybrid_3x48_por-%j.err
pwd; hostname; date
cat run_3x48.sh
module load compiler/gnu
module load mpi/openmpi
cd ../../host_example/.
mpic++ -fopenmp -O3 -ffast-math -march=native main_mpi.cpp ../lib/libqqc.a -o 3x48.out
OMP_NUM_THREADS=48 srun --cpus-per-task=$OMP_NUM_THREADS ./3x48.out
rm 3x48.out
Timing Loader_qmp2_from_file:: loader :CPU: 0 ms ; Wall: 0 ms
pid 0 reporting distributing the mos, npts_to_send*nmo*8:18793856
pid 0 reporting distributing the mos, npts_to_send*nmo*8:18789952
pid 0 reporting distributing the mos, npts_to_send*nmo*8:18789952
Timings AoToMo CGTO: CPU: 15458 ms ; Wall: 2533 ms
    -- Loading in: CPU: 2101 ms ; Wall: 2165 ms
    -- Distribute Batch: CPU: 8 ms ; Wall: 8 ms
    -- Tranforming Batch: CPU: 12752 ms ; Wall: 267 ms
    -- Distribute Batch Results: CPU: 282 ms ; Wall: 34 ms

Timings AoToMo Coulomb Integral: CPU: 6327093 ms ; Wall: 608993 ms
    -- Loading in: CPU: 480597 ms ; Wall: 481309 ms
    -- Distribute Batch: CPU: 1782 ms ; Wall: 1786 ms
    -- Transforming Batch: CPU: 5840922 ms ; Wall: 122340 ms
    -- Distribute Batch Results: CPU: 2353 ms ; Wall: 2110 ms

Timing Vault_qmp2:: vault : CPU: 6345406 ms ; Wall: 611794 ms
Timing Do_qmp2:: qmp2 : CPU: 13037796 ms ; Wall: 273157 ms
 ______________________________________________________________________________ 
|                                                                              |
|                  ** Quadrature Calculation through libqqc **                 |
|                                                                              |
|++++++++++++++++++++++++++++++++++++++++++++++++++++++++++++++++++++++++++++++|
| * Author(s): Benjamin Thomitzni                                              |
|++++++++++++++++++++++++++++++++++++++++++++++++++++++++++++++++++++++++++++++|
|                               Programm Details                               |
|------------------------------------------------------------------------------|
| * library vers.      v0.1                                                    |
|     -- Loader vers.  v0.1                                                    |
|     -- Vault vers.   v0.1                                                    |
|     -- Do_qmp2 vers. v0.1                                                    |
|------------------------------------------------------------------------------|
| * OpenMP enabled                                                             |
|     -- threads:   48                                                         |
| * MPI enabled                                                                |
|     -- processes: 3                                                          |
|++++++++++++++++++++++++++++++++++++++++++++++++++++++++++++++++++++++++++++++|
|                              Calculation Details                             |
|------------------------------------------------------------------------------|
| * Method:             Q-MP(2)                                                |
|------------------------------------------------------------------------------|
| * grid points (3D):   28880                                                  |
| * grid points (1D):   4                                                      |
|------------------------------------------------------------------------------|
| * atomic orbitals:    244                                                    |
| * molecular orbitals: 244                                                    |
|     -- occupied:      81                                                     |
|     -- virtual:       163                                                    |
|------------------------------------------------------------------------------|
|                                    Results                                   |
|------------------------------------------------------------------------------|
| * Ground State Energy Correction (eV): -2.27356                              |
|++++++++++++++++++++++++++++++++++++++++++++++++++++++++++++++++++++++++++++++|
|                              Calculation Timings                             |
|------------------------------------------------------------------------------|
| Timing Qmp2_energy::compute : CPU: 13037533 ms ; Wall: 273137 ms             |
|     -- Setting up calculation: CPU: 2296 ms ; Wall: 56 ms                    |
|     -- Calc. Batch 1/2: CPU: 1078635 ms ; Wall: 22603 ms                     |
|     -- Calc. Batch 2/2: CPU: 11956602 ms ; Wall: 250477 ms                   |
| Gather result fr. nodes : CPU: 0 ms ; Wall: 0 ms                             |
|------------------------------------------------------------------------------|
|             if no timings are printed, choose higher print level             |
|______________________________________________________________________________|

