/home/hd/hd_hd/hd_tb381/workspace/libqqc/runs/scan_hybrid
n1509
So 27. Mär 05:20:34 CEST 2022
#!/bin/bash
#SBATCH -J libqqc_hybrid_6x48
#SBATCH -n6 --cpus-per-task=48 -t12:00:00
#SBATCH --mem=200G
#SBATCH --job-name=libqqc_hybrid_6x48
#SBATCH --output=libqqc_hybrid_6x48_por-%j.out
#SBATCH --error=libqqc_hybrid_6x48_por-%j.err
pwd; hostname; date
cat run_6x48.sh
module load compiler/gnu
module load mpi/openmpi
cd ../../host_example/.
mpic++ -fopenmp -O3 -ffast-math -march=native main_mpi.cpp ../lib/libqqc.a -o 6x48.out
OMP_NUM_THREADS=48 srun --cpus-per-task=$OMP_NUM_THREADS ./6x48.out
rm 6x48.out
Timing Loader_qmp2_from_file:: loader :CPU: 0 ms ; Wall: 0 ms
Timings AoToMo CGTO: CPU: 8502 ms ; Wall: 2435 ms
    -- Loading in: CPU: 2094 ms ; Wall: 2198 ms
    -- Distribute Batch: CPU: 11 ms ; Wall: 10 ms
    -- Tranforming Batch: CPU: 5804 ms ; Wall: 122 ms
    -- Distribute Batch Results: CPU: 297 ms ; Wall: 50 ms

Timings AoToMo Coulomb Integral: CPU: 3605346 ms ; Wall: 553672 ms
    -- Loading in: CPU: 481368 ms ; Wall: 482293 ms
    -- Distribute Batch: CPU: 2249 ms ; Wall: 2254 ms
    -- Transforming Batch: CPU: 3117626 ms ; Wall: 65287 ms
    -- Distribute Batch Results: CPU: 3318 ms ; Wall: 3046 ms

Timing Vault_qmp2:: vault : CPU: 3616854 ms ; Wall: 556696 ms
Timing Do_qmp2:: qmp2 : CPU: 8545035 ms ; Wall: 186422 ms
 ______________________________________________________________________________ 
|                                                                              |
|                  ** Quadrature Calculation through libqqc **                 |
|                                                                              |
|++++++++++++++++++++++++++++++++++++++++++++++++++++++++++++++++++++++++++++++|
| * Author(s): Benjamin Thomitzni                                              |
|++++++++++++++++++++++++++++++++++++++++++++++++++++++++++++++++++++++++++++++|
|                               Programm Details                               |
|------------------------------------------------------------------------------|
| * library vers.      v0.1                                                    |
|     -- Loader vers.  v0.1                                                    |
|     -- Vault vers.   v0.1                                                    |
|     -- Do_qmp2 vers. v0.1                                                    |
|------------------------------------------------------------------------------|
| * OpenMP enabled                                                             |
|     -- threads:   1                                                          |
| * MPI enabled                                                                |
|     -- processes: 6                                                          |
|++++++++++++++++++++++++++++++++++++++++++++++++++++++++++++++++++++++++++++++|
|                              Calculation Details                             |
|------------------------------------------------------------------------------|
| * Method:             Q-MP(2)                                                |
|------------------------------------------------------------------------------|
| * grid points (3D):   28880                                                  |
| * grid points (1D):   4                                                      |
|------------------------------------------------------------------------------|
| * atomic orbitals:    244                                                    |
| * molecular orbitals: 244                                                    |
|     -- occupied:      81                                                     |
|     -- virtual:       163                                                    |
|------------------------------------------------------------------------------|
|                                    Results                                   |
|------------------------------------------------------------------------------|
| * Ground State Energy Correction (eV): -2.27356                              |
|++++++++++++++++++++++++++++++++++++++++++++++++++++++++++++++++++++++++++++++|
|                              Calculation Timings                             |
|------------------------------------------------------------------------------|
| Timing Qmp2_energy::compute : CPU: 8537418 ms ; Wall: 179048 ms              |
|     -- Calc. Batch 1/2: CPU: 268953 ms ; Wall: 5646 ms                       |
|     -- Calc. Batch 2/2: CPU: 6255050 ms ; Wall: 131327 ms                    |
| Gather result fr. nodes : CPU: 7561 ms ; Wall: 7337 ms                       |
|------------------------------------------------------------------------------|
|             if no timings are printed, choose higher print level             |
|______________________________________________________________________________|

