/home/hd/hd_hd/hd_tb381/workspace/libqqc/runs/scan_hybrid
n1829
Di 22. Mär 15:53:36 CET 2022
#!/bin/bash
#SBATCH -J libqqc_hybrid_1x4
#SBATCH -n1 --cpus-per-task=4 -t24:00:00
#SBATCH --mem=200G
#SBATCH --job-name=libqqc_hybrid_1x4
#SBATCH --output=libqqc_hybrid_1x4_por-%j.out
#SBATCH --error=libqqc_hybrid_1x4_por-%j.err
pwd; hostname; date
cat run_1x4.sh
module load compiler/gnu
module load mpi/openmpi
cd ../../host_example/.
mpic++ -fopenmp -O3 -ffast-math -march=native main_mpi.cpp ../lib/libqqc.a -o 1x4.out
OMP_NUM_THREADS=4 srun --cpus-per-task=$OMP_NUM_THREADS ./1x4.out
rm 1x4.out
Timing Loader_qmp2_from_file:: loader :CPU: 0 ms ; Wall: 0 ms
Timings AoToMo CGTO: CPU: 5260 ms ; Wall: 2940 ms
    -- Loading in: CPU: 2084 ms ; Wall: 2087 ms
    -- Distribute Batch: CPU: 0 ms ; Wall: 0 ms
    -- Tranforming Batch: CPU: 3088 ms ; Wall: 782 ms
    -- Distribute Batch Results: CPU: 0 ms ; Wall: 0 ms

Timings AoToMo Coulomb Integral: CPU: 13971900 ms ; Wall: 3871400 ms
    -- Loading in: CPU: 487023 ms ; Wall: 487803 ms
    -- Distribute Batch: CPU: 0 ms ; Wall: 0 ms
    -- Transforming Batch: CPU: 13480633 ms ; Wall: 3379367 ms
    -- Distribute Batch Results: CPU: 0 ms ; Wall: 0 ms

Timing Vault_qmp2:: vault : CPU: 13979328 ms ; Wall: 3874956 ms
Timing Do_qmp2:: qmp2 : CPU: 29329834 ms ; Wall: 7351000 ms
 ______________________________________________________________________________ 
|                                                                              |
|                  ** Quadrature Calculation through libqqc **                 |
|                                                                              |
|++++++++++++++++++++++++++++++++++++++++++++++++++++++++++++++++++++++++++++++|
| * Author(s): Benjamin Thomitzni                                              |
|++++++++++++++++++++++++++++++++++++++++++++++++++++++++++++++++++++++++++++++|
|                               Programm Details                               |
|------------------------------------------------------------------------------|
| * library vers.      v0.1                                                    |
|     -- Loader vers.  v0.1                                                    |
|     -- Vault vers.   v0.1                                                    |
|     -- Do_qmp2 vers. v0.1                                                    |
|------------------------------------------------------------------------------|
| * OpenMP enabled                                                             |
|     -- threads:   1                                                          |
| * MPI enabled                                                                |
|     -- processes: 1                                                          |
|++++++++++++++++++++++++++++++++++++++++++++++++++++++++++++++++++++++++++++++|
|                              Calculation Details                             |
|------------------------------------------------------------------------------|
| * Method:             Q-MP(2)                                                |
|------------------------------------------------------------------------------|
| * grid points (3D):   28880                                                  |
| * grid points (1D):   4                                                      |
|------------------------------------------------------------------------------|
| * atomic orbitals:    244                                                    |
| * molecular orbitals: 244                                                    |
|     -- occupied:      81                                                     |
|     -- virtual:       163                                                    |
|------------------------------------------------------------------------------|
|                                    Results                                   |
|------------------------------------------------------------------------------|
| * Ground State Energy Correction (eV): -2.27356                              |
|++++++++++++++++++++++++++++++++++++++++++++++++++++++++++++++++++++++++++++++|
|                              Calculation Timings                             |
|------------------------------------------------------------------------------|
| Timing Qmp2_energy::compute : CPU: 29329808 ms ; Wall: 7350936 ms            |
|     -- Calc. Batch 1/2: CPU: 7955926 ms ; Wall: 1994733 ms                   |
|     -- Calc. Batch 2/2: CPU: 21271414 ms ; Wall: 5330530 ms                  |
| Gather result fr. nodes : CPU: 0 ms ; Wall: 0 ms                             |
|------------------------------------------------------------------------------|
|             if no timings are printed, choose higher print level             |
|______________________________________________________________________________|

