/home/hd/hd_hd/hd_tb381/workspace/libqqc/runs/scan_hybrid
n1503
Mi 30. Mär 14:15:11 CEST 2022
#!/bin/bash
#SBATCH -J libqqc_hybrid_2x48
#SBATCH -n2 --cpus-per-task=48 -t12:00:00
#SBATCH --mem=200G
#SBATCH --job-name=libqqc_hybrid_2x48
#SBATCH --output=libqqc_hybrid_2x48_por-%j.out
#SBATCH --error=libqqc_hybrid_2x48_por-%j.err
pwd; hostname; date
cat run_2x48.sh
module load compiler/gnu
module load mpi/openmpi
cd ../../host_example/.
mpic++ -fopenmp -O3 -ffast-math -march=native main_mpi.cpp ../lib/libqqc.a -o 2x48.out
OMP_NUM_THREADS=48 srun --cpus-per-task=$OMP_NUM_THREADS ./2x48.out
rm 2x48.out
Timing Loader_qmp2_from_file:: loader :CPU: 0 ms ; Wall: 0 ms
pid 0 reporting distributing the mos, npts_to_send*nmo*8:28186880
pid 0 reporting distributing the mos, npts_to_send*nmo*8:28186880
Timings AoToMo CGTO: CPU: 16629 ms ; Wall: 2538 ms
    -- Loading in: CPU: 2088 ms ; Wall: 2159 ms
    -- Distribute Batch: CPU: 6 ms ; Wall: 5 ms
    -- Tranforming Batch: CPU: 13926 ms ; Wall: 291 ms
    -- Distribute Batch Results: CPU: 285 ms ; Wall: 23 ms

Timings AoToMo Coulomb Integral: CPU: 9111648 ms ; Wall: 666531 ms
    -- Loading in: CPU: 480241 ms ; Wall: 481007 ms
    -- Distribute Batch: CPU: 1374 ms ; Wall: 1377 ms
    -- Transforming Batch: CPU: 8626278 ms ; Wall: 180632 ms
    -- Distribute Batch Results: CPU: 1605 ms ; Wall: 1353 ms

Timing Vault_qmp2:: vault : CPU: 9132742 ms ; Wall: 669712 ms
Timing Do_qmp2:: qmp2 : CPU: 18922032 ms ; Wall: 396313 ms
 ______________________________________________________________________________ 
|                                                                              |
|                  ** Quadrature Calculation through libqqc **                 |
|                                                                              |
|++++++++++++++++++++++++++++++++++++++++++++++++++++++++++++++++++++++++++++++|
| * Author(s): Benjamin Thomitzni                                              |
|++++++++++++++++++++++++++++++++++++++++++++++++++++++++++++++++++++++++++++++|
|                               Programm Details                               |
|------------------------------------------------------------------------------|
| * library vers.      v0.1                                                    |
|     -- Loader vers.  v0.1                                                    |
|     -- Vault vers.   v0.1                                                    |
|     -- Do_qmp2 vers. v0.1                                                    |
|------------------------------------------------------------------------------|
| * OpenMP enabled                                                             |
|     -- threads:   48                                                         |
| * MPI enabled                                                                |
|     -- processes: 2                                                          |
|++++++++++++++++++++++++++++++++++++++++++++++++++++++++++++++++++++++++++++++|
|                              Calculation Details                             |
|------------------------------------------------------------------------------|
| * Method:             Q-MP(2)                                                |
|------------------------------------------------------------------------------|
| * grid points (3D):   28880                                                  |
| * grid points (1D):   4                                                      |
|------------------------------------------------------------------------------|
| * atomic orbitals:    244                                                    |
| * molecular orbitals: 244                                                    |
|     -- occupied:      81                                                     |
|     -- virtual:       163                                                    |
|------------------------------------------------------------------------------|
|                                    Results                                   |
|------------------------------------------------------------------------------|
| * Ground State Energy Correction (eV): -2.27356                              |
|++++++++++++++++++++++++++++++++++++++++++++++++++++++++++++++++++++++++++++++|
|                              Calculation Timings                             |
|------------------------------------------------------------------------------|
| Timing Qmp2_energy::compute : CPU: 18921665 ms ; Wall: 396286 ms             |
|     -- Setting up calculation: CPU: 3668 ms ; Wall: 84 ms                    |
|     -- Calc. Batch 1/2: CPU: 2346740 ms ; Wall: 49159 ms                     |
|     -- Calc. Batch 2/2: CPU: 16571257 ms ; Wall: 347042 ms                   |
| Gather result fr. nodes : CPU: 24 ms ; Wall: 0 ms                            |
|------------------------------------------------------------------------------|
|             if no timings are printed, choose higher print level             |
|______________________________________________________________________________|

