/home/hd/hd_hd/hd_tb381/workspace/libqqc/runs/scan_hybrid
n1409
Do 31. Mär 09:27:29 CEST 2022
#!/bin/bash
#SBATCH -J libqqc_hybrid_1x48
#SBATCH -n1 --cpus-per-task=48 -t12:00:00
#SBATCH --mem=200G
#SBATCH --job-name=libqqc_hybrid_1x48
#SBATCH --output=libqqc_hybrid_1x48_por-%j.out
#SBATCH --error=libqqc_hybrid_1x48_por-%j.err
pwd; hostname; date
cat run_1x48.sh
module load compiler/gnu
module load mpi/openmpi
cd ../../host_example/.
mpic++ -fopenmp -O3 -ffast-math -march=native main_mpi.cpp ../lib/libqqc.a -o 1x48.out
OMP_NUM_THREADS=48 srun --cpus-per-task=$OMP_NUM_THREADS ./1x48.out
rm 1x48.out
Timing Loader_qmp2_from_file:: loader :CPU: 0 ms ; Wall: 0 ms
Timings AoToMo CGTO: CPU: 38157 ms ; Wall: 3023 ms
    -- Loading in: CPU: 2098 ms ; Wall: 2210 ms
    -- Distribute Batch: CPU: 0 ms ; Wall: 0 ms
    -- Tranforming Batch: CPU: 35690 ms ; Wall: 747 ms
    -- Distribute Batch Results: CPU: 47 ms ; Wall: 0 ms

Timings AoToMo Coulomb Integral: CPU: 17581909 ms ; Wall: 843183 ms
    -- Loading in: CPU: 479918 ms ; Wall: 480876 ms
    -- Distribute Batch: CPU: 0 ms ; Wall: 0 ms
    -- Transforming Batch: CPU: 17097188 ms ; Wall: 357978 ms
    -- Distribute Batch Results: CPU: 0 ms ; Wall: 0 ms

Timing Vault_qmp2:: vault : CPU: 17623208 ms ; Wall: 846943 ms
Timing Do_qmp2:: qmp2 : CPU: 37087303 ms ; Wall: 776195 ms
 ______________________________________________________________________________ 
|                                                                              |
|                  ** Quadrature Calculation through libqqc **                 |
|                                                                              |
|++++++++++++++++++++++++++++++++++++++++++++++++++++++++++++++++++++++++++++++|
| * Author(s): Benjamin Thomitzni                                              |
|++++++++++++++++++++++++++++++++++++++++++++++++++++++++++++++++++++++++++++++|
|                               Programm Details                               |
|------------------------------------------------------------------------------|
| * library vers.      v0.1                                                    |
|     -- Loader vers.  v0.1                                                    |
|     -- Vault vers.   v0.1                                                    |
|     -- Do_qmp2 vers. v0.1                                                    |
|------------------------------------------------------------------------------|
| * OpenMP enabled                                                             |
|     -- threads:   48                                                         |
| * MPI enabled                                                                |
|     -- processes: 1                                                          |
|++++++++++++++++++++++++++++++++++++++++++++++++++++++++++++++++++++++++++++++|
|                              Calculation Details                             |
|------------------------------------------------------------------------------|
| * Method:             Q-MP(2)                                                |
|------------------------------------------------------------------------------|
| * grid points (3D):   28880                                                  |
| * grid points (1D):   4                                                      |
|------------------------------------------------------------------------------|
| * atomic orbitals:    244                                                    |
| * molecular orbitals: 244                                                    |
|     -- occupied:      81                                                     |
|     -- virtual:       163                                                    |
|------------------------------------------------------------------------------|
|                                    Results                                   |
|------------------------------------------------------------------------------|
| * Ground State Energy Correction (eV): -2.27356                              |
|++++++++++++++++++++++++++++++++++++++++++++++++++++++++++++++++++++++++++++++|
|                              Calculation Timings                             |
|------------------------------------------------------------------------------|
| Timing Qmp2_energy::compute : CPU: 37086936 ms ; Wall: 776171 ms             |
|     -- Setting up calculation: CPU: 3078 ms ; Wall: 76 ms                    |
|     -- Calc. Batch 1/2: CPU: 9292423 ms ; Wall: 194470 ms                    |
|     -- Calc. Batch 2/2: CPU: 27791435 ms ; Wall: 581624 ms                   |
| Gather result fr. nodes : CPU: 0 ms ; Wall: 0 ms                             |
|------------------------------------------------------------------------------|
|             if no timings are printed, choose higher print level             |
|______________________________________________________________________________|

