/home/hd/hd_hd/hd_tb381/workspace/libqqc/runs/scan_hybrid
n1603
So 27. Mär 08:37:56 CEST 2022
#!/bin/bash
#SBATCH -J libqqc_hybrid_12x48
#SBATCH -n12 --cpus-per-task=48 -t12:00:00
#SBATCH --mem=200G
#SBATCH --job-name=libqqc_hybrid_12x48
#SBATCH --output=libqqc_hybrid_12x48_por-%j.out
#SBATCH --error=libqqc_hybrid_12x48_por-%j.err
pwd; hostname; date
cat run_12x48.sh
module load compiler/gnu
module load mpi/openmpi
cd ../../host_example/.
mpic++ -fopenmp -O3 -ffast-math -march=native main_mpi.cpp ../lib/libqqc.a -o 12x48.out
OMP_NUM_THREADS=48 srun --cpus-per-task=$OMP_NUM_THREADS ./12x48.out
rm 12x48.out
Timing Loader_qmp2_from_file:: loader :CPU: 0 ms ; Wall: 0 ms
Timings AoToMo CGTO: CPU: 5383 ms ; Wall: 2229 ms
    -- Loading in: CPU: 2054 ms ; Wall: 2058 ms
    -- Distribute Batch: CPU: 16 ms ; Wall: 16 ms
    -- Tranforming Batch: CPU: 2673 ms ; Wall: 56 ms
    -- Distribute Batch Results: CPU: 313 ms ; Wall: 44 ms

Timings AoToMo Coulomb Integral: CPU: 2049330 ms ; Wall: 520592 ms
    -- Loading in: CPU: 479407 ms ; Wall: 480162 ms
    -- Distribute Batch: CPU: 2684 ms ; Wall: 2689 ms
    -- Transforming Batch: CPU: 1561948 ms ; Wall: 32713 ms
    -- Distribute Batch Results: CPU: 4829 ms ; Wall: 4560 ms

Timing Vault_qmp2:: vault : CPU: 2058241 ms ; Wall: 522976 ms
Timing Do_qmp2:: qmp2 : CPU: 5257120 ms ; Wall: 113561 ms
 ______________________________________________________________________________ 
|                                                                              |
|                  ** Quadrature Calculation through libqqc **                 |
|                                                                              |
|++++++++++++++++++++++++++++++++++++++++++++++++++++++++++++++++++++++++++++++|
| * Author(s): Benjamin Thomitzni                                              |
|++++++++++++++++++++++++++++++++++++++++++++++++++++++++++++++++++++++++++++++|
|                               Programm Details                               |
|------------------------------------------------------------------------------|
| * library vers.      v0.1                                                    |
|     -- Loader vers.  v0.1                                                    |
|     -- Vault vers.   v0.1                                                    |
|     -- Do_qmp2 vers. v0.1                                                    |
|------------------------------------------------------------------------------|
| * OpenMP enabled                                                             |
|     -- threads:   1                                                          |
| * MPI enabled                                                                |
|     -- processes: 12                                                         |
|++++++++++++++++++++++++++++++++++++++++++++++++++++++++++++++++++++++++++++++|
|                              Calculation Details                             |
|------------------------------------------------------------------------------|
| * Method:             Q-MP(2)                                                |
|------------------------------------------------------------------------------|
| * grid points (3D):   28880                                                  |
| * grid points (1D):   4                                                      |
|------------------------------------------------------------------------------|
| * atomic orbitals:    244                                                    |
| * molecular orbitals: 244                                                    |
|     -- occupied:      81                                                     |
|     -- virtual:       163                                                    |
|------------------------------------------------------------------------------|
|                                    Results                                   |
|------------------------------------------------------------------------------|
| * Ground State Energy Correction (eV): -2.27356                              |
|++++++++++++++++++++++++++++++++++++++++++++++++++++++++++++++++++++++++++++++|
|                              Calculation Timings                             |
|------------------------------------------------------------------------------|
| Timing Qmp2_energy::compute : CPU: 5253598 ms ; Wall: 110297 ms              |
|     -- Calc. Batch 1/2: CPU: 64836 ms ; Wall: 1367 ms                        |
|     -- Calc. Batch 2/2: CPU: 3172731 ms ; Wall: 66809 ms                     |
| Gather result fr. nodes : CPU: 3478 ms ; Wall: 3227 ms                       |
|------------------------------------------------------------------------------|
|             if no timings are printed, choose higher print level             |
|______________________________________________________________________________|

