/home/hd/hd_hd/hd_tb381/workspace/libqqc/runs/scan_hybrid
n1835
Di 22. Mär 15:54:50 CET 2022
#!/bin/bash
#SBATCH -J libqqc_hybrid_1x20
#SBATCH -n1 --cpus-per-task=20 -t12:00:00
#SBATCH --mem=200G
#SBATCH --job-name=libqqc_hybrid_1x20
#SBATCH --output=libqqc_hybrid_1x20_por-%j.out
#SBATCH --error=libqqc_hybrid_1x20_por-%j.err
pwd; hostname; date
cat run_1x20.sh
module load compiler/gnu
module load mpi/openmpi
cd ../../host_example/.
mpic++ -fopenmp -O3 -ffast-math -march=native main_mpi.cpp ../lib/libqqc.a -o 1x20.out
OMP_NUM_THREADS=20 srun --cpus-per-task=$OMP_NUM_THREADS ./1x20.out
rm 1x20.out
Timing Loader_qmp2_from_file:: loader :CPU: 0 ms ; Wall: 0 ms
Timings AoToMo CGTO: CPU: 14858 ms ; Wall: 2802 ms
    -- Loading in: CPU: 2092 ms ; Wall: 2101 ms
    -- Distribute Batch: CPU: 0 ms ; Wall: 0 ms
    -- Tranforming Batch: CPU: 12582 ms ; Wall: 631 ms
    -- Distribute Batch Results: CPU: 0 ms ; Wall: 0 ms

Timings AoToMo Coulomb Integral: CPU: 20614190 ms ; Wall: 1493670 ms
    -- Loading in: CPU: 478525 ms ; Wall: 479556 ms
    -- Distribute Batch: CPU: 0 ms ; Wall: 0 ms
    -- Transforming Batch: CPU: 20131390 ms ; Wall: 1010011 ms
    -- Distribute Batch Results: CPU: 0 ms ; Wall: 0 ms

Timing Vault_qmp2:: vault : CPU: 20632249 ms ; Wall: 1496741 ms
Timing Do_qmp2:: qmp2 : CPU: 44882460 ms ; Wall: 2253025 ms
 ______________________________________________________________________________ 
|                                                                              |
|                  ** Quadrature Calculation through libqqc **                 |
|                                                                              |
|++++++++++++++++++++++++++++++++++++++++++++++++++++++++++++++++++++++++++++++|
| * Author(s): Benjamin Thomitzni                                              |
|++++++++++++++++++++++++++++++++++++++++++++++++++++++++++++++++++++++++++++++|
|                               Programm Details                               |
|------------------------------------------------------------------------------|
| * library vers.      v0.1                                                    |
|     -- Loader vers.  v0.1                                                    |
|     -- Vault vers.   v0.1                                                    |
|     -- Do_qmp2 vers. v0.1                                                    |
|------------------------------------------------------------------------------|
| * OpenMP enabled                                                             |
|     -- threads:   1                                                          |
| * MPI enabled                                                                |
|     -- processes: 1                                                          |
|++++++++++++++++++++++++++++++++++++++++++++++++++++++++++++++++++++++++++++++|
|                              Calculation Details                             |
|------------------------------------------------------------------------------|
| * Method:             Q-MP(2)                                                |
|------------------------------------------------------------------------------|
| * grid points (3D):   28880                                                  |
| * grid points (1D):   4                                                      |
|------------------------------------------------------------------------------|
| * atomic orbitals:    244                                                    |
| * molecular orbitals: 244                                                    |
|     -- occupied:      81                                                     |
|     -- virtual:       163                                                    |
|------------------------------------------------------------------------------|
|                                    Results                                   |
|------------------------------------------------------------------------------|
| * Ground State Energy Correction (eV): -2.27356                              |
|++++++++++++++++++++++++++++++++++++++++++++++++++++++++++++++++++++++++++++++|
|                              Calculation Timings                             |
|------------------------------------------------------------------------------|
| Timing Qmp2_energy::compute : CPU: 44882420 ms ; Wall: 2252991 ms            |
|     -- Calc. Batch 1/2: CPU: 11064147 ms ; Wall: 555483 ms                   |
|     -- Calc. Batch 2/2: CPU: 33192818 ms ; Wall: 1666137 ms                  |
| Gather result fr. nodes : CPU: 0 ms ; Wall: 0 ms                             |
|------------------------------------------------------------------------------|
|             if no timings are printed, choose higher print level             |
|______________________________________________________________________________|

