/home/hd/hd_hd/hd_tb381/workspace/libqqc/runs/scan_hybrid
n1706
Do 31. Mär 10:03:41 CEST 2022
#!/bin/bash
#SBATCH -J libqqc_hybrid_4x48
#SBATCH -n4 --cpus-per-task=48 -t12:00:00
#SBATCH --mem=200G
#SBATCH --job-name=libqqc_hybrid_4x48
#SBATCH --output=libqqc_hybrid_4x48_por-%j.out
#SBATCH --error=libqqc_hybrid_4x48_por-%j.err
pwd; hostname; date
cat run_4x48.sh
module load compiler/gnu
module load mpi/openmpi
cd ../../host_example/.
mpic++ -fopenmp -O3 -ffast-math -march=native main_mpi.cpp ../lib/libqqc.a -o 4x48.out
OMP_NUM_THREADS=48 srun --cpus-per-task=$OMP_NUM_THREADS ./4x48.out
rm 4x48.out
Timing Loader_qmp2_from_file:: loader :CPU: 0 ms ; Wall: 0 ms
Timings AoToMo CGTO: CPU: 8906 ms ; Wall: 2491 ms
    -- Loading in: CPU: 2152 ms ; Wall: 2221 ms
    -- Distribute Batch: CPU: 10 ms ; Wall: 9 ms
    -- Tranforming Batch: CPU: 6036 ms ; Wall: 127 ms
    -- Distribute Batch Results: CPU: 365 ms ; Wall: 77 ms

Timings AoToMo Coulomb Integral: CPU: 4873325 ms ; Wall: 582519 ms
    -- Loading in: CPU: 483526 ms ; Wall: 484308 ms
    -- Distribute Batch: CPU: 2002 ms ; Wall: 2006 ms
    -- Transforming Batch: CPU: 4383090 ms ; Wall: 91775 ms
    -- Distribute Batch Results: CPU: 3528 ms ; Wall: 3242 ms

Timing Vault_qmp2:: vault : CPU: 4886711 ms ; Wall: 585324 ms
Timing Do_qmp2:: qmp2 : CPU: 9846256 ms ; Wall: 206498 ms
 ______________________________________________________________________________ 
|                                                                              |
|                  ** Quadrature Calculation through libqqc **                 |
|                                                                              |
|++++++++++++++++++++++++++++++++++++++++++++++++++++++++++++++++++++++++++++++|
| * Author(s): Benjamin Thomitzni                                              |
|++++++++++++++++++++++++++++++++++++++++++++++++++++++++++++++++++++++++++++++|
|                               Programm Details                               |
|------------------------------------------------------------------------------|
| * library vers.      v0.1                                                    |
|     -- Loader vers.  v0.1                                                    |
|     -- Vault vers.   v0.1                                                    |
|     -- Do_qmp2 vers. v0.1                                                    |
|------------------------------------------------------------------------------|
| * OpenMP enabled                                                             |
|     -- threads:   48                                                         |
| * MPI enabled                                                                |
|     -- processes: 4                                                          |
|++++++++++++++++++++++++++++++++++++++++++++++++++++++++++++++++++++++++++++++|
|                              Calculation Details                             |
|------------------------------------------------------------------------------|
| * Method:             Q-MP(2)                                                |
|------------------------------------------------------------------------------|
| * grid points (3D):   28880                                                  |
| * grid points (1D):   4                                                      |
|------------------------------------------------------------------------------|
| * atomic orbitals:    244                                                    |
| * molecular orbitals: 244                                                    |
|     -- occupied:      81                                                     |
|     -- virtual:       163                                                    |
|------------------------------------------------------------------------------|
|                                    Results                                   |
|------------------------------------------------------------------------------|
| * Ground State Energy Correction (eV): -2.27356                              |
|++++++++++++++++++++++++++++++++++++++++++++++++++++++++++++++++++++++++++++++|
|                              Calculation Timings                             |
|------------------------------------------------------------------------------|
| Timing Qmp2_energy::compute : CPU: 9845949 ms ; Wall: 206478 ms              |
|     -- Setting up calculation: CPU: 4025 ms ; Wall: 85 ms                    |
|     -- Calc. Batch 1/2: CPU: 597693 ms ; Wall: 12557 ms                      |
|     -- Calc. Batch 2/2: CPU: 9244231 ms ; Wall: 193834 ms                    |
| Gather result fr. nodes : CPU: 0 ms ; Wall: 0 ms                             |
|------------------------------------------------------------------------------|
|             if no timings are printed, choose higher print level             |
|______________________________________________________________________________|

