/home/hd/hd_hd/hd_tb381/workspace/libqqc/runs/scan_hybrid
n1521
Di 22. Mär 16:03:28 CET 2022
#!/bin/bash
#SBATCH -J libqqc_hybrid_1x36
#SBATCH -n1 --cpus-per-task=36 -t12:00:00
#SBATCH --mem=200G
#SBATCH --job-name=libqqc_hybrid_1x36
#SBATCH --output=libqqc_hybrid_1x36_por-%j.out
#SBATCH --error=libqqc_hybrid_1x36_por-%j.err
pwd; hostname; date
cat run_1x36.sh
module load compiler/gnu
module load mpi/openmpi
cd ../../host_example/.
mpic++ -fopenmp -O3 -ffast-math -march=native main_mpi.cpp ../lib/libqqc.a -o 1x36.out
OMP_NUM_THREADS=36 srun --cpus-per-task=$OMP_NUM_THREADS ./1x36.out
rm 1x36.out
Timing Loader_qmp2_from_file:: loader :CPU: 0 ms ; Wall: 0 ms
Timings AoToMo CGTO: CPU: 18002 ms ; Wall: 2611 ms
    -- Loading in: CPU: 2102 ms ; Wall: 2109 ms
    -- Distribute Batch: CPU: 0 ms ; Wall: 0 ms
    -- Tranforming Batch: CPU: 15626 ms ; Wall: 435 ms
    -- Distribute Batch Results: CPU: 0 ms ; Wall: 0 ms

Timings AoToMo Coulomb Integral: CPU: 17996169 ms ; Wall: 972370 ms
    -- Loading in: CPU: 478536 ms ; Wall: 479382 ms
    -- Distribute Batch: CPU: 0 ms ; Wall: 0 ms
    -- Transforming Batch: CPU: 17513062 ms ; Wall: 488768 ms
    -- Distribute Batch Results: CPU: 0 ms ; Wall: 0 ms

Timing Vault_qmp2:: vault : CPU: 18017533 ms ; Wall: 975170 ms
Timing Do_qmp2:: qmp2 : CPU: 38377336 ms ; Wall: 1070530 ms
 ______________________________________________________________________________ 
|                                                                              |
|                  ** Quadrature Calculation through libqqc **                 |
|                                                                              |
|++++++++++++++++++++++++++++++++++++++++++++++++++++++++++++++++++++++++++++++|
| * Author(s): Benjamin Thomitzni                                              |
|++++++++++++++++++++++++++++++++++++++++++++++++++++++++++++++++++++++++++++++|
|                               Programm Details                               |
|------------------------------------------------------------------------------|
| * library vers.      v0.1                                                    |
|     -- Loader vers.  v0.1                                                    |
|     -- Vault vers.   v0.1                                                    |
|     -- Do_qmp2 vers. v0.1                                                    |
|------------------------------------------------------------------------------|
| * OpenMP enabled                                                             |
|     -- threads:   1                                                          |
| * MPI enabled                                                                |
|     -- processes: 1                                                          |
|++++++++++++++++++++++++++++++++++++++++++++++++++++++++++++++++++++++++++++++|
|                              Calculation Details                             |
|------------------------------------------------------------------------------|
| * Method:             Q-MP(2)                                                |
|------------------------------------------------------------------------------|
| * grid points (3D):   28880                                                  |
| * grid points (1D):   4                                                      |
|------------------------------------------------------------------------------|
| * atomic orbitals:    244                                                    |
| * molecular orbitals: 244                                                    |
|     -- occupied:      81                                                     |
|     -- virtual:       163                                                    |
|------------------------------------------------------------------------------|
|                                    Results                                   |
|------------------------------------------------------------------------------|
| * Ground State Energy Correction (eV): -2.27356                              |
|++++++++++++++++++++++++++++++++++++++++++++++++++++++++++++++++++++++++++++++|
|                              Calculation Timings                             |
|------------------------------------------------------------------------------|
| Timing Qmp2_energy::compute : CPU: 38377277 ms ; Wall: 1070505 ms            |
|     -- Calc. Batch 1/2: CPU: 9358087 ms ; Wall: 261100 ms                    |
|     -- Calc. Batch 2/2: CPU: 28072787 ms ; Wall: 783024 ms                   |
| Gather result fr. nodes : CPU: 0 ms ; Wall: 0 ms                             |
|------------------------------------------------------------------------------|
|             if no timings are printed, choose higher print level             |
|______________________________________________________________________________|

