/home/hd/hd_hd/hd_tb381/workspace/libqqc/runs/scan_hybrid
n1704
Mo 28. Mär 08:05:56 CEST 2022
#!/bin/bash
#SBATCH -J libqqc_hybrid_13x48
#SBATCH -n13 --cpus-per-task=48 -t12:00:00
#SBATCH --mem=200G
#SBATCH --job-name=libqqc_hybrid_13x48
#SBATCH --output=libqqc_hybrid_13x48_por-%j.out
#SBATCH --error=libqqc_hybrid_13x48_por-%j.err
pwd; hostname; date
cat run_13x48.sh
module load compiler/gnu
module load mpi/openmpi
cd ../../host_example/.
mpic++ -fopenmp -O3 -ffast-math -march=native main_mpi.cpp ../lib/libqqc.a -o 13x48.out
OMP_NUM_THREADS=48 srun --cpus-per-task=$OMP_NUM_THREADS ./13x48.out
rm 13x48.out
Timing Loader_qmp2_from_file:: loader :CPU: 0 ms ; Wall: 0 ms
Timings AoToMo CGTO: CPU: 5781 ms ; Wall: 2399 ms
    -- Loading in: CPU: 2099 ms ; Wall: 2209 ms
    -- Distribute Batch: CPU: 16 ms ; Wall: 16 ms
    -- Tranforming Batch: CPU: 3061 ms ; Wall: 65 ms
    -- Distribute Batch Results: CPU: 322 ms ; Wall: 54 ms

Timings AoToMo Coulomb Integral: CPU: 1890928 ms ; Wall: 517695 ms
    -- Loading in: CPU: 479758 ms ; Wall: 480608 ms
    -- Distribute Batch: CPU: 2570 ms ; Wall: 2575 ms
    -- Transforming Batch: CPU: 1403242 ms ; Wall: 29428 ms
    -- Distribute Batch Results: CPU: 4764 ms ; Wall: 4484 ms

Timing Vault_qmp2:: vault : CPU: 1899591 ms ; Wall: 520651 ms
Timing Do_qmp2:: qmp2 : CPU: 5186035 ms ; Wall: 109307 ms
 ______________________________________________________________________________ 
|                                                                              |
|                  ** Quadrature Calculation through libqqc **                 |
|                                                                              |
|++++++++++++++++++++++++++++++++++++++++++++++++++++++++++++++++++++++++++++++|
| * Author(s): Benjamin Thomitzni                                              |
|++++++++++++++++++++++++++++++++++++++++++++++++++++++++++++++++++++++++++++++|
|                               Programm Details                               |
|------------------------------------------------------------------------------|
| * library vers.      v0.1                                                    |
|     -- Loader vers.  v0.1                                                    |
|     -- Vault vers.   v0.1                                                    |
|     -- Do_qmp2 vers. v0.1                                                    |
|------------------------------------------------------------------------------|
| * OpenMP enabled                                                             |
|     -- threads:   1                                                          |
| * MPI enabled                                                                |
|     -- processes: 13                                                         |
|++++++++++++++++++++++++++++++++++++++++++++++++++++++++++++++++++++++++++++++|
|                              Calculation Details                             |
|------------------------------------------------------------------------------|
| * Method:             Q-MP(2)                                                |
|------------------------------------------------------------------------------|
| * grid points (3D):   28880                                                  |
| * grid points (1D):   4                                                      |
|------------------------------------------------------------------------------|
| * atomic orbitals:    244                                                    |
| * molecular orbitals: 244                                                    |
|     -- occupied:      81                                                     |
|     -- virtual:       163                                                    |
|------------------------------------------------------------------------------|
|                                    Results                                   |
|------------------------------------------------------------------------------|
| * Ground State Energy Correction (eV): -2.27356                              |
|++++++++++++++++++++++++++++++++++++++++++++++++++++++++++++++++++++++++++++++|
|                              Calculation Timings                             |
|------------------------------------------------------------------------------|
| Timing Qmp2_energy::compute : CPU: 5186000 ms ; Wall: 109283 ms              |
|     -- Calc. Batch 1/2: CPU: 54505 ms ; Wall: 1149 ms                        |
|     -- Calc. Batch 2/2: CPU: 2966535 ms ; Wall: 62904 ms                     |
| Gather result fr. nodes : CPU: 0 ms ; Wall: 0 ms                             |
|------------------------------------------------------------------------------|
|             if no timings are printed, choose higher print level             |
|______________________________________________________________________________|

