/home/hd/hd_hd/hd_tb381/workspace/libqqc/runs/scan_hybrid
n1411
Do 31. Mär 09:57:09 CEST 2022
#!/bin/bash
#SBATCH -J libqqc_hybrid_1x1
#SBATCH -n1 --cpus-per-task=1 -t36:00:00
#SBATCH --mem=200G
#SBATCH --job-name=libqqc_hybrid_1x1
#SBATCH --output=libqqc_hybrid_1x1_por-%j.out
#SBATCH --error=libqqc_hybrid_1x1_por-%j.err
pwd; hostname; date
cat run_1x1.sh
module load compiler/gnu
module load mpi/openmpi
cd ../../host_example/.
mpic++ -fopenmp -O3 -ffast-math -march=native main_mpi.cpp ../lib/libqqc.a -o 1x1.out
OMP_NUM_THREADS=1 srun --cpus-per-task=$OMP_NUM_THREADS ./1x1.out
rm 1x1.out
Timing Loader_qmp2_from_file:: loader :CPU: 0 ms ; Wall: 0 ms
Timings AoToMo CGTO: CPU: 4182 ms ; Wall: 4223 ms
    -- Loading in: CPU: 2087 ms ; Wall: 2123 ms
    -- Distribute Batch: CPU: 0 ms ; Wall: 0 ms
    -- Tranforming Batch: CPU: 2033 ms ; Wall: 2034 ms
    -- Distribute Batch Results: CPU: 0 ms ; Wall: 0 ms

Timings AoToMo Coulomb Integral: CPU: 12354985 ms ; Wall: 12370302 ms
    -- Loading in: CPU: 481377 ms ; Wall: 482084 ms
    -- Distribute Batch: CPU: 0 ms ; Wall: 0 ms
    -- Transforming Batch: CPU: 11869483 ms ; Wall: 11884054 ms
    -- Distribute Batch Results: CPU: 0 ms ; Wall: 25 ms

Timing Vault_qmp2:: vault : CPU: 12361138 ms ; Wall: 12376729 ms
Timing Do_qmp2:: qmp2 : CPU: 42667099 ms ; Wall: 42754496 ms
 ______________________________________________________________________________ 
|                                                                              |
|                  ** Quadrature Calculation through libqqc **                 |
|                                                                              |
|++++++++++++++++++++++++++++++++++++++++++++++++++++++++++++++++++++++++++++++|
| * Author(s): Benjamin Thomitzni                                              |
|++++++++++++++++++++++++++++++++++++++++++++++++++++++++++++++++++++++++++++++|
|                               Programm Details                               |
|------------------------------------------------------------------------------|
| * library vers.      v0.1                                                    |
|     -- Loader vers.  v0.1                                                    |
|     -- Vault vers.   v0.1                                                    |
|     -- Do_qmp2 vers. v0.1                                                    |
|------------------------------------------------------------------------------|
| * OpenMP enabled                                                             |
|     -- threads:   1                                                          |
| * MPI enabled                                                                |
|     -- processes: 1                                                          |
|++++++++++++++++++++++++++++++++++++++++++++++++++++++++++++++++++++++++++++++|
|                              Calculation Details                             |
|------------------------------------------------------------------------------|
| * Method:             Q-MP(2)                                                |
|------------------------------------------------------------------------------|
| * grid points (3D):   28880                                                  |
| * grid points (1D):   4                                                      |
|------------------------------------------------------------------------------|
| * atomic orbitals:    244                                                    |
| * molecular orbitals: 244                                                    |
|     -- occupied:      81                                                     |
|     -- virtual:       163                                                    |
|------------------------------------------------------------------------------|
|                                    Results                                   |
|------------------------------------------------------------------------------|
| * Ground State Energy Correction (eV): -2.27356                              |
|++++++++++++++++++++++++++++++++++++++++++++++++++++++++++++++++++++++++++++++|
|                              Calculation Timings                             |
|------------------------------------------------------------------------------|
| Timing Qmp2_energy::compute : CPU: 42667074 ms ; Wall: 42754450 ms           |
|     -- Setting up calculation: CPU: 249 ms ; Wall: 251 ms                    |
|     -- Calc. Batch 1/2: CPU: 10601268 ms ; Wall: 10622954 ms                 |
|     -- Calc. Batch 2/2: CPU: 32065557 ms ; Wall: 32131243 ms                 |
| Gather result fr. nodes : CPU: 0 ms ; Wall: 0 ms                             |
|------------------------------------------------------------------------------|
|             if no timings are printed, choose higher print level             |
|______________________________________________________________________________|

