/home/hd/hd_hd/hd_tb381/workspace/libqqc/runs/scan_hybrid
n1603
Di 29. Mär 13:13:21 CEST 2022
#!/bin/bash
#SBATCH -J libqqc_hybrid_18x48
#SBATCH -n18 --cpus-per-task=48 -t12:00:00
#SBATCH --mem=200G
#SBATCH --job-name=libqqc_hybrid_18x48
#SBATCH --output=libqqc_hybrid_18x48_por-%j.out
#SBATCH --error=libqqc_hybrid_18x48_por-%j.err
pwd; hostname; date
cat run_18x48.sh
module load compiler/gnu
module load mpi/openmpi
cd ../../host_example/.
mpic++ -fopenmp -O3 -ffast-math -march=native main_mpi.cpp ../lib/libqqc.a -o 18x48.out
OMP_NUM_THREADS=48 srun --cpus-per-task=$OMP_NUM_THREADS ./18x48.out
rm 18x48.out
Timing Loader_qmp2_from_file:: loader :CPU: 0 ms ; Wall: 0 ms
Timings AoToMo CGTO: CPU: 3956 ms ; Wall: 2231 ms
    -- Loading in: CPU: 2054 ms ; Wall: 2059 ms
    -- Distribute Batch: CPU: 18 ms ; Wall: 18 ms
    -- Tranforming Batch: CPU: 1203 ms ; Wall: 25 ms
    -- Distribute Batch Results: CPU: 343 ms ; Wall: 74 ms

Timings AoToMo Coulomb Integral: CPU: 1581198 ms ; Wall: 510314 ms
    -- Loading in: CPU: 479269 ms ; Wall: 480073 ms
    -- Distribute Batch: CPU: 2698 ms ; Wall: 2704 ms
    -- Transforming Batch: CPU: 1094394 ms ; Wall: 22939 ms
    -- Distribute Batch Results: CPU: 4507 ms ; Wall: 4263 ms

Timing Vault_qmp2:: vault : CPU: 1589410 ms ; Wall: 512720 ms
Timing Do_qmp2:: qmp2 : CPU: 3741941 ms ; Wall: 94592 ms
 ______________________________________________________________________________ 
|                                                                              |
|                  ** Quadrature Calculation through libqqc **                 |
|                                                                              |
|++++++++++++++++++++++++++++++++++++++++++++++++++++++++++++++++++++++++++++++|
| * Author(s): Benjamin Thomitzni                                              |
|++++++++++++++++++++++++++++++++++++++++++++++++++++++++++++++++++++++++++++++|
|                               Programm Details                               |
|------------------------------------------------------------------------------|
| * library vers.      v0.1                                                    |
|     -- Loader vers.  v0.1                                                    |
|     -- Vault vers.   v0.1                                                    |
|     -- Do_qmp2 vers. v0.1                                                    |
|------------------------------------------------------------------------------|
| * OpenMP enabled                                                             |
|     -- threads:   1                                                          |
| * MPI enabled                                                                |
|     -- processes: 18                                                         |
|++++++++++++++++++++++++++++++++++++++++++++++++++++++++++++++++++++++++++++++|
|                              Calculation Details                             |
|------------------------------------------------------------------------------|
| * Method:             Q-MP(2)                                                |
|------------------------------------------------------------------------------|
| * grid points (3D):   28880                                                  |
| * grid points (1D):   4                                                      |
|------------------------------------------------------------------------------|
| * atomic orbitals:    244                                                    |
| * molecular orbitals: 244                                                    |
|     -- occupied:      81                                                     |
|     -- virtual:       163                                                    |
|------------------------------------------------------------------------------|
|                                    Results                                   |
|------------------------------------------------------------------------------|
| * Ground State Energy Correction (eV): -2.27356                              |
|++++++++++++++++++++++++++++++++++++++++++++++++++++++++++++++++++++++++++++++|
|                              Calculation Timings                             |
|------------------------------------------------------------------------------|
| Timing Qmp2_energy::compute : CPU: 3725528 ms ; Wall: 78408 ms               |
|     -- Calc. Batch 1/2: CPU: 28283 ms ; Wall: 592 ms                         |
|     -- Calc. Batch 2/2: CPU: 2121415 ms ; Wall: 44833 ms                     |
| Gather result fr. nodes : CPU: 16382 ms ; Wall: 16157 ms                     |
|------------------------------------------------------------------------------|
|             if no timings are printed, choose higher print level             |
|______________________________________________________________________________|

