/home/hd/hd_hd/hd_tb381/workspace/libqqc/runs/scan_hybrid
n1618
Mi 23. Mär 10:01:30 CET 2022
#!/bin/bash
#SBATCH -J libqqc_hybrid_4x48
#SBATCH -n4 --cpus-per-task=48 -t12:00:00
#SBATCH --mem=200G
#SBATCH --job-name=libqqc_hybrid_4x48
#SBATCH --output=libqqc_hybrid_4x48_por-%j.out
#SBATCH --error=libqqc_hybrid_4x48_por-%j.err
pwd; hostname; date
cat run_4x48.sh
module load compiler/gnu
module load mpi/openmpi
cd ../../host_example/.
mpic++ -fopenmp -O3 -ffast-math -march=native main_mpi.cpp ../lib/libqqc.a -o 4x48.out
OMP_NUM_THREADS=48 srun --cpus-per-task=$OMP_NUM_THREADS ./4x48.out
rm 4x48.out
Timing Loader_qmp2_from_file:: loader :CPU: 0 ms ; Wall: 0 ms
Timings AoToMo CGTO: CPU: 10387 ms ; Wall: 2363 ms
    -- Loading in: CPU: 2067 ms ; Wall: 2069 ms
    -- Distribute Batch: CPU: 10 ms ; Wall: 9 ms
    -- Tranforming Batch: CPU: 7678 ms ; Wall: 161 ms
    -- Distribute Batch Results: CPU: 348 ms ; Wall: 67 ms

Timings AoToMo Coulomb Integral: CPU: 4874908 ms ; Wall: 582663 ms
    -- Loading in: CPU: 481672 ms ; Wall: 482486 ms
    -- Distribute Batch: CPU: 2004 ms ; Wall: 2009 ms
    -- Transforming Batch: CPU: 4384609 ms ; Wall: 91790 ms
    -- Distribute Batch Results: CPU: 5483 ms ; Wall: 5230 ms

Timing Vault_qmp2:: vault : CPU: 4888642 ms ; Wall: 585178 ms
Timing Do_qmp2:: qmp2 : CPU: 11372797 ms ; Wall: 245030 ms
 ______________________________________________________________________________ 
|                                                                              |
|                  ** Quadrature Calculation through libqqc **                 |
|                                                                              |
|++++++++++++++++++++++++++++++++++++++++++++++++++++++++++++++++++++++++++++++|
| * Author(s): Benjamin Thomitzni                                              |
|++++++++++++++++++++++++++++++++++++++++++++++++++++++++++++++++++++++++++++++|
|                               Programm Details                               |
|------------------------------------------------------------------------------|
| * library vers.      v0.1                                                    |
|     -- Loader vers.  v0.1                                                    |
|     -- Vault vers.   v0.1                                                    |
|     -- Do_qmp2 vers. v0.1                                                    |
|------------------------------------------------------------------------------|
| * OpenMP enabled                                                             |
|     -- threads:   1                                                          |
| * MPI enabled                                                                |
|     -- processes: 4                                                          |
|++++++++++++++++++++++++++++++++++++++++++++++++++++++++++++++++++++++++++++++|
|                              Calculation Details                             |
|------------------------------------------------------------------------------|
| * Method:             Q-MP(2)                                                |
|------------------------------------------------------------------------------|
| * grid points (3D):   28880                                                  |
| * grid points (1D):   4                                                      |
|------------------------------------------------------------------------------|
| * atomic orbitals:    244                                                    |
| * molecular orbitals: 244                                                    |
|     -- occupied:      81                                                     |
|     -- virtual:       163                                                    |
|------------------------------------------------------------------------------|
|                                    Results                                   |
|------------------------------------------------------------------------------|
| * Ground State Energy Correction (eV): -2.27356                              |
|++++++++++++++++++++++++++++++++++++++++++++++++++++++++++++++++++++++++++++++|
|                              Calculation Timings                             |
|------------------------------------------------------------------------------|
| Timing Qmp2_energy::compute : CPU: 11365529 ms ; Wall: 238020 ms             |
|     -- Calc. Batch 1/2: CPU: 576053 ms ; Wall: 12088 ms                      |
|     -- Calc. Batch 2/2: CPU: 8781908 ms ; Wall: 183989 ms                    |
| Gather result fr. nodes : CPU: 7229 ms ; Wall: 6975 ms                       |
|------------------------------------------------------------------------------|
|             if no timings are printed, choose higher print level             |
|______________________________________________________________________________|

