/home/hd/hd_hd/hd_tb381/workspace/libqqc/runs/scan_hybrid
n1608
So 27. Mär 07:52:54 CEST 2022
#!/bin/bash
#SBATCH -J libqqc_hybrid_8x48
#SBATCH -n8 --cpus-per-task=48 -t12:00:00
#SBATCH --mem=200G
#SBATCH --job-name=libqqc_hybrid_8x48
#SBATCH --output=libqqc_hybrid_8x48_por-%j.out
#SBATCH --error=libqqc_hybrid_8x48_por-%j.err
pwd; hostname; date
cat run_8x48.sh
module load compiler/gnu
module load mpi/openmpi
cd ../../host_example/.
mpic++ -fopenmp -O3 -ffast-math -march=native main_mpi.cpp ../lib/libqqc.a -o 8x48.out
OMP_NUM_THREADS=48 srun --cpus-per-task=$OMP_NUM_THREADS ./8x48.out
rm 8x48.out
Timing Loader_qmp2_from_file:: loader :CPU: 0 ms ; Wall: 0 ms
Timings AoToMo CGTO: CPU: 4597 ms ; Wall: 2288 ms
    -- Loading in: CPU: 2052 ms ; Wall: 2055 ms
    -- Distribute Batch: CPU: 14 ms ; Wall: 14 ms
    -- Tranforming Batch: CPU: 1830 ms ; Wall: 38 ms
    -- Distribute Batch Results: CPU: 393 ms ; Wall: 126 ms

Timings AoToMo Coulomb Integral: CPU: 2767947 ms ; Wall: 535902 ms
    -- Loading in: CPU: 480346 ms ; Wall: 481042 ms
    -- Distribute Batch: CPU: 2557 ms ; Wall: 2560 ms
    -- Transforming Batch: CPU: 2280176 ms ; Wall: 47699 ms
    -- Distribute Batch Results: CPU: 4283 ms ; Wall: 4011 ms

Timing Vault_qmp2:: vault : CPU: 2776643 ms ; Wall: 538359 ms
Timing Do_qmp2:: qmp2 : CPU: 5720855 ms ; Wall: 151258 ms
 ______________________________________________________________________________ 
|                                                                              |
|                  ** Quadrature Calculation through libqqc **                 |
|                                                                              |
|++++++++++++++++++++++++++++++++++++++++++++++++++++++++++++++++++++++++++++++|
| * Author(s): Benjamin Thomitzni                                              |
|++++++++++++++++++++++++++++++++++++++++++++++++++++++++++++++++++++++++++++++|
|                               Programm Details                               |
|------------------------------------------------------------------------------|
| * library vers.      v0.1                                                    |
|     -- Loader vers.  v0.1                                                    |
|     -- Vault vers.   v0.1                                                    |
|     -- Do_qmp2 vers. v0.1                                                    |
|------------------------------------------------------------------------------|
| * OpenMP enabled                                                             |
|     -- threads:   1                                                          |
| * MPI enabled                                                                |
|     -- processes: 8                                                          |
|++++++++++++++++++++++++++++++++++++++++++++++++++++++++++++++++++++++++++++++|
|                              Calculation Details                             |
|------------------------------------------------------------------------------|
| * Method:             Q-MP(2)                                                |
|------------------------------------------------------------------------------|
| * grid points (3D):   28880                                                  |
| * grid points (1D):   4                                                      |
|------------------------------------------------------------------------------|
| * atomic orbitals:    244                                                    |
| * molecular orbitals: 244                                                    |
|     -- occupied:      81                                                     |
|     -- virtual:       163                                                    |
|------------------------------------------------------------------------------|
|                                    Results                                   |
|------------------------------------------------------------------------------|
| * Ground State Energy Correction (eV): -2.27356                              |
|++++++++++++++++++++++++++++++++++++++++++++++++++++++++++++++++++++++++++++++|
|                              Calculation Timings                             |
|------------------------------------------------------------------------------|
| Timing Qmp2_energy::compute : CPU: 5688794 ms ; Wall: 119417 ms              |
|     -- Calc. Batch 1/2: CPU: 141663 ms ; Wall: 2966 ms                       |
|     -- Calc. Batch 2/2: CPU: 4526044 ms ; Wall: 95122 ms                     |
| Gather result fr. nodes : CPU: 32039 ms ; Wall: 31818 ms                     |
|------------------------------------------------------------------------------|
|             if no timings are printed, choose higher print level             |
|______________________________________________________________________________|

