/home/hd/hd_hd/hd_tb381/workspace/libqqc/runs/scan_hybrid
n1603
So 27. Mär 08:27:00 CEST 2022
#!/bin/bash
#SBATCH -J libqqc_hybrid_11x48
#SBATCH -n11 --cpus-per-task=48 -t12:00:00
#SBATCH --mem=200G
#SBATCH --job-name=libqqc_hybrid_11x48
#SBATCH --output=libqqc_hybrid_11x48_por-%j.out
#SBATCH --error=libqqc_hybrid_11x48_por-%j.err
pwd; hostname; date
cat run_11x48.sh
module load compiler/gnu
module load mpi/openmpi
cd ../../host_example/.
mpic++ -fopenmp -O3 -ffast-math -march=native main_mpi.cpp ../lib/libqqc.a -o 11x48.out
OMP_NUM_THREADS=48 srun --cpus-per-task=$OMP_NUM_THREADS ./11x48.out
rm 11x48.out
Timing Loader_qmp2_from_file:: loader :CPU: 0 ms ; Wall: 0 ms
Timings AoToMo CGTO: CPU: 5144 ms ; Wall: 2223 ms
    -- Loading in: CPU: 2051 ms ; Wall: 2054 ms
    -- Distribute Batch: CPU: 15 ms ; Wall: 16 ms
    -- Tranforming Batch: CPU: 2364 ms ; Wall: 50 ms
    -- Distribute Batch Results: CPU: 350 ms ; Wall: 50 ms

Timings AoToMo Coulomb Integral: CPU: 2214455 ms ; Wall: 524486 ms
    -- Loading in: CPU: 480613 ms ; Wall: 481175 ms
    -- Distribute Batch: CPU: 2675 ms ; Wall: 2678 ms
    -- Transforming Batch: CPU: 1726395 ms ; Wall: 36137 ms
    -- Distribute Batch Results: CPU: 4334 ms ; Wall: 4054 ms

Timing Vault_qmp2:: vault : CPU: 2223974 ms ; Wall: 526882 ms
Timing Do_qmp2:: qmp2 : CPU: 5608132 ms ; Wall: 123698 ms
 ______________________________________________________________________________ 
|                                                                              |
|                  ** Quadrature Calculation through libqqc **                 |
|                                                                              |
|++++++++++++++++++++++++++++++++++++++++++++++++++++++++++++++++++++++++++++++|
| * Author(s): Benjamin Thomitzni                                              |
|++++++++++++++++++++++++++++++++++++++++++++++++++++++++++++++++++++++++++++++|
|                               Programm Details                               |
|------------------------------------------------------------------------------|
| * library vers.      v0.1                                                    |
|     -- Loader vers.  v0.1                                                    |
|     -- Vault vers.   v0.1                                                    |
|     -- Do_qmp2 vers. v0.1                                                    |
|------------------------------------------------------------------------------|
| * OpenMP enabled                                                             |
|     -- threads:   1                                                          |
| * MPI enabled                                                                |
|     -- processes: 11                                                         |
|++++++++++++++++++++++++++++++++++++++++++++++++++++++++++++++++++++++++++++++|
|                              Calculation Details                             |
|------------------------------------------------------------------------------|
| * Method:             Q-MP(2)                                                |
|------------------------------------------------------------------------------|
| * grid points (3D):   28880                                                  |
| * grid points (1D):   4                                                      |
|------------------------------------------------------------------------------|
| * atomic orbitals:    244                                                    |
| * molecular orbitals: 244                                                    |
|     -- occupied:      81                                                     |
|     -- virtual:       163                                                    |
|------------------------------------------------------------------------------|
|                                    Results                                   |
|------------------------------------------------------------------------------|
| * Ground State Energy Correction (eV): -2.27356                              |
|++++++++++++++++++++++++++++++++++++++++++++++++++++++++++++++++++++++++++++++|
|                              Calculation Timings                             |
|------------------------------------------------------------------------------|
| Timing Qmp2_energy::compute : CPU: 5601615 ms ; Wall: 117420 ms              |
|     -- Calc. Batch 1/2: CPU: 76213 ms ; Wall: 1599 ms                        |
|     -- Calc. Batch 2/2: CPU: 3407538 ms ; Wall: 71561 ms                     |
| Gather result fr. nodes : CPU: 6493 ms ; Wall: 6253 ms                       |
|------------------------------------------------------------------------------|
|             if no timings are printed, choose higher print level             |
|______________________________________________________________________________|

