/home/hd/hd_hd/hd_tb381/workspace/libqqc/runs/scan_hybrid
n1608
So 27. Mär 07:40:56 CEST 2022
#!/bin/bash
#SBATCH -J libqqc_hybrid_7x48
#SBATCH -n7 --cpus-per-task=48 -t12:00:00
#SBATCH --mem=200G
#SBATCH --job-name=libqqc_hybrid_7x48
#SBATCH --output=libqqc_hybrid_7x48_por-%j.out
#SBATCH --error=libqqc_hybrid_7x48_por-%j.err
pwd; hostname; date
cat run_7x48.sh
module load compiler/gnu
module load mpi/openmpi
cd ../../host_example/.
mpic++ -fopenmp -O3 -ffast-math -march=native main_mpi.cpp ../lib/libqqc.a -o 7x48.out
OMP_NUM_THREADS=48 srun --cpus-per-task=$OMP_NUM_THREADS ./7x48.out
rm 7x48.out
Timing Loader_qmp2_from_file:: loader :CPU: 0 ms ; Wall: 0 ms
Timings AoToMo CGTO: CPU: 4699 ms ; Wall: 2394 ms
    -- Loading in: CPU: 2099 ms ; Wall: 2163 ms
    -- Distribute Batch: CPU: 13 ms ; Wall: 13 ms
    -- Tranforming Batch: CPU: 1881 ms ; Wall: 39 ms
    -- Distribute Batch Results: CPU: 391 ms ; Wall: 124 ms

Timings AoToMo Coulomb Integral: CPU: 3062477 ms ; Wall: 542112 ms
    -- Loading in: CPU: 479561 ms ; Wall: 480414 ms
    -- Distribute Batch: CPU: 2479 ms ; Wall: 2484 ms
    -- Transforming Batch: CPU: 2574920 ms ; Wall: 53942 ms
    -- Distribute Batch Results: CPU: 4859 ms ; Wall: 4606 ms

Timing Vault_qmp2:: vault : CPU: 3071264 ms ; Wall: 545016 ms
Timing Do_qmp2:: qmp2 : CPU: 6470871 ms ; Wall: 164523 ms
 ______________________________________________________________________________ 
|                                                                              |
|                  ** Quadrature Calculation through libqqc **                 |
|                                                                              |
|++++++++++++++++++++++++++++++++++++++++++++++++++++++++++++++++++++++++++++++|
| * Author(s): Benjamin Thomitzni                                              |
|++++++++++++++++++++++++++++++++++++++++++++++++++++++++++++++++++++++++++++++|
|                               Programm Details                               |
|------------------------------------------------------------------------------|
| * library vers.      v0.1                                                    |
|     -- Loader vers.  v0.1                                                    |
|     -- Vault vers.   v0.1                                                    |
|     -- Do_qmp2 vers. v0.1                                                    |
|------------------------------------------------------------------------------|
| * OpenMP enabled                                                             |
|     -- threads:   1                                                          |
| * MPI enabled                                                                |
|     -- processes: 7                                                          |
|++++++++++++++++++++++++++++++++++++++++++++++++++++++++++++++++++++++++++++++|
|                              Calculation Details                             |
|------------------------------------------------------------------------------|
| * Method:             Q-MP(2)                                                |
|------------------------------------------------------------------------------|
| * grid points (3D):   28880                                                  |
| * grid points (1D):   4                                                      |
|------------------------------------------------------------------------------|
| * atomic orbitals:    244                                                    |
| * molecular orbitals: 244                                                    |
|     -- occupied:      81                                                     |
|     -- virtual:       163                                                    |
|------------------------------------------------------------------------------|
|                                    Results                                   |
|------------------------------------------------------------------------------|
| * Ground State Energy Correction (eV): -2.27356                              |
|++++++++++++++++++++++++++++++++++++++++++++++++++++++++++++++++++++++++++++++|
|                              Calculation Timings                             |
|------------------------------------------------------------------------------|
| Timing Qmp2_energy::compute : CPU: 6441193 ms ; Wall: 135069 ms              |
|     -- Calc. Batch 1/2: CPU: 185791 ms ; Wall: 3911 ms                       |
|     -- Calc. Batch 2/2: CPU: 5194624 ms ; Wall: 108938 ms                    |
| Gather result fr. nodes : CPU: 29634 ms ; Wall: 29431 ms                     |
|------------------------------------------------------------------------------|
|             if no timings are printed, choose higher print level             |
|______________________________________________________________________________|

