/home/hd/hd_hd/hd_tb381/workspace/libqqc/runs/scan_hybrid
n1603
Di 29. Mär 12:03:18 CEST 2022
#!/bin/bash
#SBATCH -J libqqc_hybrid_16x48
#SBATCH -n16 --cpus-per-task=48 -t12:00:00
#SBATCH --mem=200G
#SBATCH --job-name=libqqc_hybrid_16x48
#SBATCH --output=libqqc_hybrid_16x48_por-%j.out
#SBATCH --error=libqqc_hybrid_16x48_por-%j.err
pwd; hostname; date
cat run_16x48.sh
module load compiler/gnu
module load mpi/openmpi
cd ../../host_example/.
mpic++ -fopenmp -O3 -ffast-math -march=native main_mpi.cpp ../lib/libqqc.a -o 16x48.out
OMP_NUM_THREADS=48 srun --cpus-per-task=$OMP_NUM_THREADS ./16x48.out
rm 16x48.out
Timing Loader_qmp2_from_file:: loader :CPU: 0 ms ; Wall: 0 ms
Timings AoToMo CGTO: CPU: 5009 ms ; Wall: 2342 ms
    -- Loading in: CPU: 2098 ms ; Wall: 2160 ms
    -- Distribute Batch: CPU: 20 ms ; Wall: 20 ms
    -- Tranforming Batch: CPU: 2240 ms ; Wall: 47 ms
    -- Distribute Batch Results: CPU: 329 ms ; Wall: 59 ms

Timings AoToMo Coulomb Integral: CPU: 1636504 ms ; Wall: 514192 ms
    -- Loading in: CPU: 479761 ms ; Wall: 480547 ms
    -- Distribute Batch: CPU: 2619 ms ; Wall: 2624 ms
    -- Transforming Batch: CPU: 1146884 ms ; Wall: 24032 ms
    -- Distribute Batch Results: CPU: 6901 ms ; Wall: 6645 ms

Timing Vault_qmp2:: vault : CPU: 1644671 ms ; Wall: 517465 ms
Timing Do_qmp2:: qmp2 : CPU: 4812320 ms ; Wall: 101676 ms
 ______________________________________________________________________________ 
|                                                                              |
|                  ** Quadrature Calculation through libqqc **                 |
|                                                                              |
|++++++++++++++++++++++++++++++++++++++++++++++++++++++++++++++++++++++++++++++|
| * Author(s): Benjamin Thomitzni                                              |
|++++++++++++++++++++++++++++++++++++++++++++++++++++++++++++++++++++++++++++++|
|                               Programm Details                               |
|------------------------------------------------------------------------------|
| * library vers.      v0.1                                                    |
|     -- Loader vers.  v0.1                                                    |
|     -- Vault vers.   v0.1                                                    |
|     -- Do_qmp2 vers. v0.1                                                    |
|------------------------------------------------------------------------------|
| * OpenMP enabled                                                             |
|     -- threads:   1                                                          |
| * MPI enabled                                                                |
|     -- processes: 16                                                         |
|++++++++++++++++++++++++++++++++++++++++++++++++++++++++++++++++++++++++++++++|
|                              Calculation Details                             |
|------------------------------------------------------------------------------|
| * Method:             Q-MP(2)                                                |
|------------------------------------------------------------------------------|
| * grid points (3D):   28880                                                  |
| * grid points (1D):   4                                                      |
|------------------------------------------------------------------------------|
| * atomic orbitals:    244                                                    |
| * molecular orbitals: 244                                                    |
|     -- occupied:      81                                                     |
|     -- virtual:       163                                                    |
|------------------------------------------------------------------------------|
|                                    Results                                   |
|------------------------------------------------------------------------------|
| * Ground State Energy Correction (eV): -2.27356                              |
|++++++++++++++++++++++++++++++++++++++++++++++++++++++++++++++++++++++++++++++|
|                              Calculation Timings                             |
|------------------------------------------------------------------------------|
| Timing Qmp2_energy::compute : CPU: 4812277 ms ; Wall: 101653 ms              |
|     -- Calc. Batch 1/2: CPU: 35712 ms ; Wall: 748 ms                         |
|     -- Calc. Batch 2/2: CPU: 2385155 ms ; Wall: 50917 ms                     |
| Gather result fr. nodes : CPU: 0 ms ; Wall: 0 ms                             |
|------------------------------------------------------------------------------|
|             if no timings are printed, choose higher print level             |
|______________________________________________________________________________|

