/home/hd/hd_hd/hd_tb381/workspace/libqqc/runs/scan_mpionly
n1418
Fr 15. Apr 15:23:18 CEST 2022
#!/bin/bash
#SBATCH -J libqqc_mpionly_36x1
#SBATCH -n36 --cpus-per-task=1 -t12:00:00
#SBATCH --mem=200G
#SBATCH --job-name=libqqc_mpionly_36x1
#SBATCH --output=libqqc_mpionly_36x1_por-%j.out
#SBATCH --error=libqqc_mpionly_36x1_por-%j.err
pwd; hostname; date
cat run_36x1.sh
module load compiler/gnu
module load mpi/openmpi
cd ../../host_example/.
mpic++ -fopenmp -O3 -ffast-math -march=native main_mpi.cpp ../lib/libqqc.a -o 36x1.out
OMP_NUM_THREADS=1 srun --cpus-per-task=$OMP_NUM_THREADS ./36x1.out
rm 36x1.out
Timing Loader_qmp2_from_file:: loader :CPU: 0 ms ; Wall: 0 ms
Timings AoToMo CGTO: CPU: 1073 ms ; Wall: 1079 ms
    -- Loading in: CPU: 919 ms ; Wall: 921 ms
    -- Distribute Batch: CPU: 13 ms ; Wall: 13 ms
    -- Tranforming Batch: CPU: 17 ms ; Wall: 17 ms
    -- Distribute Batch Results: CPU: 91 ms ; Wall: 91 ms

Timings AoToMo Coulomb Integral: CPU: 164121 ms ; Wall: 164647 ms
    -- Loading in: CPU: 130957 ms ; Wall: 131368 ms
    -- Distribute Batch: CPU: 1281 ms ; Wall: 1284 ms
    -- Transforming Batch: CPU: 30489 ms ; Wall: 30592 ms
    -- Distribute Batch Results: CPU: 1324 ms ; Wall: 1329 ms

Timing Vault_qmp2:: vault : CPU: 165490 ms ; Wall: 166027 ms
Timing Do_qmp2:: qmp2 : CPU: 942792 ms ; Wall: 946106 ms
 ______________________________________________________________________________ 
|                                                                              |
|                  ** Quadrature Calculation through libqqc **                 |
|                                                                              |
|++++++++++++++++++++++++++++++++++++++++++++++++++++++++++++++++++++++++++++++|
| * Author(s): Benjamin Thomitzni                                              |
|++++++++++++++++++++++++++++++++++++++++++++++++++++++++++++++++++++++++++++++|
|                               Programm Details                               |
|------------------------------------------------------------------------------|
| * library vers.      v0.1                                                    |
|     -- Loader vers.  v0.1                                                    |
|     -- Vault vers.   v0.1                                                    |
|     -- Do_qmp2 vers. v0.1                                                    |
|------------------------------------------------------------------------------|
| * OpenMP enabled                                                             |
|     -- threads:   1                                                          |
| * MPI enabled                                                                |
|     -- processes: 36                                                         |
|++++++++++++++++++++++++++++++++++++++++++++++++++++++++++++++++++++++++++++++|
|                              Calculation Details                             |
|------------------------------------------------------------------------------|
| * Method:             Q-MP(2)                                                |
|------------------------------------------------------------------------------|
| * grid points (3D):   18240                                                  |
| * grid points (1D):   16                                                     |
|------------------------------------------------------------------------------|
| * atomic orbitals:    146                                                    |
| * molecular orbitals: 146                                                    |
|     -- occupied:      47                                                     |
|     -- virtual:       99                                                     |
|------------------------------------------------------------------------------|
|                                    Results                                   |
|------------------------------------------------------------------------------|
| * Ground State Energy Correction (eV): -1.24223                              |
|++++++++++++++++++++++++++++++++++++++++++++++++++++++++++++++++++++++++++++++|
|                              Calculation Timings                             |
|------------------------------------------------------------------------------|
| Timing Qmp2_energy::compute : CPU: 938987 ms ; Wall: 942292 ms               |
|     -- Setting up calculation: CPU: 381 ms ; Wall: 382 ms                    |
|     -- Calc. Batch 1/2: CPU: 4092 ms ; Wall: 4107 ms                         |
|     -- Calc. Batch 2/2: CPU: 934515 ms ; Wall: 937802 ms                     |
| Gather result fr. nodes : CPU: 3787 ms ; Wall: 3796 ms                       |
|------------------------------------------------------------------------------|
|             if no timings are printed, choose higher print level             |
|______________________________________________________________________________|

