/home/hd/hd_hd/hd_tb381/workspace/libqqc/runs/scan_mpionly
n1412
Fr 15. Apr 15:23:49 CEST 2022
#!/bin/bash
#SBATCH -J libqqc_mpionly_48x1
#SBATCH -n48 --cpus-per-task=1 -t12:00:00
#SBATCH --mem=200G
#SBATCH --job-name=libqqc_mpionly_48x1
#SBATCH --output=libqqc_mpionly_48x1_por-%j.out
#SBATCH --error=libqqc_mpionly_48x1_por-%j.err
pwd; hostname; date
cat run_48x1.sh
module load compiler/gnu
module load mpi/openmpi
cd ../../host_example/.
mpic++ -fopenmp -O3 -ffast-math -march=native main_mpi.cpp ../lib/libqqc.a -o 48x1.out
OMP_NUM_THREADS=1 srun --cpus-per-task=$OMP_NUM_THREADS ./48x1.out
rm 48x1.out
Timing Loader_qmp2_from_file:: loader :CPU: 0 ms ; Wall: 0 ms
Timings AoToMo CGTO: CPU: 5721 ms ; Wall: 5754 ms
    -- Loading in: CPU: 5564 ms ; Wall: 5594 ms
    -- Distribute Batch: CPU: 15 ms ; Wall: 15 ms
    -- Tranforming Batch: CPU: 13 ms ; Wall: 13 ms
    -- Distribute Batch Results: CPU: 93 ms ; Wall: 93 ms

Timings AoToMo Coulomb Integral: CPU: 171715 ms ; Wall: 172518 ms
    -- Loading in: CPU: 143935 ms ; Wall: 144607 ms
    -- Distribute Batch: CPU: 1489 ms ; Wall: 1495 ms
    -- Transforming Batch: CPU: 23909 ms ; Wall: 24021 ms
    -- Distribute Batch Results: CPU: 2309 ms ; Wall: 2318 ms

Timing Vault_qmp2:: vault : CPU: 177760 ms ; Wall: 178609 ms
Timing Do_qmp2:: qmp2 : CPU: 781531 ms ; Wall: 784915 ms
 ______________________________________________________________________________ 
|                                                                              |
|                  ** Quadrature Calculation through libqqc **                 |
|                                                                              |
|++++++++++++++++++++++++++++++++++++++++++++++++++++++++++++++++++++++++++++++|
| * Author(s): Benjamin Thomitzni                                              |
|++++++++++++++++++++++++++++++++++++++++++++++++++++++++++++++++++++++++++++++|
|                               Programm Details                               |
|------------------------------------------------------------------------------|
| * library vers.      v0.1                                                    |
|     -- Loader vers.  v0.1                                                    |
|     -- Vault vers.   v0.1                                                    |
|     -- Do_qmp2 vers. v0.1                                                    |
|------------------------------------------------------------------------------|
| * OpenMP enabled                                                             |
|     -- threads:   1                                                          |
| * MPI enabled                                                                |
|     -- processes: 48                                                         |
|++++++++++++++++++++++++++++++++++++++++++++++++++++++++++++++++++++++++++++++|
|                              Calculation Details                             |
|------------------------------------------------------------------------------|
| * Method:             Q-MP(2)                                                |
|------------------------------------------------------------------------------|
| * grid points (3D):   18240                                                  |
| * grid points (1D):   16                                                     |
|------------------------------------------------------------------------------|
| * atomic orbitals:    146                                                    |
| * molecular orbitals: 146                                                    |
|     -- occupied:      47                                                     |
|     -- virtual:       99                                                     |
|------------------------------------------------------------------------------|
|                                    Results                                   |
|------------------------------------------------------------------------------|
| * Ground State Energy Correction (eV): -1.24223                              |
|++++++++++++++++++++++++++++++++++++++++++++++++++++++++++++++++++++++++++++++|
|                              Calculation Timings                             |
|------------------------------------------------------------------------------|
| Timing Qmp2_energy::compute : CPU: 781505 ms ; Wall: 784888 ms               |
|     -- Setting up calculation: CPU: 507 ms ; Wall: 511 ms                    |
|     -- Calc. Batch 1/2: CPU: 2758 ms ; Wall: 2769 ms                         |
|     -- Calc. Batch 2/2: CPU: 778239 ms ; Wall: 781606 ms                     |
| Gather result fr. nodes : CPU: 0 ms ; Wall: 0 ms                             |
|------------------------------------------------------------------------------|
|             if no timings are printed, choose higher print level             |
|______________________________________________________________________________|

