/home/hd/hd_hd/hd_tb381/workspace/libqqc/runs/scan_mpionly
n1405
Fr 15. Apr 15:35:04 CEST 2022
#!/bin/bash
#SBATCH -J libqqc_mpionly_480x1
#SBATCH -n480 --cpus-per-task=1 -t12:00:00
#SBATCH --mem=200G
#SBATCH --job-name=libqqc_mpionly_480x1
#SBATCH --output=libqqc_mpionly_480x1_por-%j.out
#SBATCH --error=libqqc_mpionly_480x1_por-%j.err
pwd; hostname; date
cat run_480x1.sh
module load compiler/gnu
module load mpi/openmpi
cd ../../host_example/.
mpic++ -fopenmp -O3 -ffast-math -march=native main_mpi.cpp ../lib/libqqc.a -o 480x1.out
OMP_NUM_THREADS=1 srun --cpus-per-task=$OMP_NUM_THREADS ./480x1.out
rm 480x1.out
Timing Loader_qmp2_from_file:: loader :CPU: 0 ms ; Wall: 0 ms
Timings AoToMo CGTO: CPU: 1284 ms ; Wall: 1352 ms
    -- Loading in: CPU: 985 ms ; Wall: 989 ms
    -- Distribute Batch: CPU: 83 ms ; Wall: 144 ms
    -- Tranforming Batch: CPU: 1 ms ; Wall: 1 ms
    -- Distribute Batch Results: CPU: 175 ms ; Wall: 175 ms

Timings AoToMo Coulomb Integral: CPU: 146435 ms ; Wall: 146914 ms
    -- Loading in: CPU: 139050 ms ; Wall: 139501 ms
    -- Distribute Batch: CPU: 899 ms ; Wall: 902 ms
    -- Transforming Batch: CPU: 2257 ms ; Wall: 2265 ms
    -- Distribute Batch Results: CPU: 4180 ms ; Wall: 4193 ms

Timing Vault_qmp2:: vault : CPU: 148066 ms ; Wall: 148640 ms
Timing Do_qmp2:: qmp2 : CPU: 78657 ms ; Wall: 78959 ms
 ______________________________________________________________________________ 
|                                                                              |
|                  ** Quadrature Calculation through libqqc **                 |
|                                                                              |
|++++++++++++++++++++++++++++++++++++++++++++++++++++++++++++++++++++++++++++++|
| * Author(s): Benjamin Thomitzni                                              |
|++++++++++++++++++++++++++++++++++++++++++++++++++++++++++++++++++++++++++++++|
|                               Programm Details                               |
|------------------------------------------------------------------------------|
| * library vers.      v0.1                                                    |
|     -- Loader vers.  v0.1                                                    |
|     -- Vault vers.   v0.1                                                    |
|     -- Do_qmp2 vers. v0.1                                                    |
|------------------------------------------------------------------------------|
| * OpenMP enabled                                                             |
|     -- threads:   1                                                          |
| * MPI enabled                                                                |
|     -- processes: 480                                                        |
|++++++++++++++++++++++++++++++++++++++++++++++++++++++++++++++++++++++++++++++|
|                              Calculation Details                             |
|------------------------------------------------------------------------------|
| * Method:             Q-MP(2)                                                |
|------------------------------------------------------------------------------|
| * grid points (3D):   18240                                                  |
| * grid points (1D):   16                                                     |
|------------------------------------------------------------------------------|
| * atomic orbitals:    146                                                    |
| * molecular orbitals: 146                                                    |
|     -- occupied:      47                                                     |
|     -- virtual:       99                                                     |
|------------------------------------------------------------------------------|
|                                    Results                                   |
|------------------------------------------------------------------------------|
| * Ground State Energy Correction (eV): -1.24223                              |
|++++++++++++++++++++++++++++++++++++++++++++++++++++++++++++++++++++++++++++++|
|                              Calculation Timings                             |
|------------------------------------------------------------------------------|
| Timing Qmp2_energy::compute : CPU: 76332 ms ; Wall: 76628 ms                 |
|     -- Setting up calculation: CPU: 313 ms ; Wall: 315 ms                    |
|     -- Calc. Batch 1/2: CPU: 21 ms ; Wall: 21 ms                             |
|     -- Calc. Batch 2/2: CPU: 75997 ms ; Wall: 76290 ms                       |
| Gather result fr. nodes : CPU: 2308 ms ; Wall: 2311 ms                       |
|------------------------------------------------------------------------------|
|             if no timings are printed, choose higher print level             |
|______________________________________________________________________________|

