/home/hd/hd_hd/hd_tb381/workspace/libqqc/runs/scan_mpionly
n1423
Fr 15. Apr 15:17:10 CEST 2022
#!/bin/bash
#SBATCH -J libqqc_mpionly_16x1
#SBATCH -n16 --cpus-per-task=1 -t12:00:00
#SBATCH --mem=200G
#SBATCH --job-name=libqqc_mpionly_16x1
#SBATCH --output=libqqc_mpionly_16x1_por-%j.out
#SBATCH --error=libqqc_mpionly_16x1_por-%j.err
pwd; hostname; date
cat run_16x1.sh
module load compiler/gnu
module load mpi/openmpi
cd ../../host_example/.
mpic++ -fopenmp -O3 -ffast-math -march=native main_mpi.cpp ../lib/libqqc.a -o 16x1.out
OMP_NUM_THREADS=1 srun --cpus-per-task=$OMP_NUM_THREADS ./16x1.out
rm 16x1.out
Timing Loader_qmp2_from_file:: loader :CPU: 0 ms ; Wall: 0 ms
Timings AoToMo CGTO: CPU: 4716 ms ; Wall: 4735 ms
    -- Loading in: CPU: 4550 ms ; Wall: 4566 ms
    -- Distribute Batch: CPU: 11 ms ; Wall: 11 ms
    -- Tranforming Batch: CPU: 33 ms ; Wall: 33 ms
    -- Distribute Batch Results: CPU: 93 ms ; Wall: 93 ms

Timings AoToMo Coulomb Integral: CPU: 174084 ms ; Wall: 174501 ms
    -- Loading in: CPU: 117419 ms ; Wall: 117710 ms
    -- Distribute Batch: CPU: 1108 ms ; Wall: 1110 ms
    -- Transforming Batch: CPU: 54693 ms ; Wall: 54810 ms
    -- Distribute Batch Results: CPU: 771 ms ; Wall: 773 ms

Timing Vault_qmp2:: vault : CPU: 179065 ms ; Wall: 179515 ms
Timing Do_qmp2:: qmp2 : CPU: 1875322 ms ; Wall: 1880293 ms
 ______________________________________________________________________________ 
|                                                                              |
|                  ** Quadrature Calculation through libqqc **                 |
|                                                                              |
|++++++++++++++++++++++++++++++++++++++++++++++++++++++++++++++++++++++++++++++|
| * Author(s): Benjamin Thomitzni                                              |
|++++++++++++++++++++++++++++++++++++++++++++++++++++++++++++++++++++++++++++++|
|                               Programm Details                               |
|------------------------------------------------------------------------------|
| * library vers.      v0.1                                                    |
|     -- Loader vers.  v0.1                                                    |
|     -- Vault vers.   v0.1                                                    |
|     -- Do_qmp2 vers. v0.1                                                    |
|------------------------------------------------------------------------------|
| * OpenMP enabled                                                             |
|     -- threads:   1                                                          |
| * MPI enabled                                                                |
|     -- processes: 16                                                         |
|++++++++++++++++++++++++++++++++++++++++++++++++++++++++++++++++++++++++++++++|
|                              Calculation Details                             |
|------------------------------------------------------------------------------|
| * Method:             Q-MP(2)                                                |
|------------------------------------------------------------------------------|
| * grid points (3D):   18240                                                  |
| * grid points (1D):   16                                                     |
|------------------------------------------------------------------------------|
| * atomic orbitals:    146                                                    |
| * molecular orbitals: 146                                                    |
|     -- occupied:      47                                                     |
|     -- virtual:       99                                                     |
|------------------------------------------------------------------------------|
|                                    Results                                   |
|------------------------------------------------------------------------------|
| * Ground State Energy Correction (eV): -1.24223                              |
|++++++++++++++++++++++++++++++++++++++++++++++++++++++++++++++++++++++++++++++|
|                              Calculation Timings                             |
|------------------------------------------------------------------------------|
| Timing Qmp2_energy::compute : CPU: 1863764 ms ; Wall: 1868717 ms             |
|     -- Setting up calculation: CPU: 163 ms ; Wall: 163 ms                    |
|     -- Calc. Batch 1/2: CPU: 18030 ms ; Wall: 18079 ms                       |
|     -- Calc. Batch 2/2: CPU: 1845571 ms ; Wall: 1850473 ms                   |
| Gather result fr. nodes : CPU: 11547 ms ; Wall: 11565 ms                     |
|------------------------------------------------------------------------------|
|             if no timings are printed, choose higher print level             |
|______________________________________________________________________________|

