/home/hd/hd_hd/hd_tb381/workspace/libqqc/runs/scan_mpionly
n1603
Fr 15. Apr 15:58:37 CEST 2022
#!/bin/bash
#SBATCH -J libqqc_mpionly_912x1
#SBATCH -n912 --cpus-per-task=1 -t12:00:00
#SBATCH --mem=200G
#SBATCH --job-name=libqqc_mpionly_912x1
#SBATCH --output=libqqc_mpionly_912x1_por-%j.out
#SBATCH --error=libqqc_mpionly_912x1_por-%j.err
pwd; hostname; date
cat run_912x1.sh
module load compiler/gnu
module load mpi/openmpi
cd ../../host_example/.
mpic++ -fopenmp -O3 -ffast-math -march=native main_mpi.cpp ../lib/libqqc.a -o 912x1.out
OMP_NUM_THREADS=1 srun --cpus-per-task=$OMP_NUM_THREADS ./912x1.out
rm 912x1.out
Timing Loader_qmp2_from_file:: loader :CPU: 0 ms ; Wall: 0 ms
Timings AoToMo CGTO: CPU: 1469 ms ; Wall: 1598 ms
    -- Loading in: CPU: 985 ms ; Wall: 988 ms
    -- Distribute Batch: CPU: 152 ms ; Wall: 276 ms
    -- Tranforming Batch: CPU: 1 ms ; Wall: 0 ms
    -- Distribute Batch Results: CPU: 286 ms ; Wall: 286 ms

Timings AoToMo Coulomb Integral: CPU: 149219 ms ; Wall: 149766 ms
    -- Loading in: CPU: 144120 ms ; Wall: 144641 ms
    -- Distribute Batch: CPU: 1075 ms ; Wall: 1079 ms
    -- Transforming Batch: CPU: 1190 ms ; Wall: 1196 ms
    -- Distribute Batch Results: CPU: 2780 ms ; Wall: 2790 ms

Timing Vault_qmp2:: vault : CPU: 151083 ms ; Wall: 151789 ms
Timing Do_qmp2:: qmp2 : CPU: 42209 ms ; Wall: 42408 ms
 ______________________________________________________________________________ 
|                                                                              |
|                  ** Quadrature Calculation through libqqc **                 |
|                                                                              |
|++++++++++++++++++++++++++++++++++++++++++++++++++++++++++++++++++++++++++++++|
| * Author(s): Benjamin Thomitzni                                              |
|++++++++++++++++++++++++++++++++++++++++++++++++++++++++++++++++++++++++++++++|
|                               Programm Details                               |
|------------------------------------------------------------------------------|
| * library vers.      v0.1                                                    |
|     -- Loader vers.  v0.1                                                    |
|     -- Vault vers.   v0.1                                                    |
|     -- Do_qmp2 vers. v0.1                                                    |
|------------------------------------------------------------------------------|
| * OpenMP enabled                                                             |
|     -- threads:   1                                                          |
| * MPI enabled                                                                |
|     -- processes: 912                                                        |
|++++++++++++++++++++++++++++++++++++++++++++++++++++++++++++++++++++++++++++++|
|                              Calculation Details                             |
|------------------------------------------------------------------------------|
| * Method:             Q-MP(2)                                                |
|------------------------------------------------------------------------------|
| * grid points (3D):   18240                                                  |
| * grid points (1D):   16                                                     |
|------------------------------------------------------------------------------|
| * atomic orbitals:    146                                                    |
| * molecular orbitals: 146                                                    |
|     -- occupied:      47                                                     |
|     -- virtual:       99                                                     |
|------------------------------------------------------------------------------|
|                                    Results                                   |
|------------------------------------------------------------------------------|
| * Ground State Energy Correction (eV): -1.24223                              |
|++++++++++++++++++++++++++++++++++++++++++++++++++++++++++++++++++++++++++++++|
|                              Calculation Timings                             |
|------------------------------------------------------------------------------|
| Timing Qmp2_energy::compute : CPU: 41176 ms ; Wall: 41372 ms                 |
|     -- Setting up calculation: CPU: 305 ms ; Wall: 307 ms                    |
|     -- Calc. Batch 1/2: CPU: 7 ms ; Wall: 6 ms                               |
|     -- Calc. Batch 2/2: CPU: 40864 ms ; Wall: 41057 ms                       |
| Gather result fr. nodes : CPU: 1018 ms ; Wall: 1020 ms                       |
|------------------------------------------------------------------------------|
|             if no timings are printed, choose higher print level             |
|______________________________________________________________________________|

