/home/hd/hd_hd/hd_tb381/workspace/libqqc/runs/scan_mpionly
n1419
Fr 15. Apr 15:23:18 CEST 2022
#!/bin/bash
#SBATCH -J libqqc_mpionly_40x1
#SBATCH -n40 --cpus-per-task=1 -t12:00:00
#SBATCH --mem=200G
#SBATCH --job-name=libqqc_mpionly_40x1
#SBATCH --output=libqqc_mpionly_40x1_por-%j.out
#SBATCH --error=libqqc_mpionly_40x1_por-%j.err
pwd; hostname; date
cat run_40x1.sh
module load compiler/gnu
module load mpi/openmpi
cd ../../host_example/.
mpic++ -fopenmp -O3 -ffast-math -march=native main_mpi.cpp ../lib/libqqc.a -o 40x1.out
OMP_NUM_THREADS=1 srun --cpus-per-task=$OMP_NUM_THREADS ./40x1.out
rm 40x1.out
Timing Loader_qmp2_from_file:: loader :CPU: 0 ms ; Wall: 0 ms
Timings AoToMo CGTO: CPU: 5402 ms ; Wall: 5428 ms
    -- Loading in: CPU: 5227 ms ; Wall: 5251 ms
    -- Distribute Batch: CPU: 13 ms ; Wall: 13 ms
    -- Tranforming Batch: CPU: 15 ms ; Wall: 15 ms
    -- Distribute Batch Results: CPU: 111 ms ; Wall: 111 ms

Timings AoToMo Coulomb Integral: CPU: 164332 ms ; Wall: 164954 ms
    -- Loading in: CPU: 134822 ms ; Wall: 135321 ms
    -- Distribute Batch: CPU: 1318 ms ; Wall: 1322 ms
    -- Transforming Batch: CPU: 26014 ms ; Wall: 26122 ms
    -- Distribute Batch Results: CPU: 2107 ms ; Wall: 2114 ms

Timing Vault_qmp2:: vault : CPU: 170038 ms ; Wall: 170704 ms
Timing Do_qmp2:: qmp2 : CPU: 877240 ms ; Wall: 880236 ms
 ______________________________________________________________________________ 
|                                                                              |
|                  ** Quadrature Calculation through libqqc **                 |
|                                                                              |
|++++++++++++++++++++++++++++++++++++++++++++++++++++++++++++++++++++++++++++++|
| * Author(s): Benjamin Thomitzni                                              |
|++++++++++++++++++++++++++++++++++++++++++++++++++++++++++++++++++++++++++++++|
|                               Programm Details                               |
|------------------------------------------------------------------------------|
| * library vers.      v0.1                                                    |
|     -- Loader vers.  v0.1                                                    |
|     -- Vault vers.   v0.1                                                    |
|     -- Do_qmp2 vers. v0.1                                                    |
|------------------------------------------------------------------------------|
| * OpenMP enabled                                                             |
|     -- threads:   1                                                          |
| * MPI enabled                                                                |
|     -- processes: 40                                                         |
|++++++++++++++++++++++++++++++++++++++++++++++++++++++++++++++++++++++++++++++|
|                              Calculation Details                             |
|------------------------------------------------------------------------------|
| * Method:             Q-MP(2)                                                |
|------------------------------------------------------------------------------|
| * grid points (3D):   18240                                                  |
| * grid points (1D):   16                                                     |
|------------------------------------------------------------------------------|
| * atomic orbitals:    146                                                    |
| * molecular orbitals: 146                                                    |
|     -- occupied:      47                                                     |
|     -- virtual:       99                                                     |
|------------------------------------------------------------------------------|
|                                    Results                                   |
|------------------------------------------------------------------------------|
| * Ground State Energy Correction (eV): -1.24223                              |
|++++++++++++++++++++++++++++++++++++++++++++++++++++++++++++++++++++++++++++++|
|                              Calculation Timings                             |
|------------------------------------------------------------------------------|
| Timing Qmp2_energy::compute : CPU: 861727 ms ; Wall: 864696 ms               |
|     -- Setting up calculation: CPU: 424 ms ; Wall: 426 ms                    |
|     -- Calc. Batch 1/2: CPU: 3260 ms ; Wall: 3273 ms                         |
|     -- Calc. Batch 2/2: CPU: 858044 ms ; Wall: 860996 ms                     |
| Gather result fr. nodes : CPU: 15497 ms ; Wall: 15524 ms                     |
|------------------------------------------------------------------------------|
|             if no timings are printed, choose higher print level             |
|______________________________________________________________________________|

