/home/hd/hd_hd/hd_tb381/workspace/libqqc/runs/scan_mpionly
n1537
Fr 15. Apr 15:15:07 CEST 2022
#!/bin/bash
#SBATCH -J libqqc_mpionly_12x1
#SBATCH -n12 --cpus-per-task=1 -t12:00:00
#SBATCH --mem=200G
#SBATCH --job-name=libqqc_mpionly_12x1
#SBATCH --output=libqqc_mpionly_12x1_por-%j.out
#SBATCH --error=libqqc_mpionly_12x1_por-%j.err
pwd; hostname; date
cat run_12x1.sh
module load compiler/gnu
module load mpi/openmpi
cd ../../host_example/.
mpic++ -fopenmp -O3 -ffast-math -march=native main_mpi.cpp ../lib/libqqc.a -o 12x1.out
OMP_NUM_THREADS=1 srun --cpus-per-task=$OMP_NUM_THREADS ./12x1.out
rm 12x1.out
Timing Loader_qmp2_from_file:: loader :CPU: 0 ms ; Wall: 0 ms
Timings AoToMo CGTO: CPU: 4725 ms ; Wall: 4742 ms
    -- Loading in: CPU: 4621 ms ; Wall: 4635 ms
    -- Distribute Batch: CPU: 11 ms ; Wall: 10 ms
    -- Tranforming Batch: CPU: 44 ms ; Wall: 44 ms
    -- Distribute Batch Results: CPU: 21 ms ; Wall: 20 ms

Timings AoToMo Coulomb Integral: CPU: 192043 ms ; Wall: 192485 ms
    -- Loading in: CPU: 117289 ms ; Wall: 117570 ms
    -- Distribute Batch: CPU: 1103 ms ; Wall: 1105 ms
    -- Transforming Batch: CPU: 72772 ms ; Wall: 72926 ms
    -- Distribute Batch Results: CPU: 767 ms ; Wall: 769 ms

Timing Vault_qmp2:: vault : CPU: 197032 ms ; Wall: 197504 ms
Timing Do_qmp2:: qmp2 : CPU: 2452416 ms ; Wall: 2459293 ms
 ______________________________________________________________________________ 
|                                                                              |
|                  ** Quadrature Calculation through libqqc **                 |
|                                                                              |
|++++++++++++++++++++++++++++++++++++++++++++++++++++++++++++++++++++++++++++++|
| * Author(s): Benjamin Thomitzni                                              |
|++++++++++++++++++++++++++++++++++++++++++++++++++++++++++++++++++++++++++++++|
|                               Programm Details                               |
|------------------------------------------------------------------------------|
| * library vers.      v0.1                                                    |
|     -- Loader vers.  v0.1                                                    |
|     -- Vault vers.   v0.1                                                    |
|     -- Do_qmp2 vers. v0.1                                                    |
|------------------------------------------------------------------------------|
| * OpenMP enabled                                                             |
|     -- threads:   1                                                          |
| * MPI enabled                                                                |
|     -- processes: 12                                                         |
|++++++++++++++++++++++++++++++++++++++++++++++++++++++++++++++++++++++++++++++|
|                              Calculation Details                             |
|------------------------------------------------------------------------------|
| * Method:             Q-MP(2)                                                |
|------------------------------------------------------------------------------|
| * grid points (3D):   18240                                                  |
| * grid points (1D):   16                                                     |
|------------------------------------------------------------------------------|
| * atomic orbitals:    146                                                    |
| * molecular orbitals: 146                                                    |
|     -- occupied:      47                                                     |
|     -- virtual:       99                                                     |
|------------------------------------------------------------------------------|
|                                    Results                                   |
|------------------------------------------------------------------------------|
| * Ground State Energy Correction (eV): -1.24223                              |
|++++++++++++++++++++++++++++++++++++++++++++++++++++++++++++++++++++++++++++++|
|                              Calculation Timings                             |
|------------------------------------------------------------------------------|
| Timing Qmp2_energy::compute : CPU: 2398022 ms ; Wall: 2404820 ms             |
|     -- Setting up calculation: CPU: 129 ms ; Wall: 129 ms                    |
|     -- Calc. Batch 1/2: CPU: 32702 ms ; Wall: 32795 ms                       |
|     -- Calc. Batch 2/2: CPU: 2365190 ms ; Wall: 2371895 ms                   |
| Gather result fr. nodes : CPU: 54383 ms ; Wall: 54460 ms                     |
|------------------------------------------------------------------------------|
|             if no timings are printed, choose higher print level             |
|______________________________________________________________________________|

