/home/hd/hd_hd/hd_tb381/workspace/libqqc/runs/scan_mpionly
n1603
Fr 15. Apr 15:46:20 CEST 2022
#!/bin/bash
#SBATCH -J libqqc_mpionly_624x1
#SBATCH -n624 --cpus-per-task=1 -t12:00:00
#SBATCH --mem=200G
#SBATCH --job-name=libqqc_mpionly_624x1
#SBATCH --output=libqqc_mpionly_624x1_por-%j.out
#SBATCH --error=libqqc_mpionly_624x1_por-%j.err
pwd; hostname; date
cat run_624x1.sh
module load compiler/gnu
module load mpi/openmpi
cd ../../host_example/.
mpic++ -fopenmp -O3 -ffast-math -march=native main_mpi.cpp ../lib/libqqc.a -o 624x1.out
OMP_NUM_THREADS=1 srun --cpus-per-task=$OMP_NUM_THREADS ./624x1.out
rm 624x1.out
Timing Loader_qmp2_from_file:: loader :CPU: 0 ms ; Wall: 0 ms
Timings AoToMo CGTO: CPU: 1329 ms ; Wall: 1419 ms
    -- Loading in: CPU: 985 ms ; Wall: 988 ms
    -- Distribute Batch: CPU: 105 ms ; Wall: 187 ms
    -- Tranforming Batch: CPU: 6 ms ; Wall: 6 ms
    -- Distribute Batch Results: CPU: 193 ms ; Wall: 193 ms

Timings AoToMo Coulomb Integral: CPU: 158404 ms ; Wall: 158973 ms
    -- Loading in: CPU: 143608 ms ; Wall: 144115 ms
    -- Distribute Batch: CPU: 960 ms ; Wall: 963 ms
    -- Transforming Batch: CPU: 10207 ms ; Wall: 10247 ms
    -- Distribute Batch Results: CPU: 3568 ms ; Wall: 3581 ms

Timing Vault_qmp2:: vault : CPU: 160105 ms ; Wall: 160794 ms
Timing Do_qmp2:: qmp2 : CPU: 63351 ms ; Wall: 63632 ms
 ______________________________________________________________________________ 
|                                                                              |
|                  ** Quadrature Calculation through libqqc **                 |
|                                                                              |
|++++++++++++++++++++++++++++++++++++++++++++++++++++++++++++++++++++++++++++++|
| * Author(s): Benjamin Thomitzni                                              |
|++++++++++++++++++++++++++++++++++++++++++++++++++++++++++++++++++++++++++++++|
|                               Programm Details                               |
|------------------------------------------------------------------------------|
| * library vers.      v0.1                                                    |
|     -- Loader vers.  v0.1                                                    |
|     -- Vault vers.   v0.1                                                    |
|     -- Do_qmp2 vers. v0.1                                                    |
|------------------------------------------------------------------------------|
| * OpenMP enabled                                                             |
|     -- threads:   1                                                          |
| * MPI enabled                                                                |
|     -- processes: 624                                                        |
|++++++++++++++++++++++++++++++++++++++++++++++++++++++++++++++++++++++++++++++|
|                              Calculation Details                             |
|------------------------------------------------------------------------------|
| * Method:             Q-MP(2)                                                |
|------------------------------------------------------------------------------|
| * grid points (3D):   18240                                                  |
| * grid points (1D):   16                                                     |
|------------------------------------------------------------------------------|
| * atomic orbitals:    146                                                    |
| * molecular orbitals: 146                                                    |
|     -- occupied:      47                                                     |
|     -- virtual:       99                                                     |
|------------------------------------------------------------------------------|
|                                    Results                                   |
|------------------------------------------------------------------------------|
| * Ground State Energy Correction (eV): -1.24223                              |
|++++++++++++++++++++++++++++++++++++++++++++++++++++++++++++++++++++++++++++++|
|                              Calculation Timings                             |
|------------------------------------------------------------------------------|
| Timing Qmp2_energy::compute : CPU: 58355 ms ; Wall: 58620 ms                 |
|     -- Setting up calculation: CPU: 313 ms ; Wall: 316 ms                    |
|     -- Calc. Batch 1/2: CPU: 15 ms ; Wall: 15 ms                             |
|     -- Calc. Batch 2/2: CPU: 58026 ms ; Wall: 58288 ms                       |
| Gather result fr. nodes : CPU: 4978 ms ; Wall: 4990 ms                       |
|------------------------------------------------------------------------------|
|             if no timings are printed, choose higher print level             |
|______________________________________________________________________________|

