/home/hd/hd_hd/hd_tb381/workspace/libqqc/runs/scan_mpionly
n1603
Fr 15. Apr 15:33:32 CEST 2022
#!/bin/bash
#SBATCH -J libqqc_mpionly_432x1
#SBATCH -n432 --cpus-per-task=1 -t12:00:00
#SBATCH --mem=200G
#SBATCH --job-name=libqqc_mpionly_432x1
#SBATCH --output=libqqc_mpionly_432x1_por-%j.out
#SBATCH --error=libqqc_mpionly_432x1_por-%j.err
pwd; hostname; date
cat run_432x1.sh
module load compiler/gnu
module load mpi/openmpi
cd ../../host_example/.
mpic++ -fopenmp -O3 -ffast-math -march=native main_mpi.cpp ../lib/libqqc.a -o 432x1.out
OMP_NUM_THREADS=1 srun --cpus-per-task=$OMP_NUM_THREADS ./432x1.out
rm 432x1.out
Timing Loader_qmp2_from_file:: loader :CPU: 0 ms ; Wall: 0 ms
Timings AoToMo CGTO: CPU: 1288 ms ; Wall: 1349 ms
    -- Loading in: CPU: 990 ms ; Wall: 993 ms
    -- Distribute Batch: CPU: 77 ms ; Wall: 132 ms
    -- Tranforming Batch: CPU: 5 ms ; Wall: 4 ms
    -- Distribute Batch Results: CPU: 177 ms ; Wall: 177 ms

Timings AoToMo Coulomb Integral: CPU: 159754 ms ; Wall: 160386 ms
    -- Loading in: CPU: 144816 ms ; Wall: 145383 ms
    -- Distribute Batch: CPU: 918 ms ; Wall: 921 ms
    -- Transforming Batch: CPU: 8219 ms ; Wall: 8255 ms
    -- Distribute Batch Results: CPU: 5745 ms ; Wall: 5764 ms

Timing Vault_qmp2:: vault : CPU: 161392 ms ; Wall: 162113 ms
Timing Do_qmp2:: qmp2 : CPU: 88872 ms ; Wall: 89259 ms
 ______________________________________________________________________________ 
|                                                                              |
|                  ** Quadrature Calculation through libqqc **                 |
|                                                                              |
|++++++++++++++++++++++++++++++++++++++++++++++++++++++++++++++++++++++++++++++|
| * Author(s): Benjamin Thomitzni                                              |
|++++++++++++++++++++++++++++++++++++++++++++++++++++++++++++++++++++++++++++++|
|                               Programm Details                               |
|------------------------------------------------------------------------------|
| * library vers.      v0.1                                                    |
|     -- Loader vers.  v0.1                                                    |
|     -- Vault vers.   v0.1                                                    |
|     -- Do_qmp2 vers. v0.1                                                    |
|------------------------------------------------------------------------------|
| * OpenMP enabled                                                             |
|     -- threads:   1                                                          |
| * MPI enabled                                                                |
|     -- processes: 432                                                        |
|++++++++++++++++++++++++++++++++++++++++++++++++++++++++++++++++++++++++++++++|
|                              Calculation Details                             |
|------------------------------------------------------------------------------|
| * Method:             Q-MP(2)                                                |
|------------------------------------------------------------------------------|
| * grid points (3D):   18240                                                  |
| * grid points (1D):   16                                                     |
|------------------------------------------------------------------------------|
| * atomic orbitals:    146                                                    |
| * molecular orbitals: 146                                                    |
|     -- occupied:      47                                                     |
|     -- virtual:       99                                                     |
|------------------------------------------------------------------------------|
|                                    Results                                   |
|------------------------------------------------------------------------------|
| * Ground State Energy Correction (eV): -1.24223                              |
|++++++++++++++++++++++++++++++++++++++++++++++++++++++++++++++++++++++++++++++|
|                              Calculation Timings                             |
|------------------------------------------------------------------------------|
| Timing Qmp2_energy::compute : CPU: 86191 ms ; Wall: 86570 ms                 |
|     -- Setting up calculation: CPU: 299 ms ; Wall: 301 ms                    |
|     -- Calc. Batch 1/2: CPU: 31 ms ; Wall: 31 ms                             |
|     -- Calc. Batch 2/2: CPU: 85861 ms ; Wall: 86237 ms                       |
| Gather result fr. nodes : CPU: 2665 ms ; Wall: 2669 ms                       |
|------------------------------------------------------------------------------|
|             if no timings are printed, choose higher print level             |
|______________________________________________________________________________|

