/home/hd/hd_hd/hd_tb381/workspace/libqqc/runs/scan_mpionly
n1603
Fr 15. Apr 15:27:55 CEST 2022
#!/bin/bash
#SBATCH -J libqqc_mpionly_240x1
#SBATCH -n240 --cpus-per-task=1 -t12:00:00
#SBATCH --mem=200G
#SBATCH --job-name=libqqc_mpionly_240x1
#SBATCH --output=libqqc_mpionly_240x1_por-%j.out
#SBATCH --error=libqqc_mpionly_240x1_por-%j.err
pwd; hostname; date
cat run_240x1.sh
module load compiler/gnu
module load mpi/openmpi
cd ../../host_example/.
mpic++ -fopenmp -O3 -ffast-math -march=native main_mpi.cpp ../lib/libqqc.a -o 240x1.out
OMP_NUM_THREADS=1 srun --cpus-per-task=$OMP_NUM_THREADS ./240x1.out
rm 240x1.out
Timing Loader_qmp2_from_file:: loader :CPU: 0 ms ; Wall: 0 ms
Timings AoToMo CGTO: CPU: 1181 ms ; Wall: 1214 ms
    -- Loading in: CPU: 987 ms ; Wall: 990 ms
    -- Distribute Batch: CPU: 46 ms ; Wall: 72 ms
    -- Tranforming Batch: CPU: 3 ms ; Wall: 2 ms
    -- Distribute Batch Results: CPU: 109 ms ; Wall: 109 ms

Timings AoToMo Coulomb Integral: CPU: 163176 ms ; Wall: 163793 ms
    -- Loading in: CPU: 143807 ms ; Wall: 144346 ms
    -- Distribute Batch: CPU: 919 ms ; Wall: 923 ms
    -- Transforming Batch: CPU: 4711 ms ; Wall: 4730 ms
    -- Distribute Batch Results: CPU: 13689 ms ; Wall: 13737 ms

Timing Vault_qmp2:: vault : CPU: 164687 ms ; Wall: 165360 ms
Timing Do_qmp2:: qmp2 : CPU: 158439 ms ; Wall: 159120 ms
 ______________________________________________________________________________ 
|                                                                              |
|                  ** Quadrature Calculation through libqqc **                 |
|                                                                              |
|++++++++++++++++++++++++++++++++++++++++++++++++++++++++++++++++++++++++++++++|
| * Author(s): Benjamin Thomitzni                                              |
|++++++++++++++++++++++++++++++++++++++++++++++++++++++++++++++++++++++++++++++|
|                               Programm Details                               |
|------------------------------------------------------------------------------|
| * library vers.      v0.1                                                    |
|     -- Loader vers.  v0.1                                                    |
|     -- Vault vers.   v0.1                                                    |
|     -- Do_qmp2 vers. v0.1                                                    |
|------------------------------------------------------------------------------|
| * OpenMP enabled                                                             |
|     -- threads:   1                                                          |
| * MPI enabled                                                                |
|     -- processes: 240                                                        |
|++++++++++++++++++++++++++++++++++++++++++++++++++++++++++++++++++++++++++++++|
|                              Calculation Details                             |
|------------------------------------------------------------------------------|
| * Method:             Q-MP(2)                                                |
|------------------------------------------------------------------------------|
| * grid points (3D):   18240                                                  |
| * grid points (1D):   16                                                     |
|------------------------------------------------------------------------------|
| * atomic orbitals:    146                                                    |
| * molecular orbitals: 146                                                    |
|     -- occupied:      47                                                     |
|     -- virtual:       99                                                     |
|------------------------------------------------------------------------------|
|                                    Results                                   |
|------------------------------------------------------------------------------|
| * Ground State Energy Correction (eV): -1.24223                              |
|++++++++++++++++++++++++++++++++++++++++++++++++++++++++++++++++++++++++++++++|
|                              Calculation Timings                             |
|------------------------------------------------------------------------------|
| Timing Qmp2_energy::compute : CPU: 157581 ms ; Wall: 158259 ms               |
|     -- Setting up calculation: CPU: 71 ms ; Wall: 71 ms                      |
|     -- Calc. Batch 1/2: CPU: 86 ms ; Wall: 86 ms                             |
|     -- Calc. Batch 2/2: CPU: 157424 ms ; Wall: 158100 ms                     |
| Gather result fr. nodes : CPU: 845 ms ; Wall: 847 ms                         |
|------------------------------------------------------------------------------|
|             if no timings are printed, choose higher print level             |
|______________________________________________________________________________|

