/home/hd/hd_hd/hd_tb381/workspace/libqqc/runs/scan_mpionly
n1413
Fr 15. Apr 15:24:20 CEST 2022
#!/bin/bash
#SBATCH -J libqqc_mpionly_96x1
#SBATCH -n96 --cpus-per-task=1 -t12:00:00
#SBATCH --mem=200G
#SBATCH --job-name=libqqc_mpionly_96x1
#SBATCH --output=libqqc_mpionly_96x1_por-%j.out
#SBATCH --error=libqqc_mpionly_96x1_por-%j.err
pwd; hostname; date
cat run_96x1.sh
module load compiler/gnu
module load mpi/openmpi
cd ../../host_example/.
mpic++ -fopenmp -O3 -ffast-math -march=native main_mpi.cpp ../lib/libqqc.a -o 96x1.out
OMP_NUM_THREADS=1 srun --cpus-per-task=$OMP_NUM_THREADS ./96x1.out
rm 96x1.out
Timing Loader_qmp2_from_file:: loader :CPU: 0 ms ; Wall: 0 ms
Timings AoToMo CGTO: CPU: 5486 ms ; Wall: 5519 ms
    -- Loading in: CPU: 5361 ms ; Wall: 5385 ms
    -- Distribute Batch: CPU: 21 ms ; Wall: 28 ms
    -- Tranforming Batch: CPU: 7 ms ; Wall: 6 ms
    -- Distribute Batch Results: CPU: 61 ms ; Wall: 61 ms

Timings AoToMo Coulomb Integral: CPU: 169693 ms ; Wall: 170346 ms
    -- Loading in: CPU: 141960 ms ; Wall: 142498 ms
    -- Distribute Batch: CPU: 1054 ms ; Wall: 1058 ms
    -- Transforming Batch: CPU: 11397 ms ; Wall: 11449 ms
    -- Distribute Batch Results: CPU: 15224 ms ; Wall: 15279 ms

Timing Vault_qmp2:: vault : CPU: 175506 ms ; Wall: 176216 ms
Timing Do_qmp2:: qmp2 : CPU: 382719 ms ; Wall: 384277 ms
 ______________________________________________________________________________ 
|                                                                              |
|                  ** Quadrature Calculation through libqqc **                 |
|                                                                              |
|++++++++++++++++++++++++++++++++++++++++++++++++++++++++++++++++++++++++++++++|
| * Author(s): Benjamin Thomitzni                                              |
|++++++++++++++++++++++++++++++++++++++++++++++++++++++++++++++++++++++++++++++|
|                               Programm Details                               |
|------------------------------------------------------------------------------|
| * library vers.      v0.1                                                    |
|     -- Loader vers.  v0.1                                                    |
|     -- Vault vers.   v0.1                                                    |
|     -- Do_qmp2 vers. v0.1                                                    |
|------------------------------------------------------------------------------|
| * OpenMP enabled                                                             |
|     -- threads:   1                                                          |
| * MPI enabled                                                                |
|     -- processes: 96                                                         |
|++++++++++++++++++++++++++++++++++++++++++++++++++++++++++++++++++++++++++++++|
|                              Calculation Details                             |
|------------------------------------------------------------------------------|
| * Method:             Q-MP(2)                                                |
|------------------------------------------------------------------------------|
| * grid points (3D):   18240                                                  |
| * grid points (1D):   16                                                     |
|------------------------------------------------------------------------------|
| * atomic orbitals:    146                                                    |
| * molecular orbitals: 146                                                    |
|     -- occupied:      47                                                     |
|     -- virtual:       99                                                     |
|------------------------------------------------------------------------------|
|                                    Results                                   |
|------------------------------------------------------------------------------|
| * Ground State Energy Correction (eV): -1.24223                              |
|++++++++++++++++++++++++++++++++++++++++++++++++++++++++++++++++++++++++++++++|
|                              Calculation Timings                             |
|------------------------------------------------------------------------------|
| Timing Qmp2_energy::compute : CPU: 382705 ms ; Wall: 384262 ms               |
|     -- Setting up calculation: CPU: 70 ms ; Wall: 69 ms                      |
|     -- Calc. Batch 1/2: CPU: 563 ms ; Wall: 565 ms                           |
|     -- Calc. Batch 2/2: CPU: 382073 ms ; Wall: 383626 ms                     |
| Gather result fr. nodes : CPU: 0 ms ; Wall: 0 ms                             |
|------------------------------------------------------------------------------|
|             if no timings are printed, choose higher print level             |
|______________________________________________________________________________|

