/home/hd/hd_hd/hd_tb381/workspace/libqqc/runs/scan_mpionly
n1603
Fr 15. Apr 15:54:31 CEST 2022
#!/bin/bash
#SBATCH -J libqqc_mpionly_816x1
#SBATCH -n816 --cpus-per-task=1 -t12:00:00
#SBATCH --mem=200G
#SBATCH --job-name=libqqc_mpionly_816x1
#SBATCH --output=libqqc_mpionly_816x1_por-%j.out
#SBATCH --error=libqqc_mpionly_816x1_por-%j.err
pwd; hostname; date
cat run_816x1.sh
module load compiler/gnu
module load mpi/openmpi
cd ../../host_example/.
mpic++ -fopenmp -O3 -ffast-math -march=native main_mpi.cpp ../lib/libqqc.a -o 816x1.out
OMP_NUM_THREADS=1 srun --cpus-per-task=$OMP_NUM_THREADS ./816x1.out
rm 816x1.out
Timing Loader_qmp2_from_file:: loader :CPU: 0 ms ; Wall: 0 ms
Timings AoToMo CGTO: CPU: 1490 ms ; Wall: 1607 ms
    -- Loading in: CPU: 981 ms ; Wall: 984 ms
    -- Distribute Batch: CPU: 150 ms ; Wall: 261 ms
    -- Tranforming Batch: CPU: 11 ms ; Wall: 11 ms
    -- Distribute Batch Results: CPU: 305 ms ; Wall: 305 ms

Timings AoToMo Coulomb Integral: CPU: 166690 ms ; Wall: 167308 ms
    -- Loading in: CPU: 143573 ms ; Wall: 144090 ms
    -- Distribute Batch: CPU: 1034 ms ; Wall: 1038 ms
    -- Transforming Batch: CPU: 18259 ms ; Wall: 18340 ms
    -- Distribute Batch Results: CPU: 3750 ms ; Wall: 3763 ms

Timing Vault_qmp2:: vault : CPU: 168574 ms ; Wall: 169341 ms
Timing Do_qmp2:: qmp2 : CPU: 46880 ms ; Wall: 47090 ms
 ______________________________________________________________________________ 
|                                                                              |
|                  ** Quadrature Calculation through libqqc **                 |
|                                                                              |
|++++++++++++++++++++++++++++++++++++++++++++++++++++++++++++++++++++++++++++++|
| * Author(s): Benjamin Thomitzni                                              |
|++++++++++++++++++++++++++++++++++++++++++++++++++++++++++++++++++++++++++++++|
|                               Programm Details                               |
|------------------------------------------------------------------------------|
| * library vers.      v0.1                                                    |
|     -- Loader vers.  v0.1                                                    |
|     -- Vault vers.   v0.1                                                    |
|     -- Do_qmp2 vers. v0.1                                                    |
|------------------------------------------------------------------------------|
| * OpenMP enabled                                                             |
|     -- threads:   1                                                          |
| * MPI enabled                                                                |
|     -- processes: 816                                                        |
|++++++++++++++++++++++++++++++++++++++++++++++++++++++++++++++++++++++++++++++|
|                              Calculation Details                             |
|------------------------------------------------------------------------------|
| * Method:             Q-MP(2)                                                |
|------------------------------------------------------------------------------|
| * grid points (3D):   18240                                                  |
| * grid points (1D):   16                                                     |
|------------------------------------------------------------------------------|
| * atomic orbitals:    146                                                    |
| * molecular orbitals: 146                                                    |
|     -- occupied:      47                                                     |
|     -- virtual:       99                                                     |
|------------------------------------------------------------------------------|
|                                    Results                                   |
|------------------------------------------------------------------------------|
| * Ground State Energy Correction (eV): -1.24223                              |
|++++++++++++++++++++++++++++++++++++++++++++++++++++++++++++++++++++++++++++++|
|                              Calculation Timings                             |
|------------------------------------------------------------------------------|
| Timing Qmp2_energy::compute : CPU: 45823 ms ; Wall: 46028 ms                 |
|     -- Setting up calculation: CPU: 315 ms ; Wall: 318 ms                    |
|     -- Calc. Batch 1/2: CPU: 9 ms ; Wall: 8 ms                               |
|     -- Calc. Batch 2/2: CPU: 45499 ms ; Wall: 45700 ms                       |
| Gather result fr. nodes : CPU: 1038 ms ; Wall: 1039 ms                       |
|------------------------------------------------------------------------------|
|             if no timings are printed, choose higher print level             |
|______________________________________________________________________________|

