/home/hd/hd_hd/hd_tb381/workspace/libqqc/runs/scan_mpionly
n1421
Fr 15. Apr 15:22:17 CEST 2022
#!/bin/bash
#SBATCH -J libqqc_mpionly_32x1
#SBATCH -n32 --cpus-per-task=1 -t12:00:00
#SBATCH --mem=200G
#SBATCH --job-name=libqqc_mpionly_32x1
#SBATCH --output=libqqc_mpionly_32x1_por-%j.out
#SBATCH --error=libqqc_mpionly_32x1_por-%j.err
pwd; hostname; date
cat run_32x1.sh
module load compiler/gnu
module load mpi/openmpi
cd ../../host_example/.
mpic++ -fopenmp -O3 -ffast-math -march=native main_mpi.cpp ../lib/libqqc.a -o 32x1.out
OMP_NUM_THREADS=1 srun --cpus-per-task=$OMP_NUM_THREADS ./32x1.out
rm 32x1.out
Timing Loader_qmp2_from_file:: loader :CPU: 0 ms ; Wall: 0 ms
Timings AoToMo CGTO: CPU: 5053 ms ; Wall: 5077 ms
    -- Loading in: CPU: 4910 ms ; Wall: 4931 ms
    -- Distribute Batch: CPU: 13 ms ; Wall: 12 ms
    -- Tranforming Batch: CPU: 18 ms ; Wall: 17 ms
    -- Distribute Batch Results: CPU: 81 ms ; Wall: 81 ms

Timings AoToMo Coulomb Integral: CPU: 162732 ms ; Wall: 163212 ms
    -- Loading in: CPU: 128758 ms ; Wall: 129137 ms
    -- Distribute Batch: CPU: 1296 ms ; Wall: 1300 ms
    -- Transforming Batch: CPU: 31675 ms ; Wall: 31766 ms
    -- Distribute Batch Results: CPU: 930 ms ; Wall: 933 ms

Timing Vault_qmp2:: vault : CPU: 168073 ms ; Wall: 168594 ms
Timing Do_qmp2:: qmp2 : CPU: 1033156 ms ; Wall: 1036528 ms
 ______________________________________________________________________________ 
|                                                                              |
|                  ** Quadrature Calculation through libqqc **                 |
|                                                                              |
|++++++++++++++++++++++++++++++++++++++++++++++++++++++++++++++++++++++++++++++|
| * Author(s): Benjamin Thomitzni                                              |
|++++++++++++++++++++++++++++++++++++++++++++++++++++++++++++++++++++++++++++++|
|                               Programm Details                               |
|------------------------------------------------------------------------------|
| * library vers.      v0.1                                                    |
|     -- Loader vers.  v0.1                                                    |
|     -- Vault vers.   v0.1                                                    |
|     -- Do_qmp2 vers. v0.1                                                    |
|------------------------------------------------------------------------------|
| * OpenMP enabled                                                             |
|     -- threads:   1                                                          |
| * MPI enabled                                                                |
|     -- processes: 32                                                         |
|++++++++++++++++++++++++++++++++++++++++++++++++++++++++++++++++++++++++++++++|
|                              Calculation Details                             |
|------------------------------------------------------------------------------|
| * Method:             Q-MP(2)                                                |
|------------------------------------------------------------------------------|
| * grid points (3D):   18240                                                  |
| * grid points (1D):   16                                                     |
|------------------------------------------------------------------------------|
| * atomic orbitals:    146                                                    |
| * molecular orbitals: 146                                                    |
|     -- occupied:      47                                                     |
|     -- virtual:       99                                                     |
|------------------------------------------------------------------------------|
|                                    Results                                   |
|------------------------------------------------------------------------------|
| * Ground State Energy Correction (eV): -1.24223                              |
|++++++++++++++++++++++++++++++++++++++++++++++++++++++++++++++++++++++++++++++|
|                              Calculation Timings                             |
|------------------------------------------------------------------------------|
| Timing Qmp2_energy::compute : CPU: 1033139 ms ; Wall: 1036512 ms             |
|     -- Setting up calculation: CPU: 338 ms ; Wall: 339 ms                    |
|     -- Calc. Batch 1/2: CPU: 4690 ms ; Wall: 4704 ms                         |
|     -- Calc. Batch 2/2: CPU: 1028112 ms ; Wall: 1031467 ms                   |
| Gather result fr. nodes : CPU: 0 ms ; Wall: 0 ms                             |
|------------------------------------------------------------------------------|
|             if no timings are printed, choose higher print level             |
|______________________________________________________________________________|

