/home/hd/hd_hd/hd_tb381/workspace/libqqc/runs/scan_mpionly
n1405
Fr 15. Apr 15:30:28 CEST 2022
#!/bin/bash
#SBATCH -J libqqc_mpionly_336x1
#SBATCH -n336 --cpus-per-task=1 -t12:00:00
#SBATCH --mem=200G
#SBATCH --job-name=libqqc_mpionly_336x1
#SBATCH --output=libqqc_mpionly_336x1_por-%j.out
#SBATCH --error=libqqc_mpionly_336x1_por-%j.err
pwd; hostname; date
cat run_336x1.sh
module load compiler/gnu
module load mpi/openmpi
cd ../../host_example/.
mpic++ -fopenmp -O3 -ffast-math -march=native main_mpi.cpp ../lib/libqqc.a -o 336x1.out
OMP_NUM_THREADS=1 srun --cpus-per-task=$OMP_NUM_THREADS ./336x1.out
rm 336x1.out
Timing Loader_qmp2_from_file:: loader :CPU: 0 ms ; Wall: 0 ms
Timings AoToMo CGTO: CPU: 1211 ms ; Wall: 1258 ms
    -- Loading in: CPU: 984 ms ; Wall: 987 ms
    -- Distribute Batch: CPU: 60 ms ; Wall: 100 ms
    -- Tranforming Batch: CPU: 5 ms ; Wall: 5 ms
    -- Distribute Batch Results: CPU: 124 ms ; Wall: 124 ms

Timings AoToMo Coulomb Integral: CPU: 154319 ms ; Wall: 154823 ms
    -- Loading in: CPU: 138819 ms ; Wall: 139269 ms
    -- Distribute Batch: CPU: 885 ms ; Wall: 887 ms
    -- Transforming Batch: CPU: 8813 ms ; Wall: 8842 ms
    -- Distribute Batch Results: CPU: 5750 ms ; Wall: 5768 ms

Timing Vault_qmp2:: vault : CPU: 155871 ms ; Wall: 156450 ms
Timing Do_qmp2:: qmp2 : CPU: 112359 ms ; Wall: 112787 ms
 ______________________________________________________________________________ 
|                                                                              |
|                  ** Quadrature Calculation through libqqc **                 |
|                                                                              |
|++++++++++++++++++++++++++++++++++++++++++++++++++++++++++++++++++++++++++++++|
| * Author(s): Benjamin Thomitzni                                              |
|++++++++++++++++++++++++++++++++++++++++++++++++++++++++++++++++++++++++++++++|
|                               Programm Details                               |
|------------------------------------------------------------------------------|
| * library vers.      v0.1                                                    |
|     -- Loader vers.  v0.1                                                    |
|     -- Vault vers.   v0.1                                                    |
|     -- Do_qmp2 vers. v0.1                                                    |
|------------------------------------------------------------------------------|
| * OpenMP enabled                                                             |
|     -- threads:   1                                                          |
| * MPI enabled                                                                |
|     -- processes: 336                                                        |
|++++++++++++++++++++++++++++++++++++++++++++++++++++++++++++++++++++++++++++++|
|                              Calculation Details                             |
|------------------------------------------------------------------------------|
| * Method:             Q-MP(2)                                                |
|------------------------------------------------------------------------------|
| * grid points (3D):   18240                                                  |
| * grid points (1D):   16                                                     |
|------------------------------------------------------------------------------|
| * atomic orbitals:    146                                                    |
| * molecular orbitals: 146                                                    |
|     -- occupied:      47                                                     |
|     -- virtual:       99                                                     |
|------------------------------------------------------------------------------|
|                                    Results                                   |
|------------------------------------------------------------------------------|
| * Ground State Energy Correction (eV): -1.24223                              |
|++++++++++++++++++++++++++++++++++++++++++++++++++++++++++++++++++++++++++++++|
|                              Calculation Timings                             |
|------------------------------------------------------------------------------|
| Timing Qmp2_energy::compute : CPU: 107392 ms ; Wall: 107804 ms               |
|     -- Setting up calculation: CPU: 146 ms ; Wall: 146 ms                    |
|     -- Calc. Batch 1/2: CPU: 63 ms ; Wall: 63 ms                             |
|     -- Calc. Batch 2/2: CPU: 107183 ms ; Wall: 107593 ms                     |
| Gather result fr. nodes : CPU: 4953 ms ; Wall: 4966 ms                       |
|------------------------------------------------------------------------------|
|             if no timings are printed, choose higher print level             |
|______________________________________________________________________________|

