/home/hd/hd_hd/hd_tb381/workspace/libqqc/runs/scan_mpionly
n1405
Fr 15. Apr 16:01:41 CEST 2022
#!/bin/bash
#SBATCH -J libqqc_mpionly_960x1
#SBATCH -n960 --cpus-per-task=1 -t12:00:00
#SBATCH --mem=200G
#SBATCH --job-name=libqqc_mpionly_960x1
#SBATCH --output=libqqc_mpionly_960x1_por-%j.out
#SBATCH --error=libqqc_mpionly_960x1_por-%j.err
pwd; hostname; date
cat run_960x1.sh
module load compiler/gnu
module load mpi/openmpi
cd ../../host_example/.
mpic++ -fopenmp -O3 -ffast-math -march=native main_mpi.cpp ../lib/libqqc.a -o 960x1.out
OMP_NUM_THREADS=1 srun --cpus-per-task=$OMP_NUM_THREADS ./960x1.out
rm 960x1.out
Timing Loader_qmp2_from_file:: loader :CPU: 0 ms ; Wall: 0 ms
Timings AoToMo CGTO: CPU: 1472 ms ; Wall: 1605 ms
    -- Loading in: CPU: 981 ms ; Wall: 984 ms
    -- Distribute Batch: CPU: 160 ms ; Wall: 286 ms
    -- Tranforming Batch: CPU: 1 ms ; Wall: 0 ms
    -- Distribute Batch Results: CPU: 287 ms ; Wall: 287 ms

Timings AoToMo Coulomb Integral: CPU: 160371 ms ; Wall: 160915 ms
    -- Loading in: CPU: 138880 ms ; Wall: 139347 ms
    -- Distribute Batch: CPU: 1071 ms ; Wall: 1075 ms
    -- Transforming Batch: CPU: 1108 ms ; Wall: 1112 ms
    -- Distribute Batch Results: CPU: 19259 ms ; Wall: 19325 ms

Timing Vault_qmp2:: vault : CPU: 162241 ms ; Wall: 162948 ms
Timing Do_qmp2:: qmp2 : CPU: 49121 ms ; Wall: 49305 ms
 ______________________________________________________________________________ 
|                                                                              |
|                  ** Quadrature Calculation through libqqc **                 |
|                                                                              |
|++++++++++++++++++++++++++++++++++++++++++++++++++++++++++++++++++++++++++++++|
| * Author(s): Benjamin Thomitzni                                              |
|++++++++++++++++++++++++++++++++++++++++++++++++++++++++++++++++++++++++++++++|
|                               Programm Details                               |
|------------------------------------------------------------------------------|
| * library vers.      v0.1                                                    |
|     -- Loader vers.  v0.1                                                    |
|     -- Vault vers.   v0.1                                                    |
|     -- Do_qmp2 vers. v0.1                                                    |
|------------------------------------------------------------------------------|
| * OpenMP enabled                                                             |
|     -- threads:   1                                                          |
| * MPI enabled                                                                |
|     -- processes: 960                                                        |
|++++++++++++++++++++++++++++++++++++++++++++++++++++++++++++++++++++++++++++++|
|                              Calculation Details                             |
|------------------------------------------------------------------------------|
| * Method:             Q-MP(2)                                                |
|------------------------------------------------------------------------------|
| * grid points (3D):   18240                                                  |
| * grid points (1D):   16                                                     |
|------------------------------------------------------------------------------|
| * atomic orbitals:    146                                                    |
| * molecular orbitals: 146                                                    |
|     -- occupied:      47                                                     |
|     -- virtual:       99                                                     |
|------------------------------------------------------------------------------|
|                                    Results                                   |
|------------------------------------------------------------------------------|
| * Ground State Energy Correction (eV): -1.24223                              |
|++++++++++++++++++++++++++++++++++++++++++++++++++++++++++++++++++++++++++++++|
|                              Calculation Timings                             |
|------------------------------------------------------------------------------|
| Timing Qmp2_energy::compute : CPU: 36484 ms ; Wall: 36637 ms                 |
|     -- Setting up calculation: CPU: 321 ms ; Wall: 324 ms                    |
|     -- Calc. Batch 1/2: CPU: 6 ms ; Wall: 6 ms                               |
|     -- Calc. Batch 2/2: CPU: 36157 ms ; Wall: 36307 ms                       |
| Gather result fr. nodes : CPU: 12618 ms ; Wall: 12649 ms                     |
|------------------------------------------------------------------------------|
|             if no timings are printed, choose higher print level             |
|______________________________________________________________________________|

