/home/hd/hd_hd/hd_tb381/workspace/libqqc/runs/scan_mpionly
n1424
Fr 15. Apr 15:17:10 CEST 2022
#!/bin/bash
#SBATCH -J libqqc_mpionly_20x1
#SBATCH -n20 --cpus-per-task=1 -t12:00:00
#SBATCH --mem=200G
#SBATCH --job-name=libqqc_mpionly_20x1
#SBATCH --output=libqqc_mpionly_20x1_por-%j.out
#SBATCH --error=libqqc_mpionly_20x1_por-%j.err
pwd; hostname; date
cat run_20x1.sh
module load compiler/gnu
module load mpi/openmpi
cd ../../host_example/.
mpic++ -fopenmp -O3 -ffast-math -march=native main_mpi.cpp ../lib/libqqc.a -o 20x1.out
OMP_NUM_THREADS=1 srun --cpus-per-task=$OMP_NUM_THREADS ./20x1.out
rm 20x1.out
Timing Loader_qmp2_from_file:: loader :CPU: 0 ms ; Wall: 0 ms
Timings AoToMo CGTO: CPU: 4712 ms ; Wall: 4737 ms
    -- Loading in: CPU: 4581 ms ; Wall: 4602 ms
    -- Distribute Batch: CPU: 11 ms ; Wall: 11 ms
    -- Tranforming Batch: CPU: 26 ms ; Wall: 26 ms
    -- Distribute Batch Results: CPU: 66 ms ; Wall: 65 ms

Timings AoToMo Coulomb Integral: CPU: 163248 ms ; Wall: 163666 ms
    -- Loading in: CPU: 117319 ms ; Wall: 117631 ms
    -- Distribute Batch: CPU: 1163 ms ; Wall: 1165 ms
    -- Transforming Batch: CPU: 43897 ms ; Wall: 43996 ms
    -- Distribute Batch Results: CPU: 787 ms ; Wall: 789 ms

Timing Vault_qmp2:: vault : CPU: 168227 ms ; Wall: 168688 ms
Timing Do_qmp2:: qmp2 : CPU: 1519596 ms ; Wall: 1523839 ms
 ______________________________________________________________________________ 
|                                                                              |
|                  ** Quadrature Calculation through libqqc **                 |
|                                                                              |
|++++++++++++++++++++++++++++++++++++++++++++++++++++++++++++++++++++++++++++++|
| * Author(s): Benjamin Thomitzni                                              |
|++++++++++++++++++++++++++++++++++++++++++++++++++++++++++++++++++++++++++++++|
|                               Programm Details                               |
|------------------------------------------------------------------------------|
| * library vers.      v0.1                                                    |
|     -- Loader vers.  v0.1                                                    |
|     -- Vault vers.   v0.1                                                    |
|     -- Do_qmp2 vers. v0.1                                                    |
|------------------------------------------------------------------------------|
| * OpenMP enabled                                                             |
|     -- threads:   1                                                          |
| * MPI enabled                                                                |
|     -- processes: 20                                                         |
|++++++++++++++++++++++++++++++++++++++++++++++++++++++++++++++++++++++++++++++|
|                              Calculation Details                             |
|------------------------------------------------------------------------------|
| * Method:             Q-MP(2)                                                |
|------------------------------------------------------------------------------|
| * grid points (3D):   18240                                                  |
| * grid points (1D):   16                                                     |
|------------------------------------------------------------------------------|
| * atomic orbitals:    146                                                    |
| * molecular orbitals: 146                                                    |
|     -- occupied:      47                                                     |
|     -- virtual:       99                                                     |
|------------------------------------------------------------------------------|
|                                    Results                                   |
|------------------------------------------------------------------------------|
| * Ground State Energy Correction (eV): -1.24223                              |
|++++++++++++++++++++++++++++++++++++++++++++++++++++++++++++++++++++++++++++++|
|                              Calculation Timings                             |
|------------------------------------------------------------------------------|
| Timing Qmp2_energy::compute : CPU: 1510657 ms ; Wall: 1514885 ms             |
|     -- Setting up calculation: CPU: 204 ms ; Wall: 205 ms                    |
|     -- Calc. Batch 1/2: CPU: 11250 ms ; Wall: 11282 ms                       |
|     -- Calc. Batch 2/2: CPU: 1499202 ms ; Wall: 1503397 ms                   |
| Gather result fr. nodes : CPU: 8927 ms ; Wall: 8942 ms                       |
|------------------------------------------------------------------------------|
|             if no timings are printed, choose higher print level             |
|______________________________________________________________________________|

