/home/hd/hd_hd/hd_tb381/workspace/libqqc/runs/scan_mpionly
n1603
Fr 15. Apr 15:50:25 CEST 2022
#!/bin/bash
#SBATCH -J libqqc_mpionly_720x1
#SBATCH -n720 --cpus-per-task=1 -t12:00:00
#SBATCH --mem=200G
#SBATCH --job-name=libqqc_mpionly_720x1
#SBATCH --output=libqqc_mpionly_720x1_por-%j.out
#SBATCH --error=libqqc_mpionly_720x1_por-%j.err
pwd; hostname; date
cat run_720x1.sh
module load compiler/gnu
module load mpi/openmpi
cd ../../host_example/.
mpic++ -fopenmp -O3 -ffast-math -march=native main_mpi.cpp ../lib/libqqc.a -o 720x1.out
OMP_NUM_THREADS=1 srun --cpus-per-task=$OMP_NUM_THREADS ./720x1.out
rm 720x1.out
Timing Loader_qmp2_from_file:: loader :CPU: 0 ms ; Wall: 0 ms
Timings AoToMo CGTO: CPU: 1349 ms ; Wall: 1452 ms
    -- Loading in: CPU: 984 ms ; Wall: 987 ms
    -- Distribute Batch: CPU: 121 ms ; Wall: 217 ms
    -- Tranforming Batch: CPU: 9 ms ; Wall: 9 ms
    -- Distribute Batch Results: CPU: 193 ms ; Wall: 193 ms

Timings AoToMo Coulomb Integral: CPU: 163910 ms ; Wall: 164568 ms
    -- Loading in: CPU: 143578 ms ; Wall: 144144 ms
    -- Distribute Batch: CPU: 976 ms ; Wall: 980 ms
    -- Transforming Batch: CPU: 15633 ms ; Wall: 15703 ms
    -- Distribute Batch Results: CPU: 3654 ms ; Wall: 3668 ms

Timing Vault_qmp2:: vault : CPU: 165645 ms ; Wall: 166435 ms
Timing Do_qmp2:: qmp2 : CPU: 54613 ms ; Wall: 54858 ms
 ______________________________________________________________________________ 
|                                                                              |
|                  ** Quadrature Calculation through libqqc **                 |
|                                                                              |
|++++++++++++++++++++++++++++++++++++++++++++++++++++++++++++++++++++++++++++++|
| * Author(s): Benjamin Thomitzni                                              |
|++++++++++++++++++++++++++++++++++++++++++++++++++++++++++++++++++++++++++++++|
|                               Programm Details                               |
|------------------------------------------------------------------------------|
| * library vers.      v0.1                                                    |
|     -- Loader vers.  v0.1                                                    |
|     -- Vault vers.   v0.1                                                    |
|     -- Do_qmp2 vers. v0.1                                                    |
|------------------------------------------------------------------------------|
| * OpenMP enabled                                                             |
|     -- threads:   1                                                          |
| * MPI enabled                                                                |
|     -- processes: 720                                                        |
|++++++++++++++++++++++++++++++++++++++++++++++++++++++++++++++++++++++++++++++|
|                              Calculation Details                             |
|------------------------------------------------------------------------------|
| * Method:             Q-MP(2)                                                |
|------------------------------------------------------------------------------|
| * grid points (3D):   18240                                                  |
| * grid points (1D):   16                                                     |
|------------------------------------------------------------------------------|
| * atomic orbitals:    146                                                    |
| * molecular orbitals: 146                                                    |
|     -- occupied:      47                                                     |
|     -- virtual:       99                                                     |
|------------------------------------------------------------------------------|
|                                    Results                                   |
|------------------------------------------------------------------------------|
| * Ground State Energy Correction (eV): -1.24223                              |
|++++++++++++++++++++++++++++++++++++++++++++++++++++++++++++++++++++++++++++++|
|                              Calculation Timings                             |
|------------------------------------------------------------------------------|
| Timing Qmp2_energy::compute : CPU: 50151 ms ; Wall: 50384 ms                 |
|     -- Setting up calculation: CPU: 321 ms ; Wall: 324 ms                    |
|     -- Calc. Batch 1/2: CPU: 11 ms ; Wall: 11 ms                             |
|     -- Calc. Batch 2/2: CPU: 49818 ms ; Wall: 50048 ms                       |
| Gather result fr. nodes : CPU: 4443 ms ; Wall: 4451 ms                       |
|------------------------------------------------------------------------------|
|             if no timings are printed, choose higher print level             |
|______________________________________________________________________________|

