/home/hd/hd_hd/hd_tb381/workspace/libqqc/runs/scan_mpionly
n1540
Fr 15. Apr 15:15:07 CEST 2022
#!/bin/bash
#SBATCH -J libqqc_mpionly_4x1
#SBATCH -n4 --cpus-per-task=1 -t12:00:00
#SBATCH --mem=200G
#SBATCH --job-name=libqqc_mpionly_4x1
#SBATCH --output=libqqc_mpionly_4x1_por-%j.out
#SBATCH --error=libqqc_mpionly_4x1_por-%j.err
pwd; hostname; date
cat run_4x1.sh
module load compiler/gnu
module load mpi/openmpi
cd ../../host_example/.
mpic++ -fopenmp -O3 -ffast-math -march=native main_mpi.cpp ../lib/libqqc.a -o 4x1.out
OMP_NUM_THREADS=1 srun --cpus-per-task=$OMP_NUM_THREADS ./4x1.out
rm 4x1.out
Timing Loader_qmp2_from_file:: loader :CPU: 0 ms ; Wall: 0 ms
Timings AoToMo CGTO: CPU: 4715 ms ; Wall: 4732 ms
    -- Loading in: CPU: 4534 ms ; Wall: 4548 ms
    -- Distribute Batch: CPU: 7 ms ; Wall: 7 ms
    -- Tranforming Batch: CPU: 127 ms ; Wall: 126 ms
    -- Distribute Batch Results: CPU: 17 ms ; Wall: 17 ms

Timings AoToMo Coulomb Integral: CPU: 315525 ms ; Wall: 316278 ms
    -- Loading in: CPU: 109674 ms ; Wall: 110070 ms
    -- Distribute Batch: CPU: 931 ms ; Wall: 932 ms
    -- Transforming Batch: CPU: 204018 ms ; Wall: 204366 ms
    -- Distribute Batch Results: CPU: 635 ms ; Wall: 636 ms

Timing Vault_qmp2:: vault : CPU: 320489 ms ; Wall: 321270 ms
Timing Do_qmp2:: qmp2 : CPU: 6814329 ms ; Wall: 6832236 ms
 ______________________________________________________________________________ 
|                                                                              |
|                  ** Quadrature Calculation through libqqc **                 |
|                                                                              |
|++++++++++++++++++++++++++++++++++++++++++++++++++++++++++++++++++++++++++++++|
| * Author(s): Benjamin Thomitzni                                              |
|++++++++++++++++++++++++++++++++++++++++++++++++++++++++++++++++++++++++++++++|
|                               Programm Details                               |
|------------------------------------------------------------------------------|
| * library vers.      v0.1                                                    |
|     -- Loader vers.  v0.1                                                    |
|     -- Vault vers.   v0.1                                                    |
|     -- Do_qmp2 vers. v0.1                                                    |
|------------------------------------------------------------------------------|
| * OpenMP enabled                                                             |
|     -- threads:   1                                                          |
| * MPI enabled                                                                |
|     -- processes: 4                                                          |
|++++++++++++++++++++++++++++++++++++++++++++++++++++++++++++++++++++++++++++++|
|                              Calculation Details                             |
|------------------------------------------------------------------------------|
| * Method:             Q-MP(2)                                                |
|------------------------------------------------------------------------------|
| * grid points (3D):   18240                                                  |
| * grid points (1D):   16                                                     |
|------------------------------------------------------------------------------|
| * atomic orbitals:    146                                                    |
| * molecular orbitals: 146                                                    |
|     -- occupied:      47                                                     |
|     -- virtual:       99                                                     |
|------------------------------------------------------------------------------|
|                                    Results                                   |
|------------------------------------------------------------------------------|
| * Ground State Energy Correction (eV): -1.24223                              |
|++++++++++++++++++++++++++++++++++++++++++++++++++++++++++++++++++++++++++++++|
|                              Calculation Timings                             |
|------------------------------------------------------------------------------|
| Timing Qmp2_energy::compute : CPU: 6814316 ms ; Wall: 6832196 ms             |
|     -- Setting up calculation: CPU: 87 ms ; Wall: 87 ms                      |
|     -- Calc. Batch 1/2: CPU: 349919 ms ; Wall: 350771 ms                     |
|     -- Calc. Batch 2/2: CPU: 6464310 ms ; Wall: 6481336 ms                   |
| Gather result fr. nodes : CPU: 0 ms ; Wall: 3 ms                             |
|------------------------------------------------------------------------------|
|             if no timings are printed, choose higher print level             |
|______________________________________________________________________________|

