/home/hd/hd_hd/hd_tb381/workspace/libqqc/runs/scan_mpionly
n1405
Fr 15. Apr 15:52:59 CEST 2022
#!/bin/bash
#SBATCH -J libqqc_mpionly_768x1
#SBATCH -n768 --cpus-per-task=1 -t12:00:00
#SBATCH --mem=200G
#SBATCH --job-name=libqqc_mpionly_768x1
#SBATCH --output=libqqc_mpionly_768x1_por-%j.out
#SBATCH --error=libqqc_mpionly_768x1_por-%j.err
pwd; hostname; date
cat run_768x1.sh
module load compiler/gnu
module load mpi/openmpi
cd ../../host_example/.
mpic++ -fopenmp -O3 -ffast-math -march=native main_mpi.cpp ../lib/libqqc.a -o 768x1.out
OMP_NUM_THREADS=1 srun --cpus-per-task=$OMP_NUM_THREADS ./768x1.out
rm 768x1.out
Timing Loader_qmp2_from_file:: loader :CPU: 0 ms ; Wall: 0 ms
Timings AoToMo CGTO: CPU: 1512 ms ; Wall: 1625 ms
    -- Loading in: CPU: 980 ms ; Wall: 984 ms
    -- Distribute Batch: CPU: 127 ms ; Wall: 233 ms
    -- Tranforming Batch: CPU: 21 ms ; Wall: 21 ms
    -- Distribute Batch Results: CPU: 340 ms ; Wall: 341 ms

Timings AoToMo Coulomb Integral: CPU: 178743 ms ; Wall: 179325 ms
    -- Loading in: CPU: 138771 ms ; Wall: 139219 ms
    -- Distribute Batch: CPU: 975 ms ; Wall: 978 ms
    -- Transforming Batch: CPU: 34834 ms ; Wall: 34948 ms
    -- Distribute Batch Results: CPU: 4079 ms ; Wall: 4091 ms

Timing Vault_qmp2:: vault : CPU: 180648 ms ; Wall: 181373 ms
Timing Do_qmp2:: qmp2 : CPU: 58162 ms ; Wall: 58361 ms
 ______________________________________________________________________________ 
|                                                                              |
|                  ** Quadrature Calculation through libqqc **                 |
|                                                                              |
|++++++++++++++++++++++++++++++++++++++++++++++++++++++++++++++++++++++++++++++|
| * Author(s): Benjamin Thomitzni                                              |
|++++++++++++++++++++++++++++++++++++++++++++++++++++++++++++++++++++++++++++++|
|                               Programm Details                               |
|------------------------------------------------------------------------------|
| * library vers.      v0.1                                                    |
|     -- Loader vers.  v0.1                                                    |
|     -- Vault vers.   v0.1                                                    |
|     -- Do_qmp2 vers. v0.1                                                    |
|------------------------------------------------------------------------------|
| * OpenMP enabled                                                             |
|     -- threads:   1                                                          |
| * MPI enabled                                                                |
|     -- processes: 768                                                        |
|++++++++++++++++++++++++++++++++++++++++++++++++++++++++++++++++++++++++++++++|
|                              Calculation Details                             |
|------------------------------------------------------------------------------|
| * Method:             Q-MP(2)                                                |
|------------------------------------------------------------------------------|
| * grid points (3D):   18240                                                  |
| * grid points (1D):   16                                                     |
|------------------------------------------------------------------------------|
| * atomic orbitals:    146                                                    |
| * molecular orbitals: 146                                                    |
|     -- occupied:      47                                                     |
|     -- virtual:       99                                                     |
|------------------------------------------------------------------------------|
|                                    Results                                   |
|------------------------------------------------------------------------------|
| * Ground State Energy Correction (eV): -1.24223                              |
|++++++++++++++++++++++++++++++++++++++++++++++++++++++++++++++++++++++++++++++|
|                              Calculation Timings                             |
|------------------------------------------------------------------------------|
| Timing Qmp2_energy::compute : CPU: 44528 ms ; Wall: 44708 ms                 |
|     -- Setting up calculation: CPU: 323 ms ; Wall: 325 ms                    |
|     -- Calc. Batch 1/2: CPU: 10 ms ; Wall: 9 ms                              |
|     -- Calc. Batch 2/2: CPU: 44195 ms ; Wall: 44372 ms                       |
| Gather result fr. nodes : CPU: 13615 ms ; Wall: 13634 ms                     |
|------------------------------------------------------------------------------|
|             if no timings are printed, choose higher print level             |
|______________________________________________________________________________|

