/home/hd/hd_hd/hd_tb381/workspace/libqqc/runs/scan_mpionly
n1417
Fr 15. Apr 15:22:17 CEST 2022
#!/bin/bash
#SBATCH -J libqqc_mpionly_24x1
#SBATCH -n24 --cpus-per-task=1 -t12:00:00
#SBATCH --mem=200G
#SBATCH --job-name=libqqc_mpionly_24x1
#SBATCH --output=libqqc_mpionly_24x1_por-%j.out
#SBATCH --error=libqqc_mpionly_24x1_por-%j.err
pwd; hostname; date
cat run_24x1.sh
module load compiler/gnu
module load mpi/openmpi
cd ../../host_example/.
mpic++ -fopenmp -O3 -ffast-math -march=native main_mpi.cpp ../lib/libqqc.a -o 24x1.out
OMP_NUM_THREADS=1 srun --cpus-per-task=$OMP_NUM_THREADS ./24x1.out
rm 24x1.out
Timing Loader_qmp2_from_file:: loader :CPU: 0 ms ; Wall: 0 ms
Timings AoToMo CGTO: CPU: 4819 ms ; Wall: 4843 ms
    -- Loading in: CPU: 4663 ms ; Wall: 4684 ms
    -- Distribute Batch: CPU: 12 ms ; Wall: 11 ms
    -- Tranforming Batch: CPU: 22 ms ; Wall: 22 ms
    -- Distribute Batch Results: CPU: 92 ms ; Wall: 92 ms

Timings AoToMo Coulomb Integral: CPU: 158776 ms ; Wall: 159244 ms
    -- Loading in: CPU: 119106 ms ; Wall: 119459 ms
    -- Distribute Batch: CPU: 1173 ms ; Wall: 1176 ms
    -- Transforming Batch: CPU: 37156 ms ; Wall: 37261 ms
    -- Distribute Batch Results: CPU: 1265 ms ; Wall: 1268 ms

Timing Vault_qmp2:: vault : CPU: 163868 ms ; Wall: 164378 ms
Timing Do_qmp2:: qmp2 : CPU: 1294019 ms ; Wall: 1298043 ms
 ______________________________________________________________________________ 
|                                                                              |
|                  ** Quadrature Calculation through libqqc **                 |
|                                                                              |
|++++++++++++++++++++++++++++++++++++++++++++++++++++++++++++++++++++++++++++++|
| * Author(s): Benjamin Thomitzni                                              |
|++++++++++++++++++++++++++++++++++++++++++++++++++++++++++++++++++++++++++++++|
|                               Programm Details                               |
|------------------------------------------------------------------------------|
| * library vers.      v0.1                                                    |
|     -- Loader vers.  v0.1                                                    |
|     -- Vault vers.   v0.1                                                    |
|     -- Do_qmp2 vers. v0.1                                                    |
|------------------------------------------------------------------------------|
| * OpenMP enabled                                                             |
|     -- threads:   1                                                          |
| * MPI enabled                                                                |
|     -- processes: 24                                                         |
|++++++++++++++++++++++++++++++++++++++++++++++++++++++++++++++++++++++++++++++|
|                              Calculation Details                             |
|------------------------------------------------------------------------------|
| * Method:             Q-MP(2)                                                |
|------------------------------------------------------------------------------|
| * grid points (3D):   18240                                                  |
| * grid points (1D):   16                                                     |
|------------------------------------------------------------------------------|
| * atomic orbitals:    146                                                    |
| * molecular orbitals: 146                                                    |
|     -- occupied:      47                                                     |
|     -- virtual:       99                                                     |
|------------------------------------------------------------------------------|
|                                    Results                                   |
|------------------------------------------------------------------------------|
| * Ground State Energy Correction (eV): -1.24223                              |
|++++++++++++++++++++++++++++++++++++++++++++++++++++++++++++++++++++++++++++++|
|                              Calculation Timings                             |
|------------------------------------------------------------------------------|
| Timing Qmp2_energy::compute : CPU: 1294004 ms ; Wall: 1298028 ms             |
|     -- Setting up calculation: CPU: 249 ms ; Wall: 249 ms                    |
|     -- Calc. Batch 1/2: CPU: 7908 ms ; Wall: 7933 ms                         |
|     -- Calc. Batch 2/2: CPU: 1285848 ms ; Wall: 1289845 ms                   |
| Gather result fr. nodes : CPU: 0 ms ; Wall: 0 ms                             |
|------------------------------------------------------------------------------|
|             if no timings are printed, choose higher print level             |
|______________________________________________________________________________|

