/home/hd/hd_hd/hd_tb381/workspace/libqqc/runs/scan_mpionly
n1610
Fr 15. Apr 15:36:36 CEST 2022
#!/bin/bash
#SBATCH -J libqqc_mpionly_528x1
#SBATCH -n528 --cpus-per-task=1 -t12:00:00
#SBATCH --mem=200G
#SBATCH --job-name=libqqc_mpionly_528x1
#SBATCH --output=libqqc_mpionly_528x1_por-%j.out
#SBATCH --error=libqqc_mpionly_528x1_por-%j.err
pwd; hostname; date
cat run_528x1.sh
module load compiler/gnu
module load mpi/openmpi
cd ../../host_example/.
mpic++ -fopenmp -O3 -ffast-math -march=native main_mpi.cpp ../lib/libqqc.a -o 528x1.out
OMP_NUM_THREADS=1 srun --cpus-per-task=$OMP_NUM_THREADS ./528x1.out
rm 528x1.out
Timing Loader_qmp2_from_file:: loader :CPU: 0 ms ; Wall: 0 ms
Timings AoToMo CGTO: CPU: 1335 ms ; Wall: 1410 ms
    -- Loading in: CPU: 990 ms ; Wall: 993 ms
    -- Distribute Batch: CPU: 91 ms ; Wall: 159 ms
    -- Tranforming Batch: CPU: 11 ms ; Wall: 11 ms
    -- Distribute Batch Results: CPU: 202 ms ; Wall: 202 ms

Timings AoToMo Coulomb Integral: CPU: 163896 ms ; Wall: 164531 ms
    -- Loading in: CPU: 139667 ms ; Wall: 140209 ms
    -- Distribute Batch: CPU: 946 ms ; Wall: 949 ms
    -- Transforming Batch: CPU: 18857 ms ; Wall: 18927 ms
    -- Distribute Batch Results: CPU: 4357 ms ; Wall: 4371 ms

Timing Vault_qmp2:: vault : CPU: 165584 ms ; Wall: 166327 ms
Timing Do_qmp2:: qmp2 : CPU: 72645 ms ; Wall: 72935 ms
 ______________________________________________________________________________ 
|                                                                              |
|                  ** Quadrature Calculation through libqqc **                 |
|                                                                              |
|++++++++++++++++++++++++++++++++++++++++++++++++++++++++++++++++++++++++++++++|
| * Author(s): Benjamin Thomitzni                                              |
|++++++++++++++++++++++++++++++++++++++++++++++++++++++++++++++++++++++++++++++|
|                               Programm Details                               |
|------------------------------------------------------------------------------|
| * library vers.      v0.1                                                    |
|     -- Loader vers.  v0.1                                                    |
|     -- Vault vers.   v0.1                                                    |
|     -- Do_qmp2 vers. v0.1                                                    |
|------------------------------------------------------------------------------|
| * OpenMP enabled                                                             |
|     -- threads:   1                                                          |
| * MPI enabled                                                                |
|     -- processes: 528                                                        |
|++++++++++++++++++++++++++++++++++++++++++++++++++++++++++++++++++++++++++++++|
|                              Calculation Details                             |
|------------------------------------------------------------------------------|
| * Method:             Q-MP(2)                                                |
|------------------------------------------------------------------------------|
| * grid points (3D):   18240                                                  |
| * grid points (1D):   16                                                     |
|------------------------------------------------------------------------------|
| * atomic orbitals:    146                                                    |
| * molecular orbitals: 146                                                    |
|     -- occupied:      47                                                     |
|     -- virtual:       99                                                     |
|------------------------------------------------------------------------------|
|                                    Results                                   |
|------------------------------------------------------------------------------|
| * Ground State Energy Correction (eV): -1.24223                              |
|++++++++++++++++++++++++++++++++++++++++++++++++++++++++++++++++++++++++++++++|
|                              Calculation Timings                             |
|------------------------------------------------------------------------------|
| Timing Qmp2_energy::compute : CPU: 69465 ms ; Wall: 69746 ms                 |
|     -- Setting up calculation: CPU: 321 ms ; Wall: 324 ms                    |
|     -- Calc. Batch 1/2: CPU: 18 ms ; Wall: 18 ms                             |
|     -- Calc. Batch 2/2: CPU: 69125 ms ; Wall: 69403 ms                       |
| Gather result fr. nodes : CPU: 3163 ms ; Wall: 3167 ms                       |
|------------------------------------------------------------------------------|
|             if no timings are printed, choose higher print level             |
|______________________________________________________________________________|

