/home/hd/hd_hd/hd_tb381/workspace/libqqc/runs/scan_mpionly
n1405
Fr 15. Apr 15:41:43 CEST 2022
#!/bin/bash
#SBATCH -J libqqc_mpionly_576x1
#SBATCH -n576 --cpus-per-task=1 -t12:00:00
#SBATCH --mem=200G
#SBATCH --job-name=libqqc_mpionly_576x1
#SBATCH --output=libqqc_mpionly_576x1_por-%j.out
#SBATCH --error=libqqc_mpionly_576x1_por-%j.err
pwd; hostname; date
cat run_576x1.sh
module load compiler/gnu
module load mpi/openmpi
cd ../../host_example/.
mpic++ -fopenmp -O3 -ffast-math -march=native main_mpi.cpp ../lib/libqqc.a -o 576x1.out
OMP_NUM_THREADS=1 srun --cpus-per-task=$OMP_NUM_THREADS ./576x1.out
rm 576x1.out
Timing Loader_qmp2_from_file:: loader :CPU: 0 ms ; Wall: 0 ms
Timings AoToMo CGTO: CPU: 1350 ms ; Wall: 1432 ms
    -- Loading in: CPU: 986 ms ; Wall: 990 ms
    -- Distribute Batch: CPU: 99 ms ; Wall: 174 ms
    -- Tranforming Batch: CPU: 15 ms ; Wall: 14 ms
    -- Distribute Batch Results: CPU: 208 ms ; Wall: 208 ms

Timings AoToMo Coulomb Integral: CPU: 169272 ms ; Wall: 169819 ms
    -- Loading in: CPU: 139108 ms ; Wall: 139558 ms
    -- Distribute Batch: CPU: 933 ms ; Wall: 935 ms
    -- Transforming Batch: CPU: 24158 ms ; Wall: 24233 ms
    -- Distribute Batch Results: CPU: 5001 ms ; Wall: 5016 ms

Timing Vault_qmp2:: vault : CPU: 170985 ms ; Wall: 171643 ms
Timing Do_qmp2:: qmp2 : CPU: 68311 ms ; Wall: 68554 ms
 ______________________________________________________________________________ 
|                                                                              |
|                  ** Quadrature Calculation through libqqc **                 |
|                                                                              |
|++++++++++++++++++++++++++++++++++++++++++++++++++++++++++++++++++++++++++++++|
| * Author(s): Benjamin Thomitzni                                              |
|++++++++++++++++++++++++++++++++++++++++++++++++++++++++++++++++++++++++++++++|
|                               Programm Details                               |
|------------------------------------------------------------------------------|
| * library vers.      v0.1                                                    |
|     -- Loader vers.  v0.1                                                    |
|     -- Vault vers.   v0.1                                                    |
|     -- Do_qmp2 vers. v0.1                                                    |
|------------------------------------------------------------------------------|
| * OpenMP enabled                                                             |
|     -- threads:   1                                                          |
| * MPI enabled                                                                |
|     -- processes: 576                                                        |
|++++++++++++++++++++++++++++++++++++++++++++++++++++++++++++++++++++++++++++++|
|                              Calculation Details                             |
|------------------------------------------------------------------------------|
| * Method:             Q-MP(2)                                                |
|------------------------------------------------------------------------------|
| * grid points (3D):   18240                                                  |
| * grid points (1D):   16                                                     |
|------------------------------------------------------------------------------|
| * atomic orbitals:    146                                                    |
| * molecular orbitals: 146                                                    |
|     -- occupied:      47                                                     |
|     -- virtual:       99                                                     |
|------------------------------------------------------------------------------|
|                                    Results                                   |
|------------------------------------------------------------------------------|
| * Ground State Energy Correction (eV): -1.24223                              |
|++++++++++++++++++++++++++++++++++++++++++++++++++++++++++++++++++++++++++++++|
|                              Calculation Timings                             |
|------------------------------------------------------------------------------|
| Timing Qmp2_energy::compute : CPU: 60172 ms ; Wall: 60404 ms                 |
|     -- Setting up calculation: CPU: 303 ms ; Wall: 305 ms                    |
|     -- Calc. Batch 1/2: CPU: 18 ms ; Wall: 17 ms                             |
|     -- Calc. Batch 2/2: CPU: 59851 ms ; Wall: 60080 ms                       |
| Gather result fr. nodes : CPU: 8123 ms ; Wall: 8134 ms                       |
|------------------------------------------------------------------------------|
|             if no timings are printed, choose higher print level             |
|______________________________________________________________________________|

