/home/hd/hd_hd/hd_tb381/workspace/libqqc/runs/scan_mpionly
n1411
Fr 15. Apr 15:23:49 CEST 2022
#!/bin/bash
#SBATCH -J libqqc_mpionly_44x1
#SBATCH -n44 --cpus-per-task=1 -t12:00:00
#SBATCH --mem=200G
#SBATCH --job-name=libqqc_mpionly_44x1
#SBATCH --output=libqqc_mpionly_44x1_por-%j.out
#SBATCH --error=libqqc_mpionly_44x1_por-%j.err
pwd; hostname; date
cat run_44x1.sh
module load compiler/gnu
module load mpi/openmpi
cd ../../host_example/.
mpic++ -fopenmp -O3 -ffast-math -march=native main_mpi.cpp ../lib/libqqc.a -o 44x1.out
OMP_NUM_THREADS=1 srun --cpus-per-task=$OMP_NUM_THREADS ./44x1.out
rm 44x1.out
Timing Loader_qmp2_from_file:: loader :CPU: 0 ms ; Wall: 0 ms
Timings AoToMo CGTO: CPU: 5614 ms ; Wall: 5638 ms
    -- Loading in: CPU: 5399 ms ; Wall: 5421 ms
    -- Distribute Batch: CPU: 14 ms ; Wall: 14 ms
    -- Tranforming Batch: CPU: 16 ms ; Wall: 15 ms
    -- Distribute Batch Results: CPU: 149 ms ; Wall: 149 ms

Timings AoToMo Coulomb Integral: CPU: 171767 ms ; Wall: 172380 ms
    -- Loading in: CPU: 142125 ms ; Wall: 142624 ms
    -- Distribute Batch: CPU: 1375 ms ; Wall: 1379 ms
    -- Transforming Batch: CPU: 25872 ms ; Wall: 25970 ms
    -- Distribute Batch Results: CPU: 2322 ms ; Wall: 2330 ms

Timing Vault_qmp2:: vault : CPU: 177704 ms ; Wall: 178357 ms
Timing Do_qmp2:: qmp2 : CPU: 821114 ms ; Wall: 824408 ms
 ______________________________________________________________________________ 
|                                                                              |
|                  ** Quadrature Calculation through libqqc **                 |
|                                                                              |
|++++++++++++++++++++++++++++++++++++++++++++++++++++++++++++++++++++++++++++++|
| * Author(s): Benjamin Thomitzni                                              |
|++++++++++++++++++++++++++++++++++++++++++++++++++++++++++++++++++++++++++++++|
|                               Programm Details                               |
|------------------------------------------------------------------------------|
| * library vers.      v0.1                                                    |
|     -- Loader vers.  v0.1                                                    |
|     -- Vault vers.   v0.1                                                    |
|     -- Do_qmp2 vers. v0.1                                                    |
|------------------------------------------------------------------------------|
| * OpenMP enabled                                                             |
|     -- threads:   1                                                          |
| * MPI enabled                                                                |
|     -- processes: 44                                                         |
|++++++++++++++++++++++++++++++++++++++++++++++++++++++++++++++++++++++++++++++|
|                              Calculation Details                             |
|------------------------------------------------------------------------------|
| * Method:             Q-MP(2)                                                |
|------------------------------------------------------------------------------|
| * grid points (3D):   18240                                                  |
| * grid points (1D):   16                                                     |
|------------------------------------------------------------------------------|
| * atomic orbitals:    146                                                    |
| * molecular orbitals: 146                                                    |
|     -- occupied:      47                                                     |
|     -- virtual:       99                                                     |
|------------------------------------------------------------------------------|
|                                    Results                                   |
|------------------------------------------------------------------------------|
| * Ground State Energy Correction (eV): -1.24223                              |
|++++++++++++++++++++++++++++++++++++++++++++++++++++++++++++++++++++++++++++++|
|                              Calculation Timings                             |
|------------------------------------------------------------------------------|
| Timing Qmp2_energy::compute : CPU: 813711 ms ; Wall: 816982 ms               |
|     -- Setting up calculation: CPU: 465 ms ; Wall: 469 ms                    |
|     -- Calc. Batch 1/2: CPU: 3025 ms ; Wall: 3036 ms                         |
|     -- Calc. Batch 2/2: CPU: 810221 ms ; Wall: 813476 ms                     |
| Gather result fr. nodes : CPU: 7381 ms ; Wall: 7404 ms                       |
|------------------------------------------------------------------------------|
|             if no timings are printed, choose higher print level             |
|______________________________________________________________________________|

