/home/hd/hd_hd/hd_tb381/workspace/libqqc/runs/w_eigen/scan_mpionly
n1601
Sa 16. Apr 10:18:02 CEST 2022
#!/bin/bash
#SBATCH -J libqqc_mpionly_432x1
#SBATCH -n432 --cpus-per-task=1 -t12:00:00
#SBATCH --mem=200G
#SBATCH --job-name=libqqc_mpionly_432x1
#SBATCH --output=libqqc_mpionly_432x1_por-%j.out
#SBATCH --error=libqqc_mpionly_432x1_por-%j.err
pwd; hostname; date
cat run_432x1.sh
module load compiler/gnu
module load mpi/openmpi
cd ../../../host_example/.
mpic++ -fopenmp -O3 -ffast-math -march=native main_mpi.cpp ../lib/libqqc.a -o 432x1.out
OMP_NUM_THREADS=1 srun --cpus-per-task=$OMP_NUM_THREADS ./432x1.out
rm 432x1.out
Timing Loader_qmp2_from_file:: loader :CPU: 0 ms ; Wall: 0 ms
Timings AoToMo CGTO: CPU: 232 ms ; Wall: 281 ms
    -- Loading in: CPU: 42 ms ; Wall: 42 ms
    -- Distribute Batch: CPU: 61 ms ; Wall: 108 ms
    -- Tranforming Batch: CPU: 0 ms ; Wall: 0 ms
    -- Distribute Batch Results: CPU: 121 ms ; Wall: 121 ms

Timings AoToMo Coulomb Integral: CPU: 1101 ms ; Wall: 1106 ms
    -- Loading in: CPU: 1030 ms ; Wall: 1033 ms
    -- Distribute Batch: CPU: 18 ms ; Wall: 17 ms
    -- Transforming Batch: CPU: 17 ms ; Wall: 16 ms
    -- Distribute Batch Results: CPU: 28 ms ; Wall: 28 ms

Timing Vault_qmp2:: vault : CPU: 1347 ms ; Wall: 1428 ms
Timing Do_qmp2:: qmp2 : CPU: 284 ms ; Wall: 285 ms
 ______________________________________________________________________________ 
|                                                                              |
|                  ** Quadrature Calculation through libqqc **                 |
|                                                                              |
|++++++++++++++++++++++++++++++++++++++++++++++++++++++++++++++++++++++++++++++|
| * Author(s): Benjamin Thomitzni                                              |
|++++++++++++++++++++++++++++++++++++++++++++++++++++++++++++++++++++++++++++++|
|                               Programm Details                               |
|------------------------------------------------------------------------------|
| * library vers.      v0.1                                                    |
|     -- Loader vers.  v0.1                                                    |
|     -- Vault vers.   v0.1                                                    |
|     -- Do_qmp2 vers. v0.1                                                    |
|------------------------------------------------------------------------------|
| * OpenMP enabled                                                             |
|     -- threads:   1                                                          |
| * MPI enabled                                                                |
|     -- processes: 432                                                        |
|++++++++++++++++++++++++++++++++++++++++++++++++++++++++++++++++++++++++++++++|
|                              Calculation Details                             |
|------------------------------------------------------------------------------|
| * Method:             Q-MP(2)                                                |
|------------------------------------------------------------------------------|
| * grid points (3D):   4560                                                   |
| * grid points (1D):   16                                                     |
|------------------------------------------------------------------------------|
| * atomic orbitals:    26                                                     |
| * molecular orbitals: 26                                                     |
|     -- occupied:      9                                                      |
|     -- virtual:       17                                                     |
|------------------------------------------------------------------------------|
|                                    Results                                   |
|------------------------------------------------------------------------------|
| * Ground State Energy Correction (eV): -0.216353                             |
|++++++++++++++++++++++++++++++++++++++++++++++++++++++++++++++++++++++++++++++|
|                              Calculation Timings                             |
|------------------------------------------------------------------------------|
| Timing Qmp2_energy::compute : CPU: 232 ms ; Wall: 233 ms                     |
|     -- Setting up calculation: CPU: 2 ms ; Wall: 2 ms                        |
|     -- Calc. Batch 1/2: CPU: 0 ms ; Wall: 0 ms                               |
|     -- Calc. Batch 2/2: CPU: 230 ms ; Wall: 230 ms                           |
| Gather result fr. nodes : CPU: 51 ms ; Wall: 50 ms                           |
|------------------------------------------------------------------------------|
|             if no timings are printed, choose higher print level             |
|______________________________________________________________________________|

