/home/hd/hd_hd/hd_tb381/workspace/libqqc/runs/w_eigen/scan_mpionly
n1422
Sa 16. Apr 10:17:53 CEST 2022
#!/bin/bash
#SBATCH -J libqqc_mpionly_32x1
#SBATCH -n32 --cpus-per-task=1 -t12:00:00
#SBATCH --mem=200G
#SBATCH --job-name=libqqc_mpionly_32x1
#SBATCH --output=libqqc_mpionly_32x1_por-%j.out
#SBATCH --error=libqqc_mpionly_32x1_por-%j.err
pwd; hostname; date
cat run_32x1.sh
module load compiler/gnu
module load mpi/openmpi
cd ../../../host_example/.
mpic++ -fopenmp -O3 -ffast-math -march=native main_mpi.cpp ../lib/libqqc.a -o 32x1.out
OMP_NUM_THREADS=1 srun --cpus-per-task=$OMP_NUM_THREADS ./32x1.out
rm 32x1.out
Timing Loader_qmp2_from_file:: loader :CPU: 0 ms ; Wall: 0 ms
Timings AoToMo CGTO: CPU: 48 ms ; Wall: 49 ms
    -- Loading in: CPU: 38 ms ; Wall: 38 ms
    -- Distribute Batch: CPU: 1 ms ; Wall: 0 ms
    -- Tranforming Batch: CPU: 0 ms ; Wall: 0 ms
    -- Distribute Batch Results: CPU: 3 ms ; Wall: 2 ms

Timings AoToMo Coulomb Integral: CPU: 952 ms ; Wall: 956 ms
    -- Loading in: CPU: 911 ms ; Wall: 914 ms
    -- Distribute Batch: CPU: 14 ms ; Wall: 13 ms
    -- Transforming Batch: CPU: 9 ms ; Wall: 9 ms
    -- Distribute Batch Results: CPU: 10 ms ; Wall: 10 ms

Timing Vault_qmp2:: vault : CPU: 1008 ms ; Wall: 1016 ms
Timing Do_qmp2:: qmp2 : CPU: 2886 ms ; Wall: 2895 ms
 ______________________________________________________________________________ 
|                                                                              |
|                  ** Quadrature Calculation through libqqc **                 |
|                                                                              |
|++++++++++++++++++++++++++++++++++++++++++++++++++++++++++++++++++++++++++++++|
| * Author(s): Benjamin Thomitzni                                              |
|++++++++++++++++++++++++++++++++++++++++++++++++++++++++++++++++++++++++++++++|
|                               Programm Details                               |
|------------------------------------------------------------------------------|
| * library vers.      v0.1                                                    |
|     -- Loader vers.  v0.1                                                    |
|     -- Vault vers.   v0.1                                                    |
|     -- Do_qmp2 vers. v0.1                                                    |
|------------------------------------------------------------------------------|
| * OpenMP enabled                                                             |
|     -- threads:   1                                                          |
| * MPI enabled                                                                |
|     -- processes: 32                                                         |
|++++++++++++++++++++++++++++++++++++++++++++++++++++++++++++++++++++++++++++++|
|                              Calculation Details                             |
|------------------------------------------------------------------------------|
| * Method:             Q-MP(2)                                                |
|------------------------------------------------------------------------------|
| * grid points (3D):   4560                                                   |
| * grid points (1D):   16                                                     |
|------------------------------------------------------------------------------|
| * atomic orbitals:    26                                                     |
| * molecular orbitals: 26                                                     |
|     -- occupied:      9                                                      |
|     -- virtual:       17                                                     |
|------------------------------------------------------------------------------|
|                                    Results                                   |
|------------------------------------------------------------------------------|
| * Ground State Energy Correction (eV): -0.216353                             |
|++++++++++++++++++++++++++++++++++++++++++++++++++++++++++++++++++++++++++++++|
|                              Calculation Timings                             |
|------------------------------------------------------------------------------|
| Timing Qmp2_energy::compute : CPU: 2885 ms ; Wall: 2894 ms                   |
|     -- Setting up calculation: CPU: 1 ms ; Wall: 0 ms                        |
|     -- Calc. Batch 1/2: CPU: 24 ms ; Wall: 23 ms                             |
|     -- Calc. Batch 2/2: CPU: 2860 ms ; Wall: 2869 ms                         |
| Gather result fr. nodes : CPU: 0 ms ; Wall: 0 ms                             |
|------------------------------------------------------------------------------|
|             if no timings are printed, choose higher print level             |
|______________________________________________________________________________|

