/home/hd/hd_hd/hd_tb381/workspace/libqqc/runs/w_eigen/scan_mpionly
n1436
Sa 16. Apr 10:17:53 CEST 2022
#!/bin/bash
#SBATCH -J libqqc_mpionly_48x1
#SBATCH -n48 --cpus-per-task=1 -t12:00:00
#SBATCH --mem=200G
#SBATCH --job-name=libqqc_mpionly_48x1
#SBATCH --output=libqqc_mpionly_48x1_por-%j.out
#SBATCH --error=libqqc_mpionly_48x1_por-%j.err
pwd; hostname; date
cat run_48x1.sh
module load compiler/gnu
module load mpi/openmpi
cd ../../../host_example/.
mpic++ -fopenmp -O3 -ffast-math -march=native main_mpi.cpp ../lib/libqqc.a -o 48x1.out
OMP_NUM_THREADS=1 srun --cpus-per-task=$OMP_NUM_THREADS ./48x1.out
rm 48x1.out
Timing Loader_qmp2_from_file:: loader :CPU: 0 ms ; Wall: 0 ms
Timings AoToMo CGTO: CPU: 71 ms ; Wall: 78 ms
    -- Loading in: CPU: 59 ms ; Wall: 64 ms
    -- Distribute Batch: CPU: 1 ms ; Wall: 0 ms
    -- Tranforming Batch: CPU: 0 ms ; Wall: 0 ms
    -- Distribute Batch Results: CPU: 4 ms ; Wall: 3 ms

Timings AoToMo Coulomb Integral: CPU: 1087 ms ; Wall: 1113 ms
    -- Loading in: CPU: 1046 ms ; Wall: 1069 ms
    -- Distribute Batch: CPU: 15 ms ; Wall: 15 ms
    -- Transforming Batch: CPU: 6 ms ; Wall: 6 ms
    -- Distribute Batch Results: CPU: 12 ms ; Wall: 12 ms

Timing Vault_qmp2:: vault : CPU: 1168 ms ; Wall: 1212 ms
Timing Do_qmp2:: qmp2 : CPU: 2161 ms ; Wall: 2170 ms
 ______________________________________________________________________________ 
|                                                                              |
|                  ** Quadrature Calculation through libqqc **                 |
|                                                                              |
|++++++++++++++++++++++++++++++++++++++++++++++++++++++++++++++++++++++++++++++|
| * Author(s): Benjamin Thomitzni                                              |
|++++++++++++++++++++++++++++++++++++++++++++++++++++++++++++++++++++++++++++++|
|                               Programm Details                               |
|------------------------------------------------------------------------------|
| * library vers.      v0.1                                                    |
|     -- Loader vers.  v0.1                                                    |
|     -- Vault vers.   v0.1                                                    |
|     -- Do_qmp2 vers. v0.1                                                    |
|------------------------------------------------------------------------------|
| * OpenMP enabled                                                             |
|     -- threads:   1                                                          |
| * MPI enabled                                                                |
|     -- processes: 48                                                         |
|++++++++++++++++++++++++++++++++++++++++++++++++++++++++++++++++++++++++++++++|
|                              Calculation Details                             |
|------------------------------------------------------------------------------|
| * Method:             Q-MP(2)                                                |
|------------------------------------------------------------------------------|
| * grid points (3D):   4560                                                   |
| * grid points (1D):   16                                                     |
|------------------------------------------------------------------------------|
| * atomic orbitals:    26                                                     |
| * molecular orbitals: 26                                                     |
|     -- occupied:      9                                                      |
|     -- virtual:       17                                                     |
|------------------------------------------------------------------------------|
|                                    Results                                   |
|------------------------------------------------------------------------------|
| * Ground State Energy Correction (eV): -0.216353                             |
|++++++++++++++++++++++++++++++++++++++++++++++++++++++++++++++++++++++++++++++|
|                              Calculation Timings                             |
|------------------------------------------------------------------------------|
| Timing Qmp2_energy::compute : CPU: 2147 ms ; Wall: 2156 ms                   |
|     -- Setting up calculation: CPU: 2 ms ; Wall: 1 ms                        |
|     -- Calc. Batch 1/2: CPU: 11 ms ; Wall: 11 ms                             |
|     -- Calc. Batch 2/2: CPU: 2134 ms ; Wall: 2143 ms                         |
| Gather result fr. nodes : CPU: 13 ms ; Wall: 12 ms                           |
|------------------------------------------------------------------------------|
|             if no timings are printed, choose higher print level             |
|______________________________________________________________________________|

