/home/hd/hd_hd/hd_tb381/workspace/libqqc/runs/w_eigen/scan_mpionly
n1611
Sa 16. Apr 10:18:02 CEST 2022
#!/bin/bash
#SBATCH -J libqqc_mpionly_480x1
#SBATCH -n480 --cpus-per-task=1 -t12:00:00
#SBATCH --mem=200G
#SBATCH --job-name=libqqc_mpionly_480x1
#SBATCH --output=libqqc_mpionly_480x1_por-%j.out
#SBATCH --error=libqqc_mpionly_480x1_por-%j.err
pwd; hostname; date
cat run_480x1.sh
module load compiler/gnu
module load mpi/openmpi
cd ../../../host_example/.
mpic++ -fopenmp -O3 -ffast-math -march=native main_mpi.cpp ../lib/libqqc.a -o 480x1.out
OMP_NUM_THREADS=1 srun --cpus-per-task=$OMP_NUM_THREADS ./480x1.out
rm 480x1.out
Timing Loader_qmp2_from_file:: loader :CPU: 0 ms ; Wall: 0 ms
Timings AoToMo CGTO: CPU: 213 ms ; Wall: 282 ms
    -- Loading in: CPU: 58 ms ; Wall: 64 ms
    -- Distribute Batch: CPU: 67 ms ; Wall: 128 ms
    -- Tranforming Batch: CPU: 0 ms ; Wall: 0 ms
    -- Distribute Batch Results: CPU: 79 ms ; Wall: 79 ms

Timings AoToMo Coulomb Integral: CPU: 1119 ms ; Wall: 1146 ms
    -- Loading in: CPU: 1047 ms ; Wall: 1071 ms
    -- Distribute Batch: CPU: 18 ms ; Wall: 18 ms
    -- Transforming Batch: CPU: 16 ms ; Wall: 16 ms
    -- Distribute Batch Results: CPU: 29 ms ; Wall: 29 ms

Timing Vault_qmp2:: vault : CPU: 1347 ms ; Wall: 1473 ms
Timing Do_qmp2:: qmp2 : CPU: 241 ms ; Wall: 243 ms
 ______________________________________________________________________________ 
|                                                                              |
|                  ** Quadrature Calculation through libqqc **                 |
|                                                                              |
|++++++++++++++++++++++++++++++++++++++++++++++++++++++++++++++++++++++++++++++|
| * Author(s): Benjamin Thomitzni                                              |
|++++++++++++++++++++++++++++++++++++++++++++++++++++++++++++++++++++++++++++++|
|                               Programm Details                               |
|------------------------------------------------------------------------------|
| * library vers.      v0.1                                                    |
|     -- Loader vers.  v0.1                                                    |
|     -- Vault vers.   v0.1                                                    |
|     -- Do_qmp2 vers. v0.1                                                    |
|------------------------------------------------------------------------------|
| * OpenMP enabled                                                             |
|     -- threads:   1                                                          |
| * MPI enabled                                                                |
|     -- processes: 480                                                        |
|++++++++++++++++++++++++++++++++++++++++++++++++++++++++++++++++++++++++++++++|
|                              Calculation Details                             |
|------------------------------------------------------------------------------|
| * Method:             Q-MP(2)                                                |
|------------------------------------------------------------------------------|
| * grid points (3D):   4560                                                   |
| * grid points (1D):   16                                                     |
|------------------------------------------------------------------------------|
| * atomic orbitals:    26                                                     |
| * molecular orbitals: 26                                                     |
|     -- occupied:      9                                                      |
|     -- virtual:       17                                                     |
|------------------------------------------------------------------------------|
|                                    Results                                   |
|------------------------------------------------------------------------------|
| * Ground State Energy Correction (eV): -0.216353                             |
|++++++++++++++++++++++++++++++++++++++++++++++++++++++++++++++++++++++++++++++|
|                              Calculation Timings                             |
|------------------------------------------------------------------------------|
| Timing Qmp2_energy::compute : CPU: 187 ms ; Wall: 188 ms                     |
|     -- Setting up calculation: CPU: 2 ms ; Wall: 2 ms                        |
|     -- Calc. Batch 1/2: CPU: 1 ms ; Wall: 1 ms                               |
|     -- Calc. Batch 2/2: CPU: 184 ms ; Wall: 184 ms                           |
| Gather result fr. nodes : CPU: 52 ms ; Wall: 52 ms                           |
|------------------------------------------------------------------------------|
|             if no timings are printed, choose higher print level             |
|______________________________________________________________________________|

