/home/hd/hd_hd/hd_tb381/workspace/libqqc/runs/w_eigen/scan_mpionly
n1401
Sa 16. Apr 10:18:00 CEST 2022
#!/bin/bash
#SBATCH -J libqqc_mpionly_96x1
#SBATCH -n96 --cpus-per-task=1 -t12:00:00
#SBATCH --mem=200G
#SBATCH --job-name=libqqc_mpionly_96x1
#SBATCH --output=libqqc_mpionly_96x1_por-%j.out
#SBATCH --error=libqqc_mpionly_96x1_por-%j.err
pwd; hostname; date
cat run_96x1.sh
module load compiler/gnu
module load mpi/openmpi
cd ../../../host_example/.
mpic++ -fopenmp -O3 -ffast-math -march=native main_mpi.cpp ../lib/libqqc.a -o 96x1.out
OMP_NUM_THREADS=1 srun --cpus-per-task=$OMP_NUM_THREADS ./96x1.out
rm 96x1.out
Timing Loader_qmp2_from_file:: loader :CPU: 0 ms ; Wall: 1 ms
Timings AoToMo CGTO: CPU: 80 ms ; Wall: 88 ms
    -- Loading in: CPU: 42 ms ; Wall: 42 ms
    -- Distribute Batch: CPU: 8 ms ; Wall: 14 ms
    -- Tranforming Batch: CPU: 0 ms ; Wall: 0 ms
    -- Distribute Batch Results: CPU: 22 ms ; Wall: 21 ms

Timings AoToMo Coulomb Integral: CPU: 1071 ms ; Wall: 1076 ms
    -- Loading in: CPU: 1029 ms ; Wall: 1032 ms
    -- Distribute Batch: CPU: 14 ms ; Wall: 14 ms
    -- Transforming Batch: CPU: 6 ms ; Wall: 6 ms
    -- Distribute Batch Results: CPU: 14 ms ; Wall: 14 ms

Timing Vault_qmp2:: vault : CPU: 1161 ms ; Wall: 1191 ms
Timing Do_qmp2:: qmp2 : CPU: 1097 ms ; Wall: 1105 ms
 ______________________________________________________________________________ 
|                                                                              |
|                  ** Quadrature Calculation through libqqc **                 |
|                                                                              |
|++++++++++++++++++++++++++++++++++++++++++++++++++++++++++++++++++++++++++++++|
| * Author(s): Benjamin Thomitzni                                              |
|++++++++++++++++++++++++++++++++++++++++++++++++++++++++++++++++++++++++++++++|
|                               Programm Details                               |
|------------------------------------------------------------------------------|
| * library vers.      v0.1                                                    |
|     -- Loader vers.  v0.1                                                    |
|     -- Vault vers.   v0.1                                                    |
|     -- Do_qmp2 vers. v0.1                                                    |
|------------------------------------------------------------------------------|
| * OpenMP enabled                                                             |
|     -- threads:   1                                                          |
| * MPI enabled                                                                |
|     -- processes: 96                                                         |
|++++++++++++++++++++++++++++++++++++++++++++++++++++++++++++++++++++++++++++++|
|                              Calculation Details                             |
|------------------------------------------------------------------------------|
| * Method:             Q-MP(2)                                                |
|------------------------------------------------------------------------------|
| * grid points (3D):   4560                                                   |
| * grid points (1D):   16                                                     |
|------------------------------------------------------------------------------|
| * atomic orbitals:    26                                                     |
| * molecular orbitals: 26                                                     |
|     -- occupied:      9                                                      |
|     -- virtual:       17                                                     |
|------------------------------------------------------------------------------|
|                                    Results                                   |
|------------------------------------------------------------------------------|
| * Ground State Energy Correction (eV): -0.216353                             |
|++++++++++++++++++++++++++++++++++++++++++++++++++++++++++++++++++++++++++++++|
|                              Calculation Timings                             |
|------------------------------------------------------------------------------|
| Timing Qmp2_energy::compute : CPU: 1054 ms ; Wall: 1058 ms                   |
|     -- Setting up calculation: CPU: 3 ms ; Wall: 3 ms                        |
|     -- Calc. Batch 1/2: CPU: 4 ms ; Wall: 4 ms                               |
|     -- Calc. Batch 2/2: CPU: 1047 ms ; Wall: 1051 ms                         |
| Gather result fr. nodes : CPU: 41 ms ; Wall: 40 ms                           |
|------------------------------------------------------------------------------|
|             if no timings are printed, choose higher print level             |
|______________________________________________________________________________|

