/home/hd/hd_hd/hd_tb381/workspace/libqqc/runs/w_eigen/scan_mpionly
n1601
Sa 16. Apr 10:18:49 CEST 2022
#!/bin/bash
#SBATCH -J libqqc_mpionly_960x1
#SBATCH -n960 --cpus-per-task=1 -t12:00:00
#SBATCH --mem=200G
#SBATCH --job-name=libqqc_mpionly_960x1
#SBATCH --output=libqqc_mpionly_960x1_por-%j.out
#SBATCH --error=libqqc_mpionly_960x1_por-%j.err
pwd; hostname; date
cat run_960x1.sh
module load compiler/gnu
module load mpi/openmpi
cd ../../../host_example/.
mpic++ -fopenmp -O3 -ffast-math -march=native main_mpi.cpp ../lib/libqqc.a -o 960x1.out
OMP_NUM_THREADS=1 srun --cpus-per-task=$OMP_NUM_THREADS ./960x1.out
rm 960x1.out
Timing Loader_qmp2_from_file:: loader :CPU: 0 ms ; Wall: 1 ms
Timings AoToMo CGTO: CPU: 354 ms ; Wall: 482 ms
    -- Loading in: CPU: 41 ms ; Wall: 41 ms
    -- Distribute Batch: CPU: 143 ms ; Wall: 269 ms
    -- Tranforming Batch: CPU: 1 ms ; Wall: 1 ms
    -- Distribute Batch Results: CPU: 160 ms ; Wall: 160 ms

Timings AoToMo Coulomb Integral: CPU: 1154 ms ; Wall: 1160 ms
    -- Loading in: CPU: 1024 ms ; Wall: 1027 ms
    -- Distribute Batch: CPU: 18 ms ; Wall: 17 ms
    -- Transforming Batch: CPU: 48 ms ; Wall: 48 ms
    -- Distribute Batch Results: CPU: 56 ms ; Wall: 56 ms

Timing Vault_qmp2:: vault : CPU: 1523 ms ; Wall: 1687 ms
Timing Do_qmp2:: qmp2 : CPU: 134 ms ; Wall: 137 ms
 ______________________________________________________________________________ 
|                                                                              |
|                  ** Quadrature Calculation through libqqc **                 |
|                                                                              |
|++++++++++++++++++++++++++++++++++++++++++++++++++++++++++++++++++++++++++++++|
| * Author(s): Benjamin Thomitzni                                              |
|++++++++++++++++++++++++++++++++++++++++++++++++++++++++++++++++++++++++++++++|
|                               Programm Details                               |
|------------------------------------------------------------------------------|
| * library vers.      v0.1                                                    |
|     -- Loader vers.  v0.1                                                    |
|     -- Vault vers.   v0.1                                                    |
|     -- Do_qmp2 vers. v0.1                                                    |
|------------------------------------------------------------------------------|
| * OpenMP enabled                                                             |
|     -- threads:   1                                                          |
| * MPI enabled                                                                |
|     -- processes: 960                                                        |
|++++++++++++++++++++++++++++++++++++++++++++++++++++++++++++++++++++++++++++++|
|                              Calculation Details                             |
|------------------------------------------------------------------------------|
| * Method:             Q-MP(2)                                                |
|------------------------------------------------------------------------------|
| * grid points (3D):   4560                                                   |
| * grid points (1D):   16                                                     |
|------------------------------------------------------------------------------|
| * atomic orbitals:    26                                                     |
| * molecular orbitals: 26                                                     |
|     -- occupied:      9                                                      |
|     -- virtual:       17                                                     |
|------------------------------------------------------------------------------|
|                                    Results                                   |
|------------------------------------------------------------------------------|
| * Ground State Energy Correction (eV): -0.216353                             |
|++++++++++++++++++++++++++++++++++++++++++++++++++++++++++++++++++++++++++++++|
|                              Calculation Timings                             |
|------------------------------------------------------------------------------|
| Timing Qmp2_energy::compute : CPU: 94 ms ; Wall: 95 ms                       |
|     -- Setting up calculation: CPU: 2 ms ; Wall: 2 ms                        |
|     -- Calc. Batch 1/2: CPU: 1 ms ; Wall: 1 ms                               |
|     -- Calc. Batch 2/2: CPU: 91 ms ; Wall: 91 ms                             |
| Gather result fr. nodes : CPU: 37 ms ; Wall: 37 ms                           |
|------------------------------------------------------------------------------|
|             if no timings are printed, choose higher print level             |
|______________________________________________________________________________|

