/home/hd/hd_hd/hd_tb381/workspace/libqqc/runs/w_eigen/scan_mpionly
n1401
Sa 16. Apr 10:17:53 CEST 2022
#!/bin/bash
#SBATCH -J libqqc_mpionly_144x1
#SBATCH -n144 --cpus-per-task=1 -t12:00:00
#SBATCH --mem=200G
#SBATCH --job-name=libqqc_mpionly_144x1
#SBATCH --output=libqqc_mpionly_144x1_por-%j.out
#SBATCH --error=libqqc_mpionly_144x1_por-%j.err
pwd; hostname; date
cat run_144x1.sh
module load compiler/gnu
module load mpi/openmpi
cd ../../../host_example/.
mpic++ -fopenmp -O3 -ffast-math -march=native main_mpi.cpp ../lib/libqqc.a -o 144x1.out
OMP_NUM_THREADS=1 srun --cpus-per-task=$OMP_NUM_THREADS ./144x1.out
rm 144x1.out
Timing Loader_qmp2_from_file:: loader :CPU: 0 ms ; Wall: 0 ms
Timings AoToMo CGTO: CPU: 103 ms ; Wall: 113 ms
    -- Loading in: CPU: 42 ms ; Wall: 41 ms
    -- Distribute Batch: CPU: 15 ms ; Wall: 24 ms
    -- Tranforming Batch: CPU: 0 ms ; Wall: 0 ms
    -- Distribute Batch Results: CPU: 37 ms ; Wall: 37 ms

Timings AoToMo Coulomb Integral: CPU: 1077 ms ; Wall: 1083 ms
    -- Loading in: CPU: 1028 ms ; Wall: 1031 ms
    -- Distribute Batch: CPU: 15 ms ; Wall: 14 ms
    -- Transforming Batch: CPU: 8 ms ; Wall: 8 ms
    -- Distribute Batch Results: CPU: 18 ms ; Wall: 18 ms

Timing Vault_qmp2:: vault : CPU: 1191 ms ; Wall: 1229 ms
Timing Do_qmp2:: qmp2 : CPU: 743 ms ; Wall: 750 ms
 ______________________________________________________________________________ 
|                                                                              |
|                  ** Quadrature Calculation through libqqc **                 |
|                                                                              |
|++++++++++++++++++++++++++++++++++++++++++++++++++++++++++++++++++++++++++++++|
| * Author(s): Benjamin Thomitzni                                              |
|++++++++++++++++++++++++++++++++++++++++++++++++++++++++++++++++++++++++++++++|
|                               Programm Details                               |
|------------------------------------------------------------------------------|
| * library vers.      v0.1                                                    |
|     -- Loader vers.  v0.1                                                    |
|     -- Vault vers.   v0.1                                                    |
|     -- Do_qmp2 vers. v0.1                                                    |
|------------------------------------------------------------------------------|
| * OpenMP enabled                                                             |
|     -- threads:   1                                                          |
| * MPI enabled                                                                |
|     -- processes: 144                                                        |
|++++++++++++++++++++++++++++++++++++++++++++++++++++++++++++++++++++++++++++++|
|                              Calculation Details                             |
|------------------------------------------------------------------------------|
| * Method:             Q-MP(2)                                                |
|------------------------------------------------------------------------------|
| * grid points (3D):   4560                                                   |
| * grid points (1D):   16                                                     |
|------------------------------------------------------------------------------|
| * atomic orbitals:    26                                                     |
| * molecular orbitals: 26                                                     |
|     -- occupied:      9                                                      |
|     -- virtual:       17                                                     |
|------------------------------------------------------------------------------|
|                                    Results                                   |
|------------------------------------------------------------------------------|
| * Ground State Energy Correction (eV): -0.216353                             |
|++++++++++++++++++++++++++++++++++++++++++++++++++++++++++++++++++++++++++++++|
|                              Calculation Timings                             |
|------------------------------------------------------------------------------|
| Timing Qmp2_energy::compute : CPU: 687 ms ; Wall: 690 ms                     |
|     -- Setting up calculation: CPU: 3 ms ; Wall: 3 ms                        |
|     -- Calc. Batch 1/2: CPU: 2 ms ; Wall: 2 ms                               |
|     -- Calc. Batch 2/2: CPU: 682 ms ; Wall: 684 ms                           |
| Gather result fr. nodes : CPU: 55 ms ; Wall: 54 ms                           |
|------------------------------------------------------------------------------|
|             if no timings are printed, choose higher print level             |
|______________________________________________________________________________|

